mv: cannot move '/hb/home/tsatoper/cat-generator/VAE/results/10' to '/hb/home/tsatoper/cat-generator/VAE/results/archive/10': File exists
Saved config to
/hb/home/tsatoper/cat-generator/VAE/results/10/config.json
JOB_ID=10
python vaetrain.py \
    --batch_size 16 \
    --epochs 2000 \
    --lr 1e-03 \
    --latent_dim 512 \
    --beta 0.5 \
    --data_path /hb/home/tsatoper/cat-generator/data \
    --save_dir /hb/home/tsatoper/cat-generator/results/${JOB_ID} \
    --resume null \
    --job_id ${JOB_ID}
Using device: cuda
Epoch 1, Loss: 359.7355
Epoch 1, LR: 0.001
Epoch 2, Loss: 236.6137
Epoch 3, Loss: 195.2105
Epoch 4, Loss: 180.5793
Epoch 5, Loss: 169.3941
Epoch 6, Loss: 162.0665
Epoch 7, Loss: 154.3623
Epoch 8, Loss: 149.6452
Epoch 9, Loss: 142.4212
Epoch 10, Loss: 137.7227
Epoch 10, LR: 0.001
Epoch 11, Loss: 133.0696
Epoch 12, Loss: 131.2682
Epoch 13, Loss: 127.5267
Epoch 14, Loss: 126.5759
Epoch 15, Loss: 122.4000
Epoch 16, Loss: 119.0536
Epoch 17, Loss: 118.3752
Epoch 18, Loss: 114.0553
Epoch 19, Loss: 113.0546
Epoch 20, Loss: 111.2057
Epoch 20, LR: 0.001
Epoch 21, Loss: 108.3840
Epoch 22, Loss: 107.6245
Epoch 23, Loss: 106.1805
Epoch 24, Loss: 104.3012
Epoch 25, Loss: 103.6566
Epoch 26, Loss: 101.0620
Epoch 27, Loss: 101.1048
Epoch 28, Loss: 99.6137
Epoch 29, Loss: 97.6155
Epoch 30, Loss: 96.8855
Epoch 30, LR: 0.001
Epoch 31, Loss: 96.4434
Epoch 32, Loss: 95.3309
Epoch 33, Loss: 94.8442
Epoch 34, Loss: 93.5870
Epoch 35, Loss: 92.5029
Epoch 36, Loss: 92.1176
Epoch 37, Loss: 91.0940
Epoch 38, Loss: 90.7961
Epoch 39, Loss: 89.5469
Epoch 40, Loss: 89.2495
Epoch 40, LR: 0.001
Epoch 41, Loss: 88.1422
Epoch 42, Loss: 87.9842
Epoch 43, Loss: 87.0782
Epoch 44, Loss: 86.8611
Epoch 45, Loss: 86.8588
Epoch 46, Loss: 85.0242
Epoch 47, Loss: 84.6966
Epoch 48, Loss: 84.7837
Epoch 49, Loss: 84.5597
Epoch 50, Loss: 83.8951
Epoch 50, LR: 0.001
Epoch 51, Loss: 83.2764
Epoch 52, Loss: 82.7669
Epoch 53, Loss: 82.2486
Epoch 54, Loss: 81.9887
Epoch 55, Loss: 80.9045
Epoch 56, Loss: 81.7360
Epoch 57, Loss: 79.9695
Epoch 58, Loss: 80.1358
Epoch 59, Loss: 79.2604
Epoch 60, Loss: 78.8510
Epoch 60, LR: 0.001
Epoch 61, Loss: 78.3009
Epoch 62, Loss: 78.3080
Epoch 63, Loss: 77.6920
Epoch 64, Loss: 76.7109
Epoch 65, Loss: 77.1969
Epoch 66, Loss: 76.3893
Epoch 67, Loss: 76.7842
Epoch 68, Loss: 75.8907
Epoch 69, Loss: 74.9560
Epoch 70, Loss: 75.5870
Epoch 70, LR: 0.001
Epoch 71, Loss: 75.4648
Epoch 72, Loss: 74.6268
Epoch 73, Loss: 74.4837
Epoch 74, Loss: 73.9527
Epoch 75, Loss: 74.0164
Epoch 76, Loss: 73.6514
Epoch 77, Loss: 73.9267
Epoch 78, Loss: 73.7318
Epoch 79, Loss: 73.4292
Epoch 80, Loss: 72.8310
Epoch 80, LR: 0.001
Epoch 81, Loss: 72.1963
Epoch 82, Loss: 72.4369
Epoch 83, Loss: 72.3835
Epoch 84, Loss: 71.8248
Epoch 85, Loss: 71.9440
Epoch 86, Loss: 71.6051
Epoch 87, Loss: 71.8994
Epoch 88, Loss: 71.4830
Epoch 89, Loss: 70.5770
Epoch 90, Loss: 70.3085
Epoch 90, LR: 0.001
Epoch 91, Loss: 70.4878
Epoch 92, Loss: 70.4159
Epoch 93, Loss: 70.2302
Epoch 94, Loss: 70.0140
Epoch 95, Loss: 70.5736
Epoch 96, Loss: 69.6426
Epoch 97, Loss: 69.1352
Epoch 98, Loss: 69.5480
Epoch 99, Loss: 69.7149
Epoch 100, Loss: 69.1758
Epoch 100, LR: 0.001
Epoch 101, Loss: 68.9337
Epoch 102, Loss: 69.2203
Epoch 103, Loss: 68.5891
Epoch 104, Loss: 68.3939
Epoch 105, Loss: 68.2011
Epoch 106, Loss: 68.3559
Epoch 107, Loss: 67.6559
Epoch 108, Loss: 67.7322
Epoch 109, Loss: 68.0286
Epoch 110, Loss: 67.5056
Epoch 110, LR: 0.001
Epoch 111, Loss: 68.0550
Epoch 112, Loss: 72.0390
Epoch 113, Loss: 76.8225
Epoch 114, Loss: 69.4591
Epoch 115, Loss: 68.1492
Epoch 116, Loss: 67.5282
Epoch 117, Loss: 67.4760
Epoch 118, Loss: 67.1473
Epoch 119, Loss: 67.2192
Epoch 120, Loss: 66.4541
Epoch 120, LR: 0.001
Epoch 121, Loss: 66.6410
Epoch 122, Loss: 66.4470
Epoch 123, Loss: 65.8865
Epoch 124, Loss: 66.3032
Epoch 125, Loss: 66.4689
Epoch 126, Loss: 66.0465
Epoch 127, Loss: 65.8891
Epoch 128, Loss: 65.4192
Epoch 129, Loss: 65.8133
Epoch 130, Loss: 65.6293
Epoch 130, LR: 0.001
Epoch 131, Loss: 65.7579
Epoch 132, Loss: 65.4507
Epoch 133, Loss: 65.4150
Epoch 134, Loss: 65.0672
Epoch 135, Loss: 65.1281
Epoch 136, Loss: 65.0197
Epoch 137, Loss: 64.6964
Epoch 138, Loss: 65.1562
Epoch 139, Loss: 64.6719
Epoch 140, Loss: 64.2957
Epoch 140, LR: 0.001
Epoch 141, Loss: 64.5001
Epoch 142, Loss: 64.3318
Epoch 143, Loss: 64.6314
Epoch 144, Loss: 64.3979
Epoch 145, Loss: 64.8635
Epoch 146, Loss: 63.8255
Epoch 147, Loss: 64.0426
Epoch 148, Loss: 63.5851
Epoch 149, Loss: 65.4841
Epoch 150, Loss: 64.1988
Epoch 150, LR: 0.001
Epoch 151, Loss: 64.0224
Epoch 152, Loss: 63.8787
Epoch 153, Loss: 63.5451
Epoch 154, Loss: 63.3508
Epoch 155, Loss: 63.4653
Epoch 156, Loss: 64.1768
Epoch 157, Loss: 63.3430
Epoch 158, Loss: 63.0639
Epoch 159, Loss: 62.9624
Epoch 160, Loss: 62.7404
Epoch 160, LR: 0.001
Epoch 161, Loss: 62.8681
Epoch 162, Loss: 62.7567
Epoch 163, Loss: 63.1406
Epoch 164, Loss: 62.4814
Epoch 165, Loss: 63.4060
Epoch 166, Loss: 62.6376
Epoch 167, Loss: 62.2779
Epoch 168, Loss: 62.2921
Epoch 169, Loss: 62.4244
Epoch 170, Loss: 62.4298
Epoch 170, LR: 0.001
Epoch 171, Loss: 62.0057
Epoch 172, Loss: 62.3826
Epoch 173, Loss: 62.0039
Epoch 174, Loss: 62.2884
Epoch 175, Loss: 61.8919
Epoch 176, Loss: 61.8355
Epoch 177, Loss: 61.7087
Epoch 178, Loss: 61.7337
Epoch 179, Loss: 61.7954
Epoch 180, Loss: 61.9704
Epoch 180, LR: 0.001
Epoch 181, Loss: 61.6602
Epoch 182, Loss: 61.1983
Epoch 183, Loss: 61.6573
Epoch 184, Loss: 61.6948
Epoch 185, Loss: 61.3303
Epoch 186, Loss: 61.1324
Epoch 187, Loss: 61.0763
Epoch 188, Loss: 60.8703
Epoch 189, Loss: 61.0848
Epoch 190, Loss: 61.4251
Epoch 190, LR: 0.001
Epoch 191, Loss: 60.9831
