Saved config to
/hb/home/tsatoper/cat-generator/results/2/config.json
{'batch_size': 64, 'epochs': 2000, 'lr': 0.0001, 'latent_dim': 512, 'beta': 4.0, 'data_path': '/hb/home/tsatoper/cat-generator/data', 'save_dir': '/hb/home/tsatoper/cat-generator/results/2', 'resume': 'null', 'job_id': '2'}
Using device: cuda
Epoch 1, Loss: 568.5848
Epoch 1, LR: 0.0001
Epoch 2, Loss: 289.1900
Epoch 3, Loss: 246.8688
Epoch 4, Loss: 227.1619
Epoch 5, Loss: 210.3520
Epoch 6, Loss: 190.6938
Epoch 7, Loss: 181.2293
Epoch 8, Loss: 174.9762
Epoch 9, Loss: 170.0900
Epoch 10, Loss: 165.8964
Epoch 10, LR: 0.0001
Epoch 11, Loss: 162.1124
Epoch 12, Loss: 158.7144
Epoch 13, Loss: 155.9217
Epoch 14, Loss: 152.7823
Epoch 15, Loss: 149.3465
Epoch 16, Loss: 147.7942
Epoch 17, Loss: 144.7780
Epoch 18, Loss: 142.7813
Epoch 19, Loss: 142.1669
Epoch 20, Loss: 140.0286
Epoch 20, LR: 0.0001
Epoch 21, Loss: 138.0873
Epoch 22, Loss: 135.4268
Epoch 23, Loss: 134.4658
Epoch 24, Loss: 133.3709
Epoch 25, Loss: 131.7611
Epoch 26, Loss: 130.9540
Epoch 27, Loss: 128.8679
Epoch 28, Loss: 128.6149
Epoch 29, Loss: 126.8787
Epoch 30, Loss: 125.4967
Epoch 30, LR: 0.0001
Epoch 31, Loss: 124.3461
Epoch 32, Loss: 125.1607
Epoch 33, Loss: 121.4979
Epoch 34, Loss: 121.6018
Epoch 35, Loss: 120.6914
Epoch 36, Loss: 120.9429
Epoch 37, Loss: 119.7386
Epoch 38, Loss: 117.8214
Epoch 39, Loss: 117.9464
Epoch 40, Loss: 116.9064
Epoch 40, LR: 0.0001
Epoch 41, Loss: 117.2269
Epoch 42, Loss: 114.7813
Epoch 43, Loss: 115.8584
Epoch 44, Loss: 113.8368
Epoch 45, Loss: 114.3340
Epoch 46, Loss: 114.6286
Epoch 47, Loss: 113.1405
Epoch 48, Loss: 112.4856
Epoch 49, Loss: 110.3673
Epoch 50, Loss: 111.6946
Epoch 50, LR: 0.0001
Epoch 51, Loss: 110.5017
Epoch 52, Loss: 109.8806
Epoch 53, Loss: 109.0045
Epoch 54, Loss: 108.4286
Epoch 55, Loss: 108.1684
Epoch 56, Loss: 108.5284
Epoch 57, Loss: 107.9770
Epoch 58, Loss: 107.2324
Epoch 59, Loss: 106.3226
Epoch 60, Loss: 106.0898
Epoch 60, LR: 0.0001
Epoch 61, Loss: 106.0001
Epoch 62, Loss: 104.6117
Epoch 63, Loss: 103.8727
Epoch 64, Loss: 105.6621
Epoch 65, Loss: 104.3462
Epoch 66, Loss: 103.5008
Epoch 67, Loss: 104.1977
Epoch 68, Loss: 102.7412
Epoch 69, Loss: 102.9833
Epoch 70, Loss: 101.9290
Epoch 70, LR: 0.0001
Epoch 71, Loss: 101.3681
Epoch 72, Loss: 101.3755
Epoch 73, Loss: 102.2316
Epoch 74, Loss: 100.4569
Epoch 75, Loss: 100.3130
Epoch 76, Loss: 99.7840
Epoch 77, Loss: 99.0877
Epoch 78, Loss: 100.0678
Epoch 79, Loss: 98.6316
Epoch 80, Loss: 98.1104
Epoch 80, LR: 0.0001
Epoch 81, Loss: 97.8090
Epoch 82, Loss: 98.2248
Epoch 83, Loss: 97.7942
Epoch 84, Loss: 97.6709
Epoch 85, Loss: 97.0758
Epoch 86, Loss: 97.4863
Epoch 87, Loss: 97.4578
Epoch 88, Loss: 95.8611
Epoch 89, Loss: 96.0339
Epoch 90, Loss: 95.9320
Epoch 90, LR: 0.0001
Epoch 91, Loss: 95.4687
Epoch 92, Loss: 94.9810
Epoch 93, Loss: 94.3966
Epoch 94, Loss: 94.6077
Epoch 95, Loss: 94.2118
Epoch 96, Loss: 93.9055
Epoch 97, Loss: 94.9990
Epoch 98, Loss: 94.3961
Epoch 99, Loss: 93.5954
Epoch 100, Loss: 93.7018
Epoch 100, LR: 0.0001
Epoch 101, Loss: 93.1171
Epoch 102, Loss: 92.8556
Epoch 103, Loss: 92.4097
Epoch 104, Loss: 92.7085
Epoch 105, Loss: 92.2584
Epoch 106, Loss: 91.9521
Epoch 107, Loss: 91.9295
Epoch 108, Loss: 91.5634
Epoch 109, Loss: 91.5437
Epoch 110, Loss: 92.0108
Epoch 110, LR: 0.0001
Epoch 111, Loss: 91.2002
Epoch 112, Loss: 91.4040
Epoch 113, Loss: 90.9492
Epoch 114, Loss: 90.8762
Epoch 115, Loss: 90.1429
Epoch 116, Loss: 90.1566
Epoch 117, Loss: 90.4798
Epoch 118, Loss: 89.7230
Epoch 119, Loss: 89.9978
Epoch 120, Loss: 89.6121
Epoch 120, LR: 0.0001
Epoch 121, Loss: 89.5660
Epoch 122, Loss: 89.6158
Epoch 123, Loss: 89.0017
Epoch 124, Loss: 89.2447
Epoch 125, Loss: 89.0008
Epoch 126, Loss: 89.2162
Epoch 127, Loss: 89.1185
Epoch 128, Loss: 88.1611
Epoch 129, Loss: 87.9381
Epoch 130, Loss: 87.3648
Epoch 130, LR: 0.0001
Epoch 131, Loss: 87.2709
Epoch 132, Loss: 86.9479
Epoch 133, Loss: 87.1076
Epoch 134, Loss: 87.0464
Epoch 135, Loss: 86.7812
Epoch 136, Loss: 86.5908
Epoch 137, Loss: 86.2551
Epoch 138, Loss: 86.5409
Epoch 139, Loss: 86.2798
Epoch 140, Loss: 86.4021
Epoch 140, LR: 0.0001
Epoch 141, Loss: 85.6109
Epoch 142, Loss: 85.4678
Epoch 143, Loss: 86.0179
Epoch 144, Loss: 85.2793
Epoch 145, Loss: 85.0775
Epoch 146, Loss: 84.8952
Epoch 147, Loss: 84.6543
Epoch 148, Loss: 85.0278
Epoch 149, Loss: 85.0984
Epoch 150, Loss: 84.6969
Epoch 150, LR: 0.0001
Epoch 151, Loss: 84.5413
Epoch 152, Loss: 84.0422
Epoch 153, Loss: 83.8359
Epoch 154, Loss: 83.7114
Epoch 155, Loss: 83.4254
Epoch 156, Loss: 83.7608
Epoch 157, Loss: 83.3868
Epoch 158, Loss: 83.4982
Epoch 159, Loss: 82.9631
Epoch 160, Loss: 83.0154
Epoch 160, LR: 0.0001
Epoch 161, Loss: 82.9239
Epoch 162, Loss: 82.9728
Epoch 163, Loss: 82.5567
Epoch 164, Loss: 82.4345
Epoch 165, Loss: 82.4936
Epoch 166, Loss: 82.1917
Epoch 167, Loss: 82.3554
Epoch 168, Loss: 82.5209
Epoch 169, Loss: 82.2239
Epoch 170, Loss: 81.6466
Epoch 170, LR: 0.0001
Epoch 171, Loss: 82.2334
Epoch 172, Loss: 81.4454
Epoch 173, Loss: 81.7002
Epoch 174, Loss: 81.3171
Epoch 175, Loss: 81.0796
Epoch 176, Loss: 81.7619
Epoch 177, Loss: 80.8227
Epoch 178, Loss: 81.5403
Epoch 179, Loss: 80.5293
Epoch 180, Loss: 80.4252
Epoch 180, LR: 0.0001
Epoch 181, Loss: 80.7626
Epoch 182, Loss: 81.2211
Epoch 183, Loss: 80.5574
Epoch 184, Loss: 80.1466
Epoch 185, Loss: 80.0738
Epoch 186, Loss: 80.7682
Epoch 187, Loss: 80.1865
Epoch 188, Loss: 79.7854
Epoch 189, Loss: 79.4003
Epoch 190, Loss: 79.5309
Epoch 190, LR: 0.0001
Epoch 191, Loss: 79.5228
Epoch 192, Loss: 79.6803
Epoch 193, Loss: 80.0091
Epoch 194, Loss: 79.5301
Epoch 195, Loss: 79.4467
Epoch 196, Loss: 79.0938
Epoch 197, Loss: 78.6758
Epoch 198, Loss: 79.3907
Epoch 199, Loss: 78.7097
Epoch 200, Loss: 79.4193
Epoch 200, LR: 0.0001
Epoch 201, Loss: 78.9814
Epoch 202, Loss: 78.6700
Epoch 203, Loss: 78.4373
Epoch 204, Loss: 78.8044
Epoch 205, Loss: 78.5064
Epoch 206, Loss: 78.6860
Epoch 207, Loss: 78.3664
Epoch 208, Loss: 77.8710
Epoch 209, Loss: 78.1528
Epoch 210, Loss: 78.2688
Epoch 210, LR: 0.0001
Epoch 211, Loss: 77.6646
Epoch 212, Loss: 77.9175
Epoch 213, Loss: 78.1644
Epoch 214, Loss: 78.0497
Epoch 215, Loss: 77.8859
Epoch 216, Loss: 77.2673
Epoch 217, Loss: 77.0958
Epoch 218, Loss: 78.1073
Epoch 219, Loss: 77.0263
Epoch 220, Loss: 77.5282
Epoch 220, LR: 0.0001
Epoch 221, Loss: 77.1118
Epoch 222, Loss: 77.5000
Epoch 223, Loss: 77.0832
Epoch 224, Loss: 76.6331
Epoch 225, Loss: 77.1235
Epoch 226, Loss: 76.8537
Epoch 227, Loss: 76.8888
Epoch 228, Loss: 76.5164
Epoch 229, Loss: 76.2077
Epoch 230, Loss: 76.2080
Epoch 230, LR: 0.0001
Epoch 231, Loss: 76.1564
Epoch 232, Loss: 76.3015
Epoch 233, Loss: 76.3794
Epoch 234, Loss: 76.2142
Epoch 235, Loss: 75.9807
Epoch 236, Loss: 76.5680
Epoch 237, Loss: 76.1680
Epoch 238, Loss: 76.2092
Epoch 239, Loss: 75.7304
Epoch 240, Loss: 75.7947
Epoch 240, LR: 0.0001
Epoch 241, Loss: 75.7242
Epoch 242, Loss: 75.6320
Epoch 243, Loss: 75.7728
Epoch 244, Loss: 75.5232
Epoch 245, Loss: 75.9370
Epoch 246, Loss: 75.2419
Epoch 247, Loss: 75.1885
Epoch 248, Loss: 75.3188
Epoch 249, Loss: 75.4365
Epoch 250, Loss: 74.8520
Epoch 250, LR: 0.0001
Epoch 251, Loss: 75.1790
Epoch 252, Loss: 74.9957
Epoch 253, Loss: 74.8898
Epoch 254, Loss: 76.0114
Epoch 255, Loss: 75.0569
Epoch 256, Loss: 74.9255
Epoch 257, Loss: 74.4466
Epoch 258, Loss: 74.2912
Epoch 259, Loss: 74.7756
Epoch 260, Loss: 74.4311
Epoch 260, LR: 0.0001
Epoch 261, Loss: 74.2813
Epoch 262, Loss: 74.5068
Epoch 263, Loss: 74.2930
Epoch 264, Loss: 74.3778
Epoch 265, Loss: 74.3183
Epoch 266, Loss: 74.5267
Epoch 267, Loss: 74.9690
Epoch 268, Loss: 73.8600
Epoch 269, Loss: 74.1974
Epoch 270, Loss: 74.1232
Epoch 270, LR: 0.0001
Epoch 271, Loss: 73.9020
Epoch 272, Loss: 73.9128
Epoch 273, Loss: 73.8089
Epoch 274, Loss: 74.3694
Epoch 275, Loss: 73.8338
Epoch 276, Loss: 73.5204
Epoch 277, Loss: 73.5813
Epoch 278, Loss: 73.4441
Epoch 279, Loss: 73.7765
Epoch 280, Loss: 73.5262
Epoch 280, LR: 0.0001
Epoch 281, Loss: 73.1814
Epoch 282, Loss: 73.1233
Epoch 283, Loss: 72.9324
Epoch 284, Loss: 73.2733
Epoch 285, Loss: 72.9900
Epoch 286, Loss: 73.0219
Epoch 287, Loss: 73.4688
Epoch 288, Loss: 73.0785
Epoch 289, Loss: 73.4315
Epoch 290, Loss: 72.7767
Epoch 290, LR: 0.0001
Epoch 291, Loss: 72.8496
Epoch 292, Loss: 73.0332
Epoch 293, Loss: 73.0284
Epoch 294, Loss: 72.7921
Epoch 295, Loss: 72.7181
Epoch 296, Loss: 73.2179
Epoch 297, Loss: 72.4951
Epoch 298, Loss: 72.5769
Epoch 299, Loss: 72.4955
Epoch 300, Loss: 71.9991
Epoch 300, LR: 0.0001
Epoch 301, Loss: 72.3277
Epoch 302, Loss: 72.4435
Epoch 303, Loss: 72.4261
Epoch 304, Loss: 72.0298
Epoch 305, Loss: 72.3423
Epoch 306, Loss: 72.3270
Epoch 307, Loss: 72.0750
Epoch 308, Loss: 72.3114
Epoch 309, Loss: 71.7019
Epoch 310, Loss: 72.2726
Epoch 310, LR: 0.0001
Epoch 311, Loss: 71.9001
Epoch 312, Loss: 71.7768
Epoch 313, Loss: 72.0311
Epoch 314, Loss: 72.1161
Epoch 315, Loss: 71.6664
Epoch 316, Loss: 71.6902
Epoch 317, Loss: 71.4527
Epoch 318, Loss: 72.1165
Epoch 319, Loss: 71.7450
Epoch 320, Loss: 71.8084
Epoch 320, LR: 0.0001
Epoch 321, Loss: 71.2481
Epoch 322, Loss: 71.8657
Epoch 323, Loss: 71.3719
Epoch 324, Loss: 71.1697
Epoch 325, Loss: 71.1613
Epoch 326, Loss: 71.1549
Epoch 327, Loss: 71.4114
Epoch 328, Loss: 71.2497
Epoch 329, Loss: 71.2552
Epoch 330, Loss: 71.1980
Epoch 330, LR: 0.0001
Epoch 331, Loss: 71.1952
Epoch 332, Loss: 70.7209
Epoch 333, Loss: 71.3787
Epoch 334, Loss: 70.7507
Epoch 335, Loss: 70.6035
Epoch 336, Loss: 71.0802
Epoch 337, Loss: 70.7378
Epoch 338, Loss: 70.6860
Epoch 339, Loss: 70.9851
Epoch 340, Loss: 70.5432
Epoch 340, LR: 0.0001
Epoch 341, Loss: 70.5498
Epoch 342, Loss: 70.3765
Epoch 343, Loss: 70.8158
Epoch 344, Loss: 70.9839
Epoch 345, Loss: 70.7104
Epoch 346, Loss: 70.6638
Epoch 347, Loss: 70.2720
Epoch 348, Loss: 70.6570
Epoch 349, Loss: 70.3596
Epoch 350, Loss: 70.2137
Epoch 350, LR: 0.0001
Epoch 351, Loss: 70.1122
Epoch 352, Loss: 70.2657
Epoch 353, Loss: 70.0558
Epoch 354, Loss: 70.3543
Epoch 355, Loss: 70.0097
Epoch 356, Loss: 70.4635
Epoch 357, Loss: 70.0752
Epoch 358, Loss: 69.8183
Epoch 359, Loss: 70.3421
Epoch 360, Loss: 69.9946
Epoch 360, LR: 0.0001
Epoch 361, Loss: 69.9147
Epoch 362, Loss: 70.2096
Epoch 363, Loss: 70.0222
Epoch 364, Loss: 70.1465
Epoch 365, Loss: 69.6971
Epoch 366, Loss: 69.6870
Epoch 367, Loss: 69.8808
Epoch 368, Loss: 69.7946
Epoch 369, Loss: 69.6607
Epoch 370, Loss: 69.6474
Epoch 370, LR: 0.0001
Epoch 371, Loss: 69.3423
Epoch 372, Loss: 69.6258
Epoch 373, Loss: 69.3906
Epoch 374, Loss: 69.4365
Epoch 375, Loss: 69.3597
Epoch 376, Loss: 69.6474
Epoch 377, Loss: 69.4034
Epoch 378, Loss: 69.3950
Epoch 379, Loss: 69.1940
Epoch 380, Loss: 69.2510
Epoch 380, LR: 0.0001
Epoch 381, Loss: 69.0821
Epoch 382, Loss: 69.1892
Epoch 383, Loss: 68.9980
Epoch 384, Loss: 69.3089
Epoch 385, Loss: 68.9512
Epoch 386, Loss: 69.2046
Epoch 387, Loss: 68.9512
Epoch 388, Loss: 69.0741
Epoch 389, Loss: 68.9454
Epoch 390, Loss: 68.7701
Epoch 390, LR: 0.0001
Epoch 391, Loss: 68.8697
Epoch 392, Loss: 69.4527
Epoch 393, Loss: 68.9186
Epoch 394, Loss: 68.7299
Epoch 395, Loss: 68.9629
Epoch 396, Loss: 68.6496
Epoch 397, Loss: 68.5862
Epoch 398, Loss: 68.6656
Epoch 399, Loss: 68.9338
Epoch 400, Loss: 68.9919
Epoch 400, LR: 0.0001
Epoch 401, Loss: 68.7540
Epoch 402, Loss: 68.7521
Epoch 403, Loss: 68.7996
Epoch 404, Loss: 68.6868
Epoch 405, Loss: 68.7059
Epoch 406, Loss: 68.7528
Epoch 407, Loss: 68.4317
Epoch 408, Loss: 68.6275
Epoch 409, Loss: 68.3667
Epoch 410, Loss: 68.1749
Epoch 410, LR: 0.0001
Epoch 411, Loss: 68.1700
Epoch 412, Loss: 68.4055
Epoch 413, Loss: 68.2026
Epoch 414, Loss: 68.5405
Epoch 415, Loss: 68.3363
Epoch 416, Loss: 68.2567
Epoch 417, Loss: 68.2372
Epoch 418, Loss: 68.0453
Epoch 419, Loss: 68.8464
Epoch 420, Loss: 68.0021
Epoch 420, LR: 0.0001
Epoch 421, Loss: 68.0309
Epoch 422, Loss: 67.8591
Epoch 423, Loss: 68.1220
Epoch 424, Loss: 68.4896
Epoch 425, Loss: 68.1876
Epoch 426, Loss: 68.0782
Epoch 427, Loss: 67.9628
Epoch 428, Loss: 67.9524
Epoch 429, Loss: 68.3485
Epoch 430, Loss: 67.8876
Epoch 430, LR: 0.0001
Epoch 431, Loss: 67.7598
Epoch 432, Loss: 67.6921
Epoch 433, Loss: 67.5850
Epoch 434, Loss: 67.7132
Epoch 435, Loss: 67.5791
Epoch 436, Loss: 67.4984
Epoch 437, Loss: 67.7893
Epoch 438, Loss: 67.5966
Epoch 439, Loss: 67.7267
Epoch 440, Loss: 67.4809
Epoch 440, LR: 0.0001
Epoch 441, Loss: 67.6842
Epoch 442, Loss: 67.8639
Epoch 443, Loss: 67.7402
Epoch 444, Loss: 67.6234
Epoch 445, Loss: 67.6094
Epoch 446, Loss: 67.8732
Epoch 447, Loss: 67.4420
Epoch 448, Loss: 67.6921
Epoch 449, Loss: 67.3625
Epoch 450, Loss: 68.0825
Epoch 450, LR: 0.0001
Epoch 451, Loss: 67.2793
Epoch 452, Loss: 67.5168
Epoch 453, Loss: 67.5607
Epoch 454, Loss: 66.9654
Epoch 455, Loss: 67.4305
Epoch 456, Loss: 67.1194
Epoch 457, Loss: 67.2321
Epoch 458, Loss: 67.3536
Epoch 459, Loss: 67.2183
Epoch 460, Loss: 67.2878
Epoch 460, LR: 0.0001
Epoch 461, Loss: 67.2542
Epoch 462, Loss: 67.0006
Epoch 463, Loss: 66.9411
Epoch 464, Loss: 67.0558
Epoch 465, Loss: 67.2384
Epoch 466, Loss: 67.1426
Epoch 467, Loss: 67.2724
Epoch 468, Loss: 67.5981
Epoch 469, Loss: 67.2175
Epoch 470, Loss: 67.2590
Epoch 470, LR: 0.0001
Epoch 471, Loss: 66.8394
Epoch 472, Loss: 66.9499
Epoch 473, Loss: 66.8875
Epoch 474, Loss: 66.7424
Epoch 475, Loss: 66.8342
Epoch 476, Loss: 66.9753
Epoch 477, Loss: 66.6603
Epoch 478, Loss: 66.6261
Epoch 479, Loss: 66.8499
Epoch 480, Loss: 67.0967
Epoch 480, LR: 0.0001
Epoch 481, Loss: 66.9455
Epoch 482, Loss: 66.9958
Epoch 483, Loss: 66.8318
Epoch 484, Loss: 66.4943
Epoch 485, Loss: 66.5315
Epoch 486, Loss: 66.6136
Epoch 487, Loss: 66.6823
Epoch 488, Loss: 66.7412
Epoch 489, Loss: 66.6470
Epoch 490, Loss: 66.5318
Epoch 490, LR: 0.0001
Epoch 491, Loss: 66.5265
Epoch 492, Loss: 66.5651
Epoch 493, Loss: 66.5563
Epoch 494, Loss: 66.3436
Epoch 495, Loss: 66.5395
Epoch 496, Loss: 66.3720
Epoch 497, Loss: 66.3096
Epoch 498, Loss: 66.2676
Epoch 499, Loss: 66.1665
Epoch 500, Loss: 66.5624
Epoch 500, LR: 1e-05
Epoch 501, Loss: 64.9447
Epoch 502, Loss: 64.3360
Epoch 503, Loss: 64.2194
Epoch 504, Loss: 64.1448
Epoch 505, Loss: 64.0336
Epoch 506, Loss: 63.9062
Epoch 507, Loss: 63.9679
Epoch 508, Loss: 63.8970
Epoch 509, Loss: 63.7416
Epoch 510, Loss: 63.7869
Epoch 510, LR: 1e-05
Epoch 511, Loss: 63.8258
Epoch 512, Loss: 63.6518
Epoch 513, Loss: 63.6641
Epoch 514, Loss: 63.6509
Epoch 515, Loss: 63.5537
Epoch 516, Loss: 63.6352
Epoch 517, Loss: 63.5562
Epoch 518, Loss: 63.5452
Epoch 519, Loss: 63.6018
Epoch 520, Loss: 63.5812
Epoch 520, LR: 1e-05
Epoch 521, Loss: 63.5544
Epoch 522, Loss: 63.4962
Epoch 523, Loss: 63.4819
Epoch 524, Loss: 63.4457
Epoch 525, Loss: 63.4850
Epoch 526, Loss: 63.3658
Epoch 527, Loss: 63.4327
Epoch 528, Loss: 63.3954
Epoch 529, Loss: 63.4048
Epoch 530, Loss: 63.3782
Epoch 530, LR: 1e-05
Epoch 531, Loss: 63.4267
Epoch 532, Loss: 63.4439
Epoch 533, Loss: 63.2863
Epoch 534, Loss: 63.3243
Epoch 535, Loss: 63.2900
Epoch 536, Loss: 63.3357
Epoch 537, Loss: 63.3402
Epoch 538, Loss: 63.3383
Epoch 539, Loss: 63.2805
Epoch 540, Loss: 63.3316
Epoch 540, LR: 1e-05
Epoch 541, Loss: 63.3593
Epoch 542, Loss: 63.3284
Epoch 543, Loss: 63.3185
Epoch 544, Loss: 63.1887
Epoch 545, Loss: 63.2476
Epoch 546, Loss: 63.2046
Epoch 547, Loss: 63.1665
Epoch 548, Loss: 63.2268
Epoch 549, Loss: 63.1236
Epoch 550, Loss: 63.2176
Epoch 550, LR: 1e-05
Epoch 551, Loss: 63.1589
Epoch 552, Loss: 63.1456
Epoch 553, Loss: 63.1682
Epoch 554, Loss: 63.1483
Epoch 555, Loss: 63.0935
Epoch 556, Loss: 63.1430
Epoch 557, Loss: 63.1485
Epoch 558, Loss: 63.1562
Epoch 559, Loss: 63.1470
Epoch 560, Loss: 63.1135
Epoch 560, LR: 1e-05
Epoch 561, Loss: 63.1174
Epoch 562, Loss: 63.1777
Epoch 563, Loss: 63.0922
Epoch 564, Loss: 63.0022
Epoch 565, Loss: 63.1372
Epoch 566, Loss: 63.1033
Epoch 567, Loss: 63.1311
Epoch 568, Loss: 63.0823
Epoch 569, Loss: 63.0907
Epoch 570, Loss: 63.0921
Epoch 570, LR: 1e-05
Epoch 571, Loss: 63.0068
Epoch 572, Loss: 63.0005
Epoch 573, Loss: 63.0200
Epoch 574, Loss: 63.0484
Epoch 575, Loss: 63.0850
Epoch 576, Loss: 62.9279
Epoch 577, Loss: 62.9748
Epoch 578, Loss: 62.9597
Epoch 579, Loss: 62.9741
Epoch 580, Loss: 63.0241
Epoch 580, LR: 1e-05
Epoch 581, Loss: 63.0352
Epoch 582, Loss: 62.9708
Epoch 583, Loss: 62.9472
Epoch 584, Loss: 62.9557
Epoch 585, Loss: 62.9058
Epoch 586, Loss: 62.8835
Epoch 587, Loss: 62.8913
Epoch 588, Loss: 62.9712
Epoch 589, Loss: 62.9271
Epoch 590, Loss: 62.9126
Epoch 590, LR: 1e-05
Epoch 591, Loss: 62.8795
Epoch 592, Loss: 62.9927
Epoch 593, Loss: 62.9227
Epoch 594, Loss: 62.8878
Epoch 595, Loss: 62.9332
Epoch 596, Loss: 62.9868
Epoch 597, Loss: 62.8788
Epoch 598, Loss: 62.9127
Epoch 599, Loss: 62.8601
Epoch 600, Loss: 62.8951
Epoch 600, LR: 1e-05
Epoch 601, Loss: 62.8446
Epoch 602, Loss: 62.8448
Epoch 603, Loss: 62.8376
Epoch 604, Loss: 62.8782
Epoch 605, Loss: 62.8015
Epoch 606, Loss: 62.8773
Epoch 607, Loss: 62.8156
Epoch 608, Loss: 62.8692
Epoch 609, Loss: 62.8451
Epoch 610, Loss: 62.7530
Epoch 610, LR: 1e-05
Epoch 611, Loss: 62.7825
Epoch 612, Loss: 62.7921
Epoch 613, Loss: 62.8543
Epoch 614, Loss: 62.8851
Epoch 615, Loss: 62.7844
Epoch 616, Loss: 62.8499
Epoch 617, Loss: 62.7620
Epoch 618, Loss: 62.7987
Epoch 619, Loss: 62.7872
Epoch 620, Loss: 62.8291
Epoch 620, LR: 1e-05
Epoch 621, Loss: 62.6720
Epoch 622, Loss: 62.8664
Epoch 623, Loss: 62.8090
Epoch 624, Loss: 62.8790
Epoch 625, Loss: 62.7408
Epoch 626, Loss: 62.7785
Epoch 627, Loss: 62.7258
Epoch 628, Loss: 62.7556
Epoch 629, Loss: 62.7133
Epoch 630, Loss: 62.8068
Epoch 630, LR: 1e-05
Epoch 631, Loss: 62.6984
Epoch 632, Loss: 62.7563
Epoch 633, Loss: 62.6885
Epoch 634, Loss: 62.6636
Epoch 635, Loss: 62.7037
Epoch 636, Loss: 62.6347
Epoch 637, Loss: 62.7899
Epoch 638, Loss: 62.6828
Epoch 639, Loss: 62.5997
Epoch 640, Loss: 62.7009
Epoch 640, LR: 1e-05
Epoch 641, Loss: 62.5810
Epoch 642, Loss: 62.7284
Epoch 643, Loss: 62.6439
Epoch 644, Loss: 62.6601
Epoch 645, Loss: 62.7814
Epoch 646, Loss: 62.6777
Epoch 647, Loss: 62.6404
Epoch 648, Loss: 62.6218
Epoch 649, Loss: 62.6436
Epoch 650, Loss: 62.7502
Epoch 650, LR: 1e-05
Epoch 651, Loss: 62.6678
Epoch 652, Loss: 62.6004
Epoch 653, Loss: 62.5576
Epoch 654, Loss: 62.6069
Epoch 655, Loss: 62.6765
Epoch 656, Loss: 62.5973
Epoch 657, Loss: 62.5988
Epoch 658, Loss: 62.7021
Epoch 659, Loss: 62.6076
Epoch 660, Loss: 62.6196
Epoch 660, LR: 1e-05
Epoch 661, Loss: 62.6009
Epoch 662, Loss: 62.5839
Epoch 663, Loss: 62.5601
Epoch 664, Loss: 62.6591
Epoch 665, Loss: 62.5710
Epoch 666, Loss: 62.6255
Epoch 667, Loss: 62.5696
Epoch 668, Loss: 62.5038
Epoch 669, Loss: 62.4648
Epoch 670, Loss: 62.4784
Epoch 670, LR: 1e-05
Epoch 671, Loss: 62.4899
Epoch 672, Loss: 62.6222
Epoch 673, Loss: 62.5364
Epoch 674, Loss: 62.5676
Epoch 675, Loss: 62.5048
Epoch 676, Loss: 62.5830
Epoch 677, Loss: 62.5452
Epoch 678, Loss: 62.5018
Epoch 679, Loss: 62.4991
Epoch 680, Loss: 62.5666
Epoch 680, LR: 1e-05
Epoch 681, Loss: 62.4211
Epoch 682, Loss: 62.4459
Epoch 683, Loss: 62.5458
Epoch 684, Loss: 62.4868
Epoch 685, Loss: 62.5315
Epoch 686, Loss: 62.5136
Epoch 687, Loss: 62.4555
Epoch 688, Loss: 62.4508
Epoch 689, Loss: 62.5510
Epoch 690, Loss: 62.4597
Epoch 690, LR: 1e-05
Epoch 691, Loss: 62.5105
Epoch 692, Loss: 62.5571
Epoch 693, Loss: 62.4593
Epoch 694, Loss: 62.4485
Epoch 695, Loss: 62.4109
Epoch 696, Loss: 62.4903
Epoch 697, Loss: 62.3195
Epoch 698, Loss: 62.4131
Epoch 699, Loss: 62.3904
Epoch 700, Loss: 62.3981
Epoch 700, LR: 1e-05
Epoch 701, Loss: 62.4803
Epoch 702, Loss: 62.4531
Epoch 703, Loss: 62.4800
Epoch 704, Loss: 62.4335
Epoch 705, Loss: 62.4567
Epoch 706, Loss: 62.4060
Epoch 707, Loss: 62.3684
Epoch 708, Loss: 62.3582
Epoch 709, Loss: 62.4060
Epoch 710, Loss: 62.4045
Epoch 710, LR: 1e-05
Epoch 711, Loss: 62.3569
Epoch 712, Loss: 62.3553
Epoch 713, Loss: 62.3848
Epoch 714, Loss: 62.2928
Epoch 715, Loss: 62.3056
Epoch 716, Loss: 62.2983
Epoch 717, Loss: 62.3687
Epoch 718, Loss: 62.3460
Epoch 719, Loss: 62.3884
Epoch 720, Loss: 62.3199
Epoch 720, LR: 1e-05
Epoch 721, Loss: 62.3665
Epoch 722, Loss: 62.3657
Epoch 723, Loss: 62.4500
Epoch 724, Loss: 62.3528
Epoch 725, Loss: 62.3811
Epoch 726, Loss: 62.3425
Epoch 727, Loss: 62.4352
Epoch 728, Loss: 62.3365
Epoch 729, Loss: 62.2607
Epoch 730, Loss: 62.3168
Epoch 730, LR: 1e-05
Epoch 731, Loss: 62.3102
Epoch 732, Loss: 62.3449
Epoch 733, Loss: 62.2609
Epoch 734, Loss: 62.3483
Epoch 735, Loss: 62.3104
Epoch 736, Loss: 62.2553
Epoch 737, Loss: 62.3021
Epoch 738, Loss: 62.3385
Epoch 739, Loss: 62.3601
Epoch 740, Loss: 62.2335
Epoch 740, LR: 1e-05
Epoch 741, Loss: 62.3356
Epoch 742, Loss: 62.2256
Epoch 743, Loss: 62.3230
Epoch 744, Loss: 62.2938
Epoch 745, Loss: 62.3204
Epoch 746, Loss: 62.3161
Epoch 747, Loss: 62.2529
Epoch 748, Loss: 62.2414
Epoch 749, Loss: 62.1635
Epoch 750, Loss: 62.3193
Epoch 750, LR: 1e-05
Epoch 751, Loss: 62.2536
Epoch 752, Loss: 62.2524
Epoch 753, Loss: 62.2624
Epoch 754, Loss: 62.2868
Epoch 755, Loss: 62.2831
Epoch 756, Loss: 62.2409
Epoch 757, Loss: 62.2937
Epoch 758, Loss: 62.1786
Epoch 759, Loss: 62.2024
Epoch 760, Loss: 62.2253
Epoch 760, LR: 1e-05
Epoch 761, Loss: 62.1657
Epoch 762, Loss: 62.2489
Epoch 763, Loss: 62.2714
Epoch 764, Loss: 62.1943
Epoch 765, Loss: 62.1745
Epoch 766, Loss: 62.2673
Epoch 767, Loss: 62.2253
Epoch 768, Loss: 62.2615
Epoch 769, Loss: 62.2318
Epoch 770, Loss: 62.1786
Epoch 770, LR: 1e-05
Epoch 771, Loss: 62.2059
Epoch 772, Loss: 62.1321
Epoch 773, Loss: 62.2597
Epoch 774, Loss: 62.1965
Epoch 775, Loss: 62.1799
Epoch 776, Loss: 62.1062
Epoch 777, Loss: 62.1832
Epoch 778, Loss: 62.1701
Epoch 779, Loss: 62.2297
Epoch 780, Loss: 62.2338
Epoch 780, LR: 1e-05
Epoch 781, Loss: 62.2072
Epoch 782, Loss: 62.2410
Epoch 783, Loss: 62.1255
Epoch 784, Loss: 62.0801
Epoch 785, Loss: 62.1503
Epoch 786, Loss: 62.1322
Epoch 787, Loss: 62.0959
Epoch 788, Loss: 62.0902
Epoch 789, Loss: 62.0633
Epoch 790, Loss: 62.1216
Epoch 790, LR: 1e-05
Epoch 791, Loss: 62.1014
Epoch 792, Loss: 62.1155
Epoch 793, Loss: 62.0940
Epoch 794, Loss: 62.1689
Epoch 795, Loss: 62.1377
Epoch 796, Loss: 62.0832
Epoch 797, Loss: 62.1033
Epoch 798, Loss: 62.0763
Epoch 799, Loss: 62.0679
Epoch 800, Loss: 62.1055
Epoch 800, LR: 1e-05
Epoch 801, Loss: 62.0823
Epoch 802, Loss: 62.0926
Epoch 803, Loss: 62.1192
Epoch 804, Loss: 62.0593
Epoch 805, Loss: 62.1746
Epoch 806, Loss: 62.0731
Epoch 807, Loss: 62.0100
Epoch 808, Loss: 62.0954
Epoch 809, Loss: 62.0604
Epoch 810, Loss: 62.1264
Epoch 810, LR: 1e-05
Epoch 811, Loss: 62.1340
Epoch 812, Loss: 62.1284
Epoch 813, Loss: 62.0574
Epoch 814, Loss: 62.0560
Epoch 815, Loss: 62.0241
Epoch 816, Loss: 62.0494
Epoch 817, Loss: 62.0681
Epoch 818, Loss: 62.0873
Epoch 819, Loss: 61.9885
Epoch 820, Loss: 62.0383
Epoch 820, LR: 1e-05
Epoch 821, Loss: 62.0254
Epoch 822, Loss: 62.0584
Epoch 823, Loss: 62.0315
Epoch 824, Loss: 62.0491
Epoch 825, Loss: 61.9485
Epoch 826, Loss: 62.0669
Epoch 827, Loss: 61.9599
Epoch 828, Loss: 61.9942
Epoch 829, Loss: 62.0241
Epoch 830, Loss: 61.9335
Epoch 830, LR: 1e-05
Epoch 831, Loss: 62.1271
Epoch 832, Loss: 62.0756
Epoch 833, Loss: 62.0202
Epoch 834, Loss: 61.9847
Epoch 835, Loss: 61.9361
Epoch 836, Loss: 62.0186
Epoch 837, Loss: 61.9500
Epoch 838, Loss: 62.0093
Epoch 839, Loss: 62.0020
Epoch 840, Loss: 61.9703
Epoch 840, LR: 1e-05
Epoch 841, Loss: 61.9868
Epoch 842, Loss: 61.9383
Epoch 843, Loss: 62.0042
Epoch 844, Loss: 61.9142
Epoch 845, Loss: 61.9161
Epoch 846, Loss: 61.9526
Epoch 847, Loss: 61.8941
Epoch 848, Loss: 62.0043
Epoch 849, Loss: 61.9468
Epoch 850, Loss: 61.9659
Epoch 850, LR: 1e-05
Epoch 851, Loss: 61.9864
Epoch 852, Loss: 61.9971
Epoch 853, Loss: 61.8600
Epoch 854, Loss: 61.9793
Epoch 855, Loss: 61.9688
Epoch 856, Loss: 61.9423
Epoch 857, Loss: 61.9045
Epoch 858, Loss: 61.9002
Epoch 859, Loss: 61.8792
Epoch 860, Loss: 61.9125
Epoch 860, LR: 1e-05
Epoch 861, Loss: 61.9417
Epoch 862, Loss: 61.9498
Epoch 863, Loss: 61.8758
Epoch 864, Loss: 61.9228
Epoch 865, Loss: 61.8629
Epoch 866, Loss: 61.9117
Epoch 867, Loss: 61.8817
Epoch 868, Loss: 61.8703
Epoch 869, Loss: 61.9806
Epoch 870, Loss: 61.9211
Epoch 870, LR: 1e-05
Epoch 871, Loss: 61.8420
Epoch 872, Loss: 61.8825
Epoch 873, Loss: 61.8508
Epoch 874, Loss: 61.8837
Epoch 875, Loss: 61.8713
Epoch 876, Loss: 61.7627
Epoch 877, Loss: 61.8632
Epoch 878, Loss: 61.8914
Epoch 879, Loss: 61.8409
Epoch 880, Loss: 61.8754
Epoch 880, LR: 1e-05
Epoch 881, Loss: 61.8614
Epoch 882, Loss: 61.8217
Epoch 883, Loss: 61.8596
Epoch 884, Loss: 61.8833
Epoch 885, Loss: 61.8039
Epoch 886, Loss: 61.7435
Epoch 887, Loss: 61.7903
Epoch 888, Loss: 61.8546
Epoch 889, Loss: 61.8492
Epoch 890, Loss: 61.7882
Epoch 890, LR: 1e-05
Epoch 891, Loss: 61.7261
Epoch 892, Loss: 61.8650
Epoch 893, Loss: 61.8502
Epoch 894, Loss: 61.8341
Epoch 895, Loss: 61.7788
Epoch 896, Loss: 61.7837
Epoch 897, Loss: 61.8182
Epoch 898, Loss: 61.8106
Epoch 899, Loss: 61.8221
Epoch 900, Loss: 61.8116
Epoch 900, LR: 1e-05
Epoch 901, Loss: 61.7981
Epoch 902, Loss: 61.7576
Epoch 903, Loss: 61.7164
Epoch 904, Loss: 61.7781
Epoch 905, Loss: 61.8389
Epoch 906, Loss: 61.7677
Epoch 907, Loss: 61.7433
Epoch 908, Loss: 61.6936
Epoch 909, Loss: 61.7562
Epoch 910, Loss: 61.7599
Epoch 910, LR: 1e-05
Epoch 911, Loss: 61.7814
Epoch 912, Loss: 61.7428
Epoch 913, Loss: 61.7825
Epoch 914, Loss: 61.7334
Epoch 915, Loss: 61.7235
Epoch 916, Loss: 61.7208
Epoch 917, Loss: 61.7313
Epoch 918, Loss: 61.6967
Epoch 919, Loss: 61.6982
Epoch 920, Loss: 61.7419
Epoch 920, LR: 1e-05
Epoch 921, Loss: 61.8049
Epoch 922, Loss: 61.7224
Epoch 923, Loss: 61.6908
Epoch 924, Loss: 61.7717
Epoch 925, Loss: 61.7160
Epoch 926, Loss: 61.7540
Epoch 927, Loss: 61.7541
Epoch 928, Loss: 61.7044
Epoch 929, Loss: 61.6806
Epoch 930, Loss: 61.6938
Epoch 930, LR: 1e-05
Epoch 931, Loss: 61.7173
Epoch 932, Loss: 61.6848
Epoch 933, Loss: 61.6327
Epoch 934, Loss: 61.6613
Epoch 935, Loss: 61.6410
Epoch 936, Loss: 61.6947
Epoch 937, Loss: 61.7682
Epoch 938, Loss: 61.7319
Epoch 939, Loss: 61.6886
Epoch 940, Loss: 61.7800
Epoch 940, LR: 1e-05
Epoch 941, Loss: 61.6487
Epoch 942, Loss: 61.6487
Epoch 943, Loss: 61.7032
Epoch 944, Loss: 61.6671
Epoch 945, Loss: 61.7338
Epoch 946, Loss: 61.7293
Epoch 947, Loss: 61.6758
Epoch 948, Loss: 61.6511
Epoch 949, Loss: 61.6642
Epoch 950, Loss: 61.6721
Epoch 950, LR: 1e-05
Epoch 951, Loss: 61.6718
Epoch 952, Loss: 61.6616
Epoch 953, Loss: 61.6500
Epoch 954, Loss: 61.6811
Epoch 955, Loss: 61.6468
Epoch 956, Loss: 61.6260
Epoch 957, Loss: 61.5941
Epoch 958, Loss: 61.6508
Epoch 959, Loss: 61.5553
Epoch 960, Loss: 61.6654
Epoch 960, LR: 1e-05
Epoch 961, Loss: 61.5798
Epoch 962, Loss: 61.5407
Epoch 963, Loss: 61.5749
Epoch 964, Loss: 61.6242
Epoch 965, Loss: 61.5783
Epoch 966, Loss: 61.5508
Epoch 967, Loss: 61.5779
Epoch 968, Loss: 61.6458
Epoch 969, Loss: 61.5110
Epoch 970, Loss: 61.6398
Epoch 970, LR: 1e-05
Epoch 971, Loss: 61.5920
Epoch 972, Loss: 61.6437
Epoch 973, Loss: 61.5327
Epoch 974, Loss: 61.6512
Epoch 975, Loss: 61.5828
Epoch 976, Loss: 61.6124
Epoch 977, Loss: 61.6342
Epoch 978, Loss: 61.5405
Epoch 979, Loss: 61.5610
Epoch 980, Loss: 61.5924
Epoch 980, LR: 1e-05
Epoch 981, Loss: 61.5673
Epoch 982, Loss: 61.5604
Epoch 983, Loss: 61.5212
Epoch 984, Loss: 61.5527
Epoch 985, Loss: 61.5337
Epoch 986, Loss: 61.6315
Epoch 987, Loss: 61.4839
Epoch 988, Loss: 61.5893
Epoch 989, Loss: 61.5425
Epoch 990, Loss: 61.5323
Epoch 990, LR: 1e-05
Epoch 991, Loss: 61.5785
Epoch 992, Loss: 61.5417
Epoch 993, Loss: 61.5501
Epoch 994, Loss: 61.4698
Epoch 995, Loss: 61.4954
Epoch 996, Loss: 61.5547
Epoch 997, Loss: 61.6452
Epoch 998, Loss: 61.5386
Epoch 999, Loss: 61.6472
Epoch 1000, Loss: 61.5286
Epoch 1000, LR: 1.0000000000000002e-06
Epoch 1001, Loss: 61.3990
Epoch 1002, Loss: 61.3397
Epoch 1003, Loss: 61.3801
Epoch 1004, Loss: 61.3492
Epoch 1005, Loss: 61.2941
Epoch 1006, Loss: 61.3472
Epoch 1007, Loss: 61.2618
Epoch 1008, Loss: 61.3260
Epoch 1009, Loss: 61.3149
Epoch 1010, Loss: 61.3271
Epoch 1010, LR: 1.0000000000000002e-06
Epoch 1011, Loss: 61.2511
Epoch 1012, Loss: 61.2626
Epoch 1013, Loss: 61.3039
Epoch 1014, Loss: 61.2833
Epoch 1015, Loss: 61.2589
Epoch 1016, Loss: 61.2908
Epoch 1017, Loss: 61.2779
Epoch 1018, Loss: 61.2606
Epoch 1019, Loss: 61.3129
Epoch 1020, Loss: 61.2914
Epoch 1020, LR: 1.0000000000000002e-06
Epoch 1021, Loss: 61.3047
Epoch 1022, Loss: 61.2940
Epoch 1023, Loss: 61.2468
Epoch 1024, Loss: 61.3000
Epoch 1025, Loss: 61.3172
Epoch 1026, Loss: 61.3469
Epoch 1027, Loss: 61.2947
Epoch 1028, Loss: 61.2848
Epoch 1029, Loss: 61.3262
Epoch 1030, Loss: 61.2229
Epoch 1030, LR: 1.0000000000000002e-06
Epoch 1031, Loss: 61.2563
Epoch 1032, Loss: 61.1657
Epoch 1033, Loss: 61.2887
Epoch 1034, Loss: 61.2241
Epoch 1035, Loss: 61.2389
Epoch 1036, Loss: 61.2742
Epoch 1037, Loss: 61.2441
Epoch 1038, Loss: 61.2600
Epoch 1039, Loss: 61.2563
Epoch 1040, Loss: 61.2475
Epoch 1040, LR: 1.0000000000000002e-06
Epoch 1041, Loss: 61.2355
Epoch 1042, Loss: 61.3439
Epoch 1043, Loss: 61.2696
Epoch 1044, Loss: 61.2798
Epoch 1045, Loss: 61.3173
Epoch 1046, Loss: 61.3204
Epoch 1047, Loss: 61.2342
Epoch 1048, Loss: 61.2593
Epoch 1049, Loss: 61.3033
Epoch 1050, Loss: 61.2674
Epoch 1050, LR: 1.0000000000000002e-06
Epoch 1051, Loss: 61.2584
Epoch 1052, Loss: 61.2249
Epoch 1053, Loss: 61.2585
Epoch 1054, Loss: 61.3039
Epoch 1055, Loss: 61.2649
Epoch 1056, Loss: 61.2892
Epoch 1057, Loss: 61.2450
Epoch 1058, Loss: 61.2910
Epoch 1059, Loss: 61.2932
Epoch 1060, Loss: 61.2656
Epoch 1060, LR: 1.0000000000000002e-06
Epoch 1061, Loss: 61.1758
Epoch 1062, Loss: 61.3238
Epoch 1063, Loss: 61.2703
Epoch 1064, Loss: 61.2751
Epoch 1065, Loss: 61.2069
Epoch 1066, Loss: 61.2623
Epoch 1067, Loss: 61.2388
Epoch 1068, Loss: 61.2377
Epoch 1069, Loss: 61.2638
Epoch 1070, Loss: 61.1867
Epoch 1070, LR: 1.0000000000000002e-06
Epoch 1071, Loss: 61.2136
Epoch 1072, Loss: 61.2182
Epoch 1073, Loss: 61.2364
Epoch 1074, Loss: 61.2572
Epoch 1075, Loss: 61.2353
Epoch 1076, Loss: 61.2338
Epoch 1077, Loss: 61.2187
Epoch 1078, Loss: 61.1981
Epoch 1079, Loss: 61.2926
Epoch 1080, Loss: 61.1989
Epoch 1080, LR: 1.0000000000000002e-06
Epoch 1081, Loss: 61.2723
Epoch 1082, Loss: 61.2407
Epoch 1083, Loss: 61.2486
Epoch 1084, Loss: 61.2218
Epoch 1085, Loss: 61.2231
Epoch 1086, Loss: 61.2328
Epoch 1087, Loss: 61.1928
Epoch 1088, Loss: 61.2876
Epoch 1089, Loss: 61.3226
Epoch 1090, Loss: 61.3066
Epoch 1090, LR: 1.0000000000000002e-06
Epoch 1091, Loss: 61.1983
Epoch 1092, Loss: 61.2812
Epoch 1093, Loss: 61.2404
Epoch 1094, Loss: 61.1527
Epoch 1095, Loss: 61.1656
Epoch 1096, Loss: 61.1505
Epoch 1097, Loss: 61.2314
Epoch 1098, Loss: 61.2195
Epoch 1099, Loss: 61.2305
Epoch 1100, Loss: 61.2010
Epoch 1100, LR: 1.0000000000000002e-06
Epoch 1101, Loss: 61.2425
Epoch 1102, Loss: 61.1696
Epoch 1103, Loss: 61.2147
Epoch 1104, Loss: 61.2215
Epoch 1105, Loss: 61.2326
Epoch 1106, Loss: 61.2432
Epoch 1107, Loss: 61.1633
Epoch 1108, Loss: 61.2118
Epoch 1109, Loss: 61.2119
Epoch 1110, Loss: 61.1374
Epoch 1110, LR: 1.0000000000000002e-06
Epoch 1111, Loss: 61.1642
Epoch 1112, Loss: 61.2026
Epoch 1113, Loss: 61.1986
Epoch 1114, Loss: 61.1643
Epoch 1115, Loss: 61.1717
Epoch 1116, Loss: 61.2149
Epoch 1117, Loss: 61.2385
Epoch 1118, Loss: 61.2059
Epoch 1119, Loss: 61.2147
Epoch 1120, Loss: 61.1725
Epoch 1120, LR: 1.0000000000000002e-06
Epoch 1121, Loss: 61.2095
Epoch 1122, Loss: 61.1510
Epoch 1123, Loss: 61.2437
Epoch 1124, Loss: 61.2704
Epoch 1125, Loss: 61.2257
Epoch 1126, Loss: 61.2024
Epoch 1127, Loss: 61.2559
Epoch 1128, Loss: 61.2056
Epoch 1129, Loss: 61.2447
Epoch 1130, Loss: 61.2286
Epoch 1130, LR: 1.0000000000000002e-06
Epoch 1131, Loss: 61.2322
Epoch 1132, Loss: 61.1620
Epoch 1133, Loss: 61.2257
Epoch 1134, Loss: 61.2234
Epoch 1135, Loss: 61.1350
Epoch 1136, Loss: 61.1817
Epoch 1137, Loss: 61.2178
Epoch 1138, Loss: 61.2304
Epoch 1139, Loss: 61.1995
Epoch 1140, Loss: 61.1618
Epoch 1140, LR: 1.0000000000000002e-06
Epoch 1141, Loss: 61.2080
Epoch 1142, Loss: 61.2244
Epoch 1143, Loss: 61.1681
Epoch 1144, Loss: 61.1863
Epoch 1145, Loss: 61.2403
Epoch 1146, Loss: 61.1856
Epoch 1147, Loss: 61.2378
Epoch 1148, Loss: 61.1656
Epoch 1149, Loss: 61.1734
Epoch 1150, Loss: 61.1682
Epoch 1150, LR: 1.0000000000000002e-06
Epoch 1151, Loss: 61.2130
Epoch 1152, Loss: 61.2283
Epoch 1153, Loss: 61.2733
Epoch 1154, Loss: 61.1612
Epoch 1155, Loss: 61.1962
Epoch 1156, Loss: 61.2197
Epoch 1157, Loss: 61.2152
Epoch 1158, Loss: 61.2225
Epoch 1159, Loss: 61.1882
Epoch 1160, Loss: 61.2072
Epoch 1160, LR: 1.0000000000000002e-06
Epoch 1161, Loss: 61.1223
Epoch 1162, Loss: 61.1739
Epoch 1163, Loss: 61.2324
Epoch 1164, Loss: 61.1588
Epoch 1165, Loss: 61.2135
Epoch 1166, Loss: 61.2124
Epoch 1167, Loss: 61.2309
Epoch 1168, Loss: 61.2125
Epoch 1169, Loss: 61.1669
Epoch 1170, Loss: 61.1478
Epoch 1170, LR: 1.0000000000000002e-06
Epoch 1171, Loss: 61.2186
Epoch 1172, Loss: 61.1822
Epoch 1173, Loss: 61.1942
Epoch 1174, Loss: 61.2078
Epoch 1175, Loss: 61.1550
Epoch 1176, Loss: 61.1713
Epoch 1177, Loss: 61.1303
Epoch 1178, Loss: 61.1733
Epoch 1179, Loss: 61.1672
Epoch 1180, Loss: 61.1805
Epoch 1180, LR: 1.0000000000000002e-06
Epoch 1181, Loss: 61.1498
Epoch 1182, Loss: 61.1635
Epoch 1183, Loss: 61.1165
Epoch 1184, Loss: 61.1920
Epoch 1185, Loss: 61.1823
Epoch 1186, Loss: 61.2220
Epoch 1187, Loss: 61.1784
Epoch 1188, Loss: 61.1237
Epoch 1189, Loss: 61.1959
Epoch 1190, Loss: 61.1637
Epoch 1190, LR: 1.0000000000000002e-06
Epoch 1191, Loss: 61.2218
Epoch 1192, Loss: 61.1458
Epoch 1193, Loss: 61.2089
Epoch 1194, Loss: 61.2082
Epoch 1195, Loss: 61.1341
Epoch 1196, Loss: 61.2294
Epoch 1197, Loss: 61.2122
Epoch 1198, Loss: 61.1572
Epoch 1199, Loss: 61.1107
Epoch 1200, Loss: 61.1182
Epoch 1200, LR: 1.0000000000000002e-06
Epoch 1201, Loss: 61.1988
Epoch 1202, Loss: 61.1412
Epoch 1203, Loss: 61.1610
Epoch 1204, Loss: 61.1320
Epoch 1205, Loss: 61.2229
Epoch 1206, Loss: 61.1765
Epoch 1207, Loss: 61.1442
Epoch 1208, Loss: 61.1636
Epoch 1209, Loss: 61.1815
Epoch 1210, Loss: 61.1543
Epoch 1210, LR: 1.0000000000000002e-06
Epoch 1211, Loss: 61.1874
Epoch 1212, Loss: 61.1790
Epoch 1213, Loss: 61.1728
Epoch 1214, Loss: 61.2193
Epoch 1215, Loss: 61.1501
Epoch 1216, Loss: 61.1360
Epoch 1217, Loss: 61.2275
Epoch 1218, Loss: 61.2117
Epoch 1219, Loss: 61.1542
Epoch 1220, Loss: 61.1641
Epoch 1220, LR: 1.0000000000000002e-06
Epoch 1221, Loss: 61.1324
Epoch 1222, Loss: 61.1816
Epoch 1223, Loss: 61.1167
Epoch 1224, Loss: 61.1412
Epoch 1225, Loss: 61.1334
Epoch 1226, Loss: 61.1728
Epoch 1227, Loss: 61.2219
Epoch 1228, Loss: 61.2059
Epoch 1229, Loss: 61.1065
Epoch 1230, Loss: 61.2345
Epoch 1230, LR: 1.0000000000000002e-06
Epoch 1231, Loss: 61.1546
Epoch 1232, Loss: 61.1185
Epoch 1233, Loss: 61.1659
Epoch 1234, Loss: 61.1181
Epoch 1235, Loss: 61.2174
Epoch 1236, Loss: 61.1404
Epoch 1237, Loss: 61.0832
Epoch 1238, Loss: 61.2208
Epoch 1239, Loss: 61.1957
Epoch 1240, Loss: 61.1077
Epoch 1240, LR: 1.0000000000000002e-06
Epoch 1241, Loss: 61.1315
Epoch 1242, Loss: 61.1785
Epoch 1243, Loss: 61.1797
Epoch 1244, Loss: 61.1706
Epoch 1245, Loss: 61.1524
Epoch 1246, Loss: 61.2396
Epoch 1247, Loss: 61.0770
Epoch 1248, Loss: 61.2157
Epoch 1249, Loss: 61.1128
Epoch 1250, Loss: 61.1432
Epoch 1250, LR: 1.0000000000000002e-06
Epoch 1251, Loss: 61.2057
Epoch 1252, Loss: 61.0959
Epoch 1253, Loss: 61.1598
Epoch 1254, Loss: 61.1545
Epoch 1255, Loss: 61.1491
Epoch 1256, Loss: 61.1740
Epoch 1257, Loss: 61.1780
Epoch 1258, Loss: 61.1204
Epoch 1259, Loss: 61.1014
Epoch 1260, Loss: 61.2497
Epoch 1260, LR: 1.0000000000000002e-06
Epoch 1261, Loss: 61.1657
Epoch 1262, Loss: 61.1259
Epoch 1263, Loss: 61.0987
Epoch 1264, Loss: 61.1428
Epoch 1265, Loss: 61.2024
Epoch 1266, Loss: 61.0939
Epoch 1267, Loss: 61.2054
Epoch 1268, Loss: 61.1862
Epoch 1269, Loss: 61.1882
Epoch 1270, Loss: 61.1279
Epoch 1270, LR: 1.0000000000000002e-06
Epoch 1271, Loss: 61.1913
Epoch 1272, Loss: 61.1372
Epoch 1273, Loss: 61.1090
Epoch 1274, Loss: 61.1571
Epoch 1275, Loss: 61.1173
Epoch 1276, Loss: 61.1208
Epoch 1277, Loss: 61.1719
Epoch 1278, Loss: 61.1544
Epoch 1279, Loss: 61.1794
Epoch 1280, Loss: 61.1287
Epoch 1280, LR: 1.0000000000000002e-06
Epoch 1281, Loss: 61.1615
Epoch 1282, Loss: 61.1547
Epoch 1283, Loss: 61.1856
Epoch 1284, Loss: 61.1955
Epoch 1285, Loss: 61.1731
Epoch 1286, Loss: 61.1702
Epoch 1287, Loss: 61.1549
Epoch 1288, Loss: 61.1017
Epoch 1289, Loss: 61.1722
Epoch 1290, Loss: 61.1280
Epoch 1290, LR: 1.0000000000000002e-06
Epoch 1291, Loss: 61.1375
Epoch 1292, Loss: 61.2026
Epoch 1293, Loss: 61.1639
Epoch 1294, Loss: 61.2031
Epoch 1295, Loss: 61.2433
Epoch 1296, Loss: 61.1517
Epoch 1297, Loss: 61.2343
Epoch 1298, Loss: 61.1181
Epoch 1299, Loss: 61.1105
Epoch 1300, Loss: 61.1469
Epoch 1300, LR: 1.0000000000000002e-06
Epoch 1301, Loss: 61.0994
Epoch 1302, Loss: 61.1363
Epoch 1303, Loss: 61.2083
Epoch 1304, Loss: 61.1728
Epoch 1305, Loss: 61.0903
Epoch 1306, Loss: 61.1707
Epoch 1307, Loss: 61.2104
Epoch 1308, Loss: 61.1200
Epoch 1309, Loss: 61.1238
Epoch 1310, Loss: 61.1586
Epoch 1310, LR: 1.0000000000000002e-06
Epoch 1311, Loss: 61.1107
Epoch 1312, Loss: 61.1478
Epoch 1313, Loss: 61.1410
Epoch 1314, Loss: 61.1224
Epoch 1315, Loss: 61.1076
Epoch 1316, Loss: 61.1792
Epoch 1317, Loss: 61.1126
Epoch 1318, Loss: 61.1022
Epoch 1319, Loss: 61.1131
Epoch 1320, Loss: 61.1109
Epoch 1320, LR: 1.0000000000000002e-06
Epoch 1321, Loss: 61.1083
Epoch 1322, Loss: 61.0914
Epoch 1323, Loss: 61.1416
Epoch 1324, Loss: 61.1389
Epoch 1325, Loss: 61.1147
Epoch 1326, Loss: 61.0379
Epoch 1327, Loss: 61.1752
Epoch 1328, Loss: 61.1179
Epoch 1329, Loss: 61.0705
Epoch 1330, Loss: 61.0538
Epoch 1330, LR: 1.0000000000000002e-06
Epoch 1331, Loss: 61.1005
Epoch 1332, Loss: 61.1927
Epoch 1333, Loss: 61.1804
Epoch 1334, Loss: 61.1191
Epoch 1335, Loss: 61.0475
Epoch 1336, Loss: 61.1030
Epoch 1337, Loss: 61.1011
Epoch 1338, Loss: 61.1272
Epoch 1339, Loss: 61.1666
Epoch 1340, Loss: 61.1073
Epoch 1340, LR: 1.0000000000000002e-06
Epoch 1341, Loss: 61.1648
Epoch 1342, Loss: 61.0765
Epoch 1343, Loss: 61.1331
Epoch 1344, Loss: 61.1775
Epoch 1345, Loss: 61.1082
Epoch 1346, Loss: 61.0853
Epoch 1347, Loss: 61.0991
Epoch 1348, Loss: 61.1011
Epoch 1349, Loss: 61.0929
Epoch 1350, Loss: 61.2012
Epoch 1350, LR: 1.0000000000000002e-06
Epoch 1351, Loss: 61.1545
Epoch 1352, Loss: 61.1459
Epoch 1353, Loss: 61.1405
Epoch 1354, Loss: 61.1745
Epoch 1355, Loss: 61.1052
Epoch 1356, Loss: 61.1315
Epoch 1357, Loss: 61.1905
Epoch 1358, Loss: 61.1022
Epoch 1359, Loss: 61.1337
Epoch 1360, Loss: 61.1352
Epoch 1360, LR: 1.0000000000000002e-06
Epoch 1361, Loss: 61.1756
Epoch 1362, Loss: 61.1446
Epoch 1363, Loss: 61.0915
Epoch 1364, Loss: 61.1111
Epoch 1365, Loss: 61.0185
Epoch 1366, Loss: 61.1245
Epoch 1367, Loss: 61.1009
Epoch 1368, Loss: 61.1300
Epoch 1369, Loss: 61.1065
Epoch 1370, Loss: 61.1149
Epoch 1370, LR: 1.0000000000000002e-06
Epoch 1371, Loss: 61.1130
Epoch 1372, Loss: 61.1216
Epoch 1373, Loss: 61.1039
Epoch 1374, Loss: 61.1224
Epoch 1375, Loss: 61.1242
Epoch 1376, Loss: 61.0661
Epoch 1377, Loss: 61.1407
Epoch 1378, Loss: 61.1464
Epoch 1379, Loss: 61.1092
Epoch 1380, Loss: 61.1261
Epoch 1380, LR: 1.0000000000000002e-06
Epoch 1381, Loss: 61.1018
Epoch 1382, Loss: 61.1709
Epoch 1383, Loss: 61.1078
Epoch 1384, Loss: 61.0910
Epoch 1385, Loss: 61.0703
Epoch 1386, Loss: 61.0791
Epoch 1387, Loss: 61.1297
Epoch 1388, Loss: 61.1395
Epoch 1389, Loss: 61.0991
Epoch 1390, Loss: 61.0905
Epoch 1390, LR: 1.0000000000000002e-06
Epoch 1391, Loss: 61.1267
Epoch 1392, Loss: 61.1292
Epoch 1393, Loss: 61.1184
Epoch 1394, Loss: 61.1066
Epoch 1395, Loss: 61.1266
Epoch 1396, Loss: 61.1306
Epoch 1397, Loss: 61.1184
Epoch 1398, Loss: 61.1181
Epoch 1399, Loss: 61.1379
Epoch 1400, Loss: 61.0903
Epoch 1400, LR: 1.0000000000000002e-06
Epoch 1401, Loss: 61.1118
Epoch 1402, Loss: 61.1174
Epoch 1403, Loss: 61.1033
Epoch 1404, Loss: 61.1341
Epoch 1405, Loss: 61.0712
Epoch 1406, Loss: 61.0320
Epoch 1407, Loss: 61.1070
Epoch 1408, Loss: 61.1166
Epoch 1409, Loss: 61.0612
Epoch 1410, Loss: 61.0797
Epoch 1410, LR: 1.0000000000000002e-06
Epoch 1411, Loss: 61.0866
Epoch 1412, Loss: 61.1261
Epoch 1413, Loss: 61.1184
Epoch 1414, Loss: 61.1273
Epoch 1415, Loss: 61.1150
Epoch 1416, Loss: 61.1348
Epoch 1417, Loss: 61.1210
Epoch 1418, Loss: 61.0706
Epoch 1419, Loss: 61.0802
Epoch 1420, Loss: 61.0953
Epoch 1420, LR: 1.0000000000000002e-06
Epoch 1421, Loss: 61.1148
Epoch 1422, Loss: 61.0182
Epoch 1423, Loss: 61.1587
Epoch 1424, Loss: 61.0794
Epoch 1425, Loss: 61.0557
Epoch 1426, Loss: 61.0832
Epoch 1427, Loss: 61.0706
Epoch 1428, Loss: 61.0777
Epoch 1429, Loss: 61.1005
Epoch 1430, Loss: 61.0819
Epoch 1430, LR: 1.0000000000000002e-06
Epoch 1431, Loss: 61.1454
Epoch 1432, Loss: 61.0904
Epoch 1433, Loss: 61.1232
Epoch 1434, Loss: 61.0416
Epoch 1435, Loss: 61.0282
Epoch 1436, Loss: 61.0408
Epoch 1437, Loss: 61.0890
Epoch 1438, Loss: 61.0556
Epoch 1439, Loss: 61.0876
Epoch 1440, Loss: 61.1107
Epoch 1440, LR: 1.0000000000000002e-06
Epoch 1441, Loss: 61.1504
Epoch 1442, Loss: 61.1408
Epoch 1443, Loss: 61.1737
Epoch 1444, Loss: 61.1329
Epoch 1445, Loss: 61.1030
Epoch 1446, Loss: 61.1269
Epoch 1447, Loss: 61.1151
Epoch 1448, Loss: 61.1308
Epoch 1449, Loss: 61.1310
Epoch 1450, Loss: 61.1136
Epoch 1450, LR: 1.0000000000000002e-06
Epoch 1451, Loss: 61.0698
Epoch 1452, Loss: 61.1224
Epoch 1453, Loss: 61.0333
Epoch 1454, Loss: 61.0631
Epoch 1455, Loss: 61.0352
Epoch 1456, Loss: 61.1234
Epoch 1457, Loss: 61.0749
Epoch 1458, Loss: 61.0028
Epoch 1459, Loss: 61.0408
Epoch 1460, Loss: 61.1143
Epoch 1460, LR: 1.0000000000000002e-06
Epoch 1461, Loss: 61.0892
Epoch 1462, Loss: 61.0629
Epoch 1463, Loss: 61.0803
Epoch 1464, Loss: 61.1068
Epoch 1465, Loss: 61.1382
Epoch 1466, Loss: 61.0859
Epoch 1467, Loss: 61.0575
Epoch 1468, Loss: 61.1158
Epoch 1469, Loss: 61.0166
Epoch 1470, Loss: 61.0833
Epoch 1470, LR: 1.0000000000000002e-06
Epoch 1471, Loss: 61.0581
Epoch 1472, Loss: 61.1309
Epoch 1473, Loss: 61.0996
Epoch 1474, Loss: 61.0376
Epoch 1475, Loss: 61.1514
Epoch 1476, Loss: 61.1028
Epoch 1477, Loss: 61.0861
Epoch 1478, Loss: 61.0285
Epoch 1479, Loss: 61.0712
Epoch 1480, Loss: 61.0540
Epoch 1480, LR: 1.0000000000000002e-06
Epoch 1481, Loss: 61.0793
Epoch 1482, Loss: 61.0528
Epoch 1483, Loss: 61.0867
Epoch 1484, Loss: 61.0534
Epoch 1485, Loss: 61.0636
Epoch 1486, Loss: 61.0641
Epoch 1487, Loss: 61.0983
Epoch 1488, Loss: 61.1080
Epoch 1489, Loss: 61.1495
Epoch 1490, Loss: 61.1096
Epoch 1490, LR: 1.0000000000000002e-06
Epoch 1491, Loss: 61.0571
Epoch 1492, Loss: 61.0331
Epoch 1493, Loss: 61.1074
Epoch 1494, Loss: 61.1120
Epoch 1495, Loss: 61.1028
Epoch 1496, Loss: 61.0151
Epoch 1497, Loss: 61.1102
Epoch 1498, Loss: 61.0277
Epoch 1499, Loss: 61.0794
Epoch 1500, Loss: 61.0629
Epoch 1500, LR: 1.0000000000000002e-07
Epoch 1501, Loss: 61.0595
Epoch 1502, Loss: 61.0413
Epoch 1503, Loss: 61.0426
Epoch 1504, Loss: 61.0837
Epoch 1505, Loss: 61.0680
Epoch 1506, Loss: 61.1184
Epoch 1507, Loss: 61.0609
Epoch 1508, Loss: 61.0551
Epoch 1509, Loss: 61.1089
Epoch 1510, Loss: 61.0761
Epoch 1510, LR: 1.0000000000000002e-07
Epoch 1511, Loss: 61.0003
Epoch 1512, Loss: 61.0248
Epoch 1513, Loss: 61.0668
Epoch 1514, Loss: 61.0262
Epoch 1515, Loss: 61.0617
Epoch 1516, Loss: 61.0175
Epoch 1517, Loss: 61.0213
Epoch 1518, Loss: 61.0539
Epoch 1519, Loss: 61.0890
Epoch 1520, Loss: 61.0851
Epoch 1520, LR: 1.0000000000000002e-07
Epoch 1521, Loss: 61.0630
Epoch 1522, Loss: 61.0228
Epoch 1523, Loss: 61.0023
Epoch 1524, Loss: 60.9949
Epoch 1525, Loss: 61.1203
Epoch 1526, Loss: 61.0559
Epoch 1527, Loss: 61.0127
Epoch 1528, Loss: 61.0301
Epoch 1529, Loss: 61.1168
Epoch 1530, Loss: 61.1027
Epoch 1530, LR: 1.0000000000000002e-07
Epoch 1531, Loss: 61.0887
Epoch 1532, Loss: 61.0172
Epoch 1533, Loss: 61.0206
Epoch 1534, Loss: 61.1071
Epoch 1535, Loss: 61.0058
Epoch 1536, Loss: 61.0907
Epoch 1537, Loss: 60.9663
Epoch 1538, Loss: 61.0964
Epoch 1539, Loss: 61.0297
Epoch 1540, Loss: 61.0631
Epoch 1540, LR: 1.0000000000000002e-07
Epoch 1541, Loss: 60.9848
Epoch 1542, Loss: 61.1077
Epoch 1543, Loss: 61.0339
Epoch 1544, Loss: 61.0813
Epoch 1545, Loss: 61.0739
Epoch 1546, Loss: 61.0650
Epoch 1547, Loss: 61.0340
Epoch 1548, Loss: 61.0537
Epoch 1549, Loss: 61.0875
Epoch 1550, Loss: 61.0298
Epoch 1550, LR: 1.0000000000000002e-07
Epoch 1551, Loss: 61.0793
Epoch 1552, Loss: 61.0381
Epoch 1553, Loss: 61.0043
Epoch 1554, Loss: 61.0733
Epoch 1555, Loss: 61.0566
Epoch 1556, Loss: 61.0352
Epoch 1557, Loss: 61.0448
Epoch 1558, Loss: 61.0209
Epoch 1559, Loss: 60.9920
Epoch 1560, Loss: 60.9640
Epoch 1560, LR: 1.0000000000000002e-07
Epoch 1561, Loss: 61.0287
Epoch 1562, Loss: 61.0442
Epoch 1563, Loss: 61.0289
Epoch 1564, Loss: 60.9954
Epoch 1565, Loss: 61.0533
Epoch 1566, Loss: 61.0047
Epoch 1567, Loss: 61.0612
Epoch 1568, Loss: 61.0562
Epoch 1569, Loss: 61.0128
Epoch 1570, Loss: 61.0234
Epoch 1570, LR: 1.0000000000000002e-07
Epoch 1571, Loss: 61.0660
Epoch 1572, Loss: 61.0646
Epoch 1573, Loss: 61.0217
Epoch 1574, Loss: 61.0463
Epoch 1575, Loss: 60.9838
Epoch 1576, Loss: 61.0489
Epoch 1577, Loss: 61.0343
Epoch 1578, Loss: 61.0439
Epoch 1579, Loss: 61.0456
Epoch 1580, Loss: 61.0771
Epoch 1580, LR: 1.0000000000000002e-07
Epoch 1581, Loss: 61.0060
Epoch 1582, Loss: 61.1278
Epoch 1583, Loss: 61.0420
Epoch 1584, Loss: 60.9659
Epoch 1585, Loss: 61.1032
Epoch 1586, Loss: 60.9760
Epoch 1587, Loss: 61.0142
Epoch 1588, Loss: 61.0447
Epoch 1589, Loss: 61.0164
Epoch 1590, Loss: 61.0674
Epoch 1590, LR: 1.0000000000000002e-07
Epoch 1591, Loss: 61.0021
Epoch 1592, Loss: 61.0868
Epoch 1593, Loss: 61.0789
Epoch 1594, Loss: 60.9662
Epoch 1595, Loss: 61.1173
Epoch 1596, Loss: 61.0091
Epoch 1597, Loss: 61.0034
Epoch 1598, Loss: 61.0332
Epoch 1599, Loss: 61.0128
Epoch 1600, Loss: 61.0101
Epoch 1600, LR: 1.0000000000000002e-07
Epoch 1601, Loss: 61.0930
Epoch 1602, Loss: 61.0819
Epoch 1603, Loss: 61.0053
Epoch 1604, Loss: 61.0462
Epoch 1605, Loss: 61.0278
Epoch 1606, Loss: 61.0520
Epoch 1607, Loss: 60.9772
Epoch 1608, Loss: 61.0789
Epoch 1609, Loss: 61.0160
Epoch 1610, Loss: 61.0073
Epoch 1610, LR: 1.0000000000000002e-07
Epoch 1611, Loss: 61.0314
Epoch 1612, Loss: 61.0860
Epoch 1613, Loss: 61.0085
Epoch 1614, Loss: 61.0564
Epoch 1615, Loss: 61.1124
Epoch 1616, Loss: 60.9960
Epoch 1617, Loss: 60.9681
Epoch 1618, Loss: 61.0856
Epoch 1619, Loss: 61.0119
Epoch 1620, Loss: 61.0206
Epoch 1620, LR: 1.0000000000000002e-07
Epoch 1621, Loss: 61.0503
Epoch 1622, Loss: 61.0328
Epoch 1623, Loss: 61.0291
Epoch 1624, Loss: 61.0417
Epoch 1625, Loss: 61.0847
Epoch 1626, Loss: 61.0595
Epoch 1627, Loss: 61.0341
Epoch 1628, Loss: 61.0663
Epoch 1629, Loss: 61.0563
Epoch 1630, Loss: 61.0373
Epoch 1630, LR: 1.0000000000000002e-07
Epoch 1631, Loss: 61.0323
Epoch 1632, Loss: 61.0195
Epoch 1633, Loss: 61.0802
Epoch 1634, Loss: 60.9629
Epoch 1635, Loss: 61.0371
Epoch 1636, Loss: 61.0356
Epoch 1637, Loss: 61.0314
Epoch 1638, Loss: 61.0500
Epoch 1639, Loss: 61.1126
Epoch 1640, Loss: 61.0594
Epoch 1640, LR: 1.0000000000000002e-07
Epoch 1641, Loss: 61.0877
Epoch 1642, Loss: 61.0691
Epoch 1643, Loss: 60.9973
Epoch 1644, Loss: 61.0561
Epoch 1645, Loss: 61.0098
Epoch 1646, Loss: 61.0534
Epoch 1647, Loss: 61.0547
Epoch 1648, Loss: 61.0573
Epoch 1649, Loss: 61.0225
Epoch 1650, Loss: 61.0374
Epoch 1650, LR: 1.0000000000000002e-07
Epoch 1651, Loss: 61.0207
Epoch 1652, Loss: 61.0599
Epoch 1653, Loss: 61.0485
Epoch 1654, Loss: 61.0351
Epoch 1655, Loss: 61.0069
Epoch 1656, Loss: 61.1203
Epoch 1657, Loss: 61.0846
Epoch 1658, Loss: 61.0235
Epoch 1659, Loss: 61.0175
Epoch 1660, Loss: 61.0028
Epoch 1660, LR: 1.0000000000000002e-07
Epoch 1661, Loss: 61.0314
Epoch 1662, Loss: 61.0261
Epoch 1663, Loss: 61.0270
Epoch 1664, Loss: 61.0364
Epoch 1665, Loss: 61.0095
Epoch 1666, Loss: 61.0716
Epoch 1667, Loss: 61.0121
Epoch 1668, Loss: 61.0186
Epoch 1669, Loss: 61.0055
Epoch 1670, Loss: 60.9867
Epoch 1670, LR: 1.0000000000000002e-07
Epoch 1671, Loss: 61.0512
Epoch 1672, Loss: 61.0149
Epoch 1673, Loss: 61.0462
Epoch 1674, Loss: 61.0279
Epoch 1675, Loss: 61.0675
Epoch 1676, Loss: 61.0659
Epoch 1677, Loss: 61.0336
Epoch 1678, Loss: 61.0034
Epoch 1679, Loss: 61.0414
Epoch 1680, Loss: 61.1208
Epoch 1680, LR: 1.0000000000000002e-07
Epoch 1681, Loss: 61.0101
Epoch 1682, Loss: 61.0527
Epoch 1683, Loss: 61.0127
Epoch 1684, Loss: 61.0243
Epoch 1685, Loss: 61.0107
Epoch 1686, Loss: 61.0044
Epoch 1687, Loss: 61.0721
Epoch 1688, Loss: 61.0029
Epoch 1689, Loss: 61.0387
Epoch 1690, Loss: 61.1397
Epoch 1690, LR: 1.0000000000000002e-07
Epoch 1691, Loss: 60.9977
Epoch 1692, Loss: 61.0567
Epoch 1693, Loss: 61.0684
Epoch 1694, Loss: 61.0627
Epoch 1695, Loss: 61.1066
Epoch 1696, Loss: 61.0050
Epoch 1697, Loss: 60.9990
Epoch 1698, Loss: 61.0225
Epoch 1699, Loss: 61.0453
Epoch 1700, Loss: 61.0538
Epoch 1700, LR: 1.0000000000000002e-07
Epoch 1701, Loss: 61.0655
Epoch 1702, Loss: 61.0372
Epoch 1703, Loss: 61.0899
Epoch 1704, Loss: 61.0323
Epoch 1705, Loss: 61.0596
Epoch 1706, Loss: 61.0751
Epoch 1707, Loss: 61.0402
Epoch 1708, Loss: 61.0901
Epoch 1709, Loss: 60.9861
Epoch 1710, Loss: 61.0557
Epoch 1710, LR: 1.0000000000000002e-07
Epoch 1711, Loss: 61.0107
Epoch 1712, Loss: 61.0543
Epoch 1713, Loss: 61.1967
Epoch 1714, Loss: 61.0467
Epoch 1715, Loss: 61.0141
Epoch 1716, Loss: 61.0685
Epoch 1717, Loss: 61.0323
Epoch 1718, Loss: 61.0476
Epoch 1719, Loss: 61.0112
Epoch 1720, Loss: 61.0400
Epoch 1720, LR: 1.0000000000000002e-07
Epoch 1721, Loss: 61.0327
Epoch 1722, Loss: 61.0372
Epoch 1723, Loss: 61.0663
Epoch 1724, Loss: 61.0256
Epoch 1725, Loss: 60.9728
Epoch 1726, Loss: 61.0585
Epoch 1727, Loss: 61.0052
Epoch 1728, Loss: 61.0479
Epoch 1729, Loss: 61.0085
Epoch 1730, Loss: 60.9985
Epoch 1730, LR: 1.0000000000000002e-07
Epoch 1731, Loss: 60.9426
Epoch 1732, Loss: 61.0240
Epoch 1733, Loss: 61.0798
Epoch 1734, Loss: 61.0710
Epoch 1735, Loss: 61.0171
Epoch 1736, Loss: 61.0437
Epoch 1737, Loss: 61.0389
Epoch 1738, Loss: 60.9980
Epoch 1739, Loss: 60.9820
Epoch 1740, Loss: 61.0245
Epoch 1740, LR: 1.0000000000000002e-07
Epoch 1741, Loss: 61.0474
Epoch 1742, Loss: 61.0312
Epoch 1743, Loss: 61.0542
Epoch 1744, Loss: 61.0232
Epoch 1745, Loss: 61.0414
Epoch 1746, Loss: 61.0214
Epoch 1747, Loss: 61.0611
Epoch 1748, Loss: 61.0056
Epoch 1749, Loss: 61.0628
Epoch 1750, Loss: 61.0400
Epoch 1750, LR: 1.0000000000000002e-07
Epoch 1751, Loss: 61.0769
Epoch 1752, Loss: 61.0101
Epoch 1753, Loss: 61.0478
Epoch 1754, Loss: 61.0127
Epoch 1755, Loss: 61.0589
Epoch 1756, Loss: 61.0554
Epoch 1757, Loss: 61.0003
Epoch 1758, Loss: 61.0100
Epoch 1759, Loss: 61.0064
Epoch 1760, Loss: 61.0324
Epoch 1760, LR: 1.0000000000000002e-07
Epoch 1761, Loss: 61.0227
Epoch 1762, Loss: 61.0953
Epoch 1763, Loss: 60.9946
Epoch 1764, Loss: 61.0173
Epoch 1765, Loss: 61.0346
Epoch 1766, Loss: 61.0214
Epoch 1767, Loss: 61.0354
Epoch 1768, Loss: 60.9893
Epoch 1769, Loss: 61.0524
Epoch 1770, Loss: 61.0391
Epoch 1770, LR: 1.0000000000000002e-07
Epoch 1771, Loss: 61.0525
Epoch 1772, Loss: 61.0598
Epoch 1773, Loss: 60.9694
Epoch 1774, Loss: 60.9765
slurmstepd-hbnode-24: error: *** JOB 2198179 ON hbnode-24 CANCELLED AT 2025-06-27T01:47:18 DUE TO TIME LIMIT ***
