rm: cannot remove '/hb/home/tsatoper/cat-generator/results/3': No such file or directory
Saved config to
/hb/home/tsatoper/cat-generator/results/3/config.json
{'batch_size': 64, 'epochs': 2000, 'lr': 0.0001, 'latent_dim': 1024, 'beta': 3.0, 'data_path': '/hb/home/tsatoper/cat-generator/data', 'save_dir': '/hb/home/tsatoper/cat-generator/results/3', 'resume': 'null', 'job_id': '3'}
Using device: cuda
Epoch 1, Loss: 527.6127
Epoch 1, LR: 0.0001
Epoch 2, Loss: 276.4437
Epoch 3, Loss: 239.2079
Epoch 4, Loss: 222.4495
Epoch 5, Loss: 212.3804
Epoch 6, Loss: 202.7384
Epoch 7, Loss: 189.9501
Epoch 8, Loss: 176.6658
Epoch 9, Loss: 170.7783
Epoch 10, Loss: 166.7037
Epoch 10, LR: 0.0001
Epoch 11, Loss: 161.6300
Epoch 12, Loss: 159.1789
Epoch 13, Loss: 157.1187
Epoch 14, Loss: 152.7158
Epoch 15, Loss: 151.4391
Epoch 16, Loss: 149.5094
Epoch 17, Loss: 145.2913
Epoch 18, Loss: 144.7894
Epoch 19, Loss: 140.7909
Epoch 20, Loss: 140.2801
Epoch 20, LR: 0.0001
Epoch 21, Loss: 137.0379
Epoch 22, Loss: 136.3391
Epoch 23, Loss: 133.8997
Epoch 24, Loss: 133.1782
Epoch 25, Loss: 131.0955
Epoch 26, Loss: 130.8836
Epoch 27, Loss: 127.2080
Epoch 28, Loss: 126.2376
Epoch 29, Loss: 124.9260
Epoch 30, Loss: 125.7757
Epoch 30, LR: 0.0001
Epoch 31, Loss: 124.2576
Epoch 32, Loss: 123.3312
Epoch 33, Loss: 121.8284
Epoch 34, Loss: 120.8971
Epoch 35, Loss: 119.4536
Epoch 36, Loss: 118.5032
Epoch 37, Loss: 117.4041
Epoch 38, Loss: 117.1875
Epoch 39, Loss: 115.4421
Epoch 40, Loss: 114.8827
Epoch 40, LR: 0.0001
Epoch 41, Loss: 114.7756
Epoch 42, Loss: 113.1421
Epoch 43, Loss: 113.2806
Epoch 44, Loss: 111.3840
Epoch 45, Loss: 111.3952
Epoch 46, Loss: 110.4604
Epoch 47, Loss: 109.7730
Epoch 48, Loss: 111.0163
Epoch 49, Loss: 109.0160
Epoch 50, Loss: 107.3711
Epoch 50, LR: 0.0001
Epoch 51, Loss: 107.4432
Epoch 52, Loss: 106.5884
Epoch 53, Loss: 106.3114
Epoch 54, Loss: 106.4177
Epoch 55, Loss: 105.4847
Epoch 56, Loss: 104.8965
Epoch 57, Loss: 104.4443
Epoch 58, Loss: 103.2949
Epoch 59, Loss: 103.6369
Epoch 60, Loss: 102.9410
Epoch 60, LR: 0.0001
Epoch 61, Loss: 102.1651
Epoch 62, Loss: 101.2126
Epoch 63, Loss: 101.3163
Epoch 64, Loss: 101.0119
Epoch 65, Loss: 100.5786
Epoch 66, Loss: 99.7569
Epoch 67, Loss: 99.6286
Epoch 68, Loss: 99.4569
Epoch 69, Loss: 98.6653
Epoch 70, Loss: 98.8445
Epoch 70, LR: 0.0001
Epoch 71, Loss: 98.2403
Epoch 72, Loss: 97.4388
Epoch 73, Loss: 97.8541
Epoch 74, Loss: 97.7610
Epoch 75, Loss: 96.9458
Epoch 76, Loss: 96.6779
Epoch 77, Loss: 96.5101
Epoch 78, Loss: 95.5794
Epoch 79, Loss: 95.5784
Epoch 80, Loss: 95.9774
Epoch 80, LR: 0.0001
Epoch 81, Loss: 94.5233
Epoch 82, Loss: 93.8555
Epoch 83, Loss: 94.2923
Epoch 84, Loss: 93.0833
Epoch 85, Loss: 93.5990
Epoch 86, Loss: 93.4629
Epoch 87, Loss: 93.1797
Epoch 88, Loss: 92.6747
Epoch 89, Loss: 92.1384
Epoch 90, Loss: 92.2747
Epoch 90, LR: 0.0001
Epoch 91, Loss: 91.9648
Epoch 92, Loss: 91.9260
Epoch 93, Loss: 92.4407
Epoch 94, Loss: 91.3763
Epoch 95, Loss: 91.5964
Epoch 96, Loss: 90.9512
Epoch 97, Loss: 90.7650
Epoch 98, Loss: 90.3442
Epoch 99, Loss: 90.1983
Epoch 100, Loss: 89.5050
Epoch 100, LR: 0.0001
Epoch 101, Loss: 89.5260
Epoch 102, Loss: 89.4941
Epoch 103, Loss: 89.7363
Epoch 104, Loss: 89.4231
Epoch 105, Loss: 88.4449
Epoch 106, Loss: 88.2322
Epoch 107, Loss: 88.3140
Epoch 108, Loss: 88.1723
Epoch 109, Loss: 87.6918
Epoch 110, Loss: 87.2574
Epoch 110, LR: 0.0001
Epoch 111, Loss: 87.6897
Epoch 112, Loss: 87.4318
Epoch 113, Loss: 86.7920
Epoch 114, Loss: 87.5153
Epoch 115, Loss: 86.7508
Epoch 116, Loss: 86.5400
Epoch 117, Loss: 86.2991
Epoch 118, Loss: 85.7602
Epoch 119, Loss: 85.9358
Epoch 120, Loss: 85.9291
Epoch 120, LR: 0.0001
Epoch 121, Loss: 85.5094
Epoch 122, Loss: 85.6033
Epoch 123, Loss: 85.0934
Epoch 124, Loss: 85.0687
Epoch 125, Loss: 84.7748
Epoch 126, Loss: 84.2071
Epoch 127, Loss: 84.8565
Epoch 128, Loss: 85.3031
Epoch 129, Loss: 85.1118
Epoch 130, Loss: 83.9115
Epoch 130, LR: 0.0001
Epoch 131, Loss: 83.3510
Epoch 132, Loss: 83.3139
Epoch 133, Loss: 82.8764
Epoch 134, Loss: 82.8103
Epoch 135, Loss: 82.7953
Epoch 136, Loss: 82.4542
Epoch 137, Loss: 82.6183
Epoch 138, Loss: 82.3636
Epoch 139, Loss: 82.4264
Epoch 140, Loss: 81.9488
Epoch 140, LR: 0.0001
Epoch 141, Loss: 81.4848
Epoch 142, Loss: 81.2735
Epoch 143, Loss: 81.1742
Epoch 144, Loss: 81.2838
Epoch 145, Loss: 80.8265
Epoch 146, Loss: 80.5600
Epoch 147, Loss: 80.6468
Epoch 148, Loss: 80.1560
Epoch 149, Loss: 80.5324
Epoch 150, Loss: 80.3774
Epoch 150, LR: 0.0001
Epoch 151, Loss: 80.2230
Epoch 152, Loss: 79.4498
Epoch 153, Loss: 79.7235
Epoch 154, Loss: 79.6059
Epoch 155, Loss: 79.2678
Epoch 156, Loss: 79.0690
Epoch 157, Loss: 79.5510
Epoch 158, Loss: 79.2789
Epoch 159, Loss: 78.7370
Epoch 160, Loss: 79.4584
Epoch 160, LR: 0.0001
Epoch 161, Loss: 79.2188
Epoch 162, Loss: 78.6249
Epoch 163, Loss: 78.2477
Epoch 164, Loss: 78.3897
Epoch 165, Loss: 78.2043
Epoch 166, Loss: 78.2601
Epoch 167, Loss: 77.8648
Epoch 168, Loss: 77.8625
Epoch 169, Loss: 78.0291
Epoch 170, Loss: 77.8243
Epoch 170, LR: 0.0001
Epoch 171, Loss: 77.5716
Epoch 172, Loss: 77.7715
Epoch 173, Loss: 76.8497
Epoch 174, Loss: 77.4398
Epoch 175, Loss: 77.2434
Epoch 176, Loss: 77.4827
Epoch 177, Loss: 76.8171
Epoch 178, Loss: 76.7733
Epoch 179, Loss: 76.8187
Epoch 180, Loss: 76.2666
Epoch 180, LR: 0.0001
Epoch 181, Loss: 76.7466
Epoch 182, Loss: 76.8140
Epoch 183, Loss: 76.0165
Epoch 184, Loss: 75.9516
Epoch 185, Loss: 76.0446
Epoch 186, Loss: 75.7732
Epoch 187, Loss: 75.7507
Epoch 188, Loss: 75.9508
Epoch 189, Loss: 75.8517
Epoch 190, Loss: 75.5283
Epoch 190, LR: 0.0001
Epoch 191, Loss: 75.2759
Epoch 192, Loss: 75.2162
Epoch 193, Loss: 75.3881
Epoch 194, Loss: 75.5995
Epoch 195, Loss: 75.0022
Epoch 196, Loss: 75.0763
Epoch 197, Loss: 74.9090
Epoch 198, Loss: 74.7803
Epoch 199, Loss: 74.8269
Epoch 200, Loss: 75.0027
Epoch 200, LR: 0.0001
Epoch 201, Loss: 74.4987
Epoch 202, Loss: 74.3811
Epoch 203, Loss: 74.3741
Epoch 204, Loss: 74.2342
Epoch 205, Loss: 74.2311
Epoch 206, Loss: 74.1417
Epoch 207, Loss: 73.9467
Epoch 208, Loss: 74.2912
Epoch 209, Loss: 74.1916
Epoch 210, Loss: 73.8174
Epoch 210, LR: 0.0001
Epoch 211, Loss: 73.4635
Epoch 212, Loss: 73.5052
Epoch 213, Loss: 73.2512
Epoch 214, Loss: 73.4295
Epoch 215, Loss: 73.4526
Epoch 216, Loss: 73.1334
Epoch 217, Loss: 73.3944
Epoch 218, Loss: 72.9961
Epoch 219, Loss: 73.0047
Epoch 220, Loss: 72.9486
Epoch 220, LR: 0.0001
Epoch 221, Loss: 72.9890
Epoch 222, Loss: 72.6974
Epoch 223, Loss: 72.9899
Epoch 224, Loss: 72.5653
Epoch 225, Loss: 72.4580
Epoch 226, Loss: 72.6154
Epoch 227, Loss: 72.9757
Epoch 228, Loss: 72.2107
Epoch 229, Loss: 72.4084
Epoch 230, Loss: 72.1339
Epoch 230, LR: 0.0001
Epoch 231, Loss: 72.3346
Epoch 232, Loss: 72.1383
Epoch 233, Loss: 71.9497
Epoch 234, Loss: 72.0827
Epoch 235, Loss: 71.6817
Epoch 236, Loss: 71.9757
Epoch 237, Loss: 71.8826
Epoch 238, Loss: 71.9359
Epoch 239, Loss: 71.6565
Epoch 240, Loss: 71.4596
Epoch 240, LR: 0.0001
Epoch 241, Loss: 71.3994
Epoch 242, Loss: 71.6126
Epoch 243, Loss: 71.0712
Epoch 244, Loss: 71.6031
Epoch 245, Loss: 71.2991
Epoch 246, Loss: 71.3877
Epoch 247, Loss: 71.2481
Epoch 248, Loss: 71.5836
Epoch 249, Loss: 71.1126
Epoch 250, Loss: 70.6947
Epoch 250, LR: 0.0001
Epoch 251, Loss: 70.8857
Epoch 252, Loss: 70.9958
Epoch 253, Loss: 70.6042
Epoch 254, Loss: 70.8342
Epoch 255, Loss: 71.1160
Epoch 256, Loss: 70.4661
Epoch 257, Loss: 70.6512
Epoch 258, Loss: 70.4596
Epoch 259, Loss: 70.4280
Epoch 260, Loss: 70.3230
Epoch 260, LR: 0.0001
Epoch 261, Loss: 70.2326
Epoch 262, Loss: 70.5126
Epoch 263, Loss: 70.3721
Epoch 264, Loss: 70.2577
Epoch 265, Loss: 70.2038
Epoch 266, Loss: 70.1544
Epoch 267, Loss: 70.1159
Epoch 268, Loss: 69.7800
Epoch 269, Loss: 69.7302
Epoch 270, Loss: 69.8673
Epoch 270, LR: 0.0001
Epoch 271, Loss: 69.8475
Epoch 272, Loss: 69.8389
Epoch 273, Loss: 69.4660
Epoch 274, Loss: 69.7438
Epoch 275, Loss: 69.5636
Epoch 276, Loss: 69.2460
Epoch 277, Loss: 69.5291
Epoch 278, Loss: 69.7331
Epoch 279, Loss: 69.2965
Epoch 280, Loss: 69.2178
Epoch 280, LR: 0.0001
Epoch 281, Loss: 69.1672
Epoch 282, Loss: 69.5525
Epoch 283, Loss: 69.1975
Epoch 284, Loss: 69.4184
Epoch 285, Loss: 69.2387
Epoch 286, Loss: 69.2766
Epoch 287, Loss: 68.9703
Epoch 288, Loss: 69.2615
Epoch 289, Loss: 68.6520
Epoch 290, Loss: 68.6706
Epoch 290, LR: 0.0001
Epoch 291, Loss: 68.7993
Epoch 292, Loss: 69.2352
Epoch 293, Loss: 68.9029
Epoch 294, Loss: 68.7194
Epoch 295, Loss: 68.6786
Epoch 296, Loss: 68.7078
Epoch 297, Loss: 68.4974
Epoch 298, Loss: 68.4831
Epoch 299, Loss: 68.5863
Epoch 300, Loss: 68.3109
Epoch 300, LR: 0.0001
Epoch 301, Loss: 68.5068
Epoch 302, Loss: 68.0648
Epoch 303, Loss: 67.9487
Epoch 304, Loss: 68.0041
Epoch 305, Loss: 68.0724
Epoch 306, Loss: 69.1182
Epoch 307, Loss: 68.3638
Epoch 308, Loss: 67.9534
Epoch 309, Loss: 67.9451
Epoch 310, Loss: 67.6619
Epoch 310, LR: 0.0001
Epoch 311, Loss: 68.2964
Epoch 312, Loss: 68.0964
Epoch 313, Loss: 67.6257
Epoch 314, Loss: 68.1608
Epoch 315, Loss: 67.9941
Epoch 316, Loss: 67.4748
Epoch 317, Loss: 67.4516
Epoch 318, Loss: 67.6434
Epoch 319, Loss: 67.3791
Epoch 320, Loss: 67.3406
Epoch 320, LR: 0.0001
Epoch 321, Loss: 67.6594
Epoch 322, Loss: 67.6698
Epoch 323, Loss: 67.7209
Epoch 324, Loss: 67.5335
Epoch 325, Loss: 67.3936
Epoch 326, Loss: 67.0183
Epoch 327, Loss: 67.0592
Epoch 328, Loss: 67.3067
Epoch 329, Loss: 66.8355
Epoch 330, Loss: 67.1636
Epoch 330, LR: 0.0001
Epoch 331, Loss: 66.9521
Epoch 332, Loss: 66.9386
Epoch 333, Loss: 66.8354
Epoch 334, Loss: 66.8314
Epoch 335, Loss: 66.8785
Epoch 336, Loss: 66.6874
Epoch 337, Loss: 66.8155
Epoch 338, Loss: 66.7625
Epoch 339, Loss: 66.5170
Epoch 340, Loss: 66.5265
Epoch 340, LR: 0.0001
Epoch 341, Loss: 67.2167
Epoch 342, Loss: 66.8522
Epoch 343, Loss: 66.5998
Epoch 344, Loss: 66.4245
Epoch 345, Loss: 66.4647
Epoch 346, Loss: 66.7214
Epoch 347, Loss: 66.5794
Epoch 348, Loss: 66.5002
Epoch 349, Loss: 66.6525
Epoch 350, Loss: 66.1331
Epoch 350, LR: 0.0001
Epoch 351, Loss: 66.5127
Epoch 352, Loss: 66.1302
Epoch 353, Loss: 66.5390
Epoch 354, Loss: 66.2741
Epoch 355, Loss: 66.3317
Epoch 356, Loss: 65.9339
Epoch 357, Loss: 66.0938
Epoch 358, Loss: 66.0643
Epoch 359, Loss: 66.0260
Epoch 360, Loss: 65.7967
Epoch 360, LR: 0.0001
Epoch 361, Loss: 65.7874
Epoch 362, Loss: 65.8655
Epoch 363, Loss: 65.8804
Epoch 364, Loss: 66.0945
Epoch 365, Loss: 65.6407
Epoch 366, Loss: 65.9531
Epoch 367, Loss: 65.5177
Epoch 368, Loss: 65.9202
Epoch 369, Loss: 65.6180
Epoch 370, Loss: 65.4502
Epoch 370, LR: 0.0001
Epoch 371, Loss: 65.4025
Epoch 372, Loss: 65.6360
Epoch 373, Loss: 65.2731
Epoch 374, Loss: 65.8239
Epoch 375, Loss: 65.7210
Epoch 376, Loss: 65.5182
Epoch 377, Loss: 65.5723
Epoch 378, Loss: 65.4312
Epoch 379, Loss: 65.2438
Epoch 380, Loss: 65.2088
Epoch 380, LR: 0.0001
Epoch 381, Loss: 65.0544
Epoch 382, Loss: 65.3142
Epoch 383, Loss: 65.3427
Epoch 384, Loss: 65.0524
Epoch 385, Loss: 64.8812
Epoch 386, Loss: 65.5780
Epoch 387, Loss: 64.9357
Epoch 388, Loss: 65.1113
Epoch 389, Loss: 64.6977
Epoch 390, Loss: 65.0255
Epoch 390, LR: 0.0001
Epoch 391, Loss: 65.2631
Epoch 392, Loss: 65.3826
Epoch 393, Loss: 64.7546
Epoch 394, Loss: 64.7690
Epoch 395, Loss: 64.7982
Epoch 396, Loss: 64.7466
Epoch 397, Loss: 64.9106
Epoch 398, Loss: 64.7773
Epoch 399, Loss: 64.8604
Epoch 400, Loss: 64.4905
Epoch 400, LR: 0.0001
Epoch 401, Loss: 64.3949
Epoch 402, Loss: 64.5772
Epoch 403, Loss: 64.3216
Epoch 404, Loss: 64.4067
Epoch 405, Loss: 64.6943
Epoch 406, Loss: 64.5896
Epoch 407, Loss: 64.7409
Epoch 408, Loss: 64.4887
Epoch 409, Loss: 64.2458
Epoch 410, Loss: 64.1733
Epoch 410, LR: 0.0001
Epoch 411, Loss: 64.5071
Epoch 412, Loss: 64.4274
Epoch 413, Loss: 64.1446
Epoch 414, Loss: 63.9124
Epoch 415, Loss: 64.1496
Epoch 416, Loss: 64.1302
Epoch 417, Loss: 64.3747
Epoch 418, Loss: 64.0677
Epoch 419, Loss: 64.7571
Epoch 420, Loss: 64.2590
Epoch 420, LR: 0.0001
Epoch 421, Loss: 64.5149
Epoch 422, Loss: 63.9573
Epoch 423, Loss: 64.0979
Epoch 424, Loss: 64.0055
Epoch 425, Loss: 64.1124
Epoch 426, Loss: 64.1118
Epoch 427, Loss: 64.0695
Epoch 428, Loss: 63.8483
Epoch 429, Loss: 63.6792
Epoch 430, Loss: 63.8641
Epoch 430, LR: 0.0001
Epoch 431, Loss: 63.8010
Epoch 432, Loss: 63.5640
Epoch 433, Loss: 63.8676
Epoch 434, Loss: 63.7964
Epoch 435, Loss: 63.8190
Epoch 436, Loss: 63.6827
Epoch 437, Loss: 63.5914
Epoch 438, Loss: 63.3815
Epoch 439, Loss: 63.5359
Epoch 440, Loss: 63.6228
Epoch 440, LR: 0.0001
Epoch 441, Loss: 63.6329
Epoch 442, Loss: 63.6547
Epoch 443, Loss: 63.4721
Epoch 444, Loss: 63.4292
Epoch 445, Loss: 63.3840
Epoch 446, Loss: 63.2831
Epoch 447, Loss: 63.5900
Epoch 448, Loss: 63.2832
Epoch 449, Loss: 63.4947
Epoch 450, Loss: 63.2534
Epoch 450, LR: 0.0001
Epoch 451, Loss: 63.2185
Epoch 452, Loss: 63.3690
Epoch 453, Loss: 63.4973
Epoch 454, Loss: 63.2221
Epoch 455, Loss: 63.2664
Epoch 456, Loss: 63.3345
Epoch 457, Loss: 63.1117
Epoch 458, Loss: 63.1431
Epoch 459, Loss: 63.3891
Epoch 460, Loss: 63.1779
Epoch 460, LR: 0.0001
Epoch 461, Loss: 63.2951
Epoch 462, Loss: 62.9517
Epoch 463, Loss: 62.8466
Epoch 464, Loss: 63.0939
Epoch 465, Loss: 62.8029
Epoch 466, Loss: 62.7915
Epoch 467, Loss: 62.7612
Epoch 468, Loss: 62.8872
Epoch 469, Loss: 62.9133
Epoch 470, Loss: 62.8372
Epoch 470, LR: 0.0001
Epoch 471, Loss: 63.1816
Epoch 472, Loss: 62.9999
Epoch 473, Loss: 62.6621
Epoch 474, Loss: 62.6395
Epoch 475, Loss: 62.6604
Epoch 476, Loss: 62.8258
Epoch 477, Loss: 62.9208
Epoch 478, Loss: 62.8171
Epoch 479, Loss: 62.6449
Epoch 480, Loss: 62.6338
Epoch 480, LR: 0.0001
Epoch 481, Loss: 62.3937
Epoch 482, Loss: 62.6666
Epoch 483, Loss: 62.5235
Epoch 484, Loss: 62.3305
Epoch 485, Loss: 62.3514
Epoch 486, Loss: 62.5770
Epoch 487, Loss: 62.7268
Epoch 488, Loss: 62.6296
Epoch 489, Loss: 62.3456
Epoch 490, Loss: 62.3741
Epoch 490, LR: 0.0001
Epoch 491, Loss: 62.5330
Epoch 492, Loss: 62.6018
Epoch 493, Loss: 62.3914
Epoch 494, Loss: 62.4062
Epoch 495, Loss: 62.1766
Epoch 496, Loss: 62.6030
Epoch 497, Loss: 62.2340
Epoch 498, Loss: 62.2304
Epoch 499, Loss: 62.5742
Epoch 500, Loss: 62.1436
Epoch 500, LR: 1e-05
Epoch 501, Loss: 60.8611
Epoch 502, Loss: 60.4562
Epoch 503, Loss: 60.3645
Epoch 504, Loss: 60.2572
Epoch 505, Loss: 60.1644
Epoch 506, Loss: 60.0764
Epoch 507, Loss: 60.1050
Epoch 508, Loss: 59.9169
Epoch 509, Loss: 60.0027
Epoch 510, Loss: 59.9712
Epoch 510, LR: 1e-05
Epoch 511, Loss: 59.9267
Epoch 512, Loss: 59.9348
Epoch 513, Loss: 59.8702
Epoch 514, Loss: 59.8605
Epoch 515, Loss: 59.8157
Epoch 516, Loss: 59.8384
Epoch 517, Loss: 59.8003
Epoch 518, Loss: 59.8039
Epoch 519, Loss: 59.8013
Epoch 520, Loss: 59.7765
Epoch 520, LR: 1e-05
Epoch 521, Loss: 59.7126
Epoch 522, Loss: 59.7735
Epoch 523, Loss: 59.6283
Epoch 524, Loss: 59.6306
Epoch 525, Loss: 59.6182
Epoch 526, Loss: 59.7047
Epoch 527, Loss: 59.6433
Epoch 528, Loss: 59.6720
Epoch 529, Loss: 59.6117
Epoch 530, Loss: 59.6845
Epoch 530, LR: 1e-05
Epoch 531, Loss: 59.5883
Epoch 532, Loss: 59.4803
Epoch 533, Loss: 59.6097
Epoch 534, Loss: 59.5166
Epoch 535, Loss: 59.5072
Epoch 536, Loss: 59.5238
Epoch 537, Loss: 59.5175
Epoch 538, Loss: 59.5636
Epoch 539, Loss: 59.4812
Epoch 540, Loss: 59.5064
Epoch 540, LR: 1e-05
Epoch 541, Loss: 59.4715
Epoch 542, Loss: 59.5214
Epoch 543, Loss: 59.3924
Epoch 544, Loss: 59.5143
Epoch 545, Loss: 59.5251
Epoch 546, Loss: 59.4031
Epoch 547, Loss: 59.4175
Epoch 548, Loss: 59.3762
Epoch 549, Loss: 59.3917
Epoch 550, Loss: 59.3811
Epoch 550, LR: 1e-05
Epoch 551, Loss: 59.3631
Epoch 552, Loss: 59.3406
Epoch 553, Loss: 59.4108
Epoch 554, Loss: 59.3748
Epoch 555, Loss: 59.3059
Epoch 556, Loss: 59.4373
Epoch 557, Loss: 59.3449
Epoch 558, Loss: 59.3557
Epoch 559, Loss: 59.3915
Epoch 560, Loss: 59.3219
Epoch 560, LR: 1e-05
Epoch 561, Loss: 59.3553
Epoch 562, Loss: 59.2453
Epoch 563, Loss: 59.2636
Epoch 564, Loss: 59.3252
Epoch 565, Loss: 59.2965
Epoch 566, Loss: 59.3541
Epoch 567, Loss: 59.3581
Epoch 568, Loss: 59.3624
Epoch 569, Loss: 59.2314
Epoch 570, Loss: 59.2332
Epoch 570, LR: 1e-05
Epoch 571, Loss: 59.2450
Epoch 572, Loss: 59.1504
Epoch 573, Loss: 59.2171
Epoch 574, Loss: 59.2540
Epoch 575, Loss: 59.2003
Epoch 576, Loss: 59.2163
Epoch 577, Loss: 59.1729
Epoch 578, Loss: 59.2145
Epoch 579, Loss: 59.2153
Epoch 580, Loss: 59.1114
Epoch 580, LR: 1e-05
Epoch 581, Loss: 59.1666
Epoch 582, Loss: 59.1124
Epoch 583, Loss: 59.1875
Epoch 584, Loss: 59.1976
Epoch 585, Loss: 59.1021
Epoch 586, Loss: 59.1056
Epoch 587, Loss: 59.1739
Epoch 588, Loss: 59.1205
Epoch 589, Loss: 59.2235
Epoch 590, Loss: 59.1679
Epoch 590, LR: 1e-05
Epoch 591, Loss: 59.0915
Epoch 592, Loss: 59.1077
Epoch 593, Loss: 59.1446
Epoch 594, Loss: 59.1253
Epoch 595, Loss: 59.1203
Epoch 596, Loss: 59.0899
Epoch 597, Loss: 59.1115
Epoch 598, Loss: 59.1654
Epoch 599, Loss: 59.0928
Epoch 600, Loss: 59.1345
Epoch 600, LR: 1e-05
Epoch 601, Loss: 59.0063
Epoch 602, Loss: 59.0070
Epoch 603, Loss: 59.0183
Epoch 604, Loss: 59.0907
Epoch 605, Loss: 59.0277
Epoch 606, Loss: 59.0434
Epoch 607, Loss: 59.0067
Epoch 608, Loss: 58.9680
Epoch 609, Loss: 59.0336
Epoch 610, Loss: 59.0702
Epoch 610, LR: 1e-05
Epoch 611, Loss: 58.9896
Epoch 612, Loss: 58.9742
Epoch 613, Loss: 58.9273
Epoch 614, Loss: 59.0003
Epoch 615, Loss: 58.9594
Epoch 616, Loss: 58.9775
Epoch 617, Loss: 59.0269
Epoch 618, Loss: 58.9604
Epoch 619, Loss: 58.9513
Epoch 620, Loss: 59.0199
Epoch 620, LR: 1e-05
Epoch 621, Loss: 59.0347
Epoch 622, Loss: 58.9915
Epoch 623, Loss: 58.9366
Epoch 624, Loss: 58.9759
Epoch 625, Loss: 58.9003
Epoch 626, Loss: 58.8887
Epoch 627, Loss: 58.8808
Epoch 628, Loss: 58.8729
Epoch 629, Loss: 58.8711
Epoch 630, Loss: 58.9832
Epoch 630, LR: 1e-05
Epoch 631, Loss: 58.9077
Epoch 632, Loss: 58.9086
Epoch 633, Loss: 58.8998
Epoch 634, Loss: 58.9583
Epoch 635, Loss: 58.8546
Epoch 636, Loss: 58.8308
Epoch 637, Loss: 58.8415
Epoch 638, Loss: 58.8818
Epoch 639, Loss: 58.8957
Epoch 640, Loss: 58.9023
Epoch 640, LR: 1e-05
Epoch 641, Loss: 58.8387
Epoch 642, Loss: 58.8739
Epoch 643, Loss: 58.8295
Epoch 644, Loss: 58.8475
Epoch 645, Loss: 58.7906
Epoch 646, Loss: 58.8350
Epoch 647, Loss: 58.8352
Epoch 648, Loss: 58.8207
Epoch 649, Loss: 58.7944
Epoch 650, Loss: 58.8362
Epoch 650, LR: 1e-05
Epoch 651, Loss: 58.7889
Epoch 652, Loss: 58.8125
Epoch 653, Loss: 58.8213
Epoch 654, Loss: 58.8640
Epoch 655, Loss: 58.7962
Epoch 656, Loss: 58.8462
Epoch 657, Loss: 58.8197
Epoch 658, Loss: 58.7453
Epoch 659, Loss: 58.7985
Epoch 660, Loss: 58.7696
Epoch 660, LR: 1e-05
Epoch 661, Loss: 58.8155
Epoch 662, Loss: 58.8004
Epoch 663, Loss: 58.7879
Epoch 664, Loss: 58.8013
Epoch 665, Loss: 58.7441
Epoch 666, Loss: 58.7790
Epoch 667, Loss: 58.7463
Epoch 668, Loss: 58.7043
Epoch 669, Loss: 58.7162
Epoch 670, Loss: 58.7041
Epoch 670, LR: 1e-05
Epoch 671, Loss: 58.7157
Epoch 672, Loss: 58.7100
Epoch 673, Loss: 58.8262
Epoch 674, Loss: 58.7387
Epoch 675, Loss: 58.6826
Epoch 676, Loss: 58.6721
Epoch 677, Loss: 58.6798
Epoch 678, Loss: 58.6756
Epoch 679, Loss: 58.6222
Epoch 680, Loss: 58.7255
Epoch 680, LR: 1e-05
Epoch 681, Loss: 58.7137
Epoch 682, Loss: 58.6792
Epoch 683, Loss: 58.6293
Epoch 684, Loss: 58.6971
Epoch 685, Loss: 58.6141
Epoch 686, Loss: 58.6137
Epoch 687, Loss: 58.5886
Epoch 688, Loss: 58.6480
Epoch 689, Loss: 58.7565
Epoch 690, Loss: 58.7438
Epoch 690, LR: 1e-05
Epoch 691, Loss: 58.5985
Epoch 692, Loss: 58.6030
Epoch 693, Loss: 58.6072
Epoch 694, Loss: 58.5991
Epoch 695, Loss: 58.6531
Epoch 696, Loss: 58.6008
Epoch 697, Loss: 58.6614
Epoch 698, Loss: 58.5966
Epoch 699, Loss: 58.6479
Epoch 700, Loss: 58.6365
Epoch 700, LR: 1e-05
Epoch 701, Loss: 58.6319
Epoch 702, Loss: 58.6092
Epoch 703, Loss: 58.6195
Epoch 704, Loss: 58.5833
Epoch 705, Loss: 58.5478
Epoch 706, Loss: 58.6160
Epoch 707, Loss: 58.5982
Epoch 708, Loss: 58.5498
Epoch 709, Loss: 58.5462
Epoch 710, Loss: 58.4900
Epoch 710, LR: 1e-05
Epoch 711, Loss: 58.5609
Epoch 712, Loss: 58.5648
Epoch 713, Loss: 58.5660
Epoch 714, Loss: 58.5597
Epoch 715, Loss: 58.5707
Epoch 716, Loss: 58.5494
Epoch 717, Loss: 58.5274
Epoch 718, Loss: 58.5337
Epoch 719, Loss: 58.5717
Epoch 720, Loss: 58.5971
Epoch 720, LR: 1e-05
Epoch 721, Loss: 58.5026
Epoch 722, Loss: 58.5313
Epoch 723, Loss: 58.4525
Epoch 724, Loss: 58.4768
Epoch 725, Loss: 58.5373
Epoch 726, Loss: 58.4733
Epoch 727, Loss: 58.5386
Epoch 728, Loss: 58.4870
Epoch 729, Loss: 58.5260
Epoch 730, Loss: 58.4387
Epoch 730, LR: 1e-05
Epoch 731, Loss: 58.4826
Epoch 732, Loss: 58.5031
Epoch 733, Loss: 58.5287
Epoch 734, Loss: 58.4695
Epoch 735, Loss: 58.4513
Epoch 736, Loss: 58.4276
Epoch 737, Loss: 58.4704
Epoch 738, Loss: 58.4633
Epoch 739, Loss: 58.4635
Epoch 740, Loss: 58.3968
Epoch 740, LR: 1e-05
Epoch 741, Loss: 58.4818
Epoch 742, Loss: 58.4444
Epoch 743, Loss: 58.4375
Epoch 744, Loss: 58.4452
Epoch 745, Loss: 58.4971
Epoch 746, Loss: 58.4535
Epoch 747, Loss: 58.4132
Epoch 748, Loss: 58.4939
Epoch 749, Loss: 58.3848
Epoch 750, Loss: 58.4481
Epoch 750, LR: 1e-05
Epoch 751, Loss: 58.4626
Epoch 752, Loss: 58.4111
Epoch 753, Loss: 58.4391
Epoch 754, Loss: 58.4539
Epoch 755, Loss: 58.3799
Epoch 756, Loss: 58.4127
Epoch 757, Loss: 58.3845
Epoch 758, Loss: 58.3529
Epoch 759, Loss: 58.3523
Epoch 760, Loss: 58.3982
Epoch 760, LR: 1e-05
Epoch 761, Loss: 58.3191
Epoch 762, Loss: 58.3892
Epoch 763, Loss: 58.3879
Epoch 764, Loss: 58.3783
Epoch 765, Loss: 58.4178
Epoch 766, Loss: 58.3699
Epoch 767, Loss: 58.4366
Epoch 768, Loss: 58.3495
Epoch 769, Loss: 58.3603
Epoch 770, Loss: 58.2794
Epoch 770, LR: 1e-05
Epoch 771, Loss: 58.2734
Epoch 772, Loss: 58.2946
Epoch 773, Loss: 58.3028
Epoch 774, Loss: 58.3064
Epoch 775, Loss: 58.3586
Epoch 776, Loss: 58.3112
Epoch 777, Loss: 58.3357
Epoch 778, Loss: 58.3769
Epoch 779, Loss: 58.3554
Epoch 780, Loss: 58.2697
Epoch 780, LR: 1e-05
Epoch 781, Loss: 58.2309
Epoch 782, Loss: 58.2890
Epoch 783, Loss: 58.2664
Epoch 784, Loss: 58.2720
Epoch 785, Loss: 58.2432
Epoch 786, Loss: 58.2572
Epoch 787, Loss: 58.3002
Epoch 788, Loss: 58.2337
Epoch 789, Loss: 58.2660
Epoch 790, Loss: 58.3081
Epoch 790, LR: 1e-05
Epoch 791, Loss: 58.3567
Epoch 792, Loss: 58.3338
Epoch 793, Loss: 58.3124
Epoch 794, Loss: 58.2607
Epoch 795, Loss: 58.2292
Epoch 796, Loss: 58.2714
Epoch 797, Loss: 58.3133
Epoch 798, Loss: 58.2667
Epoch 799, Loss: 58.3207
Epoch 800, Loss: 58.2322
Epoch 800, LR: 1e-05
Epoch 801, Loss: 58.1979
Epoch 802, Loss: 58.1714
Epoch 803, Loss: 58.1484
Epoch 804, Loss: 58.2106
Epoch 805, Loss: 58.1721
Epoch 806, Loss: 58.2587
Epoch 807, Loss: 58.2465
Epoch 808, Loss: 58.1421
Epoch 809, Loss: 58.1821
Epoch 810, Loss: 58.1709
Epoch 810, LR: 1e-05
Epoch 811, Loss: 58.2226
Epoch 812, Loss: 58.1942
Epoch 813, Loss: 58.2374
Epoch 814, Loss: 58.1981
Epoch 815, Loss: 58.1214
Epoch 816, Loss: 58.1675
Epoch 817, Loss: 58.1709
Epoch 818, Loss: 58.2361
Epoch 819, Loss: 58.0921
Epoch 820, Loss: 58.1322
Epoch 820, LR: 1e-05
Epoch 821, Loss: 58.2393
Epoch 822, Loss: 58.1598
Epoch 823, Loss: 58.1282
Epoch 824, Loss: 58.1970
Epoch 825, Loss: 58.0668
Epoch 826, Loss: 58.1310
Epoch 827, Loss: 58.1425
Epoch 828, Loss: 58.0970
Epoch 829, Loss: 58.1634
Epoch 830, Loss: 58.0928
Epoch 830, LR: 1e-05
Epoch 831, Loss: 58.1817
Epoch 832, Loss: 58.1442
Epoch 833, Loss: 58.0916
Epoch 834, Loss: 58.1333
Epoch 835, Loss: 58.1072
Epoch 836, Loss: 58.1944
Epoch 837, Loss: 58.0726
Epoch 838, Loss: 58.1345
Epoch 839, Loss: 58.0308
Epoch 840, Loss: 58.0848
Epoch 840, LR: 1e-05
Epoch 841, Loss: 58.1221
Epoch 842, Loss: 58.1089
Epoch 843, Loss: 58.1372
Epoch 844, Loss: 58.0866
Epoch 845, Loss: 58.1408
Epoch 846, Loss: 58.0918
Epoch 847, Loss: 58.0811
Epoch 848, Loss: 58.0736
Epoch 849, Loss: 58.0836
Epoch 850, Loss: 58.0850
Epoch 850, LR: 1e-05
Epoch 851, Loss: 58.1040
Epoch 852, Loss: 58.1029
Epoch 853, Loss: 58.0697
Epoch 854, Loss: 58.0074
Epoch 855, Loss: 58.0970
Epoch 856, Loss: 58.0590
Epoch 857, Loss: 58.0950
Epoch 858, Loss: 58.0854
Epoch 859, Loss: 58.0460
Epoch 860, Loss: 58.0462
Epoch 860, LR: 1e-05
Epoch 861, Loss: 58.0180
Epoch 862, Loss: 58.0468
Epoch 863, Loss: 58.0297
Epoch 864, Loss: 58.0956
Epoch 865, Loss: 58.0754
Epoch 866, Loss: 57.9511
Epoch 867, Loss: 57.9663
Epoch 868, Loss: 57.9950
Epoch 869, Loss: 57.9678
Epoch 870, Loss: 58.0060
Epoch 870, LR: 1e-05
Epoch 871, Loss: 58.0260
Epoch 872, Loss: 57.9827
Epoch 873, Loss: 57.9792
Epoch 874, Loss: 58.0410
Epoch 875, Loss: 57.9487
Epoch 876, Loss: 57.9692
Epoch 877, Loss: 58.0023
Epoch 878, Loss: 57.9790
Epoch 879, Loss: 57.9182
Epoch 880, Loss: 57.9656
Epoch 880, LR: 1e-05
Epoch 881, Loss: 57.9606
Epoch 882, Loss: 58.0802
Epoch 883, Loss: 57.9629
Epoch 884, Loss: 58.0889
Epoch 885, Loss: 57.9485
Epoch 886, Loss: 57.9135
Epoch 887, Loss: 57.9404
Epoch 888, Loss: 57.9218
Epoch 889, Loss: 57.9651
Epoch 890, Loss: 57.9676
Epoch 890, LR: 1e-05
Epoch 891, Loss: 57.9310
Epoch 892, Loss: 57.9722
Epoch 893, Loss: 57.8619
Epoch 894, Loss: 57.9619
Epoch 895, Loss: 57.9322
Epoch 896, Loss: 57.9381
Epoch 897, Loss: 57.9028
Epoch 898, Loss: 57.8604
Epoch 899, Loss: 57.9301
Epoch 900, Loss: 57.9017
Epoch 900, LR: 1e-05
Epoch 901, Loss: 57.8546
Epoch 902, Loss: 57.9496
Epoch 903, Loss: 57.9009
Epoch 904, Loss: 57.8756
Epoch 905, Loss: 57.8987
Epoch 906, Loss: 57.8856
Epoch 907, Loss: 57.8695
Epoch 908, Loss: 57.8939
Epoch 909, Loss: 57.8641
Epoch 910, Loss: 57.8321
Epoch 910, LR: 1e-05
Epoch 911, Loss: 57.8293
Epoch 912, Loss: 58.0181
Epoch 913, Loss: 57.8935
Epoch 914, Loss: 57.8741
Epoch 915, Loss: 58.0113
Epoch 916, Loss: 57.8863
Epoch 917, Loss: 57.8326
Epoch 918, Loss: 57.8562
Epoch 919, Loss: 57.8237
Epoch 920, Loss: 57.8684
Epoch 920, LR: 1e-05
Epoch 921, Loss: 57.8968
Epoch 922, Loss: 57.8607
Epoch 923, Loss: 57.8532
Epoch 924, Loss: 57.8547
Epoch 925, Loss: 57.8661
Epoch 926, Loss: 57.7305
Epoch 927, Loss: 57.7946
Epoch 928, Loss: 57.8412
Epoch 929, Loss: 57.7605
Epoch 930, Loss: 57.8678
Epoch 930, LR: 1e-05
Epoch 931, Loss: 57.7642
Epoch 932, Loss: 57.8653
Epoch 933, Loss: 57.7808
Epoch 934, Loss: 57.7525
Epoch 935, Loss: 57.8487
Epoch 936, Loss: 57.7748
Epoch 937, Loss: 57.8378
Epoch 938, Loss: 57.8156
Epoch 939, Loss: 57.7755
Epoch 940, Loss: 57.8460
Epoch 940, LR: 1e-05
Epoch 941, Loss: 57.7142
Epoch 942, Loss: 57.8144
Epoch 943, Loss: 57.8020
Epoch 944, Loss: 57.8089
Epoch 945, Loss: 57.7314
Epoch 946, Loss: 57.7864
Epoch 947, Loss: 57.7559
Epoch 948, Loss: 57.8060
Epoch 949, Loss: 57.7752
Epoch 950, Loss: 57.8133
Epoch 950, LR: 1e-05
Epoch 951, Loss: 57.7557
Epoch 952, Loss: 57.7203
Epoch 953, Loss: 57.7932
Epoch 954, Loss: 57.6866
Epoch 955, Loss: 57.7564
Epoch 956, Loss: 57.7363
Epoch 957, Loss: 57.8300
Epoch 958, Loss: 57.7255
Epoch 959, Loss: 57.8107
Epoch 960, Loss: 57.7632
Epoch 960, LR: 1e-05
Epoch 961, Loss: 57.6971
Epoch 962, Loss: 57.8125
Epoch 963, Loss: 57.8227
Epoch 964, Loss: 57.7559
Epoch 965, Loss: 57.7387
Epoch 966, Loss: 57.7253
Epoch 967, Loss: 57.7336
Epoch 968, Loss: 57.7729
Epoch 969, Loss: 57.6965
Epoch 970, Loss: 57.7129
Epoch 970, LR: 1e-05
Epoch 971, Loss: 57.7360
Epoch 972, Loss: 57.7406
Epoch 973, Loss: 57.8088
Epoch 974, Loss: 57.7819
Epoch 975, Loss: 57.6733
Epoch 976, Loss: 57.7351
Epoch 977, Loss: 57.7018
Epoch 978, Loss: 57.6834
Epoch 979, Loss: 57.7510
Epoch 980, Loss: 57.7291
Epoch 980, LR: 1e-05
Epoch 981, Loss: 57.7359
Epoch 982, Loss: 57.7501
Epoch 983, Loss: 57.6595
Epoch 984, Loss: 57.7156
Epoch 985, Loss: 57.7335
Epoch 986, Loss: 57.7205
Epoch 987, Loss: 57.6006
Epoch 988, Loss: 57.6675
Epoch 989, Loss: 57.7052
Epoch 990, Loss: 57.6158
Epoch 990, LR: 1e-05
Epoch 991, Loss: 57.7183
Epoch 992, Loss: 57.7443
Epoch 993, Loss: 57.6385
Epoch 994, Loss: 57.6780
Epoch 995, Loss: 57.6864
Epoch 996, Loss: 57.6751
Epoch 997, Loss: 57.6419
Epoch 998, Loss: 57.5888
Epoch 999, Loss: 57.6636
Epoch 1000, Loss: 57.6378
Epoch 1000, LR: 1.0000000000000002e-06
Epoch 1001, Loss: 57.4892
Epoch 1002, Loss: 57.4623
Epoch 1003, Loss: 57.4634
Epoch 1004, Loss: 57.4746
Epoch 1005, Loss: 57.4439
Epoch 1006, Loss: 57.4712
Epoch 1007, Loss: 57.4791
Epoch 1008, Loss: 57.4790
Epoch 1009, Loss: 57.4359
Epoch 1010, Loss: 57.4086
Epoch 1010, LR: 1.0000000000000002e-06
Epoch 1011, Loss: 57.5045
Epoch 1012, Loss: 57.4587
Epoch 1013, Loss: 57.4930
Epoch 1014, Loss: 57.4466
Epoch 1015, Loss: 57.3874
Epoch 1016, Loss: 57.4105
Epoch 1017, Loss: 57.4312
Epoch 1018, Loss: 57.4231
Epoch 1019, Loss: 57.5056
Epoch 1020, Loss: 57.4504
Epoch 1020, LR: 1.0000000000000002e-06
Epoch 1021, Loss: 57.4498
Epoch 1022, Loss: 57.4260
Epoch 1023, Loss: 57.3897
Epoch 1024, Loss: 57.4658
Epoch 1025, Loss: 57.4142
Epoch 1026, Loss: 57.4447
Epoch 1027, Loss: 57.4411
Epoch 1028, Loss: 57.3836
Epoch 1029, Loss: 57.4333
Epoch 1030, Loss: 57.4183
Epoch 1030, LR: 1.0000000000000002e-06
Epoch 1031, Loss: 57.3739
Epoch 1032, Loss: 57.3635
Epoch 1033, Loss: 57.3861
Epoch 1034, Loss: 57.4002
Epoch 1035, Loss: 57.3278
Epoch 1036, Loss: 57.3827
Epoch 1037, Loss: 57.3793
Epoch 1038, Loss: 57.4043
Epoch 1039, Loss: 57.3734
Epoch 1040, Loss: 57.4856
Epoch 1040, LR: 1.0000000000000002e-06
Epoch 1041, Loss: 57.4939
Epoch 1042, Loss: 57.4686
Epoch 1043, Loss: 57.4553
Epoch 1044, Loss: 57.4138
Epoch 1045, Loss: 57.3308
Epoch 1046, Loss: 57.4342
Epoch 1047, Loss: 57.3823
Epoch 1048, Loss: 57.3842
Epoch 1049, Loss: 57.4606
Epoch 1050, Loss: 57.3799
Epoch 1050, LR: 1.0000000000000002e-06
Epoch 1051, Loss: 57.3473
Epoch 1052, Loss: 57.4011
Epoch 1053, Loss: 57.3747
Epoch 1054, Loss: 57.4847
Epoch 1055, Loss: 57.4885
Epoch 1056, Loss: 57.3905
Epoch 1057, Loss: 57.3727
Epoch 1058, Loss: 57.3663
Epoch 1059, Loss: 57.3522
Epoch 1060, Loss: 57.4202
Epoch 1060, LR: 1.0000000000000002e-06
Epoch 1061, Loss: 57.4660
Epoch 1062, Loss: 57.3282
Epoch 1063, Loss: 57.3045
Epoch 1064, Loss: 57.3877
Epoch 1065, Loss: 57.3131
Epoch 1066, Loss: 57.3424
Epoch 1067, Loss: 57.4014
Epoch 1068, Loss: 57.3561
Epoch 1069, Loss: 57.3673
Epoch 1070, Loss: 57.4044
Epoch 1070, LR: 1.0000000000000002e-06
Epoch 1071, Loss: 57.3938
Epoch 1072, Loss: 57.4852
Epoch 1073, Loss: 57.4127
Epoch 1074, Loss: 57.4307
Epoch 1075, Loss: 57.3564
Epoch 1076, Loss: 57.3761
Epoch 1077, Loss: 57.2987
Epoch 1078, Loss: 57.4203
Epoch 1079, Loss: 57.3930
Epoch 1080, Loss: 57.3620
Epoch 1080, LR: 1.0000000000000002e-06
Epoch 1081, Loss: 57.3105
Epoch 1082, Loss: 57.3783
Epoch 1083, Loss: 57.3875
Epoch 1084, Loss: 57.4315
Epoch 1085, Loss: 57.3598
Epoch 1086, Loss: 57.3381
Epoch 1087, Loss: 57.3945
Epoch 1088, Loss: 57.3259
Epoch 1089, Loss: 57.3917
Epoch 1090, Loss: 57.4296
Epoch 1090, LR: 1.0000000000000002e-06
Epoch 1091, Loss: 57.3444
Epoch 1092, Loss: 57.3732
Epoch 1093, Loss: 57.3483
Epoch 1094, Loss: 57.2789
Epoch 1095, Loss: 57.3411
Epoch 1096, Loss: 57.3338
Epoch 1097, Loss: 57.4161
Epoch 1098, Loss: 57.3752
Epoch 1099, Loss: 57.4102
Epoch 1100, Loss: 57.3434
Epoch 1100, LR: 1.0000000000000002e-06
Epoch 1101, Loss: 57.3637
Epoch 1102, Loss: 57.3826
Epoch 1103, Loss: 57.2909
Epoch 1104, Loss: 57.3179
Epoch 1105, Loss: 57.3691
Epoch 1106, Loss: 57.3946
Epoch 1107, Loss: 57.3591
Epoch 1108, Loss: 57.3802
Epoch 1109, Loss: 57.3168
Epoch 1110, Loss: 57.3978
Epoch 1110, LR: 1.0000000000000002e-06
Epoch 1111, Loss: 57.3697
Epoch 1112, Loss: 57.4091
Epoch 1113, Loss: 57.3004
Epoch 1114, Loss: 57.3303
Epoch 1115, Loss: 57.3161
Epoch 1116, Loss: 57.3675
Epoch 1117, Loss: 57.4262
Epoch 1118, Loss: 57.3584
Epoch 1119, Loss: 57.3235
Epoch 1120, Loss: 57.4505
Epoch 1120, LR: 1.0000000000000002e-06
Epoch 1121, Loss: 57.3805
Epoch 1122, Loss: 57.3755
Epoch 1123, Loss: 57.3765
Epoch 1124, Loss: 57.3610
Epoch 1125, Loss: 57.3279
Epoch 1126, Loss: 57.3293
Epoch 1127, Loss: 57.2682
Epoch 1128, Loss: 57.3819
Epoch 1129, Loss: 57.3734
Epoch 1130, Loss: 57.3829
Epoch 1130, LR: 1.0000000000000002e-06
Epoch 1131, Loss: 57.3190
Epoch 1132, Loss: 57.3434
Epoch 1133, Loss: 57.3242
Epoch 1134, Loss: 57.3524
Epoch 1135, Loss: 57.3290
Epoch 1136, Loss: 57.3438
Epoch 1137, Loss: 57.3565
Epoch 1138, Loss: 57.3101
Epoch 1139, Loss: 57.2870
Epoch 1140, Loss: 57.2712
Epoch 1140, LR: 1.0000000000000002e-06
Epoch 1141, Loss: 57.2866
Epoch 1142, Loss: 57.3595
Epoch 1143, Loss: 57.3696
Epoch 1144, Loss: 57.3623
Epoch 1145, Loss: 57.3238
Epoch 1146, Loss: 57.3830
Epoch 1147, Loss: 57.3104
Epoch 1148, Loss: 57.3906
Epoch 1149, Loss: 57.3577
Epoch 1150, Loss: 57.3839
Epoch 1150, LR: 1.0000000000000002e-06
Epoch 1151, Loss: 57.3345
Epoch 1152, Loss: 57.3670
Epoch 1153, Loss: 57.3309
Epoch 1154, Loss: 57.3121
Epoch 1155, Loss: 57.3141
Epoch 1156, Loss: 57.2881
Epoch 1157, Loss: 57.3477
Epoch 1158, Loss: 57.3063
Epoch 1159, Loss: 57.3144
Epoch 1160, Loss: 57.3246
Epoch 1160, LR: 1.0000000000000002e-06
Epoch 1161, Loss: 57.3423
Epoch 1162, Loss: 57.2454
Epoch 1163, Loss: 57.3643
Epoch 1164, Loss: 57.3512
Epoch 1165, Loss: 57.3002
Epoch 1166, Loss: 57.3138
Epoch 1167, Loss: 57.3287
Epoch 1168, Loss: 57.3817
Epoch 1169, Loss: 57.3678
Epoch 1170, Loss: 57.3534
Epoch 1170, LR: 1.0000000000000002e-06
Epoch 1171, Loss: 57.2971
Epoch 1172, Loss: 57.2976
Epoch 1173, Loss: 57.3279
Epoch 1174, Loss: 57.2961
Epoch 1175, Loss: 57.3473
Epoch 1176, Loss: 57.3258
Epoch 1177, Loss: 57.2755
Epoch 1178, Loss: 57.3587
Epoch 1179, Loss: 57.2979
Epoch 1180, Loss: 57.2649
Epoch 1180, LR: 1.0000000000000002e-06
Epoch 1181, Loss: 57.3706
Epoch 1182, Loss: 57.2964
Epoch 1183, Loss: 57.3290
Epoch 1184, Loss: 57.2941
Epoch 1185, Loss: 57.3043
Epoch 1186, Loss: 57.2949
Epoch 1187, Loss: 57.4053
Epoch 1188, Loss: 57.2772
Epoch 1189, Loss: 57.2960
Epoch 1190, Loss: 57.3154
Epoch 1190, LR: 1.0000000000000002e-06
Epoch 1191, Loss: 57.2755
Epoch 1192, Loss: 57.2617
Epoch 1193, Loss: 57.2937
Epoch 1194, Loss: 57.3656
Epoch 1195, Loss: 57.3963
Epoch 1196, Loss: 57.3421
Epoch 1197, Loss: 57.3043
Epoch 1198, Loss: 57.3533
Epoch 1199, Loss: 57.2582
Epoch 1200, Loss: 57.3090
Epoch 1200, LR: 1.0000000000000002e-06
Epoch 1201, Loss: 57.3134
Epoch 1202, Loss: 57.2950
Epoch 1203, Loss: 57.3329
Epoch 1204, Loss: 57.3082
Epoch 1205, Loss: 57.3293
Epoch 1206, Loss: 57.3731
Epoch 1207, Loss: 57.3220
Epoch 1208, Loss: 57.2774
Epoch 1209, Loss: 57.3385
Epoch 1210, Loss: 57.3258
Epoch 1210, LR: 1.0000000000000002e-06
Epoch 1211, Loss: 57.3476
Epoch 1212, Loss: 57.3178
Epoch 1213, Loss: 57.3062
Epoch 1214, Loss: 57.3126
Epoch 1215, Loss: 57.3446
Epoch 1216, Loss: 57.3510
Epoch 1217, Loss: 57.2846
Epoch 1218, Loss: 57.3242
Epoch 1219, Loss: 57.3348
Epoch 1220, Loss: 57.3428
Epoch 1220, LR: 1.0000000000000002e-06
Epoch 1221, Loss: 57.2918
Epoch 1222, Loss: 57.2746
Epoch 1223, Loss: 57.3413
Epoch 1224, Loss: 57.2777
Epoch 1225, Loss: 57.2661
Epoch 1226, Loss: 57.2969
Epoch 1227, Loss: 57.3640
Epoch 1228, Loss: 57.3098
Epoch 1229, Loss: 57.2461
Epoch 1230, Loss: 57.3567
Epoch 1230, LR: 1.0000000000000002e-06
Epoch 1231, Loss: 57.2985
Epoch 1232, Loss: 57.3207
Epoch 1233, Loss: 57.2771
Epoch 1234, Loss: 57.3015
Epoch 1235, Loss: 57.3336
Epoch 1236, Loss: 57.3243
Epoch 1237, Loss: 57.2560
Epoch 1238, Loss: 57.3321
Epoch 1239, Loss: 57.3102
Epoch 1240, Loss: 57.2764
Epoch 1240, LR: 1.0000000000000002e-06
Epoch 1241, Loss: 57.2454
Epoch 1242, Loss: 57.3445
Epoch 1243, Loss: 57.3435
Epoch 1244, Loss: 57.2840
Epoch 1245, Loss: 57.3226
Epoch 1246, Loss: 57.2597
Epoch 1247, Loss: 57.2542
Epoch 1248, Loss: 57.3239
Epoch 1249, Loss: 57.2661
Epoch 1250, Loss: 57.2401
Epoch 1250, LR: 1.0000000000000002e-06
Epoch 1251, Loss: 57.3052
Epoch 1252, Loss: 57.2114
Epoch 1253, Loss: 57.2766
Epoch 1254, Loss: 57.3094
Epoch 1255, Loss: 57.2910
Epoch 1256, Loss: 57.2910
Epoch 1257, Loss: 57.2762
Epoch 1258, Loss: 57.2357
Epoch 1259, Loss: 57.2913
Epoch 1260, Loss: 57.2725
Epoch 1260, LR: 1.0000000000000002e-06
Epoch 1261, Loss: 57.3177
Epoch 1262, Loss: 57.3107
Epoch 1263, Loss: 57.2588
Epoch 1264, Loss: 57.2895
Epoch 1265, Loss: 57.2015
Epoch 1266, Loss: 57.2853
Epoch 1267, Loss: 57.2419
Epoch 1268, Loss: 57.2835
Epoch 1269, Loss: 57.2877
Epoch 1270, Loss: 57.2736
Epoch 1270, LR: 1.0000000000000002e-06
Epoch 1271, Loss: 57.3207
Epoch 1272, Loss: 57.3016
Epoch 1273, Loss: 57.3367
Epoch 1274, Loss: 57.3469
Epoch 1275, Loss: 57.3212
Epoch 1276, Loss: 57.3269
Epoch 1277, Loss: 57.2601
Epoch 1278, Loss: 57.2705
Epoch 1279, Loss: 57.2758
Epoch 1280, Loss: 57.3253
Epoch 1280, LR: 1.0000000000000002e-06
Epoch 1281, Loss: 57.2648
Epoch 1282, Loss: 57.2775
Epoch 1283, Loss: 57.2681
Epoch 1284, Loss: 57.2480
Epoch 1285, Loss: 57.2521
Epoch 1286, Loss: 57.3286
Epoch 1287, Loss: 57.3406
Epoch 1288, Loss: 57.3139
Epoch 1289, Loss: 57.2972
Epoch 1290, Loss: 57.2983
Epoch 1290, LR: 1.0000000000000002e-06
Epoch 1291, Loss: 57.3189
Epoch 1292, Loss: 57.2324
Epoch 1293, Loss: 57.2333
Epoch 1294, Loss: 57.2798
Epoch 1295, Loss: 57.2674
Epoch 1296, Loss: 57.2350
Epoch 1297, Loss: 57.2425
Epoch 1298, Loss: 57.2836
Epoch 1299, Loss: 57.3031
Epoch 1300, Loss: 57.3008
Epoch 1300, LR: 1.0000000000000002e-06
Epoch 1301, Loss: 57.2558
Epoch 1302, Loss: 57.2659
Epoch 1303, Loss: 57.2206
Epoch 1304, Loss: 57.3246
Epoch 1305, Loss: 57.3425
Epoch 1306, Loss: 57.2679
Epoch 1307, Loss: 57.2639
Epoch 1308, Loss: 57.2894
Epoch 1309, Loss: 57.2231
Epoch 1310, Loss: 57.2505
Epoch 1310, LR: 1.0000000000000002e-06
Epoch 1311, Loss: 57.2581
Epoch 1312, Loss: 57.2476
Epoch 1313, Loss: 57.2795
Epoch 1314, Loss: 57.2697
Epoch 1315, Loss: 57.2886
Epoch 1316, Loss: 57.3477
Epoch 1317, Loss: 57.2223
Epoch 1318, Loss: 57.2759
Epoch 1319, Loss: 57.2667
Epoch 1320, Loss: 57.2897
Epoch 1320, LR: 1.0000000000000002e-06
Epoch 1321, Loss: 57.2381
Epoch 1322, Loss: 57.2422
Epoch 1323, Loss: 57.2309
Epoch 1324, Loss: 57.2972
Epoch 1325, Loss: 57.2361
Epoch 1326, Loss: 57.2434
Epoch 1327, Loss: 57.2609
Epoch 1328, Loss: 57.2588
Epoch 1329, Loss: 57.2538
Epoch 1330, Loss: 57.2771
Epoch 1330, LR: 1.0000000000000002e-06
Epoch 1331, Loss: 57.2243
Epoch 1332, Loss: 57.2192
Epoch 1333, Loss: 57.2233
Epoch 1334, Loss: 57.2597
Epoch 1335, Loss: 57.3312
Epoch 1336, Loss: 57.2846
Epoch 1337, Loss: 57.2667
Epoch 1338, Loss: 57.1900
Epoch 1339, Loss: 57.3054
Epoch 1340, Loss: 57.2978
Epoch 1340, LR: 1.0000000000000002e-06
Epoch 1341, Loss: 57.2391
Epoch 1342, Loss: 57.2599
Epoch 1343, Loss: 57.2679
Epoch 1344, Loss: 57.3107
Epoch 1345, Loss: 57.2789
Epoch 1346, Loss: 57.2525
Epoch 1347, Loss: 57.3000
Epoch 1348, Loss: 57.2582
Epoch 1349, Loss: 57.2312
Epoch 1350, Loss: 57.2621
Epoch 1350, LR: 1.0000000000000002e-06
Epoch 1351, Loss: 57.2342
Epoch 1352, Loss: 57.2271
Epoch 1353, Loss: 57.2588
Epoch 1354, Loss: 57.2689
Epoch 1355, Loss: 57.3003
Epoch 1356, Loss: 57.2009
Epoch 1357, Loss: 57.2214
Epoch 1358, Loss: 57.2397
Epoch 1359, Loss: 57.2180
Epoch 1360, Loss: 57.2206
Epoch 1360, LR: 1.0000000000000002e-06
Epoch 1361, Loss: 57.2761
Epoch 1362, Loss: 57.2881
Epoch 1363, Loss: 57.3187
Epoch 1364, Loss: 57.2055
Epoch 1365, Loss: 57.2508
Epoch 1366, Loss: 57.2169
Epoch 1367, Loss: 57.2097
Epoch 1368, Loss: 57.2593
Epoch 1369, Loss: 57.2113
Epoch 1370, Loss: 57.1546
Epoch 1370, LR: 1.0000000000000002e-06
Epoch 1371, Loss: 57.1890
Epoch 1372, Loss: 57.2745
Epoch 1373, Loss: 57.2361
Epoch 1374, Loss: 57.2182
Epoch 1375, Loss: 57.2582
Epoch 1376, Loss: 57.2504
Epoch 1377, Loss: 57.2576
Epoch 1378, Loss: 57.2277
Epoch 1379, Loss: 57.2744
Epoch 1380, Loss: 57.2087
Epoch 1380, LR: 1.0000000000000002e-06
Epoch 1381, Loss: 57.2016
Epoch 1382, Loss: 57.2545
Epoch 1383, Loss: 57.2567
Epoch 1384, Loss: 57.3209
Epoch 1385, Loss: 57.2701
Epoch 1386, Loss: 57.1915
Epoch 1387, Loss: 57.2033
Epoch 1388, Loss: 57.3079
Epoch 1389, Loss: 57.2180
Epoch 1390, Loss: 57.2633
Epoch 1390, LR: 1.0000000000000002e-06
Epoch 1391, Loss: 57.3010
Epoch 1392, Loss: 57.2351
Epoch 1393, Loss: 57.2416
Epoch 1394, Loss: 57.1684
Epoch 1395, Loss: 57.2717
Epoch 1396, Loss: 57.1820
Epoch 1397, Loss: 57.1779
Epoch 1398, Loss: 57.2360
Epoch 1399, Loss: 57.2921
Epoch 1400, Loss: 57.2307
Epoch 1400, LR: 1.0000000000000002e-06
Epoch 1401, Loss: 57.2733
Epoch 1402, Loss: 57.2355
Epoch 1403, Loss: 57.1695
Epoch 1404, Loss: 57.2751
Epoch 1405, Loss: 57.2074
Epoch 1406, Loss: 57.2550
Epoch 1407, Loss: 57.2230
Epoch 1408, Loss: 57.2497
Epoch 1409, Loss: 57.1829
Epoch 1410, Loss: 57.2263
Epoch 1410, LR: 1.0000000000000002e-06
Epoch 1411, Loss: 57.2274
Epoch 1412, Loss: 57.2579
Epoch 1413, Loss: 57.2396
Epoch 1414, Loss: 57.2574
Epoch 1415, Loss: 57.2392
Epoch 1416, Loss: 57.1738
Epoch 1417, Loss: 57.1923
Epoch 1418, Loss: 57.2090
Epoch 1419, Loss: 57.2274
Epoch 1420, Loss: 57.2263
Epoch 1420, LR: 1.0000000000000002e-06
Epoch 1421, Loss: 57.2048
Epoch 1422, Loss: 57.1923
Epoch 1423, Loss: 57.2660
Epoch 1424, Loss: 57.2214
Epoch 1425, Loss: 57.1976
Epoch 1426, Loss: 57.1660
Epoch 1427, Loss: 57.2086
Epoch 1428, Loss: 57.1835
Epoch 1429, Loss: 57.1955
Epoch 1430, Loss: 57.2597
Epoch 1430, LR: 1.0000000000000002e-06
Epoch 1431, Loss: 57.2553
Epoch 1432, Loss: 57.1786
Epoch 1433, Loss: 57.2550
Epoch 1434, Loss: 57.2714
Epoch 1435, Loss: 57.2377
Epoch 1436, Loss: 57.1482
Epoch 1437, Loss: 57.2209
Epoch 1438, Loss: 57.2296
Epoch 1439, Loss: 57.2669
Epoch 1440, Loss: 57.1754
Epoch 1440, LR: 1.0000000000000002e-06
Epoch 1441, Loss: 57.1959
Epoch 1442, Loss: 57.2416
Epoch 1443, Loss: 57.2290
Epoch 1444, Loss: 57.2545
Epoch 1445, Loss: 57.2394
Epoch 1446, Loss: 57.2313
Epoch 1447, Loss: 57.2681
Epoch 1448, Loss: 57.2343
Epoch 1449, Loss: 57.1853
Epoch 1450, Loss: 57.1753
Epoch 1450, LR: 1.0000000000000002e-06
Epoch 1451, Loss: 57.2131
Epoch 1452, Loss: 57.1990
Epoch 1453, Loss: 57.1364
Epoch 1454, Loss: 57.2273
Epoch 1455, Loss: 57.2683
Epoch 1456, Loss: 57.1749
Epoch 1457, Loss: 57.2223
Epoch 1458, Loss: 57.2025
Epoch 1459, Loss: 57.2173
Epoch 1460, Loss: 57.1876
Epoch 1460, LR: 1.0000000000000002e-06
Epoch 1461, Loss: 57.1374
Epoch 1462, Loss: 57.2054
Epoch 1463, Loss: 57.3008
Epoch 1464, Loss: 57.1927
Epoch 1465, Loss: 57.2186
Epoch 1466, Loss: 57.2577
Epoch 1467, Loss: 57.2138
Epoch 1468, Loss: 57.2576
Epoch 1469, Loss: 57.1500
Epoch 1470, Loss: 57.2250
Epoch 1470, LR: 1.0000000000000002e-06
Epoch 1471, Loss: 57.2871
Epoch 1472, Loss: 57.1972
Epoch 1473, Loss: 57.2401
Epoch 1474, Loss: 57.2084
Epoch 1475, Loss: 57.2117
Epoch 1476, Loss: 57.3065
Epoch 1477, Loss: 57.2277
Epoch 1478, Loss: 57.2286
Epoch 1479, Loss: 57.2531
Epoch 1480, Loss: 57.1738
Epoch 1480, LR: 1.0000000000000002e-06
Epoch 1481, Loss: 57.2401
Epoch 1482, Loss: 57.1399
Epoch 1483, Loss: 57.2355
Epoch 1484, Loss: 57.1778
Epoch 1485, Loss: 57.1672
Epoch 1486, Loss: 57.2318
Epoch 1487, Loss: 57.2291
Epoch 1488, Loss: 57.2682
Epoch 1489, Loss: 57.2416
Epoch 1490, Loss: 57.2110
Epoch 1490, LR: 1.0000000000000002e-06
Epoch 1491, Loss: 57.2490
Epoch 1492, Loss: 57.1869
Epoch 1493, Loss: 57.1636
Epoch 1494, Loss: 57.2548
Epoch 1495, Loss: 57.2482
Epoch 1496, Loss: 57.2039
Epoch 1497, Loss: 57.2002
Epoch 1498, Loss: 57.2152
Epoch 1499, Loss: 57.1917
Epoch 1500, Loss: 57.2036
Epoch 1500, LR: 1.0000000000000002e-07
Epoch 1501, Loss: 57.1891
Epoch 1502, Loss: 57.2438
Epoch 1503, Loss: 57.1371
Epoch 1504, Loss: 57.2088
Epoch 1505, Loss: 57.2024
Epoch 1506, Loss: 57.1962
Epoch 1507, Loss: 57.1851
Epoch 1508, Loss: 57.1833
Epoch 1509, Loss: 57.1441
Epoch 1510, Loss: 57.1707
Epoch 1510, LR: 1.0000000000000002e-07
Epoch 1511, Loss: 57.1381
Epoch 1512, Loss: 57.1806
Epoch 1513, Loss: 57.2353
Epoch 1514, Loss: 57.1689
Epoch 1515, Loss: 57.1404
Epoch 1516, Loss: 57.2084
Epoch 1517, Loss: 57.1557
Epoch 1518, Loss: 57.1787
Epoch 1519, Loss: 57.1061
Epoch 1520, Loss: 57.1731
Epoch 1520, LR: 1.0000000000000002e-07
Epoch 1521, Loss: 57.1493
Epoch 1522, Loss: 57.1551
Epoch 1523, Loss: 57.1452
Epoch 1524, Loss: 57.2066
Epoch 1525, Loss: 57.1305
Epoch 1526, Loss: 57.1885
Epoch 1527, Loss: 57.2121
Epoch 1528, Loss: 57.1686
Epoch 1529, Loss: 57.1846
Epoch 1530, Loss: 57.2153
Epoch 1530, LR: 1.0000000000000002e-07
Epoch 1531, Loss: 57.1944
Epoch 1532, Loss: 57.1432
Epoch 1533, Loss: 57.1570
Epoch 1534, Loss: 57.1724
Epoch 1535, Loss: 57.2445
Epoch 1536, Loss: 57.2032
Epoch 1537, Loss: 57.1821
Epoch 1538, Loss: 57.1769
Epoch 1539, Loss: 57.2173
Epoch 1540, Loss: 57.1809
Epoch 1540, LR: 1.0000000000000002e-07
Epoch 1541, Loss: 57.1691
Epoch 1542, Loss: 57.2090
Epoch 1543, Loss: 57.1883
Epoch 1544, Loss: 57.1606
Epoch 1545, Loss: 57.2336
Epoch 1546, Loss: 57.1861
Epoch 1547, Loss: 57.2080
Epoch 1548, Loss: 57.2185
Epoch 1549, Loss: 57.1769
Epoch 1550, Loss: 57.2240
Epoch 1550, LR: 1.0000000000000002e-07
Epoch 1551, Loss: 57.1357
Epoch 1552, Loss: 57.2252
Epoch 1553, Loss: 57.2381
Epoch 1554, Loss: 57.2271
Epoch 1555, Loss: 57.1870
Epoch 1556, Loss: 57.2392
Epoch 1557, Loss: 57.1432
Epoch 1558, Loss: 57.1716
Epoch 1559, Loss: 57.1378
Epoch 1560, Loss: 57.1979
Epoch 1560, LR: 1.0000000000000002e-07
Epoch 1561, Loss: 57.1390
Epoch 1562, Loss: 57.2678
Epoch 1563, Loss: 57.1827
Epoch 1564, Loss: 57.2246
Epoch 1565, Loss: 57.2519
Epoch 1566, Loss: 57.1739
Epoch 1567, Loss: 57.2093
Epoch 1568, Loss: 57.1828
Epoch 1569, Loss: 57.2002
Epoch 1570, Loss: 57.2062
Epoch 1570, LR: 1.0000000000000002e-07
Epoch 1571, Loss: 57.1988
Epoch 1572, Loss: 57.1885
Epoch 1573, Loss: 57.2170
Epoch 1574, Loss: 57.1605
Epoch 1575, Loss: 57.2436
Epoch 1576, Loss: 57.2303
Epoch 1577, Loss: 57.2585
Epoch 1578, Loss: 57.1838
Epoch 1579, Loss: 57.2343
Epoch 1580, Loss: 57.1746
Epoch 1580, LR: 1.0000000000000002e-07
Epoch 1581, Loss: 57.2115
Epoch 1582, Loss: 57.2411
Epoch 1583, Loss: 57.1832
Epoch 1584, Loss: 57.1495
Epoch 1585, Loss: 57.1606
Epoch 1586, Loss: 57.1787
Epoch 1587, Loss: 57.1224
Epoch 1588, Loss: 57.1166
Epoch 1589, Loss: 57.1948
Epoch 1590, Loss: 57.2005
Epoch 1590, LR: 1.0000000000000002e-07
Epoch 1591, Loss: 57.1775
Epoch 1592, Loss: 57.2023
Epoch 1593, Loss: 57.1794
Epoch 1594, Loss: 57.2665
Epoch 1595, Loss: 57.1360
Epoch 1596, Loss: 57.2175
Epoch 1597, Loss: 57.1958
Epoch 1598, Loss: 57.1529
Epoch 1599, Loss: 57.1973
Epoch 1600, Loss: 57.1864
Epoch 1600, LR: 1.0000000000000002e-07
Epoch 1601, Loss: 57.1721
Epoch 1602, Loss: 57.1679
Epoch 1603, Loss: 57.1611
Epoch 1604, Loss: 57.2077
Epoch 1605, Loss: 57.1459
Epoch 1606, Loss: 57.1531
Epoch 1607, Loss: 57.2084
Epoch 1608, Loss: 57.1742
Epoch 1609, Loss: 57.1593
Epoch 1610, Loss: 57.1692
Epoch 1610, LR: 1.0000000000000002e-07
Epoch 1611, Loss: 57.1849
Epoch 1612, Loss: 57.1837
Epoch 1613, Loss: 57.2527
Epoch 1614, Loss: 57.2003
Epoch 1615, Loss: 57.2277
Epoch 1616, Loss: 57.1651
Epoch 1617, Loss: 57.1727
Epoch 1618, Loss: 57.2213
Epoch 1619, Loss: 57.2134
Epoch 1620, Loss: 57.1545
Epoch 1620, LR: 1.0000000000000002e-07
Epoch 1621, Loss: 57.2089
Epoch 1622, Loss: 57.1768
Epoch 1623, Loss: 57.1891
Epoch 1624, Loss: 57.1420
Epoch 1625, Loss: 57.2521
Epoch 1626, Loss: 57.1967
Epoch 1627, Loss: 57.1588
Epoch 1628, Loss: 57.1611
Epoch 1629, Loss: 57.1195
Epoch 1630, Loss: 57.1882
Epoch 1630, LR: 1.0000000000000002e-07
Epoch 1631, Loss: 57.0985
Epoch 1632, Loss: 57.1827
Epoch 1633, Loss: 57.1943
Epoch 1634, Loss: 57.2439
Epoch 1635, Loss: 57.2412
Epoch 1636, Loss: 57.1900
Epoch 1637, Loss: 57.1818
Epoch 1638, Loss: 57.2270
Epoch 1639, Loss: 57.1803
Epoch 1640, Loss: 57.1848
Epoch 1640, LR: 1.0000000000000002e-07
Epoch 1641, Loss: 57.1983
Epoch 1642, Loss: 57.1214
Epoch 1643, Loss: 57.1845
Epoch 1644, Loss: 57.1531
Epoch 1645, Loss: 57.2201
Epoch 1646, Loss: 57.1634
Epoch 1647, Loss: 57.1974
Epoch 1648, Loss: 57.1697
Epoch 1649, Loss: 57.1715
Epoch 1650, Loss: 57.1477
Epoch 1650, LR: 1.0000000000000002e-07
Epoch 1651, Loss: 57.1631
Epoch 1652, Loss: 57.1763
Epoch 1653, Loss: 57.2885
Epoch 1654, Loss: 57.1583
Epoch 1655, Loss: 57.2049
Epoch 1656, Loss: 57.2023
Epoch 1657, Loss: 57.2629
Epoch 1658, Loss: 57.1567
Epoch 1659, Loss: 57.2047
Epoch 1660, Loss: 57.2431
Epoch 1660, LR: 1.0000000000000002e-07
Epoch 1661, Loss: 57.1479
Epoch 1662, Loss: 57.1610
Epoch 1663, Loss: 57.1579
Epoch 1664, Loss: 57.1555
Epoch 1665, Loss: 57.1810
Epoch 1666, Loss: 57.1513
Epoch 1667, Loss: 57.1588
Epoch 1668, Loss: 57.1808
Epoch 1669, Loss: 57.1534
Epoch 1670, Loss: 57.1931
Epoch 1670, LR: 1.0000000000000002e-07
Epoch 1671, Loss: 57.1782
Epoch 1672, Loss: 57.2004
Epoch 1673, Loss: 57.2217
Epoch 1674, Loss: 57.2175
Epoch 1675, Loss: 57.2033
Epoch 1676, Loss: 57.1361
Epoch 1677, Loss: 57.1726
Epoch 1678, Loss: 57.1167
Epoch 1679, Loss: 57.1459
Epoch 1680, Loss: 57.1871
Epoch 1680, LR: 1.0000000000000002e-07
Epoch 1681, Loss: 57.2010
Epoch 1682, Loss: 57.1516
Epoch 1683, Loss: 57.2087
Epoch 1684, Loss: 57.1510
Epoch 1685, Loss: 57.1614
Epoch 1686, Loss: 57.1636
Epoch 1687, Loss: 57.1343
Epoch 1688, Loss: 57.2144
Epoch 1689, Loss: 57.1637
Epoch 1690, Loss: 57.2210
Epoch 1690, LR: 1.0000000000000002e-07
Epoch 1691, Loss: 57.2161
Epoch 1692, Loss: 57.2272
Epoch 1693, Loss: 57.2344
Epoch 1694, Loss: 57.1169
Epoch 1695, Loss: 57.1298
Epoch 1696, Loss: 57.2912
Epoch 1697, Loss: 57.1923
Epoch 1698, Loss: 57.0990
Epoch 1699, Loss: 57.1733
Epoch 1700, Loss: 57.1804
Epoch 1700, LR: 1.0000000000000002e-07
Epoch 1701, Loss: 57.1966
Epoch 1702, Loss: 57.2041
Epoch 1703, Loss: 57.2072
Epoch 1704, Loss: 57.0922
Epoch 1705, Loss: 57.2159
Epoch 1706, Loss: 57.1851
Epoch 1707, Loss: 57.1545
Epoch 1708, Loss: 57.1483
Epoch 1709, Loss: 57.1625
Epoch 1710, Loss: 57.1588
Epoch 1710, LR: 1.0000000000000002e-07
Epoch 1711, Loss: 57.1823
Epoch 1712, Loss: 57.2277
Epoch 1713, Loss: 57.1867
slurmstepd-hbnode-24: error: *** JOB 2198183 ON hbnode-24 CANCELLED AT 2025-06-27T04:49:19 DUE TO TIME LIMIT ***
