rm: cannot remove '/hb/home/tsatoper/cat-generator/results/5': No such file or directory
Saved config to
/hb/home/tsatoper/cat-generator/results/5/config.json
{'batch_size': 64, 'epochs': 2000, 'lr': 0.0001, 'latent_dim': 1024, 'beta': 5.0, 'data_path': '/hb/home/tsatoper/cat-generator/data', 'save_dir': '/hb/home/tsatoper/cat-generator/results/5', 'resume': 'null', 'job_id': '5'}
Using device: cuda
Epoch 1, Loss: 583.7753
Epoch 1, LR: 0.0001
Epoch 2, Loss: 309.0613
Epoch 3, Loss: 261.5509
Epoch 4, Loss: 242.4896
Epoch 5, Loss: 229.6273
Epoch 6, Loss: 220.2477
Epoch 7, Loss: 212.0581
Epoch 8, Loss: 194.5737
Epoch 9, Loss: 187.5240
Epoch 10, Loss: 181.4743
Epoch 10, LR: 0.0001
Epoch 11, Loss: 176.6021
Epoch 12, Loss: 172.3260
Epoch 13, Loss: 170.0052
Epoch 14, Loss: 166.5524
Epoch 15, Loss: 163.2439
Epoch 16, Loss: 160.1566
Epoch 17, Loss: 159.7034
Epoch 18, Loss: 155.6386
Epoch 19, Loss: 152.9022
Epoch 20, Loss: 151.7783
Epoch 20, LR: 0.0001
Epoch 21, Loss: 149.6288
Epoch 22, Loss: 148.5850
Epoch 23, Loss: 145.4380
Epoch 24, Loss: 145.3910
Epoch 25, Loss: 143.4426
Epoch 26, Loss: 140.8648
Epoch 27, Loss: 140.1426
Epoch 28, Loss: 139.8893
Epoch 29, Loss: 136.3260
Epoch 30, Loss: 136.1386
Epoch 30, LR: 0.0001
Epoch 31, Loss: 135.4672
Epoch 32, Loss: 134.0926
Epoch 33, Loss: 132.0490
Epoch 34, Loss: 130.6034
Epoch 35, Loss: 130.7834
Epoch 36, Loss: 129.3412
Epoch 37, Loss: 129.6037
Epoch 38, Loss: 127.3657
Epoch 39, Loss: 126.4769
Epoch 40, Loss: 126.2387
Epoch 40, LR: 0.0001
Epoch 41, Loss: 124.8275
Epoch 42, Loss: 125.3739
Epoch 43, Loss: 123.1467
Epoch 44, Loss: 123.3614
Epoch 45, Loss: 121.4673
Epoch 46, Loss: 121.0900
Epoch 47, Loss: 121.2831
Epoch 48, Loss: 120.1209
Epoch 49, Loss: 120.2284
Epoch 50, Loss: 118.3009
Epoch 50, LR: 0.0001
Epoch 51, Loss: 118.0696
Epoch 52, Loss: 117.4871
Epoch 53, Loss: 117.2155
Epoch 54, Loss: 117.7017
Epoch 55, Loss: 116.7030
Epoch 56, Loss: 115.9689
Epoch 57, Loss: 115.3278
Epoch 58, Loss: 114.5886
Epoch 59, Loss: 114.1418
Epoch 60, Loss: 112.5934
Epoch 60, LR: 0.0001
Epoch 61, Loss: 113.0923
Epoch 62, Loss: 112.7660
Epoch 63, Loss: 112.0891
Epoch 64, Loss: 111.8493
Epoch 65, Loss: 112.4656
Epoch 66, Loss: 111.3382
Epoch 67, Loss: 111.0053
Epoch 68, Loss: 110.0381
Epoch 69, Loss: 110.3515
Epoch 70, Loss: 109.0551
Epoch 70, LR: 0.0001
Epoch 71, Loss: 108.9982
Epoch 72, Loss: 108.6885
Epoch 73, Loss: 108.3492
Epoch 74, Loss: 109.5996
Epoch 75, Loss: 107.9771
Epoch 76, Loss: 107.0657
Epoch 77, Loss: 107.2037
Epoch 78, Loss: 105.6495
Epoch 79, Loss: 106.4305
Epoch 80, Loss: 106.2104
Epoch 80, LR: 0.0001
Epoch 81, Loss: 106.0869
Epoch 82, Loss: 105.3947
Epoch 83, Loss: 105.4404
Epoch 84, Loss: 104.9952
Epoch 85, Loss: 104.1298
Epoch 86, Loss: 103.7711
Epoch 87, Loss: 104.0068
Epoch 88, Loss: 103.6776
Epoch 89, Loss: 103.9354
Epoch 90, Loss: 103.0181
Epoch 90, LR: 0.0001
Epoch 91, Loss: 102.7551
Epoch 92, Loss: 102.8387
Epoch 93, Loss: 102.2909
Epoch 94, Loss: 102.2288
Epoch 95, Loss: 101.9747
Epoch 96, Loss: 101.2945
Epoch 97, Loss: 101.8831
Epoch 98, Loss: 101.3109
Epoch 99, Loss: 100.8356
Epoch 100, Loss: 100.8248
Epoch 100, LR: 0.0001
Epoch 101, Loss: 100.1551
Epoch 102, Loss: 100.0653
Epoch 103, Loss: 100.1258
Epoch 104, Loss: 100.4445
Epoch 105, Loss: 99.0470
Epoch 106, Loss: 99.6724
Epoch 107, Loss: 99.1711
Epoch 108, Loss: 99.2365
Epoch 109, Loss: 99.1385
Epoch 110, Loss: 98.6140
Epoch 110, LR: 0.0001
Epoch 111, Loss: 98.4804
Epoch 112, Loss: 98.0509
Epoch 113, Loss: 98.1593
Epoch 114, Loss: 97.5075
Epoch 115, Loss: 97.5538
Epoch 116, Loss: 97.3737
Epoch 117, Loss: 97.7004
Epoch 118, Loss: 96.7485
Epoch 119, Loss: 97.0512
Epoch 120, Loss: 96.3151
Epoch 120, LR: 0.0001
Epoch 121, Loss: 96.2964
Epoch 122, Loss: 96.3321
Epoch 123, Loss: 96.1070
Epoch 124, Loss: 96.6455
Epoch 125, Loss: 96.2664
Epoch 126, Loss: 95.6308
Epoch 127, Loss: 95.3050
Epoch 128, Loss: 95.8231
Epoch 129, Loss: 95.1967
Epoch 130, Loss: 94.9167
Epoch 130, LR: 0.0001
Epoch 131, Loss: 95.1074
Epoch 132, Loss: 94.7670
Epoch 133, Loss: 94.4942
Epoch 134, Loss: 94.5126
Epoch 135, Loss: 94.1938
Epoch 136, Loss: 94.8351
Epoch 137, Loss: 95.0223
Epoch 138, Loss: 93.9526
Epoch 139, Loss: 94.3181
Epoch 140, Loss: 93.5732
Epoch 140, LR: 0.0001
Epoch 141, Loss: 93.6281
Epoch 142, Loss: 93.1601
Epoch 143, Loss: 93.4287
Epoch 144, Loss: 92.5825
Epoch 145, Loss: 92.9300
Epoch 146, Loss: 92.6348
Epoch 147, Loss: 92.2589
Epoch 148, Loss: 92.8000
Epoch 149, Loss: 92.6863
Epoch 150, Loss: 92.2395
Epoch 150, LR: 0.0001
Epoch 151, Loss: 91.5173
Epoch 152, Loss: 91.1960
Epoch 153, Loss: 92.0921
Epoch 154, Loss: 91.9355
Epoch 155, Loss: 91.1219
Epoch 156, Loss: 90.6109
Epoch 157, Loss: 90.9157
Epoch 158, Loss: 91.2662
Epoch 159, Loss: 90.6815
Epoch 160, Loss: 90.6968
Epoch 160, LR: 0.0001
Epoch 161, Loss: 89.9792
Epoch 162, Loss: 90.3180
Epoch 163, Loss: 90.6205
Epoch 164, Loss: 89.7741
Epoch 165, Loss: 89.6280
Epoch 166, Loss: 90.1371
Epoch 167, Loss: 89.8125
Epoch 168, Loss: 90.1194
Epoch 169, Loss: 88.9423
Epoch 170, Loss: 89.0056
Epoch 170, LR: 0.0001
Epoch 171, Loss: 88.8504
Epoch 172, Loss: 89.3241
Epoch 173, Loss: 88.8566
Epoch 174, Loss: 89.3246
Epoch 175, Loss: 88.4273
Epoch 176, Loss: 88.1081
Epoch 177, Loss: 88.3960
Epoch 178, Loss: 88.2898
Epoch 179, Loss: 88.3387
Epoch 180, Loss: 88.1287
Epoch 180, LR: 0.0001
Epoch 181, Loss: 87.9295
Epoch 182, Loss: 87.7046
Epoch 183, Loss: 87.9553
Epoch 184, Loss: 87.2724
Epoch 185, Loss: 87.5068
Epoch 186, Loss: 87.3616
Epoch 187, Loss: 86.6978
Epoch 188, Loss: 86.6271
Epoch 189, Loss: 87.1228
Epoch 190, Loss: 87.0046
Epoch 190, LR: 0.0001
Epoch 191, Loss: 87.1102
Epoch 192, Loss: 86.8743
Epoch 193, Loss: 86.5252
Epoch 194, Loss: 87.2421
Epoch 195, Loss: 86.1231
Epoch 196, Loss: 86.1432
Epoch 197, Loss: 86.5189
Epoch 198, Loss: 86.1652
Epoch 199, Loss: 86.0421
Epoch 200, Loss: 85.6730
Epoch 200, LR: 0.0001
Epoch 201, Loss: 85.6657
Epoch 202, Loss: 85.7065
Epoch 203, Loss: 85.4787
Epoch 204, Loss: 85.3284
Epoch 205, Loss: 85.5694
Epoch 206, Loss: 85.4322
Epoch 207, Loss: 85.1257
Epoch 208, Loss: 84.9291
Epoch 209, Loss: 85.2649
Epoch 210, Loss: 85.3862
Epoch 210, LR: 0.0001
Epoch 211, Loss: 85.0980
Epoch 212, Loss: 84.7454
Epoch 213, Loss: 84.2858
Epoch 214, Loss: 84.5616
Epoch 215, Loss: 84.1411
Epoch 216, Loss: 84.1809
Epoch 217, Loss: 84.3384
Epoch 218, Loss: 84.1059
Epoch 219, Loss: 84.0099
Epoch 220, Loss: 84.0268
Epoch 220, LR: 0.0001
Epoch 221, Loss: 83.9391
Epoch 222, Loss: 84.2341
Epoch 223, Loss: 83.7485
Epoch 224, Loss: 83.5129
Epoch 225, Loss: 83.4360
Epoch 226, Loss: 84.0330
Epoch 227, Loss: 83.5234
Epoch 228, Loss: 83.3968
Epoch 229, Loss: 83.2609
Epoch 230, Loss: 83.0352
Epoch 230, LR: 0.0001
Epoch 231, Loss: 83.1825
Epoch 232, Loss: 83.1206
Epoch 233, Loss: 83.5024
Epoch 234, Loss: 82.6808
Epoch 235, Loss: 82.4054
Epoch 236, Loss: 82.7797
Epoch 237, Loss: 82.3380
Epoch 238, Loss: 82.4960
Epoch 239, Loss: 82.8090
Epoch 240, Loss: 82.3754
Epoch 240, LR: 0.0001
Epoch 241, Loss: 82.7990
Epoch 242, Loss: 82.1096
Epoch 243, Loss: 82.3843
Epoch 244, Loss: 82.1133
Epoch 245, Loss: 82.2963
Epoch 246, Loss: 82.3591
Epoch 247, Loss: 81.9181
Epoch 248, Loss: 81.5058
Epoch 249, Loss: 81.6835
Epoch 250, Loss: 81.7455
Epoch 250, LR: 0.0001
Epoch 251, Loss: 81.7253
Epoch 252, Loss: 81.7360
Epoch 253, Loss: 81.5181
Epoch 254, Loss: 81.2570
Epoch 255, Loss: 81.6367
Epoch 256, Loss: 81.4011
Epoch 257, Loss: 81.1418
Epoch 258, Loss: 81.1945
Epoch 259, Loss: 80.9351
Epoch 260, Loss: 80.9782
Epoch 260, LR: 0.0001
Epoch 261, Loss: 80.8192
Epoch 262, Loss: 80.6598
Epoch 263, Loss: 81.0911
Epoch 264, Loss: 80.9624
Epoch 265, Loss: 80.6405
Epoch 266, Loss: 81.2570
Epoch 267, Loss: 80.1628
Epoch 268, Loss: 80.3456
Epoch 269, Loss: 80.5087
Epoch 270, Loss: 80.0709
Epoch 270, LR: 0.0001
Epoch 271, Loss: 80.1012
Epoch 272, Loss: 79.9940
Epoch 273, Loss: 80.4268
Epoch 274, Loss: 79.9464
Epoch 275, Loss: 80.2574
Epoch 276, Loss: 79.6856
Epoch 277, Loss: 79.7245
Epoch 278, Loss: 80.1186
Epoch 279, Loss: 79.8526
Epoch 280, Loss: 79.5030
Epoch 280, LR: 0.0001
Epoch 281, Loss: 79.3902
Epoch 282, Loss: 79.9554
Epoch 283, Loss: 79.8702
Epoch 284, Loss: 79.3839
Epoch 285, Loss: 79.6079
Epoch 286, Loss: 79.2782
Epoch 287, Loss: 79.3664
Epoch 288, Loss: 79.9918
Epoch 289, Loss: 79.3839
Epoch 290, Loss: 79.1675
Epoch 290, LR: 0.0001
Epoch 291, Loss: 79.1906
Epoch 292, Loss: 79.1013
Epoch 293, Loss: 78.8142
Epoch 294, Loss: 79.4690
Epoch 295, Loss: 78.7853
Epoch 296, Loss: 78.7065
Epoch 297, Loss: 78.8894
Epoch 298, Loss: 78.9337
Epoch 299, Loss: 78.9341
Epoch 300, Loss: 78.8744
Epoch 300, LR: 0.0001
Epoch 301, Loss: 78.4567
Epoch 302, Loss: 78.3484
Epoch 303, Loss: 78.6701
Epoch 304, Loss: 78.5471
Epoch 305, Loss: 78.6089
Epoch 306, Loss: 78.1628
Epoch 307, Loss: 78.2103
Epoch 308, Loss: 78.2832
Epoch 309, Loss: 77.8264
Epoch 310, Loss: 78.1544
Epoch 310, LR: 0.0001
Epoch 311, Loss: 78.0614
Epoch 312, Loss: 77.8616
Epoch 313, Loss: 78.0749
Epoch 314, Loss: 77.6438
Epoch 315, Loss: 77.4484
Epoch 316, Loss: 77.7821
Epoch 317, Loss: 77.7224
Epoch 318, Loss: 78.4230
Epoch 319, Loss: 77.3631
Epoch 320, Loss: 77.8802
Epoch 320, LR: 0.0001
Epoch 321, Loss: 77.3860
Epoch 322, Loss: 78.0878
Epoch 323, Loss: 77.7365
Epoch 324, Loss: 77.4452
Epoch 325, Loss: 77.3151
Epoch 326, Loss: 77.1555
Epoch 327, Loss: 77.1649
Epoch 328, Loss: 77.3569
Epoch 329, Loss: 77.1085
Epoch 330, Loss: 77.1990
Epoch 330, LR: 0.0001
Epoch 331, Loss: 76.8592
Epoch 332, Loss: 76.8596
Epoch 333, Loss: 76.8434
Epoch 334, Loss: 76.9607
Epoch 335, Loss: 77.3517
Epoch 336, Loss: 76.8386
Epoch 337, Loss: 76.6507
Epoch 338, Loss: 76.6638
Epoch 339, Loss: 76.7390
Epoch 340, Loss: 76.6153
Epoch 340, LR: 0.0001
Epoch 341, Loss: 76.5958
Epoch 342, Loss: 76.5625
Epoch 343, Loss: 76.4281
Epoch 344, Loss: 76.4522
Epoch 345, Loss: 76.1979
Epoch 346, Loss: 76.8597
Epoch 347, Loss: 76.5632
Epoch 348, Loss: 76.2056
Epoch 349, Loss: 76.2536
Epoch 350, Loss: 76.2766
Epoch 350, LR: 0.0001
Epoch 351, Loss: 76.4528
Epoch 352, Loss: 76.2255
Epoch 353, Loss: 76.5691
Epoch 354, Loss: 76.0944
Epoch 355, Loss: 76.4073
Epoch 356, Loss: 76.0322
Epoch 357, Loss: 76.0184
Epoch 358, Loss: 76.1858
Epoch 359, Loss: 75.7723
Epoch 360, Loss: 75.9574
Epoch 360, LR: 0.0001
Epoch 361, Loss: 76.1106
Epoch 362, Loss: 75.8135
Epoch 363, Loss: 75.9716
Epoch 364, Loss: 75.5887
Epoch 365, Loss: 75.5443
Epoch 366, Loss: 75.4888
Epoch 367, Loss: 75.6643
Epoch 368, Loss: 75.5597
Epoch 369, Loss: 75.8127
Epoch 370, Loss: 75.3283
Epoch 370, LR: 0.0001
Epoch 371, Loss: 75.3102
Epoch 372, Loss: 75.6263
Epoch 373, Loss: 75.6497
Epoch 374, Loss: 75.3136
Epoch 375, Loss: 75.1923
Epoch 376, Loss: 74.9089
Epoch 377, Loss: 75.0495
Epoch 378, Loss: 75.0979
Epoch 379, Loss: 75.0272
Epoch 380, Loss: 75.2809
Epoch 380, LR: 0.0001
Epoch 381, Loss: 74.9810
Epoch 382, Loss: 75.1157
Epoch 383, Loss: 75.0886
Epoch 384, Loss: 75.0159
Epoch 385, Loss: 75.1390
Epoch 386, Loss: 74.7971
Epoch 387, Loss: 74.7170
Epoch 388, Loss: 74.5012
Epoch 389, Loss: 74.7888
Epoch 390, Loss: 74.7672
Epoch 390, LR: 0.0001
Epoch 391, Loss: 74.7013
Epoch 392, Loss: 74.8181
Epoch 393, Loss: 74.4559
Epoch 394, Loss: 74.5631
Epoch 395, Loss: 74.6340
Epoch 396, Loss: 74.5603
Epoch 397, Loss: 74.3867
Epoch 398, Loss: 74.8335
Epoch 399, Loss: 74.4709
Epoch 400, Loss: 74.2889
Epoch 400, LR: 0.0001
Epoch 401, Loss: 74.5087
Epoch 402, Loss: 74.6069
Epoch 403, Loss: 74.2406
Epoch 404, Loss: 74.0432
Epoch 405, Loss: 74.2404
Epoch 406, Loss: 74.1687
Epoch 407, Loss: 74.1674
Epoch 408, Loss: 74.2726
Epoch 409, Loss: 74.4831
Epoch 410, Loss: 74.0468
Epoch 410, LR: 0.0001
Epoch 411, Loss: 73.8447
Epoch 412, Loss: 73.9383
Epoch 413, Loss: 73.9674
Epoch 414, Loss: 73.9463
Epoch 415, Loss: 73.8477
Epoch 416, Loss: 73.7342
Epoch 417, Loss: 73.9180
Epoch 418, Loss: 73.8738
Epoch 419, Loss: 73.7223
Epoch 420, Loss: 73.7218
Epoch 420, LR: 0.0001
Epoch 421, Loss: 74.1463
Epoch 422, Loss: 73.9048
Epoch 423, Loss: 73.6016
Epoch 424, Loss: 73.7179
Epoch 425, Loss: 73.7332
Epoch 426, Loss: 73.6538
Epoch 427, Loss: 73.3268
Epoch 428, Loss: 73.4706
Epoch 429, Loss: 73.3193
Epoch 430, Loss: 73.6879
Epoch 430, LR: 0.0001
Epoch 431, Loss: 73.4019
Epoch 432, Loss: 73.1327
Epoch 433, Loss: 73.3220
Epoch 434, Loss: 73.2305
Epoch 435, Loss: 73.6585
Epoch 436, Loss: 73.1703
Epoch 437, Loss: 73.3081
Epoch 438, Loss: 73.1816
Epoch 439, Loss: 73.0932
Epoch 440, Loss: 73.1085
Epoch 440, LR: 0.0001
Epoch 441, Loss: 73.4255
Epoch 442, Loss: 73.1838
Epoch 443, Loss: 73.0643
Epoch 444, Loss: 72.8439
Epoch 445, Loss: 72.9641
Epoch 446, Loss: 73.0916
Epoch 447, Loss: 73.0005
Epoch 448, Loss: 73.0153
Epoch 449, Loss: 73.0868
Epoch 450, Loss: 72.8030
Epoch 450, LR: 0.0001
Epoch 451, Loss: 72.9229
Epoch 452, Loss: 73.1860
Epoch 453, Loss: 72.7436
Epoch 454, Loss: 72.5372
Epoch 455, Loss: 72.6800
Epoch 456, Loss: 73.0017
Epoch 457, Loss: 72.8326
Epoch 458, Loss: 72.7117
Epoch 459, Loss: 72.6412
Epoch 460, Loss: 72.5325
Epoch 460, LR: 0.0001
Epoch 461, Loss: 72.7872
Epoch 462, Loss: 72.5615
Epoch 463, Loss: 72.6922
Epoch 464, Loss: 72.5289
Epoch 465, Loss: 72.7271
Epoch 466, Loss: 72.2809
Epoch 467, Loss: 72.2517
Epoch 468, Loss: 72.3687
Epoch 469, Loss: 72.5510
Epoch 470, Loss: 72.5651
Epoch 470, LR: 0.0001
Epoch 471, Loss: 72.1205
Epoch 472, Loss: 72.2231
Epoch 473, Loss: 72.0148
Epoch 474, Loss: 72.0017
Epoch 475, Loss: 72.2743
Epoch 476, Loss: 72.0140
Epoch 477, Loss: 72.1124
Epoch 478, Loss: 72.3938
Epoch 479, Loss: 72.0400
Epoch 480, Loss: 72.1836
Epoch 480, LR: 0.0001
Epoch 481, Loss: 72.0821
Epoch 482, Loss: 71.9252
Epoch 483, Loss: 72.1397
Epoch 484, Loss: 72.1463
Epoch 485, Loss: 72.2334
Epoch 486, Loss: 72.2801
Epoch 487, Loss: 72.0748
Epoch 488, Loss: 71.7069
Epoch 489, Loss: 71.8993
Epoch 490, Loss: 71.9014
Epoch 490, LR: 0.0001
Epoch 491, Loss: 71.7743
Epoch 492, Loss: 71.8214
Epoch 493, Loss: 72.1957
Epoch 494, Loss: 71.6181
Epoch 495, Loss: 71.6614
Epoch 496, Loss: 71.8285
Epoch 497, Loss: 71.7818
Epoch 498, Loss: 71.5272
Epoch 499, Loss: 71.7374
Epoch 500, Loss: 71.5056
Epoch 500, LR: 1e-05
Epoch 501, Loss: 70.0638
Epoch 502, Loss: 69.4989
Epoch 503, Loss: 69.3484
Epoch 504, Loss: 69.2054
Epoch 505, Loss: 69.1430
Epoch 506, Loss: 69.0546
Epoch 507, Loss: 69.1561
Epoch 508, Loss: 68.9805
Epoch 509, Loss: 68.8972
Epoch 510, Loss: 68.8712
Epoch 510, LR: 1e-05
Epoch 511, Loss: 68.9365
Epoch 512, Loss: 68.7996
Epoch 513, Loss: 68.8212
Epoch 514, Loss: 68.7549
Epoch 515, Loss: 68.7468
Epoch 516, Loss: 68.6982
Epoch 517, Loss: 68.6864
Epoch 518, Loss: 68.6976
Epoch 519, Loss: 68.6297
Epoch 520, Loss: 68.5863
Epoch 520, LR: 1e-05
Epoch 521, Loss: 68.6199
Epoch 522, Loss: 68.5932
Epoch 523, Loss: 68.5057
Epoch 524, Loss: 68.5493
Epoch 525, Loss: 68.5120
Epoch 526, Loss: 68.4893
Epoch 527, Loss: 68.5950
Epoch 528, Loss: 68.5130
Epoch 529, Loss: 68.4548
Epoch 530, Loss: 68.4916
Epoch 530, LR: 1e-05
Epoch 531, Loss: 68.4572
Epoch 532, Loss: 68.4571
Epoch 533, Loss: 68.4637
Epoch 534, Loss: 68.3577
Epoch 535, Loss: 68.3860
Epoch 536, Loss: 68.4134
Epoch 537, Loss: 68.2964
Epoch 538, Loss: 68.4251
Epoch 539, Loss: 68.2583
Epoch 540, Loss: 68.2660
Epoch 540, LR: 1e-05
Epoch 541, Loss: 68.1999
Epoch 542, Loss: 68.3422
Epoch 543, Loss: 68.3234
Epoch 544, Loss: 68.2397
Epoch 545, Loss: 68.1585
Epoch 546, Loss: 68.1810
Epoch 547, Loss: 68.1993
Epoch 548, Loss: 68.2288
Epoch 549, Loss: 68.2218
Epoch 550, Loss: 68.2020
Epoch 550, LR: 1e-05
Epoch 551, Loss: 68.2559
Epoch 552, Loss: 68.1356
Epoch 553, Loss: 68.1299
Epoch 554, Loss: 68.1444
Epoch 555, Loss: 68.1747
Epoch 556, Loss: 68.1468
Epoch 557, Loss: 68.1715
Epoch 558, Loss: 68.1014
Epoch 559, Loss: 68.0348
Epoch 560, Loss: 68.0894
Epoch 560, LR: 1e-05
Epoch 561, Loss: 68.1182
Epoch 562, Loss: 68.1106
Epoch 563, Loss: 68.0373
Epoch 564, Loss: 68.1133
Epoch 565, Loss: 68.0635
Epoch 566, Loss: 68.0365
Epoch 567, Loss: 68.0119
Epoch 568, Loss: 67.9709
Epoch 569, Loss: 68.0878
Epoch 570, Loss: 68.0099
Epoch 570, LR: 1e-05
Epoch 571, Loss: 68.0479
Epoch 572, Loss: 68.0208
Epoch 573, Loss: 67.9701
Epoch 574, Loss: 68.0425
Epoch 575, Loss: 67.9186
Epoch 576, Loss: 67.9047
Epoch 577, Loss: 67.9133
Epoch 578, Loss: 67.9530
Epoch 579, Loss: 67.8812
Epoch 580, Loss: 67.9490
Epoch 580, LR: 1e-05
Epoch 581, Loss: 67.8936
Epoch 582, Loss: 67.9679
Epoch 583, Loss: 67.9450
Epoch 584, Loss: 67.8161
Epoch 585, Loss: 67.9335
Epoch 586, Loss: 67.9152
Epoch 587, Loss: 67.8488
Epoch 588, Loss: 67.8579
Epoch 589, Loss: 67.8745
Epoch 590, Loss: 67.8783
Epoch 590, LR: 1e-05
Epoch 591, Loss: 67.7925
Epoch 592, Loss: 67.8391
Epoch 593, Loss: 67.8199
Epoch 594, Loss: 67.8505
Epoch 595, Loss: 67.8511
Epoch 596, Loss: 67.8296
Epoch 597, Loss: 67.7854
Epoch 598, Loss: 67.8706
Epoch 599, Loss: 67.8683
Epoch 600, Loss: 67.7244
Epoch 600, LR: 1e-05
Epoch 601, Loss: 67.7470
Epoch 602, Loss: 67.7781
Epoch 603, Loss: 67.7506
Epoch 604, Loss: 67.8134
Epoch 605, Loss: 67.7657
Epoch 606, Loss: 67.8630
Epoch 607, Loss: 67.7253
Epoch 608, Loss: 67.6820
Epoch 609, Loss: 67.7639
Epoch 610, Loss: 67.7168
Epoch 610, LR: 1e-05
Epoch 611, Loss: 67.6967
Epoch 612, Loss: 67.7423
Epoch 613, Loss: 67.7377
Epoch 614, Loss: 67.6759
Epoch 615, Loss: 67.6748
Epoch 616, Loss: 67.5951
Epoch 617, Loss: 67.7223
Epoch 618, Loss: 67.6341
Epoch 619, Loss: 67.6307
Epoch 620, Loss: 67.7324
Epoch 620, LR: 1e-05
Epoch 621, Loss: 67.7051
Epoch 622, Loss: 67.6225
Epoch 623, Loss: 67.6142
Epoch 624, Loss: 67.6492
Epoch 625, Loss: 67.5981
Epoch 626, Loss: 67.6269
Epoch 627, Loss: 67.5749
Epoch 628, Loss: 67.6046
Epoch 629, Loss: 67.5543
Epoch 630, Loss: 67.6615
Epoch 630, LR: 1e-05
Epoch 631, Loss: 67.6376
Epoch 632, Loss: 67.5941
Epoch 633, Loss: 67.6175
Epoch 634, Loss: 67.5040
Epoch 635, Loss: 67.6018
Epoch 636, Loss: 67.5476
Epoch 637, Loss: 67.5761
Epoch 638, Loss: 67.4801
Epoch 639, Loss: 67.5737
Epoch 640, Loss: 67.4500
Epoch 640, LR: 1e-05
Epoch 641, Loss: 67.4496
Epoch 642, Loss: 67.5658
Epoch 643, Loss: 67.5106
Epoch 644, Loss: 67.5707
Epoch 645, Loss: 67.5012
Epoch 646, Loss: 67.5291
Epoch 647, Loss: 67.5171
Epoch 648, Loss: 67.4537
Epoch 649, Loss: 67.5274
Epoch 650, Loss: 67.4570
Epoch 650, LR: 1e-05
Epoch 651, Loss: 67.4462
Epoch 652, Loss: 67.4389
Epoch 653, Loss: 67.5385
Epoch 654, Loss: 67.4686
Epoch 655, Loss: 67.4942
Epoch 656, Loss: 67.4398
Epoch 657, Loss: 67.3886
Epoch 658, Loss: 67.3784
Epoch 659, Loss: 67.4305
Epoch 660, Loss: 67.4746
Epoch 660, LR: 1e-05
Epoch 661, Loss: 67.4288
Epoch 662, Loss: 67.4550
Epoch 663, Loss: 67.6252
Epoch 664, Loss: 67.4446
Epoch 665, Loss: 67.2439
Epoch 666, Loss: 67.3512
Epoch 667, Loss: 67.3434
Epoch 668, Loss: 67.3723
Epoch 669, Loss: 67.4961
Epoch 670, Loss: 67.3923
Epoch 670, LR: 1e-05
Epoch 671, Loss: 67.3358
Epoch 672, Loss: 67.3517
Epoch 673, Loss: 67.3832
Epoch 674, Loss: 67.3397
Epoch 675, Loss: 67.3036
Epoch 676, Loss: 67.3449
Epoch 677, Loss: 67.4340
Epoch 678, Loss: 67.3683
Epoch 679, Loss: 67.2731
Epoch 680, Loss: 67.4345
Epoch 680, LR: 1e-05
Epoch 681, Loss: 67.3637
Epoch 682, Loss: 67.3188
Epoch 683, Loss: 67.3901
Epoch 684, Loss: 67.3266
Epoch 685, Loss: 67.2812
Epoch 686, Loss: 67.2379
Epoch 687, Loss: 67.2266
Epoch 688, Loss: 67.2797
Epoch 689, Loss: 67.2760
Epoch 690, Loss: 67.2799
Epoch 690, LR: 1e-05
Epoch 691, Loss: 67.2156
Epoch 692, Loss: 67.3587
Epoch 693, Loss: 67.2951
Epoch 694, Loss: 67.2627
Epoch 695, Loss: 67.2096
Epoch 696, Loss: 67.2601
Epoch 697, Loss: 67.1770
Epoch 698, Loss: 67.1886
Epoch 699, Loss: 67.1356
Epoch 700, Loss: 67.2326
Epoch 700, LR: 1e-05
Epoch 701, Loss: 67.3429
Epoch 702, Loss: 67.2140
Epoch 703, Loss: 67.1984
Epoch 704, Loss: 67.2046
Epoch 705, Loss: 67.1581
Epoch 706, Loss: 67.1167
Epoch 707, Loss: 67.2287
Epoch 708, Loss: 67.1564
Epoch 709, Loss: 67.2090
Epoch 710, Loss: 67.2270
Epoch 710, LR: 1e-05
Epoch 711, Loss: 67.1891
Epoch 712, Loss: 67.1115
Epoch 713, Loss: 67.2538
Epoch 714, Loss: 67.1663
Epoch 715, Loss: 67.1557
Epoch 716, Loss: 67.1254
Epoch 717, Loss: 67.1569
Epoch 718, Loss: 67.0634
Epoch 719, Loss: 67.2207
Epoch 720, Loss: 67.1041
Epoch 720, LR: 1e-05
Epoch 721, Loss: 67.1840
Epoch 722, Loss: 67.1908
Epoch 723, Loss: 67.1181
Epoch 724, Loss: 67.1302
Epoch 725, Loss: 67.0781
Epoch 726, Loss: 67.1363
Epoch 727, Loss: 67.0945
Epoch 728, Loss: 67.1653
Epoch 729, Loss: 67.1046
Epoch 730, Loss: 67.1282
Epoch 730, LR: 1e-05
Epoch 731, Loss: 67.0507
Epoch 732, Loss: 67.0367
Epoch 733, Loss: 67.0250
Epoch 734, Loss: 67.0600
Epoch 735, Loss: 67.0774
Epoch 736, Loss: 67.1192
Epoch 737, Loss: 67.0958
Epoch 738, Loss: 67.0493
Epoch 739, Loss: 67.0129
Epoch 740, Loss: 67.0009
Epoch 740, LR: 1e-05
Epoch 741, Loss: 67.0240
Epoch 742, Loss: 66.9725
Epoch 743, Loss: 67.0802
Epoch 744, Loss: 67.0002
Epoch 745, Loss: 67.0308
Epoch 746, Loss: 66.9726
Epoch 747, Loss: 67.0633
Epoch 748, Loss: 66.9981
Epoch 749, Loss: 66.9994
Epoch 750, Loss: 66.9820
Epoch 750, LR: 1e-05
Epoch 751, Loss: 66.9003
Epoch 752, Loss: 66.9681
Epoch 753, Loss: 67.0092
Epoch 754, Loss: 66.9564
Epoch 755, Loss: 66.9184
Epoch 756, Loss: 66.9191
Epoch 757, Loss: 66.9194
Epoch 758, Loss: 66.9454
Epoch 759, Loss: 67.0022
Epoch 760, Loss: 66.8702
Epoch 760, LR: 1e-05
Epoch 761, Loss: 66.9593
Epoch 762, Loss: 66.9614
Epoch 763, Loss: 66.9505
Epoch 764, Loss: 66.8777
Epoch 765, Loss: 66.9468
Epoch 766, Loss: 66.9109
Epoch 767, Loss: 66.9005
Epoch 768, Loss: 66.9732
Epoch 769, Loss: 66.8474
Epoch 770, Loss: 66.8740
Epoch 770, LR: 1e-05
Epoch 771, Loss: 66.8219
Epoch 772, Loss: 66.8585
Epoch 773, Loss: 66.8523
Epoch 774, Loss: 66.8768
Epoch 775, Loss: 66.9372
Epoch 776, Loss: 66.9152
Epoch 777, Loss: 66.9247
Epoch 778, Loss: 66.8740
Epoch 779, Loss: 66.8092
Epoch 780, Loss: 66.8962
Epoch 780, LR: 1e-05
Epoch 781, Loss: 66.9316
Epoch 782, Loss: 66.7768
Epoch 783, Loss: 66.8051
Epoch 784, Loss: 66.7536
Epoch 785, Loss: 66.7008
Epoch 786, Loss: 66.8129
Epoch 787, Loss: 66.8600
Epoch 788, Loss: 66.7919
Epoch 789, Loss: 66.8330
Epoch 790, Loss: 66.8064
Epoch 790, LR: 1e-05
Epoch 791, Loss: 66.8345
Epoch 792, Loss: 66.8454
Epoch 793, Loss: 66.7941
Epoch 794, Loss: 66.8692
Epoch 795, Loss: 66.7340
Epoch 796, Loss: 66.8099
Epoch 797, Loss: 66.7479
Epoch 798, Loss: 66.7187
Epoch 799, Loss: 66.7632
Epoch 800, Loss: 66.8052
Epoch 800, LR: 1e-05
Epoch 801, Loss: 66.7288
Epoch 802, Loss: 66.6749
Epoch 803, Loss: 66.7347
Epoch 804, Loss: 66.7320
Epoch 805, Loss: 66.7974
Epoch 806, Loss: 66.7840
Epoch 807, Loss: 66.7976
Epoch 808, Loss: 66.7015
Epoch 809, Loss: 66.7011
Epoch 810, Loss: 66.7620
Epoch 810, LR: 1e-05
Epoch 811, Loss: 66.7082
Epoch 812, Loss: 66.7628
Epoch 813, Loss: 66.6928
Epoch 814, Loss: 66.7495
Epoch 815, Loss: 66.8121
Epoch 816, Loss: 66.6544
Epoch 817, Loss: 66.7010
Epoch 818, Loss: 66.7281
Epoch 819, Loss: 66.6000
Epoch 820, Loss: 66.6766
Epoch 820, LR: 1e-05
Epoch 821, Loss: 66.7217
Epoch 822, Loss: 66.6639
Epoch 823, Loss: 66.6653
Epoch 824, Loss: 66.5783
Epoch 825, Loss: 66.6180
Epoch 826, Loss: 66.6760
Epoch 827, Loss: 66.6835
Epoch 828, Loss: 66.6670
Epoch 829, Loss: 66.6703
Epoch 830, Loss: 66.5816
Epoch 830, LR: 1e-05
Epoch 831, Loss: 66.6604
Epoch 832, Loss: 66.6668
Epoch 833, Loss: 66.7364
Epoch 834, Loss: 66.6463
Epoch 835, Loss: 66.5841
Epoch 836, Loss: 66.6236
Epoch 837, Loss: 66.6489
Epoch 838, Loss: 66.6079
Epoch 839, Loss: 66.5388
Epoch 840, Loss: 66.5446
Epoch 840, LR: 1e-05
Epoch 841, Loss: 66.5737
Epoch 842, Loss: 66.5058
Epoch 843, Loss: 66.6060
Epoch 844, Loss: 66.6322
Epoch 845, Loss: 66.6363
Epoch 846, Loss: 66.5994
Epoch 847, Loss: 66.5465
Epoch 848, Loss: 66.5345
Epoch 849, Loss: 66.6231
Epoch 850, Loss: 66.5785
Epoch 850, LR: 1e-05
Epoch 851, Loss: 66.5646
Epoch 852, Loss: 66.5458
Epoch 853, Loss: 66.5659
Epoch 854, Loss: 66.5544
Epoch 855, Loss: 66.5128
Epoch 856, Loss: 66.5346
Epoch 857, Loss: 66.5980
Epoch 858, Loss: 66.5624
Epoch 859, Loss: 66.4952
Epoch 860, Loss: 66.5172
Epoch 860, LR: 1e-05
Epoch 861, Loss: 66.4868
Epoch 862, Loss: 66.4895
Epoch 863, Loss: 66.6257
Epoch 864, Loss: 66.5156
Epoch 865, Loss: 66.4536
Epoch 866, Loss: 66.4533
Epoch 867, Loss: 66.5199
Epoch 868, Loss: 66.4951
Epoch 869, Loss: 66.5142
Epoch 870, Loss: 66.5158
Epoch 870, LR: 1e-05
Epoch 871, Loss: 66.3479
Epoch 872, Loss: 66.5238
Epoch 873, Loss: 66.6342
Epoch 874, Loss: 66.4893
Epoch 875, Loss: 66.4930
Epoch 876, Loss: 66.4250
Epoch 877, Loss: 66.5180
Epoch 878, Loss: 66.4839
Epoch 879, Loss: 66.4517
Epoch 880, Loss: 66.4564
Epoch 880, LR: 1e-05
Epoch 881, Loss: 66.4359
Epoch 882, Loss: 66.3937
Epoch 883, Loss: 66.4348
Epoch 884, Loss: 66.4308
Epoch 885, Loss: 66.4588
Epoch 886, Loss: 66.4096
Epoch 887, Loss: 66.3691
Epoch 888, Loss: 66.4267
Epoch 889, Loss: 66.4437
Epoch 890, Loss: 66.4202
Epoch 890, LR: 1e-05
Epoch 891, Loss: 66.3652
Epoch 892, Loss: 66.4832
Epoch 893, Loss: 66.4111
Epoch 894, Loss: 66.4469
Epoch 895, Loss: 66.4190
Epoch 896, Loss: 66.4072
Epoch 897, Loss: 66.4147
Epoch 898, Loss: 66.3578
Epoch 899, Loss: 66.3751
Epoch 900, Loss: 66.3055
Epoch 900, LR: 1e-05
Epoch 901, Loss: 66.4189
Epoch 902, Loss: 66.3473
Epoch 903, Loss: 66.3939
Epoch 904, Loss: 66.3593
Epoch 905, Loss: 66.4313
Epoch 906, Loss: 66.3832
Epoch 907, Loss: 66.3853
Epoch 908, Loss: 66.3297
Epoch 909, Loss: 66.3845
Epoch 910, Loss: 66.2859
Epoch 910, LR: 1e-05
Epoch 911, Loss: 66.2868
Epoch 912, Loss: 66.3395
Epoch 913, Loss: 66.3340
Epoch 914, Loss: 66.3149
Epoch 915, Loss: 66.2747
Epoch 916, Loss: 66.2886
Epoch 917, Loss: 66.2671
Epoch 918, Loss: 66.3957
Epoch 919, Loss: 66.3407
Epoch 920, Loss: 66.2950
Epoch 920, LR: 1e-05
Epoch 921, Loss: 66.2328
Epoch 922, Loss: 66.3326
Epoch 923, Loss: 66.2693
Epoch 924, Loss: 66.3159
Epoch 925, Loss: 66.2616
Epoch 926, Loss: 66.3878
Epoch 927, Loss: 66.2592
Epoch 928, Loss: 66.2357
Epoch 929, Loss: 66.3605
Epoch 930, Loss: 66.3127
Epoch 930, LR: 1e-05
Epoch 931, Loss: 66.2409
Epoch 932, Loss: 66.3041
Epoch 933, Loss: 66.1824
Epoch 934, Loss: 66.2660
Epoch 935, Loss: 66.3307
Epoch 936, Loss: 66.2798
Epoch 937, Loss: 66.3693
Epoch 938, Loss: 66.2248
Epoch 939, Loss: 66.2806
Epoch 940, Loss: 66.1951
Epoch 940, LR: 1e-05
Epoch 941, Loss: 66.1696
Epoch 942, Loss: 66.2579
Epoch 943, Loss: 66.2017
Epoch 944, Loss: 66.2794
Epoch 945, Loss: 66.2185
Epoch 946, Loss: 66.1768
Epoch 947, Loss: 66.1490
Epoch 948, Loss: 66.2614
Epoch 949, Loss: 66.2887
Epoch 950, Loss: 66.2437
Epoch 950, LR: 1e-05
Epoch 951, Loss: 66.2170
Epoch 952, Loss: 66.2482
Epoch 953, Loss: 66.1506
Epoch 954, Loss: 66.2003
Epoch 955, Loss: 66.1566
Epoch 956, Loss: 66.2046
Epoch 957, Loss: 66.2560
Epoch 958, Loss: 66.1653
Epoch 959, Loss: 66.1907
Epoch 960, Loss: 66.1956
Epoch 960, LR: 1e-05
Epoch 961, Loss: 66.1614
Epoch 962, Loss: 66.2289
Epoch 963, Loss: 66.2229
Epoch 964, Loss: 66.1421
Epoch 965, Loss: 66.0323
Epoch 966, Loss: 66.1383
Epoch 967, Loss: 66.1653
Epoch 968, Loss: 66.0342
Epoch 969, Loss: 66.3058
Epoch 970, Loss: 66.1936
Epoch 970, LR: 1e-05
Epoch 971, Loss: 66.1263
Epoch 972, Loss: 66.1479
Epoch 973, Loss: 66.1903
Epoch 974, Loss: 66.1396
Epoch 975, Loss: 66.1930
Epoch 976, Loss: 66.1178
Epoch 977, Loss: 66.0909
Epoch 978, Loss: 66.1988
Epoch 979, Loss: 66.0011
Epoch 980, Loss: 65.9805
Epoch 980, LR: 1e-05
Epoch 981, Loss: 66.0213
Epoch 982, Loss: 66.1229
Epoch 983, Loss: 66.0534
Epoch 984, Loss: 66.0012
Epoch 985, Loss: 66.0745
Epoch 986, Loss: 66.0874
Epoch 987, Loss: 66.0417
Epoch 988, Loss: 66.0974
Epoch 989, Loss: 65.9682
Epoch 990, Loss: 66.1338
Epoch 990, LR: 1e-05
Epoch 991, Loss: 66.0141
Epoch 992, Loss: 66.1438
Epoch 993, Loss: 66.0223
Epoch 994, Loss: 65.9911
Epoch 995, Loss: 66.0238
Epoch 996, Loss: 66.1696
Epoch 997, Loss: 66.0721
Epoch 998, Loss: 66.0373
Epoch 999, Loss: 66.0495
Epoch 1000, Loss: 66.0644
Epoch 1000, LR: 1.0000000000000002e-06
Epoch 1001, Loss: 65.8809
Epoch 1002, Loss: 65.8601
Epoch 1003, Loss: 65.7590
Epoch 1004, Loss: 65.8475
Epoch 1005, Loss: 65.8205
Epoch 1006, Loss: 65.7983
Epoch 1007, Loss: 65.7533
Epoch 1008, Loss: 65.8354
Epoch 1009, Loss: 65.7705
Epoch 1010, Loss: 65.7910
Epoch 1010, LR: 1.0000000000000002e-06
Epoch 1011, Loss: 65.8026
Epoch 1012, Loss: 65.8563
Epoch 1013, Loss: 65.7162
Epoch 1014, Loss: 65.8204
Epoch 1015, Loss: 65.8080
Epoch 1016, Loss: 65.7322
Epoch 1017, Loss: 65.7747
Epoch 1018, Loss: 65.7679
Epoch 1019, Loss: 65.7338
Epoch 1020, Loss: 65.8513
Epoch 1020, LR: 1.0000000000000002e-06
Epoch 1021, Loss: 65.7457
Epoch 1022, Loss: 65.7093
Epoch 1023, Loss: 65.8175
Epoch 1024, Loss: 65.7646
Epoch 1025, Loss: 65.7526
Epoch 1026, Loss: 65.8060
Epoch 1027, Loss: 65.7232
Epoch 1028, Loss: 65.7706
Epoch 1029, Loss: 65.7693
Epoch 1030, Loss: 65.8560
Epoch 1030, LR: 1.0000000000000002e-06
Epoch 1031, Loss: 65.7431
Epoch 1032, Loss: 65.6714
Epoch 1033, Loss: 65.7165
Epoch 1034, Loss: 65.7262
Epoch 1035, Loss: 65.7548
Epoch 1036, Loss: 65.7767
Epoch 1037, Loss: 65.6848
Epoch 1038, Loss: 65.7628
Epoch 1039, Loss: 65.6992
Epoch 1040, Loss: 65.7514
Epoch 1040, LR: 1.0000000000000002e-06
Epoch 1041, Loss: 65.6897
Epoch 1042, Loss: 65.8002
Epoch 1043, Loss: 65.7547
Epoch 1044, Loss: 65.7258
Epoch 1045, Loss: 65.7428
Epoch 1046, Loss: 65.6553
Epoch 1047, Loss: 65.7878
Epoch 1048, Loss: 65.7072
Epoch 1049, Loss: 65.7182
Epoch 1050, Loss: 65.6410
Epoch 1050, LR: 1.0000000000000002e-06
Epoch 1051, Loss: 65.8170
Epoch 1052, Loss: 65.7498
Epoch 1053, Loss: 65.6355
Epoch 1054, Loss: 65.6830
Epoch 1055, Loss: 65.7160
Epoch 1056, Loss: 65.6684
Epoch 1057, Loss: 65.6721
Epoch 1058, Loss: 65.7171
Epoch 1059, Loss: 65.7029
Epoch 1060, Loss: 65.7328
Epoch 1060, LR: 1.0000000000000002e-06
Epoch 1061, Loss: 65.6809
Epoch 1062, Loss: 65.6946
Epoch 1063, Loss: 65.8649
Epoch 1064, Loss: 65.7147
Epoch 1065, Loss: 65.6048
Epoch 1066, Loss: 65.7201
Epoch 1067, Loss: 65.7079
Epoch 1068, Loss: 65.7162
Epoch 1069, Loss: 65.6655
Epoch 1070, Loss: 65.6834
Epoch 1070, LR: 1.0000000000000002e-06
Epoch 1071, Loss: 65.6330
Epoch 1072, Loss: 65.7444
Epoch 1073, Loss: 65.7107
Epoch 1074, Loss: 65.6429
Epoch 1075, Loss: 65.6521
Epoch 1076, Loss: 65.6910
Epoch 1077, Loss: 65.7580
Epoch 1078, Loss: 65.7062
Epoch 1079, Loss: 65.6398
Epoch 1080, Loss: 65.6678
Epoch 1080, LR: 1.0000000000000002e-06
Epoch 1081, Loss: 65.6935
Epoch 1082, Loss: 65.6657
Epoch 1083, Loss: 65.7162
Epoch 1084, Loss: 65.6815
Epoch 1085, Loss: 65.7138
Epoch 1086, Loss: 65.7169
Epoch 1087, Loss: 65.7103
Epoch 1088, Loss: 65.7328
Epoch 1089, Loss: 65.6955
Epoch 1090, Loss: 65.7237
Epoch 1090, LR: 1.0000000000000002e-06
Epoch 1091, Loss: 65.7696
Epoch 1092, Loss: 65.6339
Epoch 1093, Loss: 65.7284
Epoch 1094, Loss: 65.7811
Epoch 1095, Loss: 65.7235
Epoch 1096, Loss: 65.7148
Epoch 1097, Loss: 65.6718
Epoch 1098, Loss: 65.6960
Epoch 1099, Loss: 65.7010
Epoch 1100, Loss: 65.7175
Epoch 1100, LR: 1.0000000000000002e-06
Epoch 1101, Loss: 65.7507
Epoch 1102, Loss: 65.6980
Epoch 1103, Loss: 65.7176
Epoch 1104, Loss: 65.6683
Epoch 1105, Loss: 65.7671
Epoch 1106, Loss: 65.6852
Epoch 1107, Loss: 65.6472
Epoch 1108, Loss: 65.7357
Epoch 1109, Loss: 65.5794
Epoch 1110, Loss: 65.7238
Epoch 1110, LR: 1.0000000000000002e-06
Epoch 1111, Loss: 65.6229
Epoch 1112, Loss: 65.7296
Epoch 1113, Loss: 65.6441
Epoch 1114, Loss: 65.6639
Epoch 1115, Loss: 65.6772
Epoch 1116, Loss: 65.6468
Epoch 1117, Loss: 65.6865
Epoch 1118, Loss: 65.6338
Epoch 1119, Loss: 65.7402
Epoch 1120, Loss: 65.7373
Epoch 1120, LR: 1.0000000000000002e-06
Epoch 1121, Loss: 65.6276
Epoch 1122, Loss: 65.6666
Epoch 1123, Loss: 65.6882
Epoch 1124, Loss: 65.6441
Epoch 1125, Loss: 65.6958
Epoch 1126, Loss: 65.6740
Epoch 1127, Loss: 65.6179
Epoch 1128, Loss: 65.7412
Epoch 1129, Loss: 65.6056
Epoch 1130, Loss: 65.6787
Epoch 1130, LR: 1.0000000000000002e-06
Epoch 1131, Loss: 65.5767
Epoch 1132, Loss: 65.7503
Epoch 1133, Loss: 65.6830
Epoch 1134, Loss: 65.6640
Epoch 1135, Loss: 65.7221
Epoch 1136, Loss: 65.6770
Epoch 1137, Loss: 65.6617
Epoch 1138, Loss: 65.6651
Epoch 1139, Loss: 65.6121
Epoch 1140, Loss: 65.6165
Epoch 1140, LR: 1.0000000000000002e-06
Epoch 1141, Loss: 65.6845
Epoch 1142, Loss: 65.6810
Epoch 1143, Loss: 65.6559
Epoch 1144, Loss: 65.7010
Epoch 1145, Loss: 65.6444
Epoch 1146, Loss: 65.7328
Epoch 1147, Loss: 65.6829
Epoch 1148, Loss: 65.6086
Epoch 1149, Loss: 65.6601
Epoch 1150, Loss: 65.7260
Epoch 1150, LR: 1.0000000000000002e-06
Epoch 1151, Loss: 65.5664
Epoch 1152, Loss: 65.6500
Epoch 1153, Loss: 65.7103
Epoch 1154, Loss: 65.6770
Epoch 1155, Loss: 65.6322
Epoch 1156, Loss: 65.6766
Epoch 1157, Loss: 65.6354
Epoch 1158, Loss: 65.6309
Epoch 1159, Loss: 65.6647
Epoch 1160, Loss: 65.6530
Epoch 1160, LR: 1.0000000000000002e-06
Epoch 1161, Loss: 65.6708
Epoch 1162, Loss: 65.7447
Epoch 1163, Loss: 65.6871
Epoch 1164, Loss: 65.5876
Epoch 1165, Loss: 65.6214
Epoch 1166, Loss: 65.6167
Epoch 1167, Loss: 65.7213
Epoch 1168, Loss: 65.7085
Epoch 1169, Loss: 65.7129
Epoch 1170, Loss: 65.6828
Epoch 1170, LR: 1.0000000000000002e-06
Epoch 1171, Loss: 65.6840
Epoch 1172, Loss: 65.6722
Epoch 1173, Loss: 65.6187
Epoch 1174, Loss: 65.6015
Epoch 1175, Loss: 65.5815
Epoch 1176, Loss: 65.6824
Epoch 1177, Loss: 65.6928
Epoch 1178, Loss: 65.6700
Epoch 1179, Loss: 65.7043
Epoch 1180, Loss: 65.6625
Epoch 1180, LR: 1.0000000000000002e-06
Epoch 1181, Loss: 65.6223
Epoch 1182, Loss: 65.6035
Epoch 1183, Loss: 65.5953
Epoch 1184, Loss: 65.6765
Epoch 1185, Loss: 65.6852
Epoch 1186, Loss: 65.6000
Epoch 1187, Loss: 65.6350
Epoch 1188, Loss: 65.6399
Epoch 1189, Loss: 65.6449
Epoch 1190, Loss: 65.6132
Epoch 1190, LR: 1.0000000000000002e-06
Epoch 1191, Loss: 65.6021
Epoch 1192, Loss: 65.5989
Epoch 1193, Loss: 65.5895
Epoch 1194, Loss: 65.6559
Epoch 1195, Loss: 65.6338
Epoch 1196, Loss: 65.6454
Epoch 1197, Loss: 65.6778
Epoch 1198, Loss: 65.6177
Epoch 1199, Loss: 65.6008
Epoch 1200, Loss: 65.6259
Epoch 1200, LR: 1.0000000000000002e-06
Epoch 1201, Loss: 65.6907
Epoch 1202, Loss: 65.6858
Epoch 1203, Loss: 65.6610
Epoch 1204, Loss: 65.6030
Epoch 1205, Loss: 65.6538
Epoch 1206, Loss: 65.5937
Epoch 1207, Loss: 65.6176
Epoch 1208, Loss: 65.6084
Epoch 1209, Loss: 65.6198
Epoch 1210, Loss: 65.5758
Epoch 1210, LR: 1.0000000000000002e-06
Epoch 1211, Loss: 65.6488
Epoch 1212, Loss: 65.6628
Epoch 1213, Loss: 65.6260
Epoch 1214, Loss: 65.6649
Epoch 1215, Loss: 65.6463
Epoch 1216, Loss: 65.6064
Epoch 1217, Loss: 65.5951
Epoch 1218, Loss: 65.6342
Epoch 1219, Loss: 65.6566
Epoch 1220, Loss: 65.6134
Epoch 1220, LR: 1.0000000000000002e-06
Epoch 1221, Loss: 65.5296
Epoch 1222, Loss: 65.5718
Epoch 1223, Loss: 65.6252
Epoch 1224, Loss: 65.6181
Epoch 1225, Loss: 65.5690
Epoch 1226, Loss: 65.5205
Epoch 1227, Loss: 65.6611
Epoch 1228, Loss: 65.5430
Epoch 1229, Loss: 65.6300
Epoch 1230, Loss: 65.5726
Epoch 1230, LR: 1.0000000000000002e-06
Epoch 1231, Loss: 65.5776
Epoch 1232, Loss: 65.5746
Epoch 1233, Loss: 65.6974
Epoch 1234, Loss: 65.6277
Epoch 1235, Loss: 65.6377
Epoch 1236, Loss: 65.5408
Epoch 1237, Loss: 65.5989
Epoch 1238, Loss: 65.6213
Epoch 1239, Loss: 65.5865
Epoch 1240, Loss: 65.7551
Epoch 1240, LR: 1.0000000000000002e-06
Epoch 1241, Loss: 65.6633
Epoch 1242, Loss: 65.6213
Epoch 1243, Loss: 65.6718
Epoch 1244, Loss: 65.6119
Epoch 1245, Loss: 65.6384
Epoch 1246, Loss: 65.6782
Epoch 1247, Loss: 65.6512
Epoch 1248, Loss: 65.5631
Epoch 1249, Loss: 65.5380
Epoch 1250, Loss: 65.5675
Epoch 1250, LR: 1.0000000000000002e-06
Epoch 1251, Loss: 65.5421
Epoch 1252, Loss: 65.5423
Epoch 1253, Loss: 65.5568
Epoch 1254, Loss: 65.5053
Epoch 1255, Loss: 65.5879
Epoch 1256, Loss: 65.5919
Epoch 1257, Loss: 65.6370
Epoch 1258, Loss: 65.5440
Epoch 1259, Loss: 65.5943
Epoch 1260, Loss: 65.6844
Epoch 1260, LR: 1.0000000000000002e-06
Epoch 1261, Loss: 65.5844
Epoch 1262, Loss: 65.6858
Epoch 1263, Loss: 65.5899
Epoch 1264, Loss: 65.6481
Epoch 1265, Loss: 65.5543
Epoch 1266, Loss: 65.6297
Epoch 1267, Loss: 65.6685
Epoch 1268, Loss: 65.5993
Epoch 1269, Loss: 65.6027
Epoch 1270, Loss: 65.5750
Epoch 1270, LR: 1.0000000000000002e-06
Epoch 1271, Loss: 65.5731
Epoch 1272, Loss: 65.5268
Epoch 1273, Loss: 65.5836
Epoch 1274, Loss: 65.5701
Epoch 1275, Loss: 65.6554
Epoch 1276, Loss: 65.5127
Epoch 1277, Loss: 65.5106
Epoch 1278, Loss: 65.5399
Epoch 1279, Loss: 65.5280
Epoch 1280, Loss: 65.5024
Epoch 1280, LR: 1.0000000000000002e-06
Epoch 1281, Loss: 65.6242
Epoch 1282, Loss: 65.5126
Epoch 1283, Loss: 65.5965
Epoch 1284, Loss: 65.6157
Epoch 1285, Loss: 65.5489
Epoch 1286, Loss: 65.5847
Epoch 1287, Loss: 65.4951
Epoch 1288, Loss: 65.5368
Epoch 1289, Loss: 65.5073
Epoch 1290, Loss: 65.4687
Epoch 1290, LR: 1.0000000000000002e-06
Epoch 1291, Loss: 65.5975
Epoch 1292, Loss: 65.6693
Epoch 1293, Loss: 65.5467
Epoch 1294, Loss: 65.6183
Epoch 1295, Loss: 65.5745
Epoch 1296, Loss: 65.5702
Epoch 1297, Loss: 65.6421
Epoch 1298, Loss: 65.6396
Epoch 1299, Loss: 65.6034
Epoch 1300, Loss: 65.5451
Epoch 1300, LR: 1.0000000000000002e-06
Epoch 1301, Loss: 65.5232
Epoch 1302, Loss: 65.5759
Epoch 1303, Loss: 65.5930
Epoch 1304, Loss: 65.5560
Epoch 1305, Loss: 65.5515
Epoch 1306, Loss: 65.4914
Epoch 1307, Loss: 65.5828
Epoch 1308, Loss: 65.5320
Epoch 1309, Loss: 65.5946
Epoch 1310, Loss: 65.6243
Epoch 1310, LR: 1.0000000000000002e-06
Epoch 1311, Loss: 65.5379
Epoch 1312, Loss: 65.6195
Epoch 1313, Loss: 65.5614
Epoch 1314, Loss: 65.6174
Epoch 1315, Loss: 65.5893
Epoch 1316, Loss: 65.6362
Epoch 1317, Loss: 65.5399
Epoch 1318, Loss: 65.6442
Epoch 1319, Loss: 65.6281
Epoch 1320, Loss: 65.5534
Epoch 1320, LR: 1.0000000000000002e-06
Epoch 1321, Loss: 65.5862
Epoch 1322, Loss: 65.5750
Epoch 1323, Loss: 65.6499
Epoch 1324, Loss: 65.5364
Epoch 1325, Loss: 65.6149
Epoch 1326, Loss: 65.5335
Epoch 1327, Loss: 65.6014
Epoch 1328, Loss: 65.6102
Epoch 1329, Loss: 65.5010
Epoch 1330, Loss: 65.5455
Epoch 1330, LR: 1.0000000000000002e-06
Epoch 1331, Loss: 65.5876
Epoch 1332, Loss: 65.5644
Epoch 1333, Loss: 65.5531
Epoch 1334, Loss: 65.5214
Epoch 1335, Loss: 65.5697
Epoch 1336, Loss: 65.5879
Epoch 1337, Loss: 65.5851
Epoch 1338, Loss: 65.6031
Epoch 1339, Loss: 65.6093
Epoch 1340, Loss: 65.6003
Epoch 1340, LR: 1.0000000000000002e-06
Epoch 1341, Loss: 65.5108
Epoch 1342, Loss: 65.5266
Epoch 1343, Loss: 65.5501
Epoch 1344, Loss: 65.6364
Epoch 1345, Loss: 65.5328
Epoch 1346, Loss: 65.6665
Epoch 1347, Loss: 65.5883
Epoch 1348, Loss: 65.5248
Epoch 1349, Loss: 65.5354
Epoch 1350, Loss: 65.5978
Epoch 1350, LR: 1.0000000000000002e-06
Epoch 1351, Loss: 65.6365
Epoch 1352, Loss: 65.6105
Epoch 1353, Loss: 65.5302
Epoch 1354, Loss: 65.6169
Epoch 1355, Loss: 65.5217
Epoch 1356, Loss: 65.5972
Epoch 1357, Loss: 65.5223
Epoch 1358, Loss: 65.4724
Epoch 1359, Loss: 65.4848
Epoch 1360, Loss: 65.6039
Epoch 1360, LR: 1.0000000000000002e-06
Epoch 1361, Loss: 65.5285
Epoch 1362, Loss: 65.5385
Epoch 1363, Loss: 65.5615
Epoch 1364, Loss: 65.5592
Epoch 1365, Loss: 65.5971
Epoch 1366, Loss: 65.5506
Epoch 1367, Loss: 65.5832
Epoch 1368, Loss: 65.6459
Epoch 1369, Loss: 65.5872
Epoch 1370, Loss: 65.5651
Epoch 1370, LR: 1.0000000000000002e-06
Epoch 1371, Loss: 65.5437
Epoch 1372, Loss: 65.5245
Epoch 1373, Loss: 65.5625
Epoch 1374, Loss: 65.5904
Epoch 1375, Loss: 65.5519
Epoch 1376, Loss: 65.5233
Epoch 1377, Loss: 65.5362
Epoch 1378, Loss: 65.5831
Epoch 1379, Loss: 65.6055
Epoch 1380, Loss: 65.5740
Epoch 1380, LR: 1.0000000000000002e-06
Epoch 1381, Loss: 65.6010
Epoch 1382, Loss: 65.5919
Epoch 1383, Loss: 65.5911
Epoch 1384, Loss: 65.5549
Epoch 1385, Loss: 65.6166
Epoch 1386, Loss: 65.5247
Epoch 1387, Loss: 65.6007
Epoch 1388, Loss: 65.5401
Epoch 1389, Loss: 65.5451
Epoch 1390, Loss: 65.5460
Epoch 1390, LR: 1.0000000000000002e-06
Epoch 1391, Loss: 65.5458
Epoch 1392, Loss: 65.4951
Epoch 1393, Loss: 65.5290
Epoch 1394, Loss: 65.5918
Epoch 1395, Loss: 65.4918
Epoch 1396, Loss: 65.4769
Epoch 1397, Loss: 65.5678
Epoch 1398, Loss: 65.5678
Epoch 1399, Loss: 65.5440
Epoch 1400, Loss: 65.5687
Epoch 1400, LR: 1.0000000000000002e-06
Epoch 1401, Loss: 65.5375
Epoch 1402, Loss: 65.5352
Epoch 1403, Loss: 65.4889
Epoch 1404, Loss: 65.5789
Epoch 1405, Loss: 65.5167
Epoch 1406, Loss: 65.5387
Epoch 1407, Loss: 65.4265
Epoch 1408, Loss: 65.4571
Epoch 1409, Loss: 65.5000
Epoch 1410, Loss: 65.5274
Epoch 1410, LR: 1.0000000000000002e-06
Epoch 1411, Loss: 65.5269
Epoch 1412, Loss: 65.5790
Epoch 1413, Loss: 65.5120
Epoch 1414, Loss: 65.5983
Epoch 1415, Loss: 65.5515
Epoch 1416, Loss: 65.4589
Epoch 1417, Loss: 65.4998
Epoch 1418, Loss: 65.5678
Epoch 1419, Loss: 65.5659
Epoch 1420, Loss: 65.5240
Epoch 1420, LR: 1.0000000000000002e-06
Epoch 1421, Loss: 65.5617
Epoch 1422, Loss: 65.5112
Epoch 1423, Loss: 65.5633
Epoch 1424, Loss: 65.5446
Epoch 1425, Loss: 65.5193
Epoch 1426, Loss: 65.5272
Epoch 1427, Loss: 65.4639
Epoch 1428, Loss: 65.5673
Epoch 1429, Loss: 65.5576
Epoch 1430, Loss: 65.5538
Epoch 1430, LR: 1.0000000000000002e-06
Epoch 1431, Loss: 65.5206
Epoch 1432, Loss: 65.5940
Epoch 1433, Loss: 65.4944
Epoch 1434, Loss: 65.5189
Epoch 1435, Loss: 65.4778
Epoch 1436, Loss: 65.5126
Epoch 1437, Loss: 65.5502
Epoch 1438, Loss: 65.4776
Epoch 1439, Loss: 65.5579
Epoch 1440, Loss: 65.4832
Epoch 1440, LR: 1.0000000000000002e-06
Epoch 1441, Loss: 65.4928
Epoch 1442, Loss: 65.5020
Epoch 1443, Loss: 65.5387
Epoch 1444, Loss: 65.4462
Epoch 1445, Loss: 65.4813
Epoch 1446, Loss: 65.4890
Epoch 1447, Loss: 65.5931
Epoch 1448, Loss: 65.5432
Epoch 1449, Loss: 65.5325
Epoch 1450, Loss: 65.5378
Epoch 1450, LR: 1.0000000000000002e-06
Epoch 1451, Loss: 65.4827
Epoch 1452, Loss: 65.6285
Epoch 1453, Loss: 65.5077
Epoch 1454, Loss: 65.5412
Epoch 1455, Loss: 65.4492
Epoch 1456, Loss: 65.5794
Epoch 1457, Loss: 65.5349
Epoch 1458, Loss: 65.5088
Epoch 1459, Loss: 65.4777
Epoch 1460, Loss: 65.5869
Epoch 1460, LR: 1.0000000000000002e-06
Epoch 1461, Loss: 65.5714
Epoch 1462, Loss: 65.4696
Epoch 1463, Loss: 65.4873
Epoch 1464, Loss: 65.5153
Epoch 1465, Loss: 65.4629
Epoch 1466, Loss: 65.4785
Epoch 1467, Loss: 65.5274
Epoch 1468, Loss: 65.4723
Epoch 1469, Loss: 65.5316
Epoch 1470, Loss: 65.4735
Epoch 1470, LR: 1.0000000000000002e-06
Epoch 1471, Loss: 65.5291
Epoch 1472, Loss: 65.5285
Epoch 1473, Loss: 65.5297
Epoch 1474, Loss: 65.5493
Epoch 1475, Loss: 65.5220
Epoch 1476, Loss: 65.6206
Epoch 1477, Loss: 65.5095
Epoch 1478, Loss: 65.5197
Epoch 1479, Loss: 65.4928
Epoch 1480, Loss: 65.5378
Epoch 1480, LR: 1.0000000000000002e-06
Epoch 1481, Loss: 65.5476
Epoch 1482, Loss: 65.5404
Epoch 1483, Loss: 65.5193
Epoch 1484, Loss: 65.5603
Epoch 1485, Loss: 65.4689
Epoch 1486, Loss: 65.5958
Epoch 1487, Loss: 65.4920
Epoch 1488, Loss: 65.4306
Epoch 1489, Loss: 65.4720
Epoch 1490, Loss: 65.5631
Epoch 1490, LR: 1.0000000000000002e-06
Epoch 1491, Loss: 65.4981
Epoch 1492, Loss: 65.5239
Epoch 1493, Loss: 65.4918
Epoch 1494, Loss: 65.4921
Epoch 1495, Loss: 65.5015
Epoch 1496, Loss: 65.4696
Epoch 1497, Loss: 65.5173
Epoch 1498, Loss: 65.4807
Epoch 1499, Loss: 65.4642
Epoch 1500, Loss: 65.4970
Epoch 1500, LR: 1.0000000000000002e-07
Epoch 1501, Loss: 65.4437
Epoch 1502, Loss: 65.4377
Epoch 1503, Loss: 65.4934
Epoch 1504, Loss: 65.4901
Epoch 1505, Loss: 65.5173
Epoch 1506, Loss: 65.4644
Epoch 1507, Loss: 65.3919
Epoch 1508, Loss: 65.5270
Epoch 1509, Loss: 65.5213
Epoch 1510, Loss: 65.4764
Epoch 1510, LR: 1.0000000000000002e-07
Epoch 1511, Loss: 65.5767
Epoch 1512, Loss: 65.4249
Epoch 1513, Loss: 65.4648
Epoch 1514, Loss: 65.5170
Epoch 1515, Loss: 65.4797
Epoch 1516, Loss: 65.4876
Epoch 1517, Loss: 65.5005
Epoch 1518, Loss: 65.4171
Epoch 1519, Loss: 65.4503
Epoch 1520, Loss: 65.5008
Epoch 1520, LR: 1.0000000000000002e-07
Epoch 1521, Loss: 65.5340
Epoch 1522, Loss: 65.4296
Epoch 1523, Loss: 65.4761
Epoch 1524, Loss: 65.4628
Epoch 1525, Loss: 65.4463
Epoch 1526, Loss: 65.4950
Epoch 1527, Loss: 65.5142
Epoch 1528, Loss: 65.5045
Epoch 1529, Loss: 65.5112
Epoch 1530, Loss: 65.4268
Epoch 1530, LR: 1.0000000000000002e-07
Epoch 1531, Loss: 65.4951
Epoch 1532, Loss: 65.4415
Epoch 1533, Loss: 65.4378
Epoch 1534, Loss: 65.5011
Epoch 1535, Loss: 65.4380
Epoch 1536, Loss: 65.5135
Epoch 1537, Loss: 65.4559
Epoch 1538, Loss: 65.4450
Epoch 1539, Loss: 65.5217
Epoch 1540, Loss: 65.4178
Epoch 1540, LR: 1.0000000000000002e-07
Epoch 1541, Loss: 65.4662
Epoch 1542, Loss: 65.4601
Epoch 1543, Loss: 65.5093
Epoch 1544, Loss: 65.4342
Epoch 1545, Loss: 65.4168
Epoch 1546, Loss: 65.4546
Epoch 1547, Loss: 65.5319
Epoch 1548, Loss: 65.5250
Epoch 1549, Loss: 65.6062
Epoch 1550, Loss: 65.4908
Epoch 1550, LR: 1.0000000000000002e-07
Epoch 1551, Loss: 65.5720
Epoch 1552, Loss: 65.4117
Epoch 1553, Loss: 65.4528
Epoch 1554, Loss: 65.4519
Epoch 1555, Loss: 65.4100
Epoch 1556, Loss: 65.4834
Epoch 1557, Loss: 65.5061
Epoch 1558, Loss: 65.5148
Epoch 1559, Loss: 65.4553
Epoch 1560, Loss: 65.4398
Epoch 1560, LR: 1.0000000000000002e-07
Epoch 1561, Loss: 65.5083
Epoch 1562, Loss: 65.4623
Epoch 1563, Loss: 65.4348
Epoch 1564, Loss: 65.4413
Epoch 1565, Loss: 65.5018
Epoch 1566, Loss: 65.4717
Epoch 1567, Loss: 65.5136
Epoch 1568, Loss: 65.4637
Epoch 1569, Loss: 65.4659
Epoch 1570, Loss: 65.4630
Epoch 1570, LR: 1.0000000000000002e-07
Epoch 1571, Loss: 65.4194
Epoch 1572, Loss: 65.4428
Epoch 1573, Loss: 65.4069
Epoch 1574, Loss: 65.4956
Epoch 1575, Loss: 65.4671
Epoch 1576, Loss: 65.4704
Epoch 1577, Loss: 65.4542
Epoch 1578, Loss: 65.4571
Epoch 1579, Loss: 65.4795
Epoch 1580, Loss: 65.4880
Epoch 1580, LR: 1.0000000000000002e-07
Epoch 1581, Loss: 65.4244
Epoch 1582, Loss: 65.4827
Epoch 1583, Loss: 65.5197
Epoch 1584, Loss: 65.4233
Epoch 1585, Loss: 65.4472
Epoch 1586, Loss: 65.4485
Epoch 1587, Loss: 65.4851
Epoch 1588, Loss: 65.4166
Epoch 1589, Loss: 65.3858
Epoch 1590, Loss: 65.5168
Epoch 1590, LR: 1.0000000000000002e-07
Epoch 1591, Loss: 65.5252
Epoch 1592, Loss: 65.4446
Epoch 1593, Loss: 65.4319
Epoch 1594, Loss: 65.5563
Epoch 1595, Loss: 65.4610
Epoch 1596, Loss: 65.4474
Epoch 1597, Loss: 65.4928
Epoch 1598, Loss: 65.5081
Epoch 1599, Loss: 65.4477
Epoch 1600, Loss: 65.4944
Epoch 1600, LR: 1.0000000000000002e-07
Epoch 1601, Loss: 65.5021
Epoch 1602, Loss: 65.4841
Epoch 1603, Loss: 65.4021
Epoch 1604, Loss: 65.4396
Epoch 1605, Loss: 65.4737
Epoch 1606, Loss: 65.4664
Epoch 1607, Loss: 65.3649
Epoch 1608, Loss: 65.4596
Epoch 1609, Loss: 65.4924
Epoch 1610, Loss: 65.4581
Epoch 1610, LR: 1.0000000000000002e-07
Epoch 1611, Loss: 65.4936
Epoch 1612, Loss: 65.4542
Epoch 1613, Loss: 65.4583
Epoch 1614, Loss: 65.4794
Epoch 1615, Loss: 65.4821
Epoch 1616, Loss: 65.4705
Epoch 1617, Loss: 65.4517
Epoch 1618, Loss: 65.4434
Epoch 1619, Loss: 65.5168
Epoch 1620, Loss: 65.4474
Epoch 1620, LR: 1.0000000000000002e-07
Epoch 1621, Loss: 65.5284
Epoch 1622, Loss: 65.4614
Epoch 1623, Loss: 65.4291
Epoch 1624, Loss: 65.4605
Epoch 1625, Loss: 65.4972
Epoch 1626, Loss: 65.4838
Epoch 1627, Loss: 65.4994
Epoch 1628, Loss: 65.4142
Epoch 1629, Loss: 65.4283
Epoch 1630, Loss: 65.4144
Epoch 1630, LR: 1.0000000000000002e-07
Epoch 1631, Loss: 65.4534
Epoch 1632, Loss: 65.5151
Epoch 1633, Loss: 65.4961
Epoch 1634, Loss: 65.5017
Epoch 1635, Loss: 65.4893
Epoch 1636, Loss: 65.4731
Epoch 1637, Loss: 65.4287
Epoch 1638, Loss: 65.4654
Epoch 1639, Loss: 65.4048
Epoch 1640, Loss: 65.4848
Epoch 1640, LR: 1.0000000000000002e-07
Epoch 1641, Loss: 65.4652
Epoch 1642, Loss: 65.5099
Epoch 1643, Loss: 65.4508
Epoch 1644, Loss: 65.4308
Epoch 1645, Loss: 65.5027
Epoch 1646, Loss: 65.4578
Epoch 1647, Loss: 65.5000
Epoch 1648, Loss: 65.4094
Epoch 1649, Loss: 65.4662
Epoch 1650, Loss: 65.4830
Epoch 1650, LR: 1.0000000000000002e-07
Epoch 1651, Loss: 65.4737
Epoch 1652, Loss: 65.4442
Epoch 1653, Loss: 65.4724
Epoch 1654, Loss: 65.5018
Epoch 1655, Loss: 65.4885
Epoch 1656, Loss: 65.4509
Epoch 1657, Loss: 65.4949
Epoch 1658, Loss: 65.4868
Epoch 1659, Loss: 65.4441
Epoch 1660, Loss: 65.5052
Epoch 1660, LR: 1.0000000000000002e-07
Epoch 1661, Loss: 65.4669
Epoch 1662, Loss: 65.4766
Epoch 1663, Loss: 65.5130
Epoch 1664, Loss: 65.5364
Epoch 1665, Loss: 65.4754
Epoch 1666, Loss: 65.4791
Epoch 1667, Loss: 65.3636
Epoch 1668, Loss: 65.4008
Epoch 1669, Loss: 65.4594
Epoch 1670, Loss: 65.5077
Epoch 1670, LR: 1.0000000000000002e-07
Epoch 1671, Loss: 65.4849
Epoch 1672, Loss: 65.5044
Epoch 1673, Loss: 65.4223
Epoch 1674, Loss: 65.4845
Epoch 1675, Loss: 65.5393
Epoch 1676, Loss: 65.4214
Epoch 1677, Loss: 65.3958
Epoch 1678, Loss: 65.4542
Epoch 1679, Loss: 65.4546
Epoch 1680, Loss: 65.4320
Epoch 1680, LR: 1.0000000000000002e-07
Epoch 1681, Loss: 65.4875
Epoch 1682, Loss: 65.4560
Epoch 1683, Loss: 65.4321
Epoch 1684, Loss: 65.4528
Epoch 1685, Loss: 65.5041
Epoch 1686, Loss: 65.5121
Epoch 1687, Loss: 65.5099
Epoch 1688, Loss: 65.4407
Epoch 1689, Loss: 65.4944
Epoch 1690, Loss: 65.5033
Epoch 1690, LR: 1.0000000000000002e-07
Epoch 1691, Loss: 65.4119
Epoch 1692, Loss: 65.4355
Epoch 1693, Loss: 65.5223
Epoch 1694, Loss: 65.5348
Epoch 1695, Loss: 65.4669
Epoch 1696, Loss: 65.4236
Epoch 1697, Loss: 65.4976
Epoch 1698, Loss: 65.5019
Epoch 1699, Loss: 65.4545
Epoch 1700, Loss: 65.3767
Epoch 1700, LR: 1.0000000000000002e-07
Epoch 1701, Loss: 65.4374
Epoch 1702, Loss: 65.4448
Epoch 1703, Loss: 65.4186
Epoch 1704, Loss: 65.5160
Epoch 1705, Loss: 65.4794
Epoch 1706, Loss: 65.5217
Epoch 1707, Loss: 65.4841
Epoch 1708, Loss: 65.4900
Epoch 1709, Loss: 65.4425
Epoch 1710, Loss: 65.4549
Epoch 1710, LR: 1.0000000000000002e-07
Epoch 1711, Loss: 65.4843
Epoch 1712, Loss: 65.4245
Epoch 1713, Loss: 65.4579
slurmstepd-hbnode-24: error: *** JOB 2198182 ON hbnode-24 CANCELLED AT 2025-06-27T04:47:19 DUE TO TIME LIMIT ***
