rm: cannot remove '/hb/home/tsatoper/cat-generator/results/4': No such file or directory
Saved config to
/hb/home/tsatoper/cat-generator/results/4/config.json
{'batch_size': 64, 'epochs': 2000, 'lr': 0.0001, 'latent_dim': 1024, 'beta': 4.0, 'data_path': '/hb/home/tsatoper/cat-generator/data', 'save_dir': '/hb/home/tsatoper/cat-generator/results/4', 'resume': 'null', 'job_id': '4'}
Using device: cuda
Epoch 1, Loss: 542.1187
Epoch 1, LR: 0.0001
Epoch 2, Loss: 279.9270
Epoch 3, Loss: 243.6634
Epoch 4, Loss: 227.4820
Epoch 5, Loss: 213.2525
Epoch 6, Loss: 195.8329
Epoch 7, Loss: 185.0632
Epoch 8, Loss: 177.9283
Epoch 9, Loss: 173.0068
Epoch 10, Loss: 169.3001
Epoch 10, LR: 0.0001
Epoch 11, Loss: 165.1906
Epoch 12, Loss: 161.2464
Epoch 13, Loss: 158.5035
Epoch 14, Loss: 156.6015
Epoch 15, Loss: 152.4853
Epoch 16, Loss: 150.5567
Epoch 17, Loss: 148.4401
Epoch 18, Loss: 146.3965
Epoch 19, Loss: 144.1010
Epoch 20, Loss: 142.6707
Epoch 20, LR: 0.0001
Epoch 21, Loss: 141.2852
Epoch 22, Loss: 138.8222
Epoch 23, Loss: 137.5259
Epoch 24, Loss: 135.5753
Epoch 25, Loss: 134.8916
Epoch 26, Loss: 134.4863
Epoch 27, Loss: 131.9582
Epoch 28, Loss: 129.9350
Epoch 29, Loss: 129.0298
Epoch 30, Loss: 127.9717
Epoch 30, LR: 0.0001
Epoch 31, Loss: 127.3467
Epoch 32, Loss: 126.7105
Epoch 33, Loss: 125.3443
Epoch 34, Loss: 123.2180
Epoch 35, Loss: 122.8178
Epoch 36, Loss: 121.9834
Epoch 37, Loss: 122.5333
Epoch 38, Loss: 120.5950
Epoch 39, Loss: 120.1143
Epoch 40, Loss: 118.2589
Epoch 40, LR: 0.0001
Epoch 41, Loss: 117.5282
Epoch 42, Loss: 118.0110
Epoch 43, Loss: 116.1073
Epoch 44, Loss: 116.0022
Epoch 45, Loss: 116.2399
Epoch 46, Loss: 114.8883
Epoch 47, Loss: 113.9410
Epoch 48, Loss: 113.7917
Epoch 49, Loss: 112.8542
Epoch 50, Loss: 112.2835
Epoch 50, LR: 0.0001
Epoch 51, Loss: 112.0818
Epoch 52, Loss: 110.6408
Epoch 53, Loss: 110.9182
Epoch 54, Loss: 109.9961
Epoch 55, Loss: 109.6734
Epoch 56, Loss: 108.6263
Epoch 57, Loss: 108.9861
Epoch 58, Loss: 108.0434
Epoch 59, Loss: 107.3574
Epoch 60, Loss: 107.6877
Epoch 60, LR: 0.0001
Epoch 61, Loss: 106.6080
Epoch 62, Loss: 107.1720
Epoch 63, Loss: 105.5615
Epoch 64, Loss: 105.9511
Epoch 65, Loss: 104.4135
Epoch 66, Loss: 105.8646
Epoch 67, Loss: 104.5994
Epoch 68, Loss: 104.1639
Epoch 69, Loss: 103.2482
Epoch 70, Loss: 103.2851
Epoch 70, LR: 0.0001
Epoch 71, Loss: 102.2647
Epoch 72, Loss: 102.8949
Epoch 73, Loss: 102.3122
Epoch 74, Loss: 101.9151
Epoch 75, Loss: 101.4887
Epoch 76, Loss: 100.5006
Epoch 77, Loss: 101.0943
Epoch 78, Loss: 99.8752
Epoch 79, Loss: 100.6462
Epoch 80, Loss: 99.6376
Epoch 80, LR: 0.0001
Epoch 81, Loss: 99.6868
Epoch 82, Loss: 98.8297
Epoch 83, Loss: 99.0539
Epoch 84, Loss: 98.7181
Epoch 85, Loss: 98.5830
Epoch 86, Loss: 98.1300
Epoch 87, Loss: 98.2634
Epoch 88, Loss: 98.0472
Epoch 89, Loss: 97.5537
Epoch 90, Loss: 97.3447
Epoch 90, LR: 0.0001
Epoch 91, Loss: 96.5045
Epoch 92, Loss: 96.6367
Epoch 93, Loss: 96.5738
Epoch 94, Loss: 95.8879
Epoch 95, Loss: 95.4229
Epoch 96, Loss: 95.6265
Epoch 97, Loss: 95.0465
Epoch 98, Loss: 95.5783
Epoch 99, Loss: 94.9292
Epoch 100, Loss: 94.7485
Epoch 100, LR: 0.0001
Epoch 101, Loss: 94.9990
Epoch 102, Loss: 94.2829
Epoch 103, Loss: 94.5768
Epoch 104, Loss: 93.7785
Epoch 105, Loss: 93.6447
Epoch 106, Loss: 93.1254
Epoch 107, Loss: 93.5154
Epoch 108, Loss: 94.0486
Epoch 109, Loss: 93.1506
Epoch 110, Loss: 93.0700
Epoch 110, LR: 0.0001
Epoch 111, Loss: 92.6136
Epoch 112, Loss: 92.1339
Epoch 113, Loss: 91.9159
Epoch 114, Loss: 92.1716
Epoch 115, Loss: 91.7768
Epoch 116, Loss: 91.9472
Epoch 117, Loss: 91.4436
Epoch 118, Loss: 91.3245
Epoch 119, Loss: 91.2308
Epoch 120, Loss: 91.0606
Epoch 120, LR: 0.0001
Epoch 121, Loss: 90.9221
Epoch 122, Loss: 90.7497
Epoch 123, Loss: 90.2195
Epoch 124, Loss: 90.7529
Epoch 125, Loss: 90.6129
Epoch 126, Loss: 89.8898
Epoch 127, Loss: 89.9545
Epoch 128, Loss: 89.9022
Epoch 129, Loss: 89.4087
Epoch 130, Loss: 89.7751
Epoch 130, LR: 0.0001
Epoch 131, Loss: 89.3481
Epoch 132, Loss: 89.2617
Epoch 133, Loss: 89.4195
Epoch 134, Loss: 88.5481
Epoch 135, Loss: 88.7216
Epoch 136, Loss: 89.0575
Epoch 137, Loss: 88.5586
Epoch 138, Loss: 88.2769
Epoch 139, Loss: 88.4986
Epoch 140, Loss: 88.0971
Epoch 140, LR: 0.0001
Epoch 141, Loss: 88.2514
Epoch 142, Loss: 88.3198
Epoch 143, Loss: 87.5960
Epoch 144, Loss: 88.1841
Epoch 145, Loss: 87.5881
Epoch 146, Loss: 87.2464
Epoch 147, Loss: 87.5645
Epoch 148, Loss: 87.2576
Epoch 149, Loss: 86.8940
Epoch 150, Loss: 86.6089
Epoch 150, LR: 0.0001
Epoch 151, Loss: 86.7356
Epoch 152, Loss: 86.7329
Epoch 153, Loss: 86.2588
Epoch 154, Loss: 86.7387
Epoch 155, Loss: 86.4497
Epoch 156, Loss: 86.4622
Epoch 157, Loss: 85.9414
Epoch 158, Loss: 86.2916
Epoch 159, Loss: 85.9015
Epoch 160, Loss: 85.7996
Epoch 160, LR: 0.0001
Epoch 161, Loss: 85.9565
Epoch 162, Loss: 85.1407
Epoch 163, Loss: 84.6538
Epoch 164, Loss: 85.8287
Epoch 165, Loss: 84.8081
Epoch 166, Loss: 84.6939
Epoch 167, Loss: 84.3274
Epoch 168, Loss: 84.6650
Epoch 169, Loss: 84.6621
Epoch 170, Loss: 84.1206
Epoch 170, LR: 0.0001
Epoch 171, Loss: 84.2511
Epoch 172, Loss: 83.9868
Epoch 173, Loss: 83.5031
Epoch 174, Loss: 83.5699
Epoch 175, Loss: 83.1172
Epoch 176, Loss: 82.9879
Epoch 177, Loss: 83.2500
Epoch 178, Loss: 82.7575
Epoch 179, Loss: 82.8231
Epoch 180, Loss: 82.9851
Epoch 180, LR: 0.0001
Epoch 181, Loss: 83.0367
Epoch 182, Loss: 82.8983
Epoch 183, Loss: 82.2871
Epoch 184, Loss: 82.6152
Epoch 185, Loss: 82.4475
Epoch 186, Loss: 82.2686
Epoch 187, Loss: 82.2697
Epoch 188, Loss: 82.1745
Epoch 189, Loss: 81.6683
Epoch 190, Loss: 81.8885
Epoch 190, LR: 0.0001
Epoch 191, Loss: 81.4593
Epoch 192, Loss: 81.8765
Epoch 193, Loss: 81.9481
Epoch 194, Loss: 81.3349
Epoch 195, Loss: 80.9692
Epoch 196, Loss: 81.7069
Epoch 197, Loss: 81.0411
Epoch 198, Loss: 80.8147
Epoch 199, Loss: 80.8855
Epoch 200, Loss: 80.7139
Epoch 200, LR: 0.0001
Epoch 201, Loss: 80.7857
Epoch 202, Loss: 80.4579
Epoch 203, Loss: 80.5149
Epoch 204, Loss: 80.6489
Epoch 205, Loss: 80.5793
Epoch 206, Loss: 80.4734
Epoch 207, Loss: 80.2644
Epoch 208, Loss: 80.0112
Epoch 209, Loss: 80.5449
Epoch 210, Loss: 79.8052
Epoch 210, LR: 0.0001
Epoch 211, Loss: 79.7577
Epoch 212, Loss: 79.9598
Epoch 213, Loss: 79.5619
Epoch 214, Loss: 79.3703
Epoch 215, Loss: 79.7387
Epoch 216, Loss: 79.1149
Epoch 217, Loss: 79.3014
Epoch 218, Loss: 78.9589
Epoch 219, Loss: 79.7467
Epoch 220, Loss: 79.5775
Epoch 220, LR: 0.0001
Epoch 221, Loss: 79.2824
Epoch 222, Loss: 78.6149
Epoch 223, Loss: 79.1372
Epoch 224, Loss: 78.7720
Epoch 225, Loss: 78.6421
Epoch 226, Loss: 78.6767
Epoch 227, Loss: 78.5229
Epoch 228, Loss: 78.5535
Epoch 229, Loss: 78.4287
Epoch 230, Loss: 78.2379
Epoch 230, LR: 0.0001
Epoch 231, Loss: 78.3885
Epoch 232, Loss: 78.0744
Epoch 233, Loss: 78.1460
Epoch 234, Loss: 77.9762
Epoch 235, Loss: 77.5509
Epoch 236, Loss: 77.4904
Epoch 237, Loss: 78.0902
Epoch 238, Loss: 77.8249
Epoch 239, Loss: 77.6938
Epoch 240, Loss: 78.1820
Epoch 240, LR: 0.0001
Epoch 241, Loss: 77.3573
Epoch 242, Loss: 77.4295
Epoch 243, Loss: 77.3645
Epoch 244, Loss: 77.1825
Epoch 245, Loss: 76.9566
Epoch 246, Loss: 77.1832
Epoch 247, Loss: 76.9661
Epoch 248, Loss: 77.3520
Epoch 249, Loss: 77.2477
Epoch 250, Loss: 76.9440
Epoch 250, LR: 0.0001
Epoch 251, Loss: 77.1161
Epoch 252, Loss: 76.7717
Epoch 253, Loss: 76.8917
Epoch 254, Loss: 77.0484
Epoch 255, Loss: 76.6245
Epoch 256, Loss: 76.6997
Epoch 257, Loss: 76.2334
Epoch 258, Loss: 76.3014
Epoch 259, Loss: 76.3308
Epoch 260, Loss: 76.1913
Epoch 260, LR: 0.0001
Epoch 261, Loss: 76.2231
Epoch 262, Loss: 76.0378
Epoch 263, Loss: 75.8679
Epoch 264, Loss: 75.7994
Epoch 265, Loss: 75.9431
Epoch 266, Loss: 75.6700
Epoch 267, Loss: 75.7869
Epoch 268, Loss: 75.8614
Epoch 269, Loss: 75.7223
Epoch 270, Loss: 75.7158
Epoch 270, LR: 0.0001
Epoch 271, Loss: 75.4355
Epoch 272, Loss: 75.3465
Epoch 273, Loss: 75.4197
Epoch 274, Loss: 75.4176
Epoch 275, Loss: 74.9609
Epoch 276, Loss: 75.1085
Epoch 277, Loss: 75.2615
Epoch 278, Loss: 74.9390
Epoch 279, Loss: 75.2835
Epoch 280, Loss: 74.9665
Epoch 280, LR: 0.0001
Epoch 281, Loss: 74.9759
Epoch 282, Loss: 75.0793
Epoch 283, Loss: 74.6465
Epoch 284, Loss: 74.8417
Epoch 285, Loss: 74.8214
Epoch 286, Loss: 74.7609
Epoch 287, Loss: 74.7369
Epoch 288, Loss: 75.1401
Epoch 289, Loss: 74.4528
Epoch 290, Loss: 74.3286
Epoch 290, LR: 0.0001
Epoch 291, Loss: 74.3240
Epoch 292, Loss: 74.2571
Epoch 293, Loss: 74.4701
Epoch 294, Loss: 74.2328
Epoch 295, Loss: 74.0270
Epoch 296, Loss: 74.0808
Epoch 297, Loss: 73.9456
Epoch 298, Loss: 74.1122
Epoch 299, Loss: 74.1916
Epoch 300, Loss: 74.0321
Epoch 300, LR: 0.0001
Epoch 301, Loss: 73.8565
Epoch 302, Loss: 73.9346
Epoch 303, Loss: 74.0204
Epoch 304, Loss: 74.3825
Epoch 305, Loss: 73.6679
Epoch 306, Loss: 73.4600
Epoch 307, Loss: 73.5126
Epoch 308, Loss: 73.8867
Epoch 309, Loss: 73.5317
Epoch 310, Loss: 73.3942
Epoch 310, LR: 0.0001
Epoch 311, Loss: 73.2912
Epoch 312, Loss: 73.5207
Epoch 313, Loss: 73.4613
Epoch 314, Loss: 73.5528
Epoch 315, Loss: 73.5058
Epoch 316, Loss: 73.2008
Epoch 317, Loss: 73.1823
Epoch 318, Loss: 73.2503
Epoch 319, Loss: 73.1288
Epoch 320, Loss: 72.6219
Epoch 320, LR: 0.0001
Epoch 321, Loss: 72.9523
Epoch 322, Loss: 73.1029
Epoch 323, Loss: 73.1110
Epoch 324, Loss: 72.8068
Epoch 325, Loss: 73.0824
Epoch 326, Loss: 72.8179
Epoch 327, Loss: 72.6861
Epoch 328, Loss: 72.8239
Epoch 329, Loss: 72.6316
Epoch 330, Loss: 72.6348
Epoch 330, LR: 0.0001
Epoch 331, Loss: 72.6583
Epoch 332, Loss: 72.5137
Epoch 333, Loss: 72.7792
Epoch 334, Loss: 72.2428
Epoch 335, Loss: 72.4330
Epoch 336, Loss: 72.7677
Epoch 337, Loss: 72.5090
Epoch 338, Loss: 72.2875
Epoch 339, Loss: 72.3303
Epoch 340, Loss: 72.3771
Epoch 340, LR: 0.0001
Epoch 341, Loss: 72.0954
Epoch 342, Loss: 71.8314
Epoch 343, Loss: 71.9059
Epoch 344, Loss: 71.7831
Epoch 345, Loss: 72.1364
Epoch 346, Loss: 71.6436
Epoch 347, Loss: 71.7645
Epoch 348, Loss: 71.9723
Epoch 349, Loss: 72.0730
Epoch 350, Loss: 72.0308
Epoch 350, LR: 0.0001
Epoch 351, Loss: 71.6294
Epoch 352, Loss: 71.6006
Epoch 353, Loss: 71.6149
Epoch 354, Loss: 72.0092
Epoch 355, Loss: 71.8828
Epoch 356, Loss: 71.8535
Epoch 357, Loss: 71.4086
Epoch 358, Loss: 71.4148
Epoch 359, Loss: 71.5230
Epoch 360, Loss: 71.5227
Epoch 360, LR: 0.0001
Epoch 361, Loss: 71.8306
Epoch 362, Loss: 71.3407
Epoch 363, Loss: 71.5280
Epoch 364, Loss: 71.3389
Epoch 365, Loss: 71.1908
Epoch 366, Loss: 70.9122
Epoch 367, Loss: 71.1781
Epoch 368, Loss: 71.0929
Epoch 369, Loss: 71.0030
Epoch 370, Loss: 71.2653
Epoch 370, LR: 0.0001
Epoch 371, Loss: 70.9230
Epoch 372, Loss: 70.7738
Epoch 373, Loss: 70.7703
Epoch 374, Loss: 71.3855
Epoch 375, Loss: 70.9646
Epoch 376, Loss: 70.9221
Epoch 377, Loss: 70.9364
Epoch 378, Loss: 70.6601
Epoch 379, Loss: 70.6595
Epoch 380, Loss: 70.4697
Epoch 380, LR: 0.0001
Epoch 381, Loss: 70.5887
Epoch 382, Loss: 70.6537
Epoch 383, Loss: 70.6717
Epoch 384, Loss: 70.4728
Epoch 385, Loss: 70.8968
Epoch 386, Loss: 70.5031
Epoch 387, Loss: 70.5747
Epoch 388, Loss: 70.4279
Epoch 389, Loss: 70.1988
Epoch 390, Loss: 70.2768
Epoch 390, LR: 0.0001
Epoch 391, Loss: 70.2922
Epoch 392, Loss: 70.7080
Epoch 393, Loss: 69.9992
Epoch 394, Loss: 70.3127
Epoch 395, Loss: 70.3137
Epoch 396, Loss: 70.3657
Epoch 397, Loss: 70.7153
Epoch 398, Loss: 70.2887
Epoch 399, Loss: 70.1418
Epoch 400, Loss: 70.0358
Epoch 400, LR: 0.0001
Epoch 401, Loss: 70.0714
Epoch 402, Loss: 70.0233
Epoch 403, Loss: 70.0247
Epoch 404, Loss: 70.1059
Epoch 405, Loss: 69.9508
Epoch 406, Loss: 69.7169
Epoch 407, Loss: 69.6999
Epoch 408, Loss: 69.6496
Epoch 409, Loss: 69.9522
Epoch 410, Loss: 69.5787
Epoch 410, LR: 0.0001
Epoch 411, Loss: 69.8870
Epoch 412, Loss: 69.8473
Epoch 413, Loss: 69.6874
Epoch 414, Loss: 69.6949
Epoch 415, Loss: 69.5132
Epoch 416, Loss: 69.5350
Epoch 417, Loss: 69.5545
Epoch 418, Loss: 69.5846
Epoch 419, Loss: 69.1670
Epoch 420, Loss: 69.4324
Epoch 420, LR: 0.0001
Epoch 421, Loss: 69.1965
Epoch 422, Loss: 69.4586
Epoch 423, Loss: 69.3833
Epoch 424, Loss: 69.3869
Epoch 425, Loss: 69.2728
Epoch 426, Loss: 69.1495
Epoch 427, Loss: 69.2589
Epoch 428, Loss: 69.1719
Epoch 429, Loss: 69.2008
Epoch 430, Loss: 69.1701
Epoch 430, LR: 0.0001
Epoch 431, Loss: 69.3737
Epoch 432, Loss: 68.9968
Epoch 433, Loss: 68.9566
Epoch 434, Loss: 68.8952
Epoch 435, Loss: 69.1418
Epoch 436, Loss: 69.2597
Epoch 437, Loss: 68.9567
Epoch 438, Loss: 68.7807
Epoch 439, Loss: 68.8873
Epoch 440, Loss: 68.7712
Epoch 440, LR: 0.0001
Epoch 441, Loss: 69.3918
Epoch 442, Loss: 69.5042
Epoch 443, Loss: 68.9136
Epoch 444, Loss: 68.5771
Epoch 445, Loss: 68.4150
Epoch 446, Loss: 68.6381
Epoch 447, Loss: 69.2869
Epoch 448, Loss: 68.8652
Epoch 449, Loss: 68.7851
Epoch 450, Loss: 68.6610
Epoch 450, LR: 0.0001
Epoch 451, Loss: 68.5371
Epoch 452, Loss: 68.8301
Epoch 453, Loss: 68.6377
Epoch 454, Loss: 68.8888
Epoch 455, Loss: 68.5264
Epoch 456, Loss: 68.3270
Epoch 457, Loss: 68.0980
Epoch 458, Loss: 68.2998
Epoch 459, Loss: 68.4164
Epoch 460, Loss: 68.3505
Epoch 460, LR: 0.0001
Epoch 461, Loss: 68.4325
Epoch 462, Loss: 68.1978
Epoch 463, Loss: 68.4160
Epoch 464, Loss: 68.4850
Epoch 465, Loss: 68.4558
Epoch 466, Loss: 68.0630
Epoch 467, Loss: 68.3104
Epoch 468, Loss: 68.2168
Epoch 469, Loss: 67.9979
Epoch 470, Loss: 68.0185
Epoch 470, LR: 0.0001
Epoch 471, Loss: 68.0238
Epoch 472, Loss: 68.1325
Epoch 473, Loss: 68.1545
Epoch 474, Loss: 68.1266
Epoch 475, Loss: 67.8366
Epoch 476, Loss: 67.7813
Epoch 477, Loss: 68.3823
Epoch 478, Loss: 68.0575
Epoch 479, Loss: 67.8527
Epoch 480, Loss: 67.9661
Epoch 480, LR: 0.0001
Epoch 481, Loss: 67.6723
Epoch 482, Loss: 67.9616
Epoch 483, Loss: 67.7918
Epoch 484, Loss: 67.7766
Epoch 485, Loss: 67.8652
Epoch 486, Loss: 67.7698
Epoch 487, Loss: 67.4308
Epoch 488, Loss: 67.8429
Epoch 489, Loss: 67.6215
Epoch 490, Loss: 67.8826
Epoch 490, LR: 0.0001
Epoch 491, Loss: 68.0416
Epoch 492, Loss: 68.1995
Epoch 493, Loss: 67.9343
Epoch 494, Loss: 67.7783
Epoch 495, Loss: 67.3469
Epoch 496, Loss: 67.4035
Epoch 497, Loss: 67.4140
Epoch 498, Loss: 67.6500
Epoch 499, Loss: 67.3455
Epoch 500, Loss: 67.7809
Epoch 500, LR: 1e-05
Epoch 501, Loss: 66.0805
Epoch 502, Loss: 65.6164
Epoch 503, Loss: 65.3916
Epoch 504, Loss: 65.2512
Epoch 505, Loss: 65.2337
Epoch 506, Loss: 65.1198
Epoch 507, Loss: 65.0441
Epoch 508, Loss: 65.0303
Epoch 509, Loss: 65.0105
Epoch 510, Loss: 64.9987
Epoch 510, LR: 1e-05
Epoch 511, Loss: 64.8630
Epoch 512, Loss: 64.8404
Epoch 513, Loss: 64.8778
Epoch 514, Loss: 64.8317
Epoch 515, Loss: 64.7350
Epoch 516, Loss: 64.6840
Epoch 517, Loss: 64.8003
Epoch 518, Loss: 64.7146
Epoch 519, Loss: 64.7500
Epoch 520, Loss: 64.6964
Epoch 520, LR: 1e-05
Epoch 521, Loss: 64.6298
Epoch 522, Loss: 64.5810
Epoch 523, Loss: 64.6106
Epoch 524, Loss: 64.5946
Epoch 525, Loss: 64.6310
Epoch 526, Loss: 64.5761
Epoch 527, Loss: 64.5346
Epoch 528, Loss: 64.5741
Epoch 529, Loss: 64.5854
Epoch 530, Loss: 64.5172
Epoch 530, LR: 1e-05
Epoch 531, Loss: 64.5302
Epoch 532, Loss: 64.5726
Epoch 533, Loss: 64.5175
Epoch 534, Loss: 64.4140
Epoch 535, Loss: 64.4350
Epoch 536, Loss: 64.4685
Epoch 537, Loss: 64.4878
Epoch 538, Loss: 64.3589
Epoch 539, Loss: 64.5008
Epoch 540, Loss: 64.3173
Epoch 540, LR: 1e-05
Epoch 541, Loss: 64.3530
Epoch 542, Loss: 64.3593
Epoch 543, Loss: 64.3686
Epoch 544, Loss: 64.4074
Epoch 545, Loss: 64.3351
Epoch 546, Loss: 64.3586
Epoch 547, Loss: 64.3150
Epoch 548, Loss: 64.3965
Epoch 549, Loss: 64.3454
Epoch 550, Loss: 64.1928
Epoch 550, LR: 1e-05
Epoch 551, Loss: 64.3587
Epoch 552, Loss: 64.2170
Epoch 553, Loss: 64.2991
Epoch 554, Loss: 64.2509
Epoch 555, Loss: 64.3036
Epoch 556, Loss: 64.2161
Epoch 557, Loss: 64.2511
Epoch 558, Loss: 64.2546
Epoch 559, Loss: 64.2146
Epoch 560, Loss: 64.2334
Epoch 560, LR: 1e-05
Epoch 561, Loss: 64.2126
Epoch 562, Loss: 64.2272
Epoch 563, Loss: 64.1912
Epoch 564, Loss: 64.1491
Epoch 565, Loss: 64.1910
Epoch 566, Loss: 64.1316
Epoch 567, Loss: 64.2217
Epoch 568, Loss: 64.1006
Epoch 569, Loss: 64.0470
Epoch 570, Loss: 64.1376
Epoch 570, LR: 1e-05
Epoch 571, Loss: 64.1182
Epoch 572, Loss: 64.1910
Epoch 573, Loss: 64.0066
Epoch 574, Loss: 64.1462
Epoch 575, Loss: 64.0841
Epoch 576, Loss: 64.0485
Epoch 577, Loss: 63.9582
Epoch 578, Loss: 64.0783
Epoch 579, Loss: 64.0669
Epoch 580, Loss: 63.9454
Epoch 580, LR: 1e-05
Epoch 581, Loss: 64.0950
Epoch 582, Loss: 64.1375
Epoch 583, Loss: 64.0983
Epoch 584, Loss: 64.0519
Epoch 585, Loss: 64.0914
Epoch 586, Loss: 64.0519
Epoch 587, Loss: 64.0705
Epoch 588, Loss: 64.0115
Epoch 589, Loss: 63.9756
Epoch 590, Loss: 63.9979
Epoch 590, LR: 1e-05
Epoch 591, Loss: 64.0190
Epoch 592, Loss: 63.9859
Epoch 593, Loss: 63.9610
Epoch 594, Loss: 63.9266
Epoch 595, Loss: 63.9950
Epoch 596, Loss: 63.9261
Epoch 597, Loss: 63.9271
Epoch 598, Loss: 63.9132
Epoch 599, Loss: 63.8969
Epoch 600, Loss: 63.9617
Epoch 600, LR: 1e-05
Epoch 601, Loss: 63.9626
Epoch 602, Loss: 63.9359
Epoch 603, Loss: 63.9105
Epoch 604, Loss: 63.9202
Epoch 605, Loss: 63.8437
Epoch 606, Loss: 63.9230
Epoch 607, Loss: 63.8610
Epoch 608, Loss: 63.8976
Epoch 609, Loss: 63.8829
Epoch 610, Loss: 63.8355
Epoch 610, LR: 1e-05
Epoch 611, Loss: 63.8262
Epoch 612, Loss: 63.8814
Epoch 613, Loss: 63.8992
Epoch 614, Loss: 63.8156
Epoch 615, Loss: 63.8280
Epoch 616, Loss: 63.8421
Epoch 617, Loss: 63.8047
Epoch 618, Loss: 63.7718
Epoch 619, Loss: 63.8259
Epoch 620, Loss: 63.8259
Epoch 620, LR: 1e-05
Epoch 621, Loss: 63.8234
Epoch 622, Loss: 63.7773
Epoch 623, Loss: 63.7131
Epoch 624, Loss: 63.7997
Epoch 625, Loss: 63.6901
Epoch 626, Loss: 63.7779
Epoch 627, Loss: 63.7854
Epoch 628, Loss: 63.7646
Epoch 629, Loss: 63.7751
Epoch 630, Loss: 63.7748
Epoch 630, LR: 1e-05
Epoch 631, Loss: 63.7495
Epoch 632, Loss: 63.7784
Epoch 633, Loss: 63.7301
Epoch 634, Loss: 63.6594
Epoch 635, Loss: 63.7271
Epoch 636, Loss: 63.7061
Epoch 637, Loss: 63.6771
Epoch 638, Loss: 63.7126
Epoch 639, Loss: 63.6741
Epoch 640, Loss: 63.6543
Epoch 640, LR: 1e-05
Epoch 641, Loss: 63.6483
Epoch 642, Loss: 63.6844
Epoch 643, Loss: 63.7286
Epoch 644, Loss: 63.6015
Epoch 645, Loss: 63.7543
Epoch 646, Loss: 63.6613
Epoch 647, Loss: 63.7005
Epoch 648, Loss: 63.6325
Epoch 649, Loss: 63.6066
Epoch 650, Loss: 63.6159
Epoch 650, LR: 1e-05
Epoch 651, Loss: 63.5715
Epoch 652, Loss: 63.5450
Epoch 653, Loss: 63.5920
Epoch 654, Loss: 63.5688
Epoch 655, Loss: 63.5834
Epoch 656, Loss: 63.5642
Epoch 657, Loss: 63.6063
Epoch 658, Loss: 63.5935
Epoch 659, Loss: 63.6437
Epoch 660, Loss: 63.5708
Epoch 660, LR: 1e-05
Epoch 661, Loss: 63.5042
Epoch 662, Loss: 63.5265
Epoch 663, Loss: 63.5070
Epoch 664, Loss: 63.5331
Epoch 665, Loss: 63.5867
Epoch 666, Loss: 63.5398
Epoch 667, Loss: 63.5141
Epoch 668, Loss: 63.5022
Epoch 669, Loss: 63.4710
Epoch 670, Loss: 63.4855
Epoch 670, LR: 1e-05
Epoch 671, Loss: 63.5423
Epoch 672, Loss: 63.5744
Epoch 673, Loss: 63.5246
Epoch 674, Loss: 63.5543
Epoch 675, Loss: 63.4114
Epoch 676, Loss: 63.4506
Epoch 677, Loss: 63.5059
Epoch 678, Loss: 63.5749
Epoch 679, Loss: 63.5031
Epoch 680, Loss: 63.5185
Epoch 680, LR: 1e-05
Epoch 681, Loss: 63.4873
Epoch 682, Loss: 63.5042
Epoch 683, Loss: 63.4412
Epoch 684, Loss: 63.4306
Epoch 685, Loss: 63.5094
Epoch 686, Loss: 63.5183
Epoch 687, Loss: 63.4359
Epoch 688, Loss: 63.4157
Epoch 689, Loss: 63.5770
Epoch 690, Loss: 63.5437
Epoch 690, LR: 1e-05
Epoch 691, Loss: 63.4181
Epoch 692, Loss: 63.4698
Epoch 693, Loss: 63.4012
Epoch 694, Loss: 63.4330
Epoch 695, Loss: 63.4415
Epoch 696, Loss: 63.4397
Epoch 697, Loss: 63.5023
Epoch 698, Loss: 63.3572
Epoch 699, Loss: 63.4256
Epoch 700, Loss: 63.3892
Epoch 700, LR: 1e-05
Epoch 701, Loss: 63.4247
Epoch 702, Loss: 63.3221
Epoch 703, Loss: 63.3981
Epoch 704, Loss: 63.3388
Epoch 705, Loss: 63.4175
Epoch 706, Loss: 63.3754
Epoch 707, Loss: 63.4262
Epoch 708, Loss: 63.3467
Epoch 709, Loss: 63.3890
Epoch 710, Loss: 63.2732
Epoch 710, LR: 1e-05
Epoch 711, Loss: 63.3478
Epoch 712, Loss: 63.3122
Epoch 713, Loss: 63.3952
Epoch 714, Loss: 63.2668
Epoch 715, Loss: 63.2779
Epoch 716, Loss: 63.3204
Epoch 717, Loss: 63.2442
Epoch 718, Loss: 63.3479
Epoch 719, Loss: 63.2735
Epoch 720, Loss: 63.1649
Epoch 720, LR: 1e-05
Epoch 721, Loss: 63.3666
Epoch 722, Loss: 63.3047
Epoch 723, Loss: 63.3163
Epoch 724, Loss: 63.4192
Epoch 725, Loss: 63.3386
Epoch 726, Loss: 63.2266
Epoch 727, Loss: 63.2776
Epoch 728, Loss: 63.3171
Epoch 729, Loss: 63.2350
Epoch 730, Loss: 63.2686
Epoch 730, LR: 1e-05
Epoch 731, Loss: 63.2888
Epoch 732, Loss: 63.2861
Epoch 733, Loss: 63.2065
Epoch 734, Loss: 63.2662
Epoch 735, Loss: 63.2237
Epoch 736, Loss: 63.1967
Epoch 737, Loss: 63.2204
Epoch 738, Loss: 63.1736
Epoch 739, Loss: 63.1990
Epoch 740, Loss: 63.2422
Epoch 740, LR: 1e-05
Epoch 741, Loss: 63.2020
Epoch 742, Loss: 63.2172
Epoch 743, Loss: 63.3183
Epoch 744, Loss: 63.1901
Epoch 745, Loss: 63.2238
Epoch 746, Loss: 63.2281
Epoch 747, Loss: 63.2004
Epoch 748, Loss: 63.1309
Epoch 749, Loss: 63.2663
Epoch 750, Loss: 63.2160
Epoch 750, LR: 1e-05
Epoch 751, Loss: 63.2169
Epoch 752, Loss: 63.2269
Epoch 753, Loss: 63.1723
Epoch 754, Loss: 63.2435
Epoch 755, Loss: 63.1562
Epoch 756, Loss: 63.1047
Epoch 757, Loss: 63.1856
Epoch 758, Loss: 63.1698
Epoch 759, Loss: 63.1578
Epoch 760, Loss: 63.1218
Epoch 760, LR: 1e-05
Epoch 761, Loss: 63.1382
Epoch 762, Loss: 63.1833
Epoch 763, Loss: 63.1290
Epoch 764, Loss: 63.2484
Epoch 765, Loss: 63.1686
Epoch 766, Loss: 63.1598
Epoch 767, Loss: 63.1487
Epoch 768, Loss: 63.0496
Epoch 769, Loss: 63.1617
Epoch 770, Loss: 63.1673
Epoch 770, LR: 1e-05
Epoch 771, Loss: 63.0699
Epoch 772, Loss: 63.1089
Epoch 773, Loss: 63.0895
Epoch 774, Loss: 63.1120
Epoch 775, Loss: 63.1014
Epoch 776, Loss: 63.1086
Epoch 777, Loss: 63.0870
Epoch 778, Loss: 63.0818
Epoch 779, Loss: 63.0248
Epoch 780, Loss: 63.1188
Epoch 780, LR: 1e-05
Epoch 781, Loss: 63.0867
Epoch 782, Loss: 63.0143
Epoch 783, Loss: 62.9987
Epoch 784, Loss: 63.0916
Epoch 785, Loss: 63.0826
Epoch 786, Loss: 63.0601
Epoch 787, Loss: 63.0654
Epoch 788, Loss: 62.9965
Epoch 789, Loss: 62.9891
Epoch 790, Loss: 63.0139
Epoch 790, LR: 1e-05
Epoch 791, Loss: 62.9919
Epoch 792, Loss: 63.0728
Epoch 793, Loss: 63.0238
Epoch 794, Loss: 63.1577
Epoch 795, Loss: 63.0783
Epoch 796, Loss: 62.9796
Epoch 797, Loss: 63.0205
Epoch 798, Loss: 63.0216
Epoch 799, Loss: 62.9957
Epoch 800, Loss: 62.9832
Epoch 800, LR: 1e-05
Epoch 801, Loss: 63.0043
Epoch 802, Loss: 63.0995
Epoch 803, Loss: 63.0303
Epoch 804, Loss: 62.9789
Epoch 805, Loss: 62.9226
Epoch 806, Loss: 62.9695
Epoch 807, Loss: 62.9411
Epoch 808, Loss: 62.9823
Epoch 809, Loss: 62.9132
Epoch 810, Loss: 62.9234
Epoch 810, LR: 1e-05
Epoch 811, Loss: 62.9061
Epoch 812, Loss: 62.9734
Epoch 813, Loss: 62.9382
Epoch 814, Loss: 62.9161
Epoch 815, Loss: 62.9435
Epoch 816, Loss: 62.8979
Epoch 817, Loss: 62.9142
Epoch 818, Loss: 62.9353
Epoch 819, Loss: 62.9681
Epoch 820, Loss: 62.9061
Epoch 820, LR: 1e-05
Epoch 821, Loss: 62.8653
Epoch 822, Loss: 62.9477
Epoch 823, Loss: 62.9363
Epoch 824, Loss: 62.9578
Epoch 825, Loss: 62.8654
Epoch 826, Loss: 62.9362
Epoch 827, Loss: 62.8248
Epoch 828, Loss: 62.9475
Epoch 829, Loss: 62.9230
Epoch 830, Loss: 62.9079
Epoch 830, LR: 1e-05
Epoch 831, Loss: 62.9225
Epoch 832, Loss: 62.8800
Epoch 833, Loss: 62.8543
Epoch 834, Loss: 62.7923
Epoch 835, Loss: 62.7631
Epoch 836, Loss: 62.8326
Epoch 837, Loss: 62.8264
Epoch 838, Loss: 62.7971
Epoch 839, Loss: 62.7909
Epoch 840, Loss: 62.8347
Epoch 840, LR: 1e-05
Epoch 841, Loss: 62.8225
Epoch 842, Loss: 62.8022
Epoch 843, Loss: 62.8133
Epoch 844, Loss: 62.8258
Epoch 845, Loss: 62.8604
Epoch 846, Loss: 62.8184
Epoch 847, Loss: 62.8512
Epoch 848, Loss: 62.8080
Epoch 849, Loss: 62.8419
Epoch 850, Loss: 62.7762
Epoch 850, LR: 1e-05
Epoch 851, Loss: 62.7306
Epoch 852, Loss: 62.8279
Epoch 853, Loss: 62.7657
Epoch 854, Loss: 62.7848
Epoch 855, Loss: 62.7600
Epoch 856, Loss: 62.8931
Epoch 857, Loss: 62.7834
Epoch 858, Loss: 62.6837
Epoch 859, Loss: 62.8862
Epoch 860, Loss: 62.7432
Epoch 860, LR: 1e-05
Epoch 861, Loss: 62.7657
Epoch 862, Loss: 62.7263
Epoch 863, Loss: 62.7377
Epoch 864, Loss: 62.8406
Epoch 865, Loss: 62.7961
Epoch 866, Loss: 62.7629
Epoch 867, Loss: 62.7096
Epoch 868, Loss: 62.7321
Epoch 869, Loss: 62.6394
Epoch 870, Loss: 62.7673
Epoch 870, LR: 1e-05
Epoch 871, Loss: 62.8724
Epoch 872, Loss: 62.6738
Epoch 873, Loss: 62.6764
Epoch 874, Loss: 62.7304
Epoch 875, Loss: 62.6567
Epoch 876, Loss: 62.7016
Epoch 877, Loss: 62.6575
Epoch 878, Loss: 62.7636
Epoch 879, Loss: 62.7511
Epoch 880, Loss: 62.6153
Epoch 880, LR: 1e-05
Epoch 881, Loss: 62.6667
Epoch 882, Loss: 62.6707
Epoch 883, Loss: 62.6601
Epoch 884, Loss: 62.6885
Epoch 885, Loss: 62.6828
Epoch 886, Loss: 62.7951
Epoch 887, Loss: 62.7230
Epoch 888, Loss: 62.6271
Epoch 889, Loss: 62.7312
Epoch 890, Loss: 62.6313
Epoch 890, LR: 1e-05
Epoch 891, Loss: 62.7062
Epoch 892, Loss: 62.7237
Epoch 893, Loss: 62.6127
Epoch 894, Loss: 62.6116
Epoch 895, Loss: 62.6538
Epoch 896, Loss: 62.6301
Epoch 897, Loss: 62.6540
Epoch 898, Loss: 62.6754
Epoch 899, Loss: 62.6237
Epoch 900, Loss: 62.6613
Epoch 900, LR: 1e-05
Epoch 901, Loss: 62.6662
Epoch 902, Loss: 62.6237
Epoch 903, Loss: 62.5830
Epoch 904, Loss: 62.6051
Epoch 905, Loss: 62.6016
Epoch 906, Loss: 62.5298
Epoch 907, Loss: 62.6003
Epoch 908, Loss: 62.6704
Epoch 909, Loss: 62.6524
Epoch 910, Loss: 62.6666
Epoch 910, LR: 1e-05
Epoch 911, Loss: 62.5810
Epoch 912, Loss: 62.5435
Epoch 913, Loss: 62.5733
Epoch 914, Loss: 62.5889
Epoch 915, Loss: 62.5924
Epoch 916, Loss: 62.5926
Epoch 917, Loss: 62.5051
Epoch 918, Loss: 62.5481
Epoch 919, Loss: 62.5556
Epoch 920, Loss: 62.5205
Epoch 920, LR: 1e-05
Epoch 921, Loss: 62.5446
Epoch 922, Loss: 62.6095
Epoch 923, Loss: 62.5834
Epoch 924, Loss: 62.5739
Epoch 925, Loss: 62.5574
Epoch 926, Loss: 62.4884
Epoch 927, Loss: 62.6087
Epoch 928, Loss: 62.5492
Epoch 929, Loss: 62.5690
Epoch 930, Loss: 62.5070
Epoch 930, LR: 1e-05
Epoch 931, Loss: 62.5212
Epoch 932, Loss: 62.5346
Epoch 933, Loss: 62.5426
Epoch 934, Loss: 62.5277
Epoch 935, Loss: 62.4334
Epoch 936, Loss: 62.5558
Epoch 937, Loss: 62.6136
Epoch 938, Loss: 62.4461
Epoch 939, Loss: 62.5620
Epoch 940, Loss: 62.5815
Epoch 940, LR: 1e-05
Epoch 941, Loss: 62.5759
Epoch 942, Loss: 62.4753
Epoch 943, Loss: 62.5331
Epoch 944, Loss: 62.4900
Epoch 945, Loss: 62.4876
Epoch 946, Loss: 62.4789
Epoch 947, Loss: 62.5673
Epoch 948, Loss: 62.5077
Epoch 949, Loss: 62.4953
Epoch 950, Loss: 62.4605
Epoch 950, LR: 1e-05
Epoch 951, Loss: 62.3837
Epoch 952, Loss: 62.4366
Epoch 953, Loss: 62.4486
Epoch 954, Loss: 62.4949
Epoch 955, Loss: 62.4654
Epoch 956, Loss: 62.4046
Epoch 957, Loss: 62.4453
Epoch 958, Loss: 62.4475
Epoch 959, Loss: 62.4220
Epoch 960, Loss: 62.5282
Epoch 960, LR: 1e-05
Epoch 961, Loss: 62.3461
Epoch 962, Loss: 62.4156
Epoch 963, Loss: 62.4033
Epoch 964, Loss: 62.4423
Epoch 965, Loss: 62.4226
Epoch 966, Loss: 62.4553
Epoch 967, Loss: 62.3896
Epoch 968, Loss: 62.4265
Epoch 969, Loss: 62.3908
Epoch 970, Loss: 62.3762
Epoch 970, LR: 1e-05
Epoch 971, Loss: 62.4195
Epoch 972, Loss: 62.4257
Epoch 973, Loss: 62.4479
Epoch 974, Loss: 62.3587
Epoch 975, Loss: 62.3566
Epoch 976, Loss: 62.3970
Epoch 977, Loss: 62.3917
Epoch 978, Loss: 62.3865
Epoch 979, Loss: 62.4258
Epoch 980, Loss: 62.3653
Epoch 980, LR: 1e-05
Epoch 981, Loss: 62.3700
Epoch 982, Loss: 62.3384
Epoch 983, Loss: 62.3612
Epoch 984, Loss: 62.3530
Epoch 985, Loss: 62.3752
Epoch 986, Loss: 62.3763
Epoch 987, Loss: 62.4057
Epoch 988, Loss: 62.3905
Epoch 989, Loss: 62.3784
Epoch 990, Loss: 62.2920
Epoch 990, LR: 1e-05
Epoch 991, Loss: 62.3499
Epoch 992, Loss: 62.3678
Epoch 993, Loss: 62.3954
Epoch 994, Loss: 62.3825
Epoch 995, Loss: 62.3319
Epoch 996, Loss: 62.3232
Epoch 997, Loss: 62.2797
Epoch 998, Loss: 62.3105
Epoch 999, Loss: 62.2898
Epoch 1000, Loss: 62.3016
Epoch 1000, LR: 1.0000000000000002e-06
Epoch 1001, Loss: 62.1597
Epoch 1002, Loss: 62.1267
Epoch 1003, Loss: 62.2114
Epoch 1004, Loss: 62.1805
Epoch 1005, Loss: 62.1268
Epoch 1006, Loss: 62.1045
Epoch 1007, Loss: 62.0490
Epoch 1008, Loss: 62.1426
Epoch 1009, Loss: 62.1939
Epoch 1010, Loss: 62.1534
Epoch 1010, LR: 1.0000000000000002e-06
Epoch 1011, Loss: 62.0772
Epoch 1012, Loss: 62.0270
Epoch 1013, Loss: 62.0798
Epoch 1014, Loss: 62.0235
Epoch 1015, Loss: 62.0456
Epoch 1016, Loss: 62.0673
Epoch 1017, Loss: 62.0071
Epoch 1018, Loss: 62.0166
Epoch 1019, Loss: 62.1440
Epoch 1020, Loss: 62.0241
Epoch 1020, LR: 1.0000000000000002e-06
Epoch 1021, Loss: 62.1000
Epoch 1022, Loss: 62.0265
Epoch 1023, Loss: 62.0273
Epoch 1024, Loss: 62.0795
Epoch 1025, Loss: 62.0926
Epoch 1026, Loss: 61.9896
Epoch 1027, Loss: 62.0349
Epoch 1028, Loss: 62.0454
Epoch 1029, Loss: 62.1057
Epoch 1030, Loss: 62.0331
Epoch 1030, LR: 1.0000000000000002e-06
Epoch 1031, Loss: 62.0108
Epoch 1032, Loss: 62.0823
Epoch 1033, Loss: 62.0854
Epoch 1034, Loss: 62.0092
Epoch 1035, Loss: 62.0309
Epoch 1036, Loss: 62.0489
Epoch 1037, Loss: 62.0661
Epoch 1038, Loss: 61.9980
Epoch 1039, Loss: 61.9817
Epoch 1040, Loss: 62.0040
Epoch 1040, LR: 1.0000000000000002e-06
Epoch 1041, Loss: 62.0365
Epoch 1042, Loss: 62.0686
Epoch 1043, Loss: 62.0864
Epoch 1044, Loss: 62.0565
Epoch 1045, Loss: 62.0755
Epoch 1046, Loss: 62.0716
Epoch 1047, Loss: 62.0182
Epoch 1048, Loss: 62.0722
Epoch 1049, Loss: 62.0849
Epoch 1050, Loss: 62.1017
Epoch 1050, LR: 1.0000000000000002e-06
Epoch 1051, Loss: 62.0023
Epoch 1052, Loss: 62.1130
Epoch 1053, Loss: 61.9892
Epoch 1054, Loss: 62.0713
Epoch 1055, Loss: 61.9903
Epoch 1056, Loss: 62.0642
Epoch 1057, Loss: 62.0375
Epoch 1058, Loss: 62.0247
Epoch 1059, Loss: 62.0209
Epoch 1060, Loss: 62.0687
Epoch 1060, LR: 1.0000000000000002e-06
Epoch 1061, Loss: 62.0130
Epoch 1062, Loss: 62.0191
Epoch 1063, Loss: 62.0529
Epoch 1064, Loss: 62.0883
Epoch 1065, Loss: 62.0186
Epoch 1066, Loss: 62.0281
Epoch 1067, Loss: 61.9845
Epoch 1068, Loss: 62.0214
Epoch 1069, Loss: 61.9640
Epoch 1070, Loss: 62.0544
Epoch 1070, LR: 1.0000000000000002e-06
Epoch 1071, Loss: 62.0237
Epoch 1072, Loss: 62.0098
Epoch 1073, Loss: 62.0049
Epoch 1074, Loss: 62.0094
Epoch 1075, Loss: 62.0350
Epoch 1076, Loss: 62.0633
Epoch 1077, Loss: 62.0514
Epoch 1078, Loss: 62.0889
Epoch 1079, Loss: 61.9756
Epoch 1080, Loss: 61.9971
Epoch 1080, LR: 1.0000000000000002e-06
Epoch 1081, Loss: 62.0572
Epoch 1082, Loss: 62.0500
Epoch 1083, Loss: 62.0758
Epoch 1084, Loss: 61.9532
Epoch 1085, Loss: 62.0213
Epoch 1086, Loss: 61.9909
Epoch 1087, Loss: 62.0198
Epoch 1088, Loss: 62.0186
Epoch 1089, Loss: 62.0826
Epoch 1090, Loss: 61.9405
Epoch 1090, LR: 1.0000000000000002e-06
Epoch 1091, Loss: 62.0021
Epoch 1092, Loss: 61.9096
Epoch 1093, Loss: 62.1080
Epoch 1094, Loss: 62.0402
Epoch 1095, Loss: 61.9626
Epoch 1096, Loss: 62.0408
Epoch 1097, Loss: 62.0687
Epoch 1098, Loss: 61.9761
Epoch 1099, Loss: 62.0027
Epoch 1100, Loss: 62.0337
Epoch 1100, LR: 1.0000000000000002e-06
Epoch 1101, Loss: 61.9613
Epoch 1102, Loss: 62.0471
Epoch 1103, Loss: 62.0265
Epoch 1104, Loss: 61.9380
Epoch 1105, Loss: 62.0711
Epoch 1106, Loss: 62.0157
Epoch 1107, Loss: 61.9921
Epoch 1108, Loss: 62.0406
Epoch 1109, Loss: 61.9830
Epoch 1110, Loss: 61.9508
Epoch 1110, LR: 1.0000000000000002e-06
Epoch 1111, Loss: 62.0221
Epoch 1112, Loss: 62.0154
Epoch 1113, Loss: 62.0263
Epoch 1114, Loss: 61.9775
Epoch 1115, Loss: 62.0665
Epoch 1116, Loss: 61.9923
Epoch 1117, Loss: 61.9865
Epoch 1118, Loss: 61.9930
Epoch 1119, Loss: 62.0268
Epoch 1120, Loss: 62.0503
Epoch 1120, LR: 1.0000000000000002e-06
Epoch 1121, Loss: 61.9460
Epoch 1122, Loss: 62.0480
Epoch 1123, Loss: 62.0462
Epoch 1124, Loss: 61.9049
Epoch 1125, Loss: 62.1203
Epoch 1126, Loss: 61.9258
Epoch 1127, Loss: 61.9739
Epoch 1128, Loss: 61.8854
Epoch 1129, Loss: 62.0456
Epoch 1130, Loss: 61.9862
Epoch 1130, LR: 1.0000000000000002e-06
Epoch 1131, Loss: 62.0510
Epoch 1132, Loss: 62.0114
Epoch 1133, Loss: 62.0540
Epoch 1134, Loss: 61.9280
Epoch 1135, Loss: 61.9044
Epoch 1136, Loss: 61.9545
Epoch 1137, Loss: 61.9715
Epoch 1138, Loss: 62.0681
Epoch 1139, Loss: 62.0146
Epoch 1140, Loss: 61.9655
Epoch 1140, LR: 1.0000000000000002e-06
Epoch 1141, Loss: 62.0478
Epoch 1142, Loss: 62.0700
Epoch 1143, Loss: 61.9732
Epoch 1144, Loss: 62.0002
Epoch 1145, Loss: 62.0454
Epoch 1146, Loss: 62.0566
Epoch 1147, Loss: 62.0648
Epoch 1148, Loss: 61.9808
Epoch 1149, Loss: 62.0467
Epoch 1150, Loss: 61.9411
Epoch 1150, LR: 1.0000000000000002e-06
Epoch 1151, Loss: 61.9594
Epoch 1152, Loss: 61.9594
Epoch 1153, Loss: 62.0075
Epoch 1154, Loss: 61.9789
Epoch 1155, Loss: 61.9743
Epoch 1156, Loss: 61.9142
Epoch 1157, Loss: 61.9689
Epoch 1158, Loss: 62.0369
Epoch 1159, Loss: 62.0219
Epoch 1160, Loss: 61.9805
Epoch 1160, LR: 1.0000000000000002e-06
Epoch 1161, Loss: 62.0310
Epoch 1162, Loss: 62.0015
Epoch 1163, Loss: 61.9925
Epoch 1164, Loss: 61.8885
Epoch 1165, Loss: 61.9668
Epoch 1166, Loss: 61.9264
Epoch 1167, Loss: 62.0301
Epoch 1168, Loss: 61.8867
Epoch 1169, Loss: 61.9327
Epoch 1170, Loss: 61.9130
Epoch 1170, LR: 1.0000000000000002e-06
Epoch 1171, Loss: 61.9829
Epoch 1172, Loss: 61.9422
Epoch 1173, Loss: 61.9794
Epoch 1174, Loss: 61.9274
Epoch 1175, Loss: 61.9655
Epoch 1176, Loss: 61.9870
Epoch 1177, Loss: 62.0038
Epoch 1178, Loss: 61.9913
Epoch 1179, Loss: 61.9901
Epoch 1180, Loss: 61.8847
Epoch 1180, LR: 1.0000000000000002e-06
Epoch 1181, Loss: 62.0576
Epoch 1182, Loss: 62.0281
Epoch 1183, Loss: 61.9755
Epoch 1184, Loss: 61.9265
Epoch 1185, Loss: 61.9969
Epoch 1186, Loss: 61.9361
Epoch 1187, Loss: 61.9390
Epoch 1188, Loss: 61.9558
Epoch 1189, Loss: 62.0405
Epoch 1190, Loss: 61.9349
Epoch 1190, LR: 1.0000000000000002e-06
Epoch 1191, Loss: 62.0029
Epoch 1192, Loss: 61.9662
Epoch 1193, Loss: 61.9180
Epoch 1194, Loss: 61.9032
Epoch 1195, Loss: 61.9214
Epoch 1196, Loss: 61.9540
Epoch 1197, Loss: 61.9512
Epoch 1198, Loss: 61.9853
Epoch 1199, Loss: 61.9726
Epoch 1200, Loss: 61.9260
Epoch 1200, LR: 1.0000000000000002e-06
Epoch 1201, Loss: 62.0117
Epoch 1202, Loss: 61.9773
Epoch 1203, Loss: 61.9832
Epoch 1204, Loss: 61.9860
Epoch 1205, Loss: 61.9807
Epoch 1206, Loss: 61.9940
Epoch 1207, Loss: 61.9451
Epoch 1208, Loss: 61.9056
Epoch 1209, Loss: 61.8875
Epoch 1210, Loss: 61.8783
Epoch 1210, LR: 1.0000000000000002e-06
Epoch 1211, Loss: 61.9731
Epoch 1212, Loss: 61.9618
Epoch 1213, Loss: 61.9693
Epoch 1214, Loss: 61.9072
Epoch 1215, Loss: 62.0225
Epoch 1216, Loss: 62.0061
Epoch 1217, Loss: 61.9176
Epoch 1218, Loss: 61.9585
Epoch 1219, Loss: 61.9717
Epoch 1220, Loss: 61.9387
Epoch 1220, LR: 1.0000000000000002e-06
Epoch 1221, Loss: 61.9507
Epoch 1222, Loss: 61.9264
Epoch 1223, Loss: 61.9439
Epoch 1224, Loss: 61.9030
Epoch 1225, Loss: 61.9426
Epoch 1226, Loss: 61.9344
Epoch 1227, Loss: 61.9488
Epoch 1228, Loss: 61.9517
Epoch 1229, Loss: 61.9282
Epoch 1230, Loss: 61.9273
Epoch 1230, LR: 1.0000000000000002e-06
Epoch 1231, Loss: 61.9043
Epoch 1232, Loss: 61.9639
Epoch 1233, Loss: 62.0079
Epoch 1234, Loss: 61.9186
Epoch 1235, Loss: 61.9287
Epoch 1236, Loss: 61.8943
Epoch 1237, Loss: 61.8916
Epoch 1238, Loss: 61.9946
Epoch 1239, Loss: 61.9687
Epoch 1240, Loss: 61.9808
Epoch 1240, LR: 1.0000000000000002e-06
Epoch 1241, Loss: 61.9272
Epoch 1242, Loss: 61.9438
Epoch 1243, Loss: 61.8900
Epoch 1244, Loss: 61.9232
Epoch 1245, Loss: 61.9154
Epoch 1246, Loss: 61.9353
Epoch 1247, Loss: 61.9366
Epoch 1248, Loss: 61.9411
Epoch 1249, Loss: 61.9442
Epoch 1250, Loss: 61.9123
Epoch 1250, LR: 1.0000000000000002e-06
Epoch 1251, Loss: 61.8989
Epoch 1252, Loss: 61.9375
Epoch 1253, Loss: 61.9566
Epoch 1254, Loss: 61.9861
Epoch 1255, Loss: 61.9512
Epoch 1256, Loss: 61.9155
Epoch 1257, Loss: 61.8854
Epoch 1258, Loss: 61.9497
Epoch 1259, Loss: 61.9292
Epoch 1260, Loss: 61.9349
Epoch 1260, LR: 1.0000000000000002e-06
Epoch 1261, Loss: 61.9536
Epoch 1262, Loss: 61.9157
Epoch 1263, Loss: 61.9772
Epoch 1264, Loss: 61.9562
Epoch 1265, Loss: 61.9336
Epoch 1266, Loss: 61.9092
Epoch 1267, Loss: 61.9146
Epoch 1268, Loss: 61.9958
Epoch 1269, Loss: 61.9048
Epoch 1270, Loss: 61.9341
Epoch 1270, LR: 1.0000000000000002e-06
Epoch 1271, Loss: 61.9808
Epoch 1272, Loss: 61.9282
Epoch 1273, Loss: 61.8955
Epoch 1274, Loss: 61.9628
Epoch 1275, Loss: 61.9147
Epoch 1276, Loss: 61.8561
Epoch 1277, Loss: 61.9151
Epoch 1278, Loss: 61.8998
Epoch 1279, Loss: 61.8846
Epoch 1280, Loss: 61.9645
Epoch 1280, LR: 1.0000000000000002e-06
Epoch 1281, Loss: 61.9406
Epoch 1282, Loss: 61.9359
Epoch 1283, Loss: 61.8925
Epoch 1284, Loss: 62.0173
Epoch 1285, Loss: 61.9204
Epoch 1286, Loss: 61.9314
Epoch 1287, Loss: 61.9737
Epoch 1288, Loss: 61.9113
Epoch 1289, Loss: 61.9106
Epoch 1290, Loss: 61.8785
Epoch 1290, LR: 1.0000000000000002e-06
Epoch 1291, Loss: 61.9473
Epoch 1292, Loss: 61.9169
Epoch 1293, Loss: 61.9038
Epoch 1294, Loss: 61.8783
Epoch 1295, Loss: 61.8889
Epoch 1296, Loss: 61.9026
Epoch 1297, Loss: 61.8703
Epoch 1298, Loss: 62.0007
Epoch 1299, Loss: 61.9031
Epoch 1300, Loss: 61.8886
Epoch 1300, LR: 1.0000000000000002e-06
Epoch 1301, Loss: 61.9431
Epoch 1302, Loss: 61.9607
Epoch 1303, Loss: 61.9122
Epoch 1304, Loss: 61.9074
Epoch 1305, Loss: 61.8595
Epoch 1306, Loss: 61.8816
Epoch 1307, Loss: 61.9195
Epoch 1308, Loss: 61.8892
Epoch 1309, Loss: 61.9120
Epoch 1310, Loss: 61.8941
Epoch 1310, LR: 1.0000000000000002e-06
Epoch 1311, Loss: 61.9247
Epoch 1312, Loss: 61.9741
Epoch 1313, Loss: 61.8904
Epoch 1314, Loss: 61.9365
Epoch 1315, Loss: 61.8728
Epoch 1316, Loss: 61.8651
Epoch 1317, Loss: 61.8889
Epoch 1318, Loss: 61.8994
Epoch 1319, Loss: 62.0004
Epoch 1320, Loss: 61.9314
Epoch 1320, LR: 1.0000000000000002e-06
Epoch 1321, Loss: 61.9267
Epoch 1322, Loss: 61.9886
Epoch 1323, Loss: 61.9597
Epoch 1324, Loss: 61.9063
Epoch 1325, Loss: 61.8744
Epoch 1326, Loss: 61.9056
Epoch 1327, Loss: 61.8611
Epoch 1328, Loss: 61.9642
Epoch 1329, Loss: 61.9224
Epoch 1330, Loss: 61.9917
Epoch 1330, LR: 1.0000000000000002e-06
Epoch 1331, Loss: 61.9809
Epoch 1332, Loss: 61.9022
Epoch 1333, Loss: 61.8886
Epoch 1334, Loss: 61.9518
Epoch 1335, Loss: 61.8631
Epoch 1336, Loss: 61.8738
Epoch 1337, Loss: 61.9307
Epoch 1338, Loss: 61.8538
Epoch 1339, Loss: 61.9125
Epoch 1340, Loss: 61.9194
Epoch 1340, LR: 1.0000000000000002e-06
Epoch 1341, Loss: 61.9087
Epoch 1342, Loss: 61.8835
Epoch 1343, Loss: 61.8529
Epoch 1344, Loss: 61.9106
Epoch 1345, Loss: 61.7949
Epoch 1346, Loss: 61.9249
Epoch 1347, Loss: 61.8502
Epoch 1348, Loss: 61.8203
Epoch 1349, Loss: 61.8979
Epoch 1350, Loss: 61.8575
Epoch 1350, LR: 1.0000000000000002e-06
Epoch 1351, Loss: 61.8594
Epoch 1352, Loss: 61.8660
Epoch 1353, Loss: 61.9735
Epoch 1354, Loss: 61.9016
Epoch 1355, Loss: 61.9181
Epoch 1356, Loss: 61.8368
Epoch 1357, Loss: 61.8652
Epoch 1358, Loss: 61.8908
Epoch 1359, Loss: 61.8670
Epoch 1360, Loss: 61.9057
Epoch 1360, LR: 1.0000000000000002e-06
Epoch 1361, Loss: 61.8831
Epoch 1362, Loss: 61.9880
Epoch 1363, Loss: 61.8744
Epoch 1364, Loss: 61.8906
Epoch 1365, Loss: 61.9261
Epoch 1366, Loss: 61.8659
Epoch 1367, Loss: 61.9335
Epoch 1368, Loss: 61.9590
Epoch 1369, Loss: 61.8918
Epoch 1370, Loss: 61.8286
Epoch 1370, LR: 1.0000000000000002e-06
Epoch 1371, Loss: 61.8987
Epoch 1372, Loss: 61.8640
Epoch 1373, Loss: 61.8498
Epoch 1374, Loss: 61.8955
Epoch 1375, Loss: 61.8651
Epoch 1376, Loss: 61.8754
Epoch 1377, Loss: 61.8229
Epoch 1378, Loss: 61.8504
Epoch 1379, Loss: 61.9097
Epoch 1380, Loss: 61.8903
Epoch 1380, LR: 1.0000000000000002e-06
Epoch 1381, Loss: 61.9246
Epoch 1382, Loss: 61.8797
Epoch 1383, Loss: 61.8668
Epoch 1384, Loss: 61.9064
Epoch 1385, Loss: 61.8636
Epoch 1386, Loss: 61.9325
Epoch 1387, Loss: 61.8724
Epoch 1388, Loss: 61.9075
Epoch 1389, Loss: 61.8743
Epoch 1390, Loss: 61.8725
Epoch 1390, LR: 1.0000000000000002e-06
Epoch 1391, Loss: 61.8695
Epoch 1392, Loss: 61.8526
Epoch 1393, Loss: 61.9059
Epoch 1394, Loss: 61.8186
Epoch 1395, Loss: 61.8658
Epoch 1396, Loss: 61.8793
Epoch 1397, Loss: 61.8269
Epoch 1398, Loss: 61.8126
Epoch 1399, Loss: 61.8795
Epoch 1400, Loss: 61.8218
Epoch 1400, LR: 1.0000000000000002e-06
Epoch 1401, Loss: 61.8766
Epoch 1402, Loss: 61.9228
Epoch 1403, Loss: 61.9144
Epoch 1404, Loss: 61.8446
Epoch 1405, Loss: 61.8106
Epoch 1406, Loss: 61.8759
Epoch 1407, Loss: 61.8011
Epoch 1408, Loss: 61.8790
Epoch 1409, Loss: 61.9543
Epoch 1410, Loss: 61.8280
Epoch 1410, LR: 1.0000000000000002e-06
Epoch 1411, Loss: 61.8700
Epoch 1412, Loss: 61.8798
Epoch 1413, Loss: 61.8492
Epoch 1414, Loss: 61.8979
Epoch 1415, Loss: 61.8967
Epoch 1416, Loss: 61.8228
Epoch 1417, Loss: 61.8452
Epoch 1418, Loss: 61.8243
Epoch 1419, Loss: 61.7791
Epoch 1420, Loss: 61.9100
Epoch 1420, LR: 1.0000000000000002e-06
Epoch 1421, Loss: 61.8345
Epoch 1422, Loss: 61.7746
Epoch 1423, Loss: 61.8504
Epoch 1424, Loss: 61.8968
Epoch 1425, Loss: 61.8076
Epoch 1426, Loss: 61.8753
Epoch 1427, Loss: 61.8327
Epoch 1428, Loss: 61.8019
Epoch 1429, Loss: 61.8113
Epoch 1430, Loss: 61.8649
Epoch 1430, LR: 1.0000000000000002e-06
Epoch 1431, Loss: 61.8514
Epoch 1432, Loss: 61.8143
Epoch 1433, Loss: 61.8263
Epoch 1434, Loss: 61.8715
Epoch 1435, Loss: 61.8022
Epoch 1436, Loss: 61.8914
Epoch 1437, Loss: 61.7950
Epoch 1438, Loss: 61.8785
Epoch 1439, Loss: 61.8386
Epoch 1440, Loss: 61.8326
Epoch 1440, LR: 1.0000000000000002e-06
Epoch 1441, Loss: 61.9029
Epoch 1442, Loss: 61.9127
Epoch 1443, Loss: 61.7742
Epoch 1444, Loss: 61.8454
Epoch 1445, Loss: 61.8420
Epoch 1446, Loss: 61.8752
Epoch 1447, Loss: 61.8729
Epoch 1448, Loss: 61.9082
Epoch 1449, Loss: 61.9101
Epoch 1450, Loss: 61.7265
Epoch 1450, LR: 1.0000000000000002e-06
Epoch 1451, Loss: 61.8800
Epoch 1452, Loss: 61.9017
Epoch 1453, Loss: 61.7638
Epoch 1454, Loss: 61.8599
Epoch 1455, Loss: 61.8335
Epoch 1456, Loss: 61.8732
Epoch 1457, Loss: 61.8362
Epoch 1458, Loss: 61.8451
Epoch 1459, Loss: 61.8469
Epoch 1460, Loss: 61.8206
Epoch 1460, LR: 1.0000000000000002e-06
Epoch 1461, Loss: 61.7867
Epoch 1462, Loss: 61.8603
Epoch 1463, Loss: 61.8472
Epoch 1464, Loss: 61.8436
Epoch 1465, Loss: 61.8535
Epoch 1466, Loss: 61.8090
Epoch 1467, Loss: 61.8137
Epoch 1468, Loss: 61.8221
Epoch 1469, Loss: 61.8389
Epoch 1470, Loss: 61.7835
Epoch 1470, LR: 1.0000000000000002e-06
Epoch 1471, Loss: 61.8056
Epoch 1472, Loss: 61.8118
Epoch 1473, Loss: 61.7844
Epoch 1474, Loss: 61.9000
Epoch 1475, Loss: 61.8433
Epoch 1476, Loss: 61.8193
Epoch 1477, Loss: 61.7751
Epoch 1478, Loss: 61.8532
Epoch 1479, Loss: 61.8215
Epoch 1480, Loss: 61.8420
Epoch 1480, LR: 1.0000000000000002e-06
Epoch 1481, Loss: 61.8106
Epoch 1482, Loss: 61.8367
Epoch 1483, Loss: 61.8143
Epoch 1484, Loss: 61.9102
Epoch 1485, Loss: 61.8544
Epoch 1486, Loss: 61.8626
Epoch 1487, Loss: 61.8363
Epoch 1488, Loss: 61.8503
Epoch 1489, Loss: 61.7716
Epoch 1490, Loss: 61.8996
Epoch 1490, LR: 1.0000000000000002e-06
Epoch 1491, Loss: 61.8461
Epoch 1492, Loss: 61.7982
Epoch 1493, Loss: 61.8323
Epoch 1494, Loss: 61.8118
Epoch 1495, Loss: 61.8050
Epoch 1496, Loss: 61.8973
Epoch 1497, Loss: 61.8347
Epoch 1498, Loss: 61.8522
Epoch 1499, Loss: 61.8521
Epoch 1500, Loss: 61.7895
Epoch 1500, LR: 1.0000000000000002e-07
Epoch 1501, Loss: 61.7323
Epoch 1502, Loss: 61.8685
Epoch 1503, Loss: 61.8520
Epoch 1504, Loss: 61.8007
Epoch 1505, Loss: 61.8439
Epoch 1506, Loss: 61.8110
Epoch 1507, Loss: 61.8541
Epoch 1508, Loss: 61.7868
Epoch 1509, Loss: 61.8440
Epoch 1510, Loss: 61.8443
Epoch 1510, LR: 1.0000000000000002e-07
Epoch 1511, Loss: 61.7595
Epoch 1512, Loss: 61.8050
Epoch 1513, Loss: 61.8377
Epoch 1514, Loss: 61.7617
Epoch 1515, Loss: 61.7946
Epoch 1516, Loss: 61.7939
Epoch 1517, Loss: 61.8114
Epoch 1518, Loss: 61.7762
Epoch 1519, Loss: 61.8070
Epoch 1520, Loss: 61.8397
Epoch 1520, LR: 1.0000000000000002e-07
Epoch 1521, Loss: 61.8089
Epoch 1522, Loss: 61.8417
Epoch 1523, Loss: 61.8254
Epoch 1524, Loss: 61.8362
Epoch 1525, Loss: 61.8391
Epoch 1526, Loss: 61.7536
Epoch 1527, Loss: 61.8581
Epoch 1528, Loss: 61.7590
Epoch 1529, Loss: 61.7661
Epoch 1530, Loss: 61.8060
Epoch 1530, LR: 1.0000000000000002e-07
Epoch 1531, Loss: 61.8150
Epoch 1532, Loss: 61.8116
Epoch 1533, Loss: 61.7936
Epoch 1534, Loss: 61.8100
Epoch 1535, Loss: 61.8076
Epoch 1536, Loss: 61.8375
Epoch 1537, Loss: 61.8273
Epoch 1538, Loss: 61.8203
Epoch 1539, Loss: 61.8390
Epoch 1540, Loss: 61.8500
Epoch 1540, LR: 1.0000000000000002e-07
Epoch 1541, Loss: 61.7777
Epoch 1542, Loss: 61.8420
Epoch 1543, Loss: 61.8253
Epoch 1544, Loss: 61.7417
Epoch 1545, Loss: 61.8000
Epoch 1546, Loss: 61.7810
Epoch 1547, Loss: 61.7815
Epoch 1548, Loss: 61.7825
Epoch 1549, Loss: 61.7552
Epoch 1550, Loss: 61.7510
Epoch 1550, LR: 1.0000000000000002e-07
Epoch 1551, Loss: 61.8860
Epoch 1552, Loss: 61.8140
Epoch 1553, Loss: 61.8565
Epoch 1554, Loss: 61.8416
Epoch 1555, Loss: 61.7369
Epoch 1556, Loss: 61.8205
Epoch 1557, Loss: 61.8098
Epoch 1558, Loss: 61.8068
Epoch 1559, Loss: 61.8263
Epoch 1560, Loss: 61.8802
Epoch 1560, LR: 1.0000000000000002e-07
Epoch 1561, Loss: 61.7925
Epoch 1562, Loss: 61.8026
Epoch 1563, Loss: 61.8426
Epoch 1564, Loss: 61.8127
Epoch 1565, Loss: 61.7951
Epoch 1566, Loss: 61.8331
Epoch 1567, Loss: 61.8230
Epoch 1568, Loss: 61.8416
Epoch 1569, Loss: 61.8452
Epoch 1570, Loss: 61.7942
Epoch 1570, LR: 1.0000000000000002e-07
Epoch 1571, Loss: 61.7277
Epoch 1572, Loss: 61.7764
Epoch 1573, Loss: 61.8186
Epoch 1574, Loss: 61.8623
Epoch 1575, Loss: 61.7688
Epoch 1576, Loss: 61.8069
Epoch 1577, Loss: 61.7729
Epoch 1578, Loss: 61.8038
Epoch 1579, Loss: 61.7985
Epoch 1580, Loss: 61.7708
Epoch 1580, LR: 1.0000000000000002e-07
Epoch 1581, Loss: 61.8092
Epoch 1582, Loss: 61.7516
Epoch 1583, Loss: 61.8420
Epoch 1584, Loss: 61.7724
Epoch 1585, Loss: 61.8018
Epoch 1586, Loss: 61.8072
Epoch 1587, Loss: 61.8724
Epoch 1588, Loss: 61.7574
Epoch 1589, Loss: 61.7689
Epoch 1590, Loss: 61.8534
Epoch 1590, LR: 1.0000000000000002e-07
Epoch 1591, Loss: 61.8604
Epoch 1592, Loss: 61.8783
Epoch 1593, Loss: 61.8415
Epoch 1594, Loss: 61.7862
Epoch 1595, Loss: 61.7662
Epoch 1596, Loss: 61.8158
Epoch 1597, Loss: 61.8181
Epoch 1598, Loss: 61.8223
Epoch 1599, Loss: 61.8720
Epoch 1600, Loss: 61.8030
Epoch 1600, LR: 1.0000000000000002e-07
Epoch 1601, Loss: 61.7492
Epoch 1602, Loss: 61.8591
Epoch 1603, Loss: 61.7525
Epoch 1604, Loss: 61.8050
Epoch 1605, Loss: 61.7560
Epoch 1606, Loss: 61.7727
Epoch 1607, Loss: 61.7871
Epoch 1608, Loss: 61.8421
Epoch 1609, Loss: 61.7857
Epoch 1610, Loss: 61.7915
Epoch 1610, LR: 1.0000000000000002e-07
Epoch 1611, Loss: 61.9211
Epoch 1612, Loss: 61.8405
Epoch 1613, Loss: 61.8220
Epoch 1614, Loss: 61.7821
Epoch 1615, Loss: 61.7424
Epoch 1616, Loss: 61.7963
Epoch 1617, Loss: 61.8241
Epoch 1618, Loss: 61.7677
Epoch 1619, Loss: 61.8255
Epoch 1620, Loss: 61.8041
Epoch 1620, LR: 1.0000000000000002e-07
Epoch 1621, Loss: 61.8325
Epoch 1622, Loss: 61.7930
Epoch 1623, Loss: 61.7768
Epoch 1624, Loss: 61.7928
Epoch 1625, Loss: 61.7766
Epoch 1626, Loss: 61.8098
Epoch 1627, Loss: 61.7581
Epoch 1628, Loss: 61.8345
Epoch 1629, Loss: 61.8423
Epoch 1630, Loss: 61.7868
Epoch 1630, LR: 1.0000000000000002e-07
Epoch 1631, Loss: 61.8150
Epoch 1632, Loss: 61.7814
Epoch 1633, Loss: 61.8499
Epoch 1634, Loss: 61.7781
Epoch 1635, Loss: 61.8112
Epoch 1636, Loss: 61.8080
Epoch 1637, Loss: 61.7476
Epoch 1638, Loss: 61.8249
Epoch 1639, Loss: 61.8004
Epoch 1640, Loss: 61.9095
Epoch 1640, LR: 1.0000000000000002e-07
Epoch 1641, Loss: 61.8017
Epoch 1642, Loss: 61.8303
Epoch 1643, Loss: 61.7884
Epoch 1644, Loss: 61.7898
Epoch 1645, Loss: 61.8081
Epoch 1646, Loss: 61.8730
Epoch 1647, Loss: 61.8224
Epoch 1648, Loss: 61.8030
Epoch 1649, Loss: 61.8240
Epoch 1650, Loss: 61.7322
Epoch 1650, LR: 1.0000000000000002e-07
Epoch 1651, Loss: 61.8111
Epoch 1652, Loss: 61.7831
Epoch 1653, Loss: 61.7922
Epoch 1654, Loss: 61.8158
Epoch 1655, Loss: 61.8307
Epoch 1656, Loss: 61.7719
Epoch 1657, Loss: 61.7695
Epoch 1658, Loss: 61.7626
Epoch 1659, Loss: 61.7604
Epoch 1660, Loss: 61.7314
Epoch 1660, LR: 1.0000000000000002e-07
Epoch 1661, Loss: 61.7698
Epoch 1662, Loss: 61.7622
Epoch 1663, Loss: 61.7634
Epoch 1664, Loss: 61.8201
Epoch 1665, Loss: 61.7728
Epoch 1666, Loss: 61.8079
Epoch 1667, Loss: 61.8480
Epoch 1668, Loss: 61.8414
Epoch 1669, Loss: 61.8108
Epoch 1670, Loss: 61.7721
Epoch 1670, LR: 1.0000000000000002e-07
Epoch 1671, Loss: 61.8844
Epoch 1672, Loss: 61.8365
Epoch 1673, Loss: 61.7476
Epoch 1674, Loss: 61.7582
Epoch 1675, Loss: 61.7992
Epoch 1676, Loss: 61.7869
Epoch 1677, Loss: 61.7909
Epoch 1678, Loss: 61.8626
Epoch 1679, Loss: 61.8139
Epoch 1680, Loss: 61.8045
Epoch 1680, LR: 1.0000000000000002e-07
Epoch 1681, Loss: 61.7808
Epoch 1682, Loss: 61.8183
Epoch 1683, Loss: 61.8158
Epoch 1684, Loss: 61.7329
Epoch 1685, Loss: 61.7314
Epoch 1686, Loss: 61.7432
Epoch 1687, Loss: 61.7989
Epoch 1688, Loss: 61.7735
Epoch 1689, Loss: 61.8034
Epoch 1690, Loss: 61.8310
Epoch 1690, LR: 1.0000000000000002e-07
Epoch 1691, Loss: 61.7663
Epoch 1692, Loss: 61.8101
Epoch 1693, Loss: 61.8180
Epoch 1694, Loss: 61.8267
Epoch 1695, Loss: 61.7713
Epoch 1696, Loss: 61.8655
Epoch 1697, Loss: 61.8243
Epoch 1698, Loss: 61.8155
Epoch 1699, Loss: 61.7774
Epoch 1700, Loss: 61.8264
Epoch 1700, LR: 1.0000000000000002e-07
Epoch 1701, Loss: 61.8303
Epoch 1702, Loss: 61.7720
Epoch 1703, Loss: 61.8250
Epoch 1704, Loss: 61.7750
Epoch 1705, Loss: 61.7123
Epoch 1706, Loss: 61.8016
Epoch 1707, Loss: 61.8027
Epoch 1708, Loss: 61.8092
Epoch 1709, Loss: 61.8389
Epoch 1710, Loss: 61.8107
Epoch 1710, LR: 1.0000000000000002e-07
Epoch 1711, Loss: 61.7868
Epoch 1712, Loss: 61.8225
Epoch 1713, Loss: 61.8056
slurmstepd-hbnode-24: error: *** JOB 2198181 ON hbnode-24 CANCELLED AT 2025-06-27T01:49:17 DUE TO TIME LIMIT ***
