rm: cannot remove '/hb/home/tsatoper/cat-generator/results/1': No such file or directory
Saved config to
/hb/home/tsatoper/cat-generator/results/1/config.json
{'batch_size': 16, 'epochs': 3000, 'lr': 0.001, 'latent_dim': 1024, 'beta': 4.0, 'data_path': '/hb/home/tsatoper/cat-generator/data', 'save_dir': '/hb/home/tsatoper/cat-generator/results/1', 'resume': 'null', 'job_id': '1'}
Using device: cuda
Epoch 1, Loss: 413.7182
Epoch 1, LR: 0.001
Epoch 2, Loss: 285.8191
Epoch 3, Loss: 265.2463
Epoch 4, Loss: 247.6424
Epoch 5, Loss: 232.9973
Epoch 6, Loss: 228.2037
Epoch 7, Loss: 218.1521
Epoch 8, Loss: 215.4428
Epoch 9, Loss: 206.9458
Epoch 10, Loss: 203.8807
Epoch 10, LR: 0.001
Epoch 11, Loss: 198.7244
Epoch 12, Loss: 193.4552
Epoch 13, Loss: 189.6016
Epoch 14, Loss: 185.9905
Epoch 15, Loss: 181.0612
Epoch 16, Loss: 178.4472
Epoch 17, Loss: 175.5728
Epoch 18, Loss: 172.7576
Epoch 19, Loss: 170.1284
Epoch 20, Loss: 167.6401
Epoch 20, LR: 0.001
Epoch 21, Loss: 165.3012
Epoch 22, Loss: 162.8548
Epoch 23, Loss: 161.6286
Epoch 24, Loss: 160.2440
Epoch 25, Loss: 158.2994
Epoch 26, Loss: 156.8298
Epoch 27, Loss: 155.9808
Epoch 28, Loss: 153.6035
Epoch 29, Loss: 153.5560
Epoch 30, Loss: 151.5991
Epoch 30, LR: 0.001
Epoch 31, Loss: 151.0645
Epoch 32, Loss: 149.4629
Epoch 33, Loss: 148.3035
Epoch 34, Loss: 147.7671
Epoch 35, Loss: 146.8501
Epoch 36, Loss: 146.4354
Epoch 37, Loss: 146.4196
Epoch 38, Loss: 145.3712
Epoch 39, Loss: 143.6039
Epoch 40, Loss: 143.6534
Epoch 40, LR: 0.001
Epoch 41, Loss: 143.1903
Epoch 42, Loss: 142.3012
Epoch 43, Loss: 142.0685
Epoch 44, Loss: 140.9648
Epoch 45, Loss: 141.2049
Epoch 46, Loss: 140.7981
Epoch 47, Loss: 139.8224
Epoch 48, Loss: 139.1403
Epoch 49, Loss: 138.0564
Epoch 50, Loss: 137.4102
Epoch 50, LR: 0.001
Epoch 51, Loss: 137.8292
Epoch 52, Loss: 137.5094
Epoch 53, Loss: 136.1903
Epoch 54, Loss: 136.1815
Epoch 55, Loss: 136.4510
Epoch 56, Loss: 135.7075
Epoch 57, Loss: 135.5293
Epoch 58, Loss: 134.3557
Epoch 59, Loss: 134.0191
Epoch 60, Loss: 134.3318
Epoch 60, LR: 0.001
Epoch 61, Loss: 133.9804
Epoch 62, Loss: 133.5813
Epoch 63, Loss: 133.0027
Epoch 64, Loss: 132.8139
Epoch 65, Loss: 132.5931
Epoch 66, Loss: 132.5274
Epoch 67, Loss: 131.6741
Epoch 68, Loss: 131.8359
Epoch 69, Loss: 132.1649
Epoch 70, Loss: 130.6618
Epoch 70, LR: 0.001
Epoch 71, Loss: 130.7151
Epoch 72, Loss: 130.2126
Epoch 73, Loss: 130.2006
Epoch 74, Loss: 130.4851
Epoch 75, Loss: 129.4471
Epoch 76, Loss: 129.1935
Epoch 77, Loss: 129.5365
Epoch 78, Loss: 128.9580
Epoch 79, Loss: 128.4505
Epoch 80, Loss: 128.2240
Epoch 80, LR: 0.001
Epoch 81, Loss: 128.4909
Epoch 82, Loss: 128.6460
Epoch 83, Loss: 127.6200
Epoch 84, Loss: 127.4467
Epoch 85, Loss: 127.7153
Epoch 86, Loss: 126.8849
Epoch 87, Loss: 127.0607
Epoch 88, Loss: 126.9022
Epoch 89, Loss: 126.4729
Epoch 90, Loss: 126.1443
Epoch 90, LR: 0.001
Epoch 91, Loss: 125.7482
Epoch 92, Loss: 125.7529
Epoch 93, Loss: 125.2335
Epoch 94, Loss: 125.0707
Epoch 95, Loss: 124.8288
Epoch 96, Loss: 124.6607
Epoch 97, Loss: 124.1795
Epoch 98, Loss: 124.1212
Epoch 99, Loss: 124.4163
Epoch 100, Loss: 123.5542
Epoch 100, LR: 0.001
Epoch 101, Loss: 123.9589
Epoch 102, Loss: 123.6436
Epoch 103, Loss: 123.0576
Epoch 104, Loss: 123.3008
Epoch 105, Loss: 122.8062
Epoch 106, Loss: 122.8839
Epoch 107, Loss: 122.5246
Epoch 108, Loss: 122.4021
Epoch 109, Loss: 122.2584
Epoch 110, Loss: 134.5038
Epoch 110, LR: 0.001
Epoch 111, Loss: 131.5427
Epoch 112, Loss: 125.3503
Epoch 113, Loss: 123.7666
Epoch 114, Loss: 122.6753
Epoch 115, Loss: 122.7033
Epoch 116, Loss: 121.9559
Epoch 117, Loss: 121.3923
Epoch 118, Loss: 121.1250
Epoch 119, Loss: 120.6965
Epoch 120, Loss: 120.7247
Epoch 120, LR: 0.001
Epoch 121, Loss: 120.6952
Epoch 122, Loss: 120.4027
Epoch 123, Loss: 120.0115
Epoch 124, Loss: 120.1095
Epoch 125, Loss: 120.0259
Epoch 126, Loss: 119.3947
Epoch 127, Loss: 119.6257
Epoch 128, Loss: 119.7943
Epoch 129, Loss: 119.3601
Epoch 130, Loss: 119.4795
Epoch 130, LR: 0.001
Epoch 131, Loss: 119.9523
Epoch 132, Loss: 119.0189
Epoch 133, Loss: 118.9453
Epoch 134, Loss: 118.7305
Epoch 135, Loss: 119.1007
Epoch 136, Loss: 118.5638
Epoch 137, Loss: 118.7100
Epoch 138, Loss: 118.5223
Epoch 139, Loss: 118.5805
Epoch 140, Loss: 118.0956
Epoch 140, LR: 0.001
Epoch 141, Loss: 117.9968
Epoch 142, Loss: 117.7197
Epoch 143, Loss: 117.9674
Epoch 144, Loss: 117.6236
Epoch 145, Loss: 117.9030
Epoch 146, Loss: 117.4714
Epoch 147, Loss: 117.5123
Epoch 148, Loss: 117.3304
Epoch 149, Loss: 117.5131
Epoch 150, Loss: 116.9744
Epoch 150, LR: 0.001
Epoch 151, Loss: 116.6350
Epoch 152, Loss: 116.8531
Epoch 153, Loss: 116.7478
Epoch 154, Loss: 116.5349
Epoch 155, Loss: 116.4142
Epoch 156, Loss: 116.2092
Epoch 157, Loss: 116.2534
Epoch 158, Loss: 116.9021
Epoch 159, Loss: 115.8677
Epoch 160, Loss: 115.5641
Epoch 160, LR: 0.001
Epoch 161, Loss: 115.5111
Epoch 162, Loss: 115.8555
Epoch 163, Loss: 115.7121
Epoch 164, Loss: 115.6269
Epoch 165, Loss: 115.3532
Epoch 166, Loss: 115.0371
Epoch 167, Loss: 115.0018
Epoch 168, Loss: 115.2237
Epoch 169, Loss: 115.0939
Epoch 170, Loss: 114.9265
Epoch 170, LR: 0.001
Epoch 171, Loss: 115.0647
Epoch 172, Loss: 114.2342
Epoch 173, Loss: 114.7863
Epoch 174, Loss: 114.7169
Epoch 175, Loss: 114.3600
Epoch 176, Loss: 113.9005
Epoch 177, Loss: 114.5115
Epoch 178, Loss: 114.3151
Epoch 179, Loss: 114.1264
Epoch 180, Loss: 114.2824
Epoch 180, LR: 0.001
Epoch 181, Loss: 113.6698
Epoch 182, Loss: 113.2081
Epoch 183, Loss: 113.4991
Epoch 184, Loss: 113.6543
Epoch 185, Loss: 114.1317
Epoch 186, Loss: 113.3953
Epoch 187, Loss: 112.9939
Epoch 188, Loss: 113.2010
Epoch 189, Loss: 113.2498
Epoch 190, Loss: 112.9516
Epoch 190, LR: 0.001
Epoch 191, Loss: 112.8734
Epoch 192, Loss: 112.8238
Epoch 193, Loss: 112.5854
Epoch 194, Loss: 112.3595
Epoch 195, Loss: 112.4285
Epoch 196, Loss: 112.5062
Epoch 197, Loss: 112.5100
Epoch 198, Loss: 112.5188
Epoch 199, Loss: 112.3521
Epoch 200, Loss: 112.0669
Epoch 200, LR: 0.001
Epoch 201, Loss: 112.2673
Epoch 202, Loss: 111.6760
Epoch 203, Loss: 111.7406
Epoch 204, Loss: 111.5849
Epoch 205, Loss: 111.5567
Epoch 206, Loss: 111.6536
Epoch 207, Loss: 111.5373
Epoch 208, Loss: 111.5165
Epoch 209, Loss: 111.8453
Epoch 210, Loss: 111.4610
Epoch 210, LR: 0.001
Epoch 211, Loss: 111.0030
Epoch 212, Loss: 110.9957
Epoch 213, Loss: 110.9687
Epoch 214, Loss: 111.2066
Epoch 215, Loss: 110.8704
Epoch 216, Loss: 110.7944
Epoch 217, Loss: 110.8990
Epoch 218, Loss: 110.6631
Epoch 219, Loss: 110.5585
Epoch 220, Loss: 110.4379
Epoch 220, LR: 0.001
Epoch 221, Loss: 110.4627
Epoch 222, Loss: 110.2878
Epoch 223, Loss: 110.0734
Epoch 224, Loss: 109.9769
Epoch 225, Loss: 109.9512
Epoch 226, Loss: 110.2964
Epoch 227, Loss: 110.3523
Epoch 228, Loss: 110.0332
Epoch 229, Loss: 109.5493
Epoch 230, Loss: 109.7077
Epoch 230, LR: 0.001
Epoch 231, Loss: 109.9668
Epoch 232, Loss: 109.4441
Epoch 233, Loss: 109.6348
Epoch 234, Loss: 109.3632
Epoch 235, Loss: 109.3462
Epoch 236, Loss: 109.3650
Epoch 237, Loss: 109.5131
Epoch 238, Loss: 109.2592
Epoch 239, Loss: 109.0276
Epoch 240, Loss: 108.8452
Epoch 240, LR: 0.001
Epoch 241, Loss: 108.8435
Epoch 242, Loss: 108.8861
Epoch 243, Loss: 109.0200
Epoch 244, Loss: 108.8676
Epoch 245, Loss: 108.9377
Epoch 246, Loss: 108.6054
Epoch 247, Loss: 108.5134
Epoch 248, Loss: 108.3964
Epoch 249, Loss: 108.4089
Epoch 250, Loss: 108.5319
Epoch 250, LR: 0.001
Epoch 251, Loss: 108.4048
Epoch 252, Loss: 108.6980
Epoch 253, Loss: 108.5524
Epoch 254, Loss: 108.1419
Epoch 255, Loss: 108.4196
Epoch 256, Loss: 107.8941
Epoch 257, Loss: 108.2572
Epoch 258, Loss: 107.8914
Epoch 259, Loss: 107.6339
Epoch 260, Loss: 107.8598
Epoch 260, LR: 0.001
Epoch 261, Loss: 107.8129
Epoch 262, Loss: 107.8218
Epoch 263, Loss: 107.9501
Epoch 264, Loss: 107.4588
Epoch 265, Loss: 107.4425
Epoch 266, Loss: 107.6398
Epoch 267, Loss: 107.4344
Epoch 268, Loss: 107.2816
Epoch 269, Loss: 107.0199
Epoch 270, Loss: 107.1449
Epoch 270, LR: 0.001
Epoch 271, Loss: 107.1785
Epoch 272, Loss: 107.1360
Epoch 273, Loss: 106.9293
Epoch 274, Loss: 106.7491
Epoch 275, Loss: 106.7195
Epoch 276, Loss: 107.2323
Epoch 277, Loss: 106.8737
Epoch 278, Loss: 106.7324
Epoch 279, Loss: 106.4248
Epoch 280, Loss: 106.4449
Epoch 280, LR: 0.001
Epoch 281, Loss: 106.6587
Epoch 282, Loss: 106.4070
Epoch 283, Loss: 106.8421
Epoch 284, Loss: 106.4655
Epoch 285, Loss: 106.2237
Epoch 286, Loss: 106.3043
Epoch 287, Loss: 106.0898
Epoch 288, Loss: 106.2750
Epoch 289, Loss: 106.0472
Epoch 290, Loss: 106.2531
Epoch 290, LR: 0.001
Epoch 291, Loss: 106.0084
Epoch 292, Loss: 106.2313
Epoch 293, Loss: 106.0370
Epoch 294, Loss: 105.8760
Epoch 295, Loss: 105.6431
Epoch 296, Loss: 105.7733
Epoch 297, Loss: 105.6491
Epoch 298, Loss: 105.5203
Epoch 299, Loss: 105.5295
Epoch 300, Loss: 105.5672
Epoch 300, LR: 0.001
Epoch 301, Loss: 105.5010
Epoch 302, Loss: 105.3549
Epoch 303, Loss: 105.0389
Epoch 304, Loss: 105.1390
Epoch 305, Loss: 105.0493
Epoch 306, Loss: 105.5139
Epoch 307, Loss: 105.1285
Epoch 308, Loss: 105.1248
Epoch 309, Loss: 104.9688
Epoch 310, Loss: 104.7321
Epoch 310, LR: 0.001
Epoch 311, Loss: 104.7968
Epoch 312, Loss: 105.0267
Epoch 313, Loss: 105.1606
Epoch 314, Loss: 105.2357
Epoch 315, Loss: 104.8049
Epoch 316, Loss: 111.3006
Epoch 317, Loss: 110.7601
Epoch 318, Loss: 105.9039
Epoch 319, Loss: 105.2195
Epoch 320, Loss: 104.9931
Epoch 320, LR: 0.001
Epoch 321, Loss: 104.7845
Epoch 322, Loss: 104.4900
Epoch 323, Loss: 104.4964
Epoch 324, Loss: 104.2146
Epoch 325, Loss: 104.2436
Epoch 326, Loss: 104.1637
Epoch 327, Loss: 104.2030
Epoch 328, Loss: 103.9985
Epoch 329, Loss: 104.2034
Epoch 330, Loss: 103.9562
Epoch 330, LR: 0.001
Epoch 331, Loss: 104.0295
Epoch 332, Loss: 103.8824
Epoch 333, Loss: 103.9554
Epoch 334, Loss: 103.8454
Epoch 335, Loss: 103.7858
Epoch 336, Loss: 104.0973
Epoch 337, Loss: 103.8491
Epoch 338, Loss: 103.9517
Epoch 339, Loss: 103.8096
Epoch 340, Loss: 103.6764
Epoch 340, LR: 0.001
Epoch 341, Loss: 103.8450
Epoch 342, Loss: 103.4864
Epoch 343, Loss: 103.4830
Epoch 344, Loss: 103.4417
Epoch 345, Loss: 103.4364
Epoch 346, Loss: 103.4204
Epoch 347, Loss: 103.2925
Epoch 348, Loss: 103.2968
Epoch 349, Loss: 103.4931
Epoch 350, Loss: 103.9861
Epoch 350, LR: 0.001
Epoch 351, Loss: 103.3667
Epoch 352, Loss: 103.0883
Epoch 353, Loss: 103.0739
Epoch 354, Loss: 102.9933
Epoch 355, Loss: 102.9949
Epoch 356, Loss: 103.1086
Epoch 357, Loss: 103.0988
Epoch 358, Loss: 102.9718
Epoch 359, Loss: 102.8171
Epoch 360, Loss: 103.0448
Epoch 360, LR: 0.001
Epoch 361, Loss: 102.7072
Epoch 362, Loss: 102.9123
Epoch 363, Loss: 102.6495
Epoch 364, Loss: 102.5200
Epoch 365, Loss: 102.6835
Epoch 366, Loss: 102.4219
Epoch 367, Loss: 102.5510
Epoch 368, Loss: 102.4929
Epoch 369, Loss: 102.4894
Epoch 370, Loss: 102.5053
Epoch 370, LR: 0.001
Epoch 371, Loss: 102.4048
Epoch 372, Loss: 102.4378
Epoch 373, Loss: 102.3447
Epoch 374, Loss: 102.3915
Epoch 375, Loss: 102.5272
Epoch 376, Loss: 102.1567
Epoch 377, Loss: 102.1455
Epoch 378, Loss: 102.2657
Epoch 379, Loss: 102.0853
Epoch 380, Loss: 102.1274
Epoch 380, LR: 0.001
Epoch 381, Loss: 102.5187
Epoch 382, Loss: 101.9819
Epoch 383, Loss: 101.8779
Epoch 384, Loss: 101.8322
Epoch 385, Loss: 101.7810
Epoch 386, Loss: 101.7239
Epoch 387, Loss: 101.9713
Epoch 388, Loss: 101.8414
Epoch 389, Loss: 101.7179
Epoch 390, Loss: 101.4968
Epoch 390, LR: 0.001
Epoch 391, Loss: 101.7209
Epoch 392, Loss: 101.5365
Epoch 393, Loss: 108.1643
Epoch 394, Loss: 108.9064
Epoch 395, Loss: 103.2366
Epoch 396, Loss: 102.3449
Epoch 397, Loss: 102.0249
Epoch 398, Loss: 101.7726
Epoch 399, Loss: 101.4407
Epoch 400, Loss: 101.4078
Epoch 400, LR: 0.001
Epoch 401, Loss: 101.1739
Epoch 402, Loss: 101.4216
Epoch 403, Loss: 101.2316
Epoch 404, Loss: 101.3486
Epoch 405, Loss: 100.9761
Epoch 406, Loss: 101.2047
Epoch 407, Loss: 101.0739
Epoch 408, Loss: 101.1437
Epoch 409, Loss: 100.8690
Epoch 410, Loss: 100.9372
Epoch 410, LR: 0.001
Epoch 411, Loss: 101.2480
Epoch 412, Loss: 101.1751
Epoch 413, Loss: 100.9479
Epoch 414, Loss: 101.0344
Epoch 415, Loss: 100.9808
Epoch 416, Loss: 100.9137
Epoch 417, Loss: 100.9960
Epoch 418, Loss: 100.9182
Epoch 419, Loss: 100.8278
Epoch 420, Loss: 101.0757
Epoch 420, LR: 0.001
Epoch 421, Loss: 101.0157
Epoch 422, Loss: 100.7229
Epoch 423, Loss: 100.5697
Epoch 424, Loss: 100.6378
Epoch 425, Loss: 100.7502
Epoch 426, Loss: 100.7746
Epoch 427, Loss: 100.8385
Epoch 428, Loss: 100.5457
Epoch 429, Loss: 100.6128
Epoch 430, Loss: 100.4559
Epoch 430, LR: 0.001
Epoch 431, Loss: 100.3509
Epoch 432, Loss: 100.3749
Epoch 433, Loss: 100.2682
Epoch 434, Loss: 100.5171
Epoch 435, Loss: 100.1052
Epoch 436, Loss: 100.1557
Epoch 437, Loss: 100.3739
Epoch 438, Loss: 100.2517
Epoch 439, Loss: 100.1340
Epoch 440, Loss: 100.0870
Epoch 440, LR: 0.001
Epoch 441, Loss: 100.1340
Epoch 442, Loss: 100.2261
Epoch 443, Loss: 100.3407
Epoch 444, Loss: 100.0779
Epoch 445, Loss: 100.0070
Epoch 446, Loss: 99.9982
Epoch 447, Loss: 99.8876
Epoch 448, Loss: 100.0866
Epoch 449, Loss: 99.8449
Epoch 450, Loss: 99.9240
Epoch 450, LR: 0.001
Epoch 451, Loss: 99.8543
Epoch 452, Loss: 99.7289
Epoch 453, Loss: 99.7688
Epoch 454, Loss: 99.6403
Epoch 455, Loss: 99.8167
Epoch 456, Loss: 99.6965
Epoch 457, Loss: 99.7361
Epoch 458, Loss: 99.5862
Epoch 459, Loss: 99.5917
Epoch 460, Loss: 99.5159
Epoch 460, LR: 0.001
Epoch 461, Loss: 99.4435
Epoch 462, Loss: 99.2764
Epoch 463, Loss: 99.4768
Epoch 464, Loss: 99.7177
Epoch 465, Loss: 99.3641
Epoch 466, Loss: 99.4760
Epoch 467, Loss: 99.3451
Epoch 468, Loss: 99.3774
Epoch 469, Loss: 99.6631
Epoch 470, Loss: 99.6772
Epoch 470, LR: 0.001
Epoch 471, Loss: 99.2361
Epoch 472, Loss: 99.1829
Epoch 473, Loss: 99.2060
Epoch 474, Loss: 99.1427
Epoch 475, Loss: 99.1093
Epoch 476, Loss: 99.1771
Epoch 477, Loss: 98.9843
Epoch 478, Loss: 99.2979
Epoch 479, Loss: 99.0750
Epoch 480, Loss: 98.7571
Epoch 480, LR: 0.001
Epoch 481, Loss: 99.0182
Epoch 482, Loss: 98.9738
Epoch 483, Loss: 99.1365
Epoch 484, Loss: 98.9207
Epoch 485, Loss: 98.8335
Epoch 486, Loss: 98.8640
Epoch 487, Loss: 99.2248
Epoch 488, Loss: 98.7015
Epoch 489, Loss: 98.9563
Epoch 490, Loss: 98.7715
Epoch 490, LR: 0.001
Epoch 491, Loss: 98.8734
Epoch 492, Loss: 98.6632
Epoch 493, Loss: 98.6137
Epoch 494, Loss: 98.8636
Epoch 495, Loss: 99.1850
Epoch 496, Loss: 98.6082
Epoch 497, Loss: 98.4340
Epoch 498, Loss: 98.5538
Epoch 499, Loss: 98.5997
Epoch 500, Loss: 98.4473
Epoch 500, LR: 0.0001
Epoch 501, Loss: 96.8465
Epoch 502, Loss: 96.2774
Epoch 503, Loss: 95.8915
Epoch 504, Loss: 95.7578
Epoch 505, Loss: 95.6759
Epoch 506, Loss: 95.4825
Epoch 507, Loss: 95.5493
Epoch 508, Loss: 95.4092
Epoch 509, Loss: 95.3945
Epoch 510, Loss: 95.2062
Epoch 510, LR: 0.0001
Epoch 511, Loss: 95.1185
Epoch 512, Loss: 95.1756
Epoch 513, Loss: 95.0733
Epoch 514, Loss: 95.0486
Epoch 515, Loss: 95.0482
Epoch 516, Loss: 95.0478
Epoch 517, Loss: 94.8870
Epoch 518, Loss: 94.8204
Epoch 519, Loss: 94.8887
Epoch 520, Loss: 94.8615
Epoch 520, LR: 0.0001
Epoch 521, Loss: 94.7440
Epoch 522, Loss: 94.7980
Epoch 523, Loss: 94.7581
Epoch 524, Loss: 94.6503
Epoch 525, Loss: 94.7265
Epoch 526, Loss: 94.6339
Epoch 527, Loss: 94.5702
Epoch 528, Loss: 94.5085
Epoch 529, Loss: 94.3791
Epoch 530, Loss: 94.5793
Epoch 530, LR: 0.0001
Epoch 531, Loss: 94.5389
Epoch 532, Loss: 94.4054
Epoch 533, Loss: 94.3836
Epoch 534, Loss: 94.4558
Epoch 535, Loss: 94.3728
Epoch 536, Loss: 94.4228
Epoch 537, Loss: 94.4178
Epoch 538, Loss: 94.2852
Epoch 539, Loss: 94.3325
Epoch 540, Loss: 94.3177
Epoch 540, LR: 0.0001
Epoch 541, Loss: 94.2949
Epoch 542, Loss: 94.2865
Epoch 543, Loss: 94.2345
Epoch 544, Loss: 94.1117
Epoch 545, Loss: 94.1514
Epoch 546, Loss: 94.1862
Epoch 547, Loss: 94.1484
Epoch 548, Loss: 94.1658
Epoch 549, Loss: 94.0768
Epoch 550, Loss: 94.2779
Epoch 550, LR: 0.0001
Epoch 551, Loss: 94.0657
Epoch 552, Loss: 94.0860
Epoch 553, Loss: 94.0517
Epoch 554, Loss: 94.0058
Epoch 555, Loss: 94.0440
Epoch 556, Loss: 94.0201
Epoch 557, Loss: 94.0958
Epoch 558, Loss: 93.9760
Epoch 559, Loss: 94.0453
Epoch 560, Loss: 93.9935
Epoch 560, LR: 0.0001
Epoch 561, Loss: 93.9006
Epoch 562, Loss: 93.9143
Epoch 563, Loss: 93.8847
Epoch 564, Loss: 93.9462
Epoch 565, Loss: 93.8848
Epoch 566, Loss: 93.8490
Epoch 567, Loss: 93.8540
Epoch 568, Loss: 93.9260
Epoch 569, Loss: 93.8285
Epoch 570, Loss: 93.9606
Epoch 570, LR: 0.0001
Epoch 571, Loss: 93.8988
Epoch 572, Loss: 93.7205
Epoch 573, Loss: 93.8365
Epoch 574, Loss: 93.8149
Epoch 575, Loss: 93.7293
Epoch 576, Loss: 93.8121
Epoch 577, Loss: 93.7756
Epoch 578, Loss: 93.6960
Epoch 579, Loss: 93.7164
Epoch 580, Loss: 93.7608
Epoch 580, LR: 0.0001
Epoch 581, Loss: 93.6637
Epoch 582, Loss: 93.6808
Epoch 583, Loss: 93.6806
Epoch 584, Loss: 93.7165
Epoch 585, Loss: 93.6957
Epoch 586, Loss: 93.6580
Epoch 587, Loss: 93.6841
Epoch 588, Loss: 93.6848
Epoch 589, Loss: 93.7051
Epoch 590, Loss: 93.6159
Epoch 590, LR: 0.0001
Epoch 591, Loss: 93.7189
Epoch 592, Loss: 93.5369
Epoch 593, Loss: 93.6618
Epoch 594, Loss: 93.6021
Epoch 595, Loss: 93.5550
Epoch 596, Loss: 93.5096
Epoch 597, Loss: 93.5902
Epoch 598, Loss: 93.5399
Epoch 599, Loss: 93.4034
Epoch 600, Loss: 93.4731
Epoch 600, LR: 0.0001
Epoch 601, Loss: 93.5554
Epoch 602, Loss: 93.4580
Epoch 603, Loss: 93.5101
Epoch 604, Loss: 93.4029
Epoch 605, Loss: 93.5176
Epoch 606, Loss: 93.4278
Epoch 607, Loss: 93.4404
Epoch 608, Loss: 93.3019
Epoch 609, Loss: 93.4690
Epoch 610, Loss: 93.4235
Epoch 610, LR: 0.0001
Epoch 611, Loss: 93.3285
Epoch 612, Loss: 93.3573
Epoch 613, Loss: 93.4066
Epoch 614, Loss: 93.2834
Epoch 615, Loss: 93.3212
Epoch 616, Loss: 93.4576
Epoch 617, Loss: 93.2910
Epoch 618, Loss: 93.3779
Epoch 619, Loss: 93.3071
Epoch 620, Loss: 93.2879
Epoch 620, LR: 0.0001
Epoch 621, Loss: 93.3389
Epoch 622, Loss: 93.3551
Epoch 623, Loss: 93.2821
Epoch 624, Loss: 93.3522
Epoch 625, Loss: 93.3406
Epoch 626, Loss: 93.1708
Epoch 627, Loss: 93.2434
Epoch 628, Loss: 93.1579
Epoch 629, Loss: 93.2526
Epoch 630, Loss: 93.2400
Epoch 630, LR: 0.0001
Epoch 631, Loss: 93.2320
Epoch 632, Loss: 93.2365
Epoch 633, Loss: 93.1893
Epoch 634, Loss: 93.2118
Epoch 635, Loss: 93.1884
Epoch 636, Loss: 93.1409
Epoch 637, Loss: 93.1093
Epoch 638, Loss: 93.2185
Epoch 639, Loss: 93.1303
Epoch 640, Loss: 93.1847
Epoch 640, LR: 0.0001
Epoch 641, Loss: 93.1588
Epoch 642, Loss: 93.1230
Epoch 643, Loss: 93.1058
Epoch 644, Loss: 93.0020
Epoch 645, Loss: 93.0902
Epoch 646, Loss: 93.1162
Epoch 647, Loss: 93.0172
Epoch 648, Loss: 93.1041
Epoch 649, Loss: 93.1357
Epoch 650, Loss: 93.0257
Epoch 650, LR: 0.0001
Epoch 651, Loss: 92.9773
Epoch 652, Loss: 93.0050
Epoch 653, Loss: 93.0287
Epoch 654, Loss: 93.0644
Epoch 655, Loss: 92.9764
Epoch 656, Loss: 93.0112
Epoch 657, Loss: 93.1191
Epoch 658, Loss: 92.9497
Epoch 659, Loss: 92.9960
Epoch 660, Loss: 92.9299
Epoch 660, LR: 0.0001
Epoch 661, Loss: 92.9896
Epoch 662, Loss: 93.0080
Epoch 663, Loss: 93.0448
Epoch 664, Loss: 92.9231
Epoch 665, Loss: 92.9178
Epoch 666, Loss: 92.9779
Epoch 667, Loss: 93.0216
Epoch 668, Loss: 93.0704
Epoch 669, Loss: 92.9094
Epoch 670, Loss: 92.9455
Epoch 670, LR: 0.0001
Epoch 671, Loss: 92.8502
Epoch 672, Loss: 92.9320
Epoch 673, Loss: 92.9611
Epoch 674, Loss: 92.9684
Epoch 675, Loss: 92.9554
Epoch 676, Loss: 92.8752
Epoch 677, Loss: 92.9185
Epoch 678, Loss: 92.7933
Epoch 679, Loss: 92.9119
Epoch 680, Loss: 92.7812
Epoch 680, LR: 0.0001
Epoch 681, Loss: 92.7863
Epoch 682, Loss: 92.8690
Epoch 683, Loss: 92.9366
Epoch 684, Loss: 92.8617
Epoch 685, Loss: 92.7995
Epoch 686, Loss: 92.7392
Epoch 687, Loss: 92.7577
Epoch 688, Loss: 92.7391
Epoch 689, Loss: 92.7473
Epoch 690, Loss: 92.7864
Epoch 690, LR: 0.0001
Epoch 691, Loss: 92.9016
Epoch 692, Loss: 92.6996
Epoch 693, Loss: 92.7551
Epoch 694, Loss: 92.8397
Epoch 695, Loss: 92.7668
Epoch 696, Loss: 92.7085
Epoch 697, Loss: 92.7714
Epoch 698, Loss: 92.7324
Epoch 699, Loss: 92.7232
Epoch 700, Loss: 92.7089
Epoch 700, LR: 0.0001
Epoch 701, Loss: 92.7318
Epoch 702, Loss: 92.7163
Epoch 703, Loss: 92.7170
Epoch 704, Loss: 92.8007
Epoch 705, Loss: 92.7372
Epoch 706, Loss: 92.6138
Epoch 707, Loss: 92.6582
Epoch 708, Loss: 92.6925
Epoch 709, Loss: 92.6450
Epoch 710, Loss: 92.5775
Epoch 710, LR: 0.0001
Epoch 711, Loss: 92.6935
Epoch 712, Loss: 92.6294
Epoch 713, Loss: 92.6942
Epoch 714, Loss: 92.6015
Epoch 715, Loss: 92.5969
Epoch 716, Loss: 92.5597
Epoch 717, Loss: 92.6427
Epoch 718, Loss: 92.5796
Epoch 719, Loss: 92.5440
Epoch 720, Loss: 92.5338
Epoch 720, LR: 0.0001
Epoch 721, Loss: 92.6364
Epoch 722, Loss: 92.5940
Epoch 723, Loss: 92.6193
Epoch 724, Loss: 92.5184
Epoch 725, Loss: 92.5686
Epoch 726, Loss: 92.5322
Epoch 727, Loss: 92.5911
Epoch 728, Loss: 92.4433
Epoch 729, Loss: 92.4854
Epoch 730, Loss: 92.5010
Epoch 730, LR: 0.0001
Epoch 731, Loss: 92.6034
Epoch 732, Loss: 92.4708
Epoch 733, Loss: 92.4234
Epoch 734, Loss: 92.5198
Epoch 735, Loss: 92.4741
Epoch 736, Loss: 92.4947
Epoch 737, Loss: 92.5152
Epoch 738, Loss: 92.4670
Epoch 739, Loss: 92.5138
Epoch 740, Loss: 92.4938
Epoch 740, LR: 0.0001
Epoch 741, Loss: 92.4859
Epoch 742, Loss: 92.4104
Epoch 743, Loss: 92.4035
Epoch 744, Loss: 92.4743
Epoch 745, Loss: 92.4145
Epoch 746, Loss: 92.4462
Epoch 747, Loss: 92.4607
Epoch 748, Loss: 92.4738
Epoch 749, Loss: 92.4408
Epoch 750, Loss: 92.4383
Epoch 750, LR: 0.0001
Epoch 751, Loss: 92.3878
Epoch 752, Loss: 92.3572
Epoch 753, Loss: 92.3787
Epoch 754, Loss: 92.4137
Epoch 755, Loss: 92.3909
Epoch 756, Loss: 92.3551
Epoch 757, Loss: 92.3624
Epoch 758, Loss: 92.4763
Epoch 759, Loss: 92.3204
Epoch 760, Loss: 92.3433
Epoch 760, LR: 0.0001
Epoch 761, Loss: 92.2656
Epoch 762, Loss: 92.3751
Epoch 763, Loss: 92.3632
Epoch 764, Loss: 92.2927
Epoch 765, Loss: 92.2377
Epoch 766, Loss: 92.3869
Epoch 767, Loss: 92.3415
Epoch 768, Loss: 92.3830
Epoch 769, Loss: 92.3435
Epoch 770, Loss: 92.2947
Epoch 770, LR: 0.0001
Epoch 771, Loss: 92.3899
Epoch 772, Loss: 92.3541
Epoch 773, Loss: 92.3242
Epoch 774, Loss: 92.2502
Epoch 775, Loss: 92.3044
Epoch 776, Loss: 92.2572
Epoch 777, Loss: 92.3361
Epoch 778, Loss: 92.1950
Epoch 779, Loss: 92.3060
Epoch 780, Loss: 92.2118
Epoch 780, LR: 0.0001
Epoch 781, Loss: 92.2109
Epoch 782, Loss: 92.1757
Epoch 783, Loss: 92.2279
Epoch 784, Loss: 92.3982
Epoch 785, Loss: 92.2284
Epoch 786, Loss: 92.1972
Epoch 787, Loss: 92.2574
Epoch 788, Loss: 92.2193
Epoch 789, Loss: 92.1977
Epoch 790, Loss: 92.2750
Epoch 790, LR: 0.0001
Epoch 791, Loss: 92.0979
Epoch 792, Loss: 92.1897
Epoch 793, Loss: 92.1123
Epoch 794, Loss: 92.1920
Epoch 795, Loss: 92.1958
Epoch 796, Loss: 92.2151
Epoch 797, Loss: 92.1082
Epoch 798, Loss: 92.2210
Epoch 799, Loss: 92.1155
Epoch 800, Loss: 92.0988
Epoch 800, LR: 0.0001
Epoch 801, Loss: 92.1365
Epoch 802, Loss: 92.1630
Epoch 803, Loss: 92.1205
Epoch 804, Loss: 92.0885
Epoch 805, Loss: 92.1188
Epoch 806, Loss: 92.0564
Epoch 807, Loss: 92.0541
Epoch 808, Loss: 92.1616
Epoch 809, Loss: 92.0393
Epoch 810, Loss: 92.1130
Epoch 810, LR: 0.0001
Epoch 811, Loss: 92.1460
Epoch 812, Loss: 92.1346
Epoch 813, Loss: 92.0773
Epoch 814, Loss: 92.0591
Epoch 815, Loss: 92.0451
Epoch 816, Loss: 92.1776
Epoch 817, Loss: 92.0584
Epoch 818, Loss: 91.9215
Epoch 819, Loss: 92.0295
Epoch 820, Loss: 92.0381
Epoch 820, LR: 0.0001
Epoch 821, Loss: 91.9710
Epoch 822, Loss: 92.1011
Epoch 823, Loss: 91.9774
Epoch 824, Loss: 92.0233
Epoch 825, Loss: 91.9766
Epoch 826, Loss: 91.9500
Epoch 827, Loss: 92.0657
Epoch 828, Loss: 92.0099
Epoch 829, Loss: 91.9991
Epoch 830, Loss: 91.9301
Epoch 830, LR: 0.0001
Epoch 831, Loss: 91.9993
Epoch 832, Loss: 91.9894
Epoch 833, Loss: 91.9672
Epoch 834, Loss: 91.9653
Epoch 835, Loss: 92.0624
Epoch 836, Loss: 91.9843
Epoch 837, Loss: 92.0212
Epoch 838, Loss: 91.9899
Epoch 839, Loss: 92.0148
Epoch 840, Loss: 91.9046
Epoch 840, LR: 0.0001
Epoch 841, Loss: 91.9145
Epoch 842, Loss: 91.9061
Epoch 843, Loss: 91.9839
Epoch 844, Loss: 91.8299
Epoch 845, Loss: 91.9054
Epoch 846, Loss: 91.8731
Epoch 847, Loss: 91.9061
Epoch 848, Loss: 92.0035
Epoch 849, Loss: 91.9329
Epoch 850, Loss: 91.9686
Epoch 850, LR: 0.0001
Epoch 851, Loss: 91.9164
Epoch 852, Loss: 91.9160
Epoch 853, Loss: 91.8371
Epoch 854, Loss: 91.9007
Epoch 855, Loss: 91.9123
Epoch 856, Loss: 91.9050
Epoch 857, Loss: 91.9330
Epoch 858, Loss: 91.8368
Epoch 859, Loss: 91.8988
Epoch 860, Loss: 91.8488
Epoch 860, LR: 0.0001
Epoch 861, Loss: 91.8747
Epoch 862, Loss: 91.7672
Epoch 863, Loss: 91.7649
Epoch 864, Loss: 91.9893
Epoch 865, Loss: 91.8510
Epoch 866, Loss: 91.7520
Epoch 867, Loss: 91.8381
Epoch 868, Loss: 91.8998
Epoch 869, Loss: 91.6974
Epoch 870, Loss: 91.8195
Epoch 870, LR: 0.0001
Epoch 871, Loss: 91.8699
Epoch 872, Loss: 91.8665
Epoch 873, Loss: 91.7563
Epoch 874, Loss: 91.7822
Epoch 875, Loss: 91.8105
Epoch 876, Loss: 91.8416
Epoch 877, Loss: 91.7896
Epoch 878, Loss: 91.7122
Epoch 879, Loss: 91.7874
Epoch 880, Loss: 91.7872
Epoch 880, LR: 0.0001
Epoch 881, Loss: 91.7495
Epoch 882, Loss: 91.7805
Epoch 883, Loss: 91.7021
Epoch 884, Loss: 91.7650
Epoch 885, Loss: 91.6992
Epoch 886, Loss: 91.7491
Epoch 887, Loss: 91.6989
Epoch 888, Loss: 91.8823
Epoch 889, Loss: 91.6587
Epoch 890, Loss: 91.8260
Epoch 890, LR: 0.0001
Epoch 891, Loss: 91.8936
Epoch 892, Loss: 91.7581
Epoch 893, Loss: 91.7702
Epoch 894, Loss: 91.7323
Epoch 895, Loss: 91.6503
Epoch 896, Loss: 91.7183
Epoch 897, Loss: 91.7677
Epoch 898, Loss: 91.6597
Epoch 899, Loss: 91.6932
Epoch 900, Loss: 91.6684
Epoch 900, LR: 0.0001
Epoch 901, Loss: 91.7401
Epoch 902, Loss: 91.6206
Epoch 903, Loss: 91.6552
Epoch 904, Loss: 91.6306
Epoch 905, Loss: 91.6569
Epoch 906, Loss: 91.7423
Epoch 907, Loss: 91.7431
Epoch 908, Loss: 91.5921
Epoch 909, Loss: 91.7010
Epoch 910, Loss: 91.6477
Epoch 910, LR: 0.0001
Epoch 911, Loss: 91.6549
Epoch 912, Loss: 91.7656
Epoch 913, Loss: 91.6670
Epoch 914, Loss: 91.6341
Epoch 915, Loss: 91.7034
Epoch 916, Loss: 91.7591
Epoch 917, Loss: 91.6319
Epoch 918, Loss: 91.6096
Epoch 919, Loss: 91.5890
Epoch 920, Loss: 91.5390
Epoch 920, LR: 0.0001
Epoch 921, Loss: 91.6865
Epoch 922, Loss: 91.5786
Epoch 923, Loss: 91.6347
Epoch 924, Loss: 91.5771
Epoch 925, Loss: 91.5113
Epoch 926, Loss: 91.6598
Epoch 927, Loss: 91.6921
Epoch 928, Loss: 91.5593
Epoch 929, Loss: 91.5242
Epoch 930, Loss: 91.5881
Epoch 930, LR: 0.0001
Epoch 931, Loss: 91.5646
Epoch 932, Loss: 91.4763
Epoch 933, Loss: 91.6018
Epoch 934, Loss: 91.5582
Epoch 935, Loss: 91.4892
Epoch 936, Loss: 91.4469
Epoch 937, Loss: 91.5602
Epoch 938, Loss: 91.5314
Epoch 939, Loss: 91.4919
Epoch 940, Loss: 91.5228
Epoch 940, LR: 0.0001
Epoch 941, Loss: 91.4906
Epoch 942, Loss: 91.4232
Epoch 943, Loss: 91.4371
Epoch 944, Loss: 91.5055
Epoch 945, Loss: 91.5218
Epoch 946, Loss: 91.4240
Epoch 947, Loss: 91.4941
Epoch 948, Loss: 91.5146
Epoch 949, Loss: 91.4113
Epoch 950, Loss: 91.5159
Epoch 950, LR: 0.0001
Epoch 951, Loss: 91.4088
Epoch 952, Loss: 91.5393
Epoch 953, Loss: 91.4619
Epoch 954, Loss: 91.4930
Epoch 955, Loss: 91.4383
Epoch 956, Loss: 91.4901
Epoch 957, Loss: 91.4313
Epoch 958, Loss: 91.4298
Epoch 959, Loss: 91.4656
Epoch 960, Loss: 91.4611
Epoch 960, LR: 0.0001
Epoch 961, Loss: 91.4454
Epoch 962, Loss: 91.4029
Epoch 963, Loss: 91.4831
Epoch 964, Loss: 91.4801
Epoch 965, Loss: 91.5013
Epoch 966, Loss: 91.4811
Epoch 967, Loss: 91.4846
Epoch 968, Loss: 91.4990
Epoch 969, Loss: 91.3270
Epoch 970, Loss: 91.4338
Epoch 970, LR: 0.0001
Epoch 971, Loss: 91.4220
Epoch 972, Loss: 91.3936
Epoch 973, Loss: 91.4560
Epoch 974, Loss: 91.3829
Epoch 975, Loss: 91.3979
Epoch 976, Loss: 91.3353
Epoch 977, Loss: 91.6035
Epoch 978, Loss: 91.4746
Epoch 979, Loss: 91.4005
Epoch 980, Loss: 91.2495
Epoch 980, LR: 0.0001
Epoch 981, Loss: 91.2914
Epoch 982, Loss: 91.3984
Epoch 983, Loss: 91.3484
Epoch 984, Loss: 91.3445
Epoch 985, Loss: 91.4210
Epoch 986, Loss: 91.5021
Epoch 987, Loss: 91.3494
Epoch 988, Loss: 91.3319
Epoch 989, Loss: 91.4047
Epoch 990, Loss: 91.2972
Epoch 990, LR: 0.0001
Epoch 991, Loss: 91.3085
Epoch 992, Loss: 91.4066
Epoch 993, Loss: 91.3088
Epoch 994, Loss: 91.3327
Epoch 995, Loss: 91.3604
Epoch 996, Loss: 91.3501
Epoch 997, Loss: 91.3358
Epoch 998, Loss: 91.3045
Epoch 999, Loss: 91.3345
Epoch 1000, Loss: 91.2921
Epoch 1000, LR: 1e-05
Epoch 1001, Loss: 91.1563
Epoch 1002, Loss: 91.1295
Epoch 1003, Loss: 91.0930
Epoch 1004, Loss: 91.0555
Epoch 1005, Loss: 91.0254
Epoch 1006, Loss: 91.1793
Epoch 1007, Loss: 91.0583
Epoch 1008, Loss: 91.0801
Epoch 1009, Loss: 91.0252
Epoch 1010, Loss: 91.0672
Epoch 1010, LR: 1e-05
Epoch 1011, Loss: 90.9857
Epoch 1012, Loss: 91.0463
Epoch 1013, Loss: 91.1357
Epoch 1014, Loss: 91.1228
Epoch 1015, Loss: 91.0682
Epoch 1016, Loss: 91.0718
Epoch 1017, Loss: 91.0508
Epoch 1018, Loss: 90.9937
Epoch 1019, Loss: 91.0574
Epoch 1020, Loss: 91.0199
Epoch 1020, LR: 1e-05
Epoch 1021, Loss: 91.0553
Epoch 1022, Loss: 91.0139
Epoch 1023, Loss: 91.0257
Epoch 1024, Loss: 91.0298
Epoch 1025, Loss: 90.9771
Epoch 1026, Loss: 91.0226
Epoch 1027, Loss: 91.0100
Epoch 1028, Loss: 91.1343
Epoch 1029, Loss: 91.0332
Epoch 1030, Loss: 90.9901
Epoch 1030, LR: 1e-05
Epoch 1031, Loss: 91.0122
Epoch 1032, Loss: 90.9891
Epoch 1033, Loss: 90.9930
Epoch 1034, Loss: 90.9594
Epoch 1035, Loss: 90.9942
Epoch 1036, Loss: 91.0473
Epoch 1037, Loss: 91.0310
Epoch 1038, Loss: 90.9581
Epoch 1039, Loss: 91.0012
Epoch 1040, Loss: 90.9467
Epoch 1040, LR: 1e-05
Epoch 1041, Loss: 91.0671
Epoch 1042, Loss: 90.9512
Epoch 1043, Loss: 90.9524
Epoch 1044, Loss: 90.9250
Epoch 1045, Loss: 90.9555
Epoch 1046, Loss: 90.9708
Epoch 1047, Loss: 90.9265
Epoch 1048, Loss: 91.0264
Epoch 1049, Loss: 90.9612
Epoch 1050, Loss: 90.9925
Epoch 1050, LR: 1e-05
Epoch 1051, Loss: 90.9064
Epoch 1052, Loss: 91.0130
Epoch 1053, Loss: 90.9473
Epoch 1054, Loss: 91.0166
Epoch 1055, Loss: 90.9980
Epoch 1056, Loss: 91.0355
Epoch 1057, Loss: 91.0770
Epoch 1058, Loss: 90.9644
Epoch 1059, Loss: 90.9392
Epoch 1060, Loss: 90.9918
Epoch 1060, LR: 1e-05
Epoch 1061, Loss: 90.9194
Epoch 1062, Loss: 91.0188
Epoch 1063, Loss: 90.9522
Epoch 1064, Loss: 91.0040
Epoch 1065, Loss: 90.9639
Epoch 1066, Loss: 90.9210
Epoch 1067, Loss: 90.9253
Epoch 1068, Loss: 90.9189
Epoch 1069, Loss: 90.9865
Epoch 1070, Loss: 90.9513
Epoch 1070, LR: 1e-05
Epoch 1071, Loss: 90.9419
Epoch 1072, Loss: 90.9349
Epoch 1073, Loss: 90.9217
Epoch 1074, Loss: 90.9732
Epoch 1075, Loss: 90.9513
Epoch 1076, Loss: 90.9509
Epoch 1077, Loss: 90.9249
Epoch 1078, Loss: 90.9758
Epoch 1079, Loss: 90.9400
Epoch 1080, Loss: 90.9426
Epoch 1080, LR: 1e-05
Epoch 1081, Loss: 90.9808
Epoch 1082, Loss: 90.9527
Epoch 1083, Loss: 90.9599
Epoch 1084, Loss: 90.9439
Epoch 1085, Loss: 90.9462
Epoch 1086, Loss: 90.9630
Epoch 1087, Loss: 90.8648
Epoch 1088, Loss: 90.8958
Epoch 1089, Loss: 90.9555
Epoch 1090, Loss: 90.9457
Epoch 1090, LR: 1e-05
Epoch 1091, Loss: 91.0109
Epoch 1092, Loss: 90.9978
Epoch 1093, Loss: 90.9569
Epoch 1094, Loss: 90.8850
Epoch 1095, Loss: 90.9802
Epoch 1096, Loss: 90.9175
Epoch 1097, Loss: 90.8856
Epoch 1098, Loss: 90.9354
Epoch 1099, Loss: 90.9581
Epoch 1100, Loss: 90.9331
Epoch 1100, LR: 1e-05
Epoch 1101, Loss: 90.9263
Epoch 1102, Loss: 90.9054
Epoch 1103, Loss: 90.8774
Epoch 1104, Loss: 90.8789
Epoch 1105, Loss: 90.9090
Epoch 1106, Loss: 90.9044
Epoch 1107, Loss: 90.9565
Epoch 1108, Loss: 90.8703
Epoch 1109, Loss: 90.9789
Epoch 1110, Loss: 90.9113
Epoch 1110, LR: 1e-05
Epoch 1111, Loss: 90.9693
Epoch 1112, Loss: 90.8768
Epoch 1113, Loss: 90.9157
Epoch 1114, Loss: 90.8675
Epoch 1115, Loss: 91.0678
Epoch 1116, Loss: 90.9088
Epoch 1117, Loss: 90.8583
Epoch 1118, Loss: 90.9397
Epoch 1119, Loss: 90.9223
Epoch 1120, Loss: 90.9384
Epoch 1120, LR: 1e-05
Epoch 1121, Loss: 90.9457
Epoch 1122, Loss: 90.8231
Epoch 1123, Loss: 90.8803
Epoch 1124, Loss: 90.9287
Epoch 1125, Loss: 90.8130
Epoch 1126, Loss: 90.7995
Epoch 1127, Loss: 90.9651
Epoch 1128, Loss: 90.8981
Epoch 1129, Loss: 90.8432
Epoch 1130, Loss: 90.9015
Epoch 1130, LR: 1e-05
Epoch 1131, Loss: 90.7999
Epoch 1132, Loss: 90.9414
Epoch 1133, Loss: 90.8792
Epoch 1134, Loss: 90.8937
Epoch 1135, Loss: 90.9185
Epoch 1136, Loss: 91.0201
Epoch 1137, Loss: 90.8942
Epoch 1138, Loss: 90.9472
Epoch 1139, Loss: 90.8408
Epoch 1140, Loss: 90.8821
Epoch 1140, LR: 1e-05
Epoch 1141, Loss: 90.9177
Epoch 1142, Loss: 90.9111
Epoch 1143, Loss: 90.8242
Epoch 1144, Loss: 90.8742
Epoch 1145, Loss: 90.8825
Epoch 1146, Loss: 90.8952
Epoch 1147, Loss: 91.0100
Epoch 1148, Loss: 90.9168
Epoch 1149, Loss: 90.8499
Epoch 1150, Loss: 90.8345
Epoch 1150, LR: 1e-05
Epoch 1151, Loss: 90.9002
Epoch 1152, Loss: 90.7944
Epoch 1153, Loss: 90.8602
Epoch 1154, Loss: 90.8821
Epoch 1155, Loss: 90.8357
Epoch 1156, Loss: 90.9321
Epoch 1157, Loss: 90.7894
Epoch 1158, Loss: 90.8846
Epoch 1159, Loss: 90.8739
Epoch 1160, Loss: 90.9014
Epoch 1160, LR: 1e-05
Epoch 1161, Loss: 90.8309
Epoch 1162, Loss: 90.8928
Epoch 1163, Loss: 90.8641
Epoch 1164, Loss: 90.8559
Epoch 1165, Loss: 90.7945
Epoch 1166, Loss: 90.8174
Epoch 1167, Loss: 90.8403
Epoch 1168, Loss: 90.8584
Epoch 1169, Loss: 90.9117
Epoch 1170, Loss: 90.8433
Epoch 1170, LR: 1e-05
Epoch 1171, Loss: 90.8013
Epoch 1172, Loss: 90.9015
Epoch 1173, Loss: 90.8776
Epoch 1174, Loss: 90.7999
Epoch 1175, Loss: 90.8566
Epoch 1176, Loss: 90.8117
Epoch 1177, Loss: 90.8873
Epoch 1178, Loss: 90.8857
Epoch 1179, Loss: 90.7783
Epoch 1180, Loss: 91.0350
Epoch 1180, LR: 1e-05
Epoch 1181, Loss: 90.9321
Epoch 1182, Loss: 90.9329
Epoch 1183, Loss: 90.8603
Epoch 1184, Loss: 90.9389
Epoch 1185, Loss: 90.8696
Epoch 1186, Loss: 90.8628
Epoch 1187, Loss: 90.9204
Epoch 1188, Loss: 90.8724
Epoch 1189, Loss: 90.8363
Epoch 1190, Loss: 90.8366
Epoch 1190, LR: 1e-05
Epoch 1191, Loss: 90.8272
Epoch 1192, Loss: 90.8894
Epoch 1193, Loss: 90.9180
Epoch 1194, Loss: 90.9156
Epoch 1195, Loss: 90.8298
Epoch 1196, Loss: 90.7990
Epoch 1197, Loss: 90.8242
Epoch 1198, Loss: 90.9095
Epoch 1199, Loss: 90.7220
Epoch 1200, Loss: 90.8396
Epoch 1200, LR: 1e-05
Epoch 1201, Loss: 90.8613
Epoch 1202, Loss: 90.9547
Epoch 1203, Loss: 90.8396
Epoch 1204, Loss: 90.7131
Epoch 1205, Loss: 90.8016
Epoch 1206, Loss: 90.8117
Epoch 1207, Loss: 90.9031
Epoch 1208, Loss: 90.8543
Epoch 1209, Loss: 90.7652
Epoch 1210, Loss: 90.8786
Epoch 1210, LR: 1e-05
Epoch 1211, Loss: 90.8279
Epoch 1212, Loss: 90.8826
Epoch 1213, Loss: 90.8264
Epoch 1214, Loss: 90.8685
Epoch 1215, Loss: 90.7865
Epoch 1216, Loss: 90.7817
Epoch 1217, Loss: 90.8563
Epoch 1218, Loss: 90.7488
Epoch 1219, Loss: 90.8085
Epoch 1220, Loss: 90.8560
Epoch 1220, LR: 1e-05
Epoch 1221, Loss: 90.8197
Epoch 1222, Loss: 90.9120
Epoch 1223, Loss: 90.8305
Epoch 1224, Loss: 90.8300
Epoch 1225, Loss: 90.7971
Epoch 1226, Loss: 90.7614
Epoch 1227, Loss: 90.8695
Epoch 1228, Loss: 90.8105
Epoch 1229, Loss: 90.8344
Epoch 1230, Loss: 90.8474
Epoch 1230, LR: 1e-05
Epoch 1231, Loss: 90.8651
Epoch 1232, Loss: 90.9074
Epoch 1233, Loss: 90.9139
Epoch 1234, Loss: 90.8354
Epoch 1235, Loss: 90.7908
Epoch 1236, Loss: 90.7830
Epoch 1237, Loss: 90.8704
Epoch 1238, Loss: 90.8863
Epoch 1239, Loss: 90.8753
Epoch 1240, Loss: 90.8319
Epoch 1240, LR: 1e-05
Epoch 1241, Loss: 90.7543
Epoch 1242, Loss: 90.8197
Epoch 1243, Loss: 90.8174
Epoch 1244, Loss: 90.8309
Epoch 1245, Loss: 90.7952
Epoch 1246, Loss: 90.6889
Epoch 1247, Loss: 90.8021
Epoch 1248, Loss: 90.7844
Epoch 1249, Loss: 90.8189
Epoch 1250, Loss: 90.8012
Epoch 1250, LR: 1e-05
Epoch 1251, Loss: 90.7845
Epoch 1252, Loss: 90.7623
Epoch 1253, Loss: 90.8009
Epoch 1254, Loss: 90.7708
Epoch 1255, Loss: 90.7559
Epoch 1256, Loss: 90.8567
Epoch 1257, Loss: 90.7890
Epoch 1258, Loss: 90.7777
Epoch 1259, Loss: 90.7539
Epoch 1260, Loss: 90.7490
Epoch 1260, LR: 1e-05
Epoch 1261, Loss: 90.8188
Epoch 1262, Loss: 90.8209
Epoch 1263, Loss: 90.8998
Epoch 1264, Loss: 90.7818
Epoch 1265, Loss: 90.7941
Epoch 1266, Loss: 90.7513
Epoch 1267, Loss: 90.7614
Epoch 1268, Loss: 90.7967
Epoch 1269, Loss: 90.7755
Epoch 1270, Loss: 90.9142
Epoch 1270, LR: 1e-05
Epoch 1271, Loss: 90.8424
Epoch 1272, Loss: 90.8045
Epoch 1273, Loss: 90.7808
Epoch 1274, Loss: 90.8204
Epoch 1275, Loss: 90.7916
Epoch 1276, Loss: 90.8688
Epoch 1277, Loss: 90.7656
Epoch 1278, Loss: 90.8007
Epoch 1279, Loss: 90.7379
Epoch 1280, Loss: 90.8223
Epoch 1280, LR: 1e-05
Epoch 1281, Loss: 90.8060
Epoch 1282, Loss: 90.8035
Epoch 1283, Loss: 90.7798
Epoch 1284, Loss: 90.8709
Epoch 1285, Loss: 90.8962
Epoch 1286, Loss: 90.9544
Epoch 1287, Loss: 90.7842
Epoch 1288, Loss: 90.8242
Epoch 1289, Loss: 90.7440
Epoch 1290, Loss: 90.8054
Epoch 1290, LR: 1e-05
Epoch 1291, Loss: 90.8816
Epoch 1292, Loss: 90.8033
Epoch 1293, Loss: 90.8618
Epoch 1294, Loss: 90.7488
Epoch 1295, Loss: 90.8402
Epoch 1296, Loss: 90.8256
Epoch 1297, Loss: 90.8118
Epoch 1298, Loss: 90.8402
Epoch 1299, Loss: 90.7085
Epoch 1300, Loss: 90.8527
Epoch 1300, LR: 1e-05
Epoch 1301, Loss: 90.8143
Epoch 1302, Loss: 90.7712
Epoch 1303, Loss: 90.7938
Epoch 1304, Loss: 90.8055
Epoch 1305, Loss: 90.7855
Epoch 1306, Loss: 90.7815
Epoch 1307, Loss: 90.8424
Epoch 1308, Loss: 90.8276
Epoch 1309, Loss: 90.8058
Epoch 1310, Loss: 90.7981
Epoch 1310, LR: 1e-05
Epoch 1311, Loss: 90.8008
Epoch 1312, Loss: 90.9273
Epoch 1313, Loss: 90.8527
Epoch 1314, Loss: 90.7442
Epoch 1315, Loss: 90.8331
Epoch 1316, Loss: 90.7622
Epoch 1317, Loss: 90.8365
Epoch 1318, Loss: 90.6620
Epoch 1319, Loss: 90.8130
Epoch 1320, Loss: 90.8129
Epoch 1320, LR: 1e-05
Epoch 1321, Loss: 90.7896
Epoch 1322, Loss: 90.6879
Epoch 1323, Loss: 90.8135
Epoch 1324, Loss: 90.7878
Epoch 1325, Loss: 90.9252
Epoch 1326, Loss: 90.8704
Epoch 1327, Loss: 90.7927
Epoch 1328, Loss: 90.7535
Epoch 1329, Loss: 90.7032
Epoch 1330, Loss: 90.7641
Epoch 1330, LR: 1e-05
Epoch 1331, Loss: 90.8150
Epoch 1332, Loss: 90.7569
Epoch 1333, Loss: 90.7577
Epoch 1334, Loss: 90.7905
Epoch 1335, Loss: 90.8200
Epoch 1336, Loss: 90.7491
Epoch 1337, Loss: 90.7233
Epoch 1338, Loss: 90.7019
Epoch 1339, Loss: 90.7420
Epoch 1340, Loss: 90.7431
Epoch 1340, LR: 1e-05
Epoch 1341, Loss: 90.8318
Epoch 1342, Loss: 90.8037
Epoch 1343, Loss: 90.8236
Epoch 1344, Loss: 90.7185
Epoch 1345, Loss: 90.7333
Epoch 1346, Loss: 90.7184
Epoch 1347, Loss: 90.7575
Epoch 1348, Loss: 90.6627
Epoch 1349, Loss: 90.6178
Epoch 1350, Loss: 90.7599
Epoch 1350, LR: 1e-05
Epoch 1351, Loss: 90.7742
Epoch 1352, Loss: 90.7707
Epoch 1353, Loss: 90.7023
Epoch 1354, Loss: 90.8082
Epoch 1355, Loss: 90.7814
Epoch 1356, Loss: 90.7573
Epoch 1357, Loss: 90.7665
Epoch 1358, Loss: 90.7475
Epoch 1359, Loss: 90.7206
Epoch 1360, Loss: 90.7598
Epoch 1360, LR: 1e-05
Epoch 1361, Loss: 90.7153
Epoch 1362, Loss: 90.6823
Epoch 1363, Loss: 90.7098
Epoch 1364, Loss: 90.8078
Epoch 1365, Loss: 90.7115
Epoch 1366, Loss: 90.7686
Epoch 1367, Loss: 90.7547
Epoch 1368, Loss: 90.7691
Epoch 1369, Loss: 90.6678
Epoch 1370, Loss: 90.7613
Epoch 1370, LR: 1e-05
Epoch 1371, Loss: 90.7702
Epoch 1372, Loss: 90.7192
Epoch 1373, Loss: 90.7407
Epoch 1374, Loss: 90.7922
Epoch 1375, Loss: 90.6622
Epoch 1376, Loss: 90.7102
Epoch 1377, Loss: 90.7740
Epoch 1378, Loss: 90.7051
Epoch 1379, Loss: 90.7481
Epoch 1380, Loss: 90.7454
Epoch 1380, LR: 1e-05
Epoch 1381, Loss: 90.7993
Epoch 1382, Loss: 90.6866
Epoch 1383, Loss: 90.7252
Epoch 1384, Loss: 90.7588
Epoch 1385, Loss: 90.7048
Epoch 1386, Loss: 90.7634
Epoch 1387, Loss: 90.7677
Epoch 1388, Loss: 90.7553
Epoch 1389, Loss: 90.7314
Epoch 1390, Loss: 90.7399
Epoch 1390, LR: 1e-05
Epoch 1391, Loss: 90.7464
Epoch 1392, Loss: 90.6775
Epoch 1393, Loss: 90.7934
Epoch 1394, Loss: 90.7240
Epoch 1395, Loss: 90.7518
Epoch 1396, Loss: 90.7656
Epoch 1397, Loss: 90.7670
Epoch 1398, Loss: 90.7197
Epoch 1399, Loss: 90.7272
Epoch 1400, Loss: 90.8071
Epoch 1400, LR: 1e-05
Epoch 1401, Loss: 90.7085
Epoch 1402, Loss: 90.6751
Epoch 1403, Loss: 90.7695
Epoch 1404, Loss: 90.6711
Epoch 1405, Loss: 90.7823
Epoch 1406, Loss: 90.7417
Epoch 1407, Loss: 90.8083
Epoch 1408, Loss: 90.7729
Epoch 1409, Loss: 90.8374
Epoch 1410, Loss: 90.6818
Epoch 1410, LR: 1e-05
Epoch 1411, Loss: 90.7206
Epoch 1412, Loss: 90.7650
Epoch 1413, Loss: 90.8212
Epoch 1414, Loss: 90.7365
Epoch 1415, Loss: 90.7235
Epoch 1416, Loss: 90.7394
Epoch 1417, Loss: 90.6590
Epoch 1418, Loss: 90.7024
Epoch 1419, Loss: 90.7386
Epoch 1420, Loss: 90.6582
Epoch 1420, LR: 1e-05
Epoch 1421, Loss: 90.7425
Epoch 1422, Loss: 90.6954
Epoch 1423, Loss: 90.6649
Epoch 1424, Loss: 90.7492
Epoch 1425, Loss: 90.7105
Epoch 1426, Loss: 90.7389
Epoch 1427, Loss: 90.6981
Epoch 1428, Loss: 90.6536
Epoch 1429, Loss: 90.8035
Epoch 1430, Loss: 90.6530
Epoch 1430, LR: 1e-05
Epoch 1431, Loss: 90.7025
Epoch 1432, Loss: 90.7428
Epoch 1433, Loss: 90.7186
Epoch 1434, Loss: 90.7921
Epoch 1435, Loss: 90.6889
Epoch 1436, Loss: 90.7805
Epoch 1437, Loss: 90.7508
Epoch 1438, Loss: 90.7292
Epoch 1439, Loss: 90.7460
Epoch 1440, Loss: 90.6951
Epoch 1440, LR: 1e-05
Epoch 1441, Loss: 90.8112
Epoch 1442, Loss: 90.6795
Epoch 1443, Loss: 90.7537
Epoch 1444, Loss: 90.7208
Epoch 1445, Loss: 90.7459
Epoch 1446, Loss: 90.6529
Epoch 1447, Loss: 90.6888
Epoch 1448, Loss: 90.6622
Epoch 1449, Loss: 90.6735
Epoch 1450, Loss: 90.6117
Epoch 1450, LR: 1e-05
Epoch 1451, Loss: 90.6509
Epoch 1452, Loss: 90.7224
Epoch 1453, Loss: 90.6878
Epoch 1454, Loss: 90.6701
Epoch 1455, Loss: 90.7866
Epoch 1456, Loss: 90.7724
Epoch 1457, Loss: 90.7512
Epoch 1458, Loss: 90.7119
Epoch 1459, Loss: 90.6939
Epoch 1460, Loss: 90.6676
Epoch 1460, LR: 1e-05
Epoch 1461, Loss: 90.6527
Epoch 1462, Loss: 90.6045
Epoch 1463, Loss: 90.6635
Epoch 1464, Loss: 90.6632
Epoch 1465, Loss: 90.6579
Epoch 1466, Loss: 90.6893
Epoch 1467, Loss: 90.6925
Epoch 1468, Loss: 90.6966
Epoch 1469, Loss: 90.7305
Epoch 1470, Loss: 90.6556
Epoch 1470, LR: 1e-05
Epoch 1471, Loss: 90.7006
Epoch 1472, Loss: 90.6963
Epoch 1473, Loss: 90.7824
Epoch 1474, Loss: 90.7013
Epoch 1475, Loss: 90.7043
Epoch 1476, Loss: 90.7861
Epoch 1477, Loss: 90.7586
Epoch 1478, Loss: 90.8067
Epoch 1479, Loss: 90.6442
Epoch 1480, Loss: 90.6712
Epoch 1480, LR: 1e-05
Epoch 1481, Loss: 90.6571
Epoch 1482, Loss: 90.6960
Epoch 1483, Loss: 90.7740
Epoch 1484, Loss: 90.6631
Epoch 1485, Loss: 90.6975
Epoch 1486, Loss: 90.7020
Epoch 1487, Loss: 90.7712
Epoch 1488, Loss: 90.6866
Epoch 1489, Loss: 90.6706
Epoch 1490, Loss: 90.6563
Epoch 1490, LR: 1e-05
Epoch 1491, Loss: 90.6722
Epoch 1492, Loss: 90.6970
Epoch 1493, Loss: 90.7963
Epoch 1494, Loss: 90.7379
Epoch 1495, Loss: 90.7752
Epoch 1496, Loss: 90.6643
Epoch 1497, Loss: 90.7077
Epoch 1498, Loss: 90.6947
Epoch 1499, Loss: 90.7517
Epoch 1500, Loss: 90.6934
Epoch 1500, LR: 1.0000000000000002e-06
Epoch 1501, Loss: 90.7057
Epoch 1502, Loss: 90.6710
Epoch 1503, Loss: 90.6474
Epoch 1504, Loss: 90.7155
Epoch 1505, Loss: 90.6281
Epoch 1506, Loss: 90.6771
Epoch 1507, Loss: 90.6329
Epoch 1508, Loss: 90.6361
Epoch 1509, Loss: 90.6581
Epoch 1510, Loss: 90.6974
Epoch 1510, LR: 1.0000000000000002e-06
Epoch 1511, Loss: 90.7084
Epoch 1512, Loss: 90.6651
Epoch 1513, Loss: 90.6736
Epoch 1514, Loss: 90.6573
Epoch 1515, Loss: 90.6753
Epoch 1516, Loss: 90.6840
Epoch 1517, Loss: 90.6096
Epoch 1518, Loss: 90.5723
Epoch 1519, Loss: 90.6249
Epoch 1520, Loss: 90.6938
Epoch 1520, LR: 1.0000000000000002e-06
Epoch 1521, Loss: 90.6527
Epoch 1522, Loss: 90.6165
Epoch 1523, Loss: 90.6463
Epoch 1524, Loss: 90.6266
Epoch 1525, Loss: 90.6144
Epoch 1526, Loss: 90.6303
Epoch 1527, Loss: 90.6451
Epoch 1528, Loss: 90.7433
Epoch 1529, Loss: 90.7322
Epoch 1530, Loss: 90.6087
Epoch 1530, LR: 1.0000000000000002e-06
Epoch 1531, Loss: 90.6448
Epoch 1532, Loss: 90.7195
Epoch 1533, Loss: 90.7130
Epoch 1534, Loss: 90.7224
Epoch 1535, Loss: 90.6519
Epoch 1536, Loss: 90.6133
Epoch 1537, Loss: 90.7407
Epoch 1538, Loss: 90.6310
Epoch 1539, Loss: 90.6028
Epoch 1540, Loss: 90.7054
Epoch 1540, LR: 1.0000000000000002e-06
Epoch 1541, Loss: 90.6696
Epoch 1542, Loss: 90.6674
Epoch 1543, Loss: 90.7011
Epoch 1544, Loss: 90.6087
Epoch 1545, Loss: 90.6314
Epoch 1546, Loss: 90.6509
Epoch 1547, Loss: 90.6351
Epoch 1548, Loss: 90.6525
Epoch 1549, Loss: 90.7121
Epoch 1550, Loss: 90.6782
Epoch 1550, LR: 1.0000000000000002e-06
Epoch 1551, Loss: 90.6580
Epoch 1552, Loss: 90.6409
Epoch 1553, Loss: 90.6687
Epoch 1554, Loss: 90.5946
Epoch 1555, Loss: 90.7223
Epoch 1556, Loss: 90.6907
Epoch 1557, Loss: 90.5979
Epoch 1558, Loss: 90.6518
Epoch 1559, Loss: 90.7210
Epoch 1560, Loss: 90.6781
Epoch 1560, LR: 1.0000000000000002e-06
Epoch 1561, Loss: 90.5945
Epoch 1562, Loss: 90.6896
Epoch 1563, Loss: 90.6530
Epoch 1564, Loss: 90.6682
Epoch 1565, Loss: 90.6674
Epoch 1566, Loss: 90.6280
Epoch 1567, Loss: 90.7268
Epoch 1568, Loss: 90.6284
Epoch 1569, Loss: 90.6844
Epoch 1570, Loss: 90.7134
Epoch 1570, LR: 1.0000000000000002e-06
Epoch 1571, Loss: 90.5802
Epoch 1572, Loss: 90.6322
Epoch 1573, Loss: 90.6285
Epoch 1574, Loss: 90.6426
Epoch 1575, Loss: 90.7099
Epoch 1576, Loss: 90.7889
Epoch 1577, Loss: 90.6607
Epoch 1578, Loss: 90.6110
Epoch 1579, Loss: 90.6589
Epoch 1580, Loss: 90.6406
Epoch 1580, LR: 1.0000000000000002e-06
Epoch 1581, Loss: 90.6708
Epoch 1582, Loss: 90.7003
Epoch 1583, Loss: 90.6940
Epoch 1584, Loss: 90.6022
Epoch 1585, Loss: 90.6130
Epoch 1586, Loss: 90.6484
Epoch 1587, Loss: 90.6443
Epoch 1588, Loss: 90.7170
Epoch 1589, Loss: 90.6394
Epoch 1590, Loss: 90.6732
Epoch 1590, LR: 1.0000000000000002e-06
Epoch 1591, Loss: 90.6272
Epoch 1592, Loss: 90.7798
Epoch 1593, Loss: 90.6906
Epoch 1594, Loss: 90.5843
Epoch 1595, Loss: 90.8012
Epoch 1596, Loss: 90.5473
Epoch 1597, Loss: 90.6513
Epoch 1598, Loss: 90.6945
Epoch 1599, Loss: 90.6506
Epoch 1600, Loss: 90.6405
Epoch 1600, LR: 1.0000000000000002e-06
Epoch 1601, Loss: 90.6373
Epoch 1602, Loss: 90.6562
Epoch 1603, Loss: 90.6755
Epoch 1604, Loss: 90.6374
Epoch 1605, Loss: 90.6403
Epoch 1606, Loss: 90.6658
Epoch 1607, Loss: 90.6575
Epoch 1608, Loss: 90.7081
Epoch 1609, Loss: 90.6738
Epoch 1610, Loss: 90.5760
Epoch 1610, LR: 1.0000000000000002e-06
Epoch 1611, Loss: 90.6498
Epoch 1612, Loss: 90.6609
Epoch 1613, Loss: 90.6718
Epoch 1614, Loss: 90.6480
Epoch 1615, Loss: 90.7211
Epoch 1616, Loss: 90.6069
Epoch 1617, Loss: 90.5800
Epoch 1618, Loss: 90.6939
Epoch 1619, Loss: 90.7165
Epoch 1620, Loss: 90.6529
Epoch 1620, LR: 1.0000000000000002e-06
Epoch 1621, Loss: 90.6364
Epoch 1622, Loss: 90.5943
Epoch 1623, Loss: 90.7082
Epoch 1624, Loss: 90.7119
Epoch 1625, Loss: 90.6493
Epoch 1626, Loss: 90.5905
Epoch 1627, Loss: 90.6043
Epoch 1628, Loss: 90.6603
Epoch 1629, Loss: 90.6420
Epoch 1630, Loss: 90.6855
Epoch 1630, LR: 1.0000000000000002e-06
Epoch 1631, Loss: 90.6088
Epoch 1632, Loss: 90.5917
Epoch 1633, Loss: 90.6329
Epoch 1634, Loss: 90.7042
Epoch 1635, Loss: 90.5692
Epoch 1636, Loss: 90.6636
Epoch 1637, Loss: 90.6357
Epoch 1638, Loss: 90.7071
Epoch 1639, Loss: 90.7074
Epoch 1640, Loss: 90.6690
Epoch 1640, LR: 1.0000000000000002e-06
Epoch 1641, Loss: 90.6314
Epoch 1642, Loss: 90.6143
Epoch 1643, Loss: 90.6918
Epoch 1644, Loss: 90.6239
Epoch 1645, Loss: 90.6697
Epoch 1646, Loss: 90.6058
Epoch 1647, Loss: 90.6210
Epoch 1648, Loss: 90.6336
Epoch 1649, Loss: 90.7265
Epoch 1650, Loss: 90.6145
Epoch 1650, LR: 1.0000000000000002e-06
Epoch 1651, Loss: 90.7014
Epoch 1652, Loss: 90.5855
Epoch 1653, Loss: 90.6560
Epoch 1654, Loss: 90.6420
Epoch 1655, Loss: 90.6554
Epoch 1656, Loss: 90.5526
Epoch 1657, Loss: 90.7204
Epoch 1658, Loss: 90.6018
Epoch 1659, Loss: 90.6060
Epoch 1660, Loss: 90.6159
Epoch 1660, LR: 1.0000000000000002e-06
Epoch 1661, Loss: 90.6770
Epoch 1662, Loss: 90.6808
Epoch 1663, Loss: 90.6959
Epoch 1664, Loss: 90.5884
Epoch 1665, Loss: 90.6251
Epoch 1666, Loss: 90.7448
Epoch 1667, Loss: 90.7435
Epoch 1668, Loss: 90.6904
Epoch 1669, Loss: 90.6765
Epoch 1670, Loss: 90.7174
Epoch 1670, LR: 1.0000000000000002e-06
Epoch 1671, Loss: 90.6475
Epoch 1672, Loss: 90.6888
Epoch 1673, Loss: 90.6736
Epoch 1674, Loss: 90.7316
Epoch 1675, Loss: 90.7191
Epoch 1676, Loss: 90.6513
Epoch 1677, Loss: 90.6884
Epoch 1678, Loss: 90.7120
Epoch 1679, Loss: 90.7299
Epoch 1680, Loss: 90.5909
Epoch 1680, LR: 1.0000000000000002e-06
Epoch 1681, Loss: 90.7298
Epoch 1682, Loss: 90.6919
Epoch 1683, Loss: 90.6966
Epoch 1684, Loss: 90.5981
Epoch 1685, Loss: 90.6716
Epoch 1686, Loss: 90.6046
Epoch 1687, Loss: 90.6590
Epoch 1688, Loss: 90.6704
Epoch 1689, Loss: 90.5983
Epoch 1690, Loss: 90.6695
Epoch 1690, LR: 1.0000000000000002e-06
Epoch 1691, Loss: 90.6833
Epoch 1692, Loss: 90.6614
Epoch 1693, Loss: 90.7023
Epoch 1694, Loss: 90.6264
Epoch 1695, Loss: 90.6426
Epoch 1696, Loss: 90.6635
Epoch 1697, Loss: 90.7147
Epoch 1698, Loss: 90.6584
Epoch 1699, Loss: 90.6768
Epoch 1700, Loss: 90.6702
Epoch 1700, LR: 1.0000000000000002e-06
Epoch 1701, Loss: 90.6224
Epoch 1702, Loss: 90.7164
Epoch 1703, Loss: 90.5915
Epoch 1704, Loss: 90.6716
Epoch 1705, Loss: 90.5944
Epoch 1706, Loss: 90.5708
Epoch 1707, Loss: 90.5735
Epoch 1708, Loss: 90.6649
Epoch 1709, Loss: 90.5934
Epoch 1710, Loss: 90.6343
Epoch 1710, LR: 1.0000000000000002e-06
Epoch 1711, Loss: 90.6378
Epoch 1712, Loss: 90.5960
Epoch 1713, Loss: 90.5841
Epoch 1714, Loss: 90.6237
Epoch 1715, Loss: 90.5651
Epoch 1716, Loss: 90.6593
Epoch 1717, Loss: 90.6603
Epoch 1718, Loss: 90.6696
Epoch 1719, Loss: 90.5765
Epoch 1720, Loss: 90.6397
Epoch 1720, LR: 1.0000000000000002e-06
Epoch 1721, Loss: 90.6454
Epoch 1722, Loss: 90.6559
Epoch 1723, Loss: 90.6195
Epoch 1724, Loss: 90.5678
Epoch 1725, Loss: 90.6426
Epoch 1726, Loss: 90.6560
Epoch 1727, Loss: 90.5982
Epoch 1728, Loss: 90.6440
Epoch 1729, Loss: 90.6153
Epoch 1730, Loss: 90.6467
Epoch 1730, LR: 1.0000000000000002e-06
Epoch 1731, Loss: 90.5794
Epoch 1732, Loss: 90.5667
Epoch 1733, Loss: 90.6211
Epoch 1734, Loss: 90.6321
Epoch 1735, Loss: 90.6355
Epoch 1736, Loss: 90.6946
Epoch 1737, Loss: 90.6250
Epoch 1738, Loss: 90.6245
Epoch 1739, Loss: 90.6590
Epoch 1740, Loss: 90.7402
Epoch 1740, LR: 1.0000000000000002e-06
Epoch 1741, Loss: 90.6909
Epoch 1742, Loss: 90.7263
Epoch 1743, Loss: 90.6042
Epoch 1744, Loss: 90.6465
Epoch 1745, Loss: 90.6032
Epoch 1746, Loss: 90.6864
Epoch 1747, Loss: 90.5382
Epoch 1748, Loss: 90.6150
Epoch 1749, Loss: 90.5501
Epoch 1750, Loss: 90.6544
Epoch 1750, LR: 1.0000000000000002e-06
Epoch 1751, Loss: 90.6518
Epoch 1752, Loss: 90.6169
Epoch 1753, Loss: 90.6206
Epoch 1754, Loss: 90.6317
Epoch 1755, Loss: 90.6314
Epoch 1756, Loss: 90.5687
Epoch 1757, Loss: 90.6964
Epoch 1758, Loss: 90.6136
Epoch 1759, Loss: 90.6852
Epoch 1760, Loss: 90.6874
Epoch 1760, LR: 1.0000000000000002e-06
Epoch 1761, Loss: 90.6600
Epoch 1762, Loss: 90.5553
Epoch 1763, Loss: 90.5835
Epoch 1764, Loss: 90.7099
Epoch 1765, Loss: 90.6957
Epoch 1766, Loss: 90.7594
Epoch 1767, Loss: 90.6153
Epoch 1768, Loss: 90.5993
Epoch 1769, Loss: 90.6257
Epoch 1770, Loss: 90.6184
Epoch 1770, LR: 1.0000000000000002e-06
Epoch 1771, Loss: 90.6512
Epoch 1772, Loss: 90.6075
Epoch 1773, Loss: 90.6293
Epoch 1774, Loss: 90.6367
Epoch 1775, Loss: 90.6459
Epoch 1776, Loss: 90.6516
Epoch 1777, Loss: 90.5940
Epoch 1778, Loss: 90.5888
Epoch 1779, Loss: 90.6318
Epoch 1780, Loss: 90.7602
Epoch 1780, LR: 1.0000000000000002e-06
Epoch 1781, Loss: 90.6297
Epoch 1782, Loss: 90.6280
Epoch 1783, Loss: 90.6262
Epoch 1784, Loss: 90.7245
Epoch 1785, Loss: 90.6217
Epoch 1786, Loss: 90.6912
Epoch 1787, Loss: 90.6840
Epoch 1788, Loss: 90.6186
Epoch 1789, Loss: 90.7526
Epoch 1790, Loss: 90.6304
Epoch 1790, LR: 1.0000000000000002e-06
Epoch 1791, Loss: 90.5369
Epoch 1792, Loss: 90.6556
Epoch 1793, Loss: 90.6252
Epoch 1794, Loss: 90.6502
Epoch 1795, Loss: 90.6203
Epoch 1796, Loss: 90.6827
Epoch 1797, Loss: 90.6210
Epoch 1798, Loss: 90.6855
Epoch 1799, Loss: 90.5910
Epoch 1800, Loss: 90.7119
Epoch 1800, LR: 1.0000000000000002e-06
Epoch 1801, Loss: 90.5986
Epoch 1802, Loss: 90.5926
Epoch 1803, Loss: 90.6681
Epoch 1804, Loss: 90.5989
Epoch 1805, Loss: 90.6071
Epoch 1806, Loss: 90.5623
Epoch 1807, Loss: 90.6082
Epoch 1808, Loss: 90.6289
Epoch 1809, Loss: 90.5969
Epoch 1810, Loss: 90.6318
Epoch 1810, LR: 1.0000000000000002e-06
Epoch 1811, Loss: 90.6403
Epoch 1812, Loss: 90.6641
Epoch 1813, Loss: 90.6809
Epoch 1814, Loss: 90.6891
Epoch 1815, Loss: 90.5784
Epoch 1816, Loss: 90.6494
Epoch 1817, Loss: 90.7321
Epoch 1818, Loss: 90.6011
Epoch 1819, Loss: 90.6301
Epoch 1820, Loss: 90.5999
Epoch 1820, LR: 1.0000000000000002e-06
Epoch 1821, Loss: 90.6774
Epoch 1822, Loss: 90.6164
Epoch 1823, Loss: 90.6652
Epoch 1824, Loss: 90.6205
Epoch 1825, Loss: 90.7468
Epoch 1826, Loss: 90.6572
Epoch 1827, Loss: 90.6161
Epoch 1828, Loss: 90.6034
Epoch 1829, Loss: 90.6223
Epoch 1830, Loss: 90.5941
Epoch 1830, LR: 1.0000000000000002e-06
Epoch 1831, Loss: 90.7319
Epoch 1832, Loss: 90.6574
Epoch 1833, Loss: 90.6129
Epoch 1834, Loss: 90.6568
Epoch 1835, Loss: 90.7135
Epoch 1836, Loss: 90.6971
Epoch 1837, Loss: 90.6321
Epoch 1838, Loss: 90.6971
Epoch 1839, Loss: 90.6287
Epoch 1840, Loss: 90.6463
Epoch 1840, LR: 1.0000000000000002e-06
Epoch 1841, Loss: 90.6444
Epoch 1842, Loss: 90.6058
Epoch 1843, Loss: 90.6146
Epoch 1844, Loss: 90.6331
Epoch 1845, Loss: 90.6479
Epoch 1846, Loss: 90.7089
Epoch 1847, Loss: 90.7024
Epoch 1848, Loss: 90.6267
Epoch 1849, Loss: 90.6060
Epoch 1850, Loss: 90.7021
Epoch 1850, LR: 1.0000000000000002e-06
Epoch 1851, Loss: 90.6873
Epoch 1852, Loss: 90.7088
Epoch 1853, Loss: 90.5582
Epoch 1854, Loss: 90.6800
Epoch 1855, Loss: 90.6828
Epoch 1856, Loss: 90.6163
Epoch 1857, Loss: 90.6315
Epoch 1858, Loss: 90.6690
Epoch 1859, Loss: 90.5963
Epoch 1860, Loss: 90.6278
Epoch 1860, LR: 1.0000000000000002e-06
Epoch 1861, Loss: 90.6412
Epoch 1862, Loss: 90.6333
Epoch 1863, Loss: 90.6077
Epoch 1864, Loss: 90.6052
Epoch 1865, Loss: 90.6768
Epoch 1866, Loss: 90.6351
Epoch 1867, Loss: 90.6523
Epoch 1868, Loss: 90.6760
Epoch 1869, Loss: 90.6179
Epoch 1870, Loss: 90.7200
Epoch 1870, LR: 1.0000000000000002e-06
Epoch 1871, Loss: 90.6848
Epoch 1872, Loss: 90.6586
Epoch 1873, Loss: 90.6893
Epoch 1874, Loss: 90.5940
Epoch 1875, Loss: 90.6859
Epoch 1876, Loss: 90.6574
Epoch 1877, Loss: 90.6036
Epoch 1878, Loss: 90.5752
Epoch 1879, Loss: 90.6565
Epoch 1880, Loss: 90.5822
Epoch 1880, LR: 1.0000000000000002e-06
Epoch 1881, Loss: 90.6630
Epoch 1882, Loss: 90.5786
Epoch 1883, Loss: 90.6350
Epoch 1884, Loss: 90.6839
Epoch 1885, Loss: 90.6053
Epoch 1886, Loss: 90.6492
Epoch 1887, Loss: 90.5524
Epoch 1888, Loss: 90.6242
Epoch 1889, Loss: 90.6842
Epoch 1890, Loss: 90.6999
Epoch 1890, LR: 1.0000000000000002e-06
Epoch 1891, Loss: 90.6515
Epoch 1892, Loss: 90.7091
Epoch 1893, Loss: 90.6017
Epoch 1894, Loss: 90.7248
Epoch 1895, Loss: 90.6819
Epoch 1896, Loss: 90.6572
Epoch 1897, Loss: 90.6297
Epoch 1898, Loss: 90.5550
Epoch 1899, Loss: 90.6433
Epoch 1900, Loss: 90.6083
Epoch 1900, LR: 1.0000000000000002e-06
Epoch 1901, Loss: 90.6588
Epoch 1902, Loss: 90.5707
Epoch 1903, Loss: 90.5919
Epoch 1904, Loss: 90.6796
Epoch 1905, Loss: 90.6676
Epoch 1906, Loss: 90.7298
Epoch 1907, Loss: 90.6910
Epoch 1908, Loss: 90.5426
Epoch 1909, Loss: 90.6197
Epoch 1910, Loss: 90.6245
Epoch 1910, LR: 1.0000000000000002e-06
Epoch 1911, Loss: 90.5715
Epoch 1912, Loss: 90.6531
Epoch 1913, Loss: 90.5764
Epoch 1914, Loss: 90.6133
Epoch 1915, Loss: 90.5228
Epoch 1916, Loss: 90.6129
Epoch 1917, Loss: 90.6936
Epoch 1918, Loss: 90.6255
Epoch 1919, Loss: 90.6921
Epoch 1920, Loss: 90.5993
Epoch 1920, LR: 1.0000000000000002e-06
Epoch 1921, Loss: 90.6697
Epoch 1922, Loss: 90.5833
Epoch 1923, Loss: 90.6367
Epoch 1924, Loss: 90.5697
Epoch 1925, Loss: 90.6318
Epoch 1926, Loss: 90.6148
Epoch 1927, Loss: 90.6384
Epoch 1928, Loss: 90.7051
Epoch 1929, Loss: 90.6307
Epoch 1930, Loss: 90.6434
Epoch 1930, LR: 1.0000000000000002e-06
Epoch 1931, Loss: 90.6051
Epoch 1932, Loss: 90.6183
Epoch 1933, Loss: 90.7349
Epoch 1934, Loss: 90.6443
Epoch 1935, Loss: 90.6638
Epoch 1936, Loss: 90.5605
Epoch 1937, Loss: 90.6467
Epoch 1938, Loss: 90.5623
Epoch 1939, Loss: 90.6024
Epoch 1940, Loss: 90.6043
Epoch 1940, LR: 1.0000000000000002e-06
Epoch 1941, Loss: 90.6273
Epoch 1942, Loss: 90.6680
Epoch 1943, Loss: 90.6324
Epoch 1944, Loss: 90.6311
Epoch 1945, Loss: 90.6514
Epoch 1946, Loss: 90.6412
Epoch 1947, Loss: 90.6502
Epoch 1948, Loss: 90.7130
Epoch 1949, Loss: 90.6542
Epoch 1950, Loss: 90.7032
Epoch 1950, LR: 1.0000000000000002e-06
Epoch 1951, Loss: 90.6489
Epoch 1952, Loss: 90.7208
Epoch 1953, Loss: 90.6084
Epoch 1954, Loss: 90.6027
Epoch 1955, Loss: 90.7605
Epoch 1956, Loss: 90.6298
Epoch 1957, Loss: 90.6751
Epoch 1958, Loss: 90.6342
Epoch 1959, Loss: 90.7008
Epoch 1960, Loss: 90.6431
Epoch 1960, LR: 1.0000000000000002e-06
Epoch 1961, Loss: 90.6560
Epoch 1962, Loss: 90.5856
Epoch 1963, Loss: 90.6471
Epoch 1964, Loss: 90.5508
Epoch 1965, Loss: 90.6060
Epoch 1966, Loss: 90.5767
Epoch 1967, Loss: 90.6562
Epoch 1968, Loss: 90.6353
Epoch 1969, Loss: 90.5669
Epoch 1970, Loss: 90.5686
Epoch 1970, LR: 1.0000000000000002e-06
Epoch 1971, Loss: 90.6407
Epoch 1972, Loss: 90.6134
Epoch 1973, Loss: 90.6048
Epoch 1974, Loss: 90.5397
Epoch 1975, Loss: 90.5865
Epoch 1976, Loss: 90.6862
Epoch 1977, Loss: 90.7427
Epoch 1978, Loss: 90.6649
Epoch 1979, Loss: 90.6441
Epoch 1980, Loss: 90.6368
Epoch 1980, LR: 1.0000000000000002e-06
Epoch 1981, Loss: 90.6849
Epoch 1982, Loss: 90.6114
Epoch 1983, Loss: 90.6250
Epoch 1984, Loss: 90.6197
Epoch 1985, Loss: 90.5703
Epoch 1986, Loss: 90.6899
Epoch 1987, Loss: 90.5766
Epoch 1988, Loss: 90.6035
Epoch 1989, Loss: 90.5594
Epoch 1990, Loss: 90.6767
Epoch 1990, LR: 1.0000000000000002e-06
Epoch 1991, Loss: 90.6884
Epoch 1992, Loss: 90.6462
Epoch 1993, Loss: 90.6374
Epoch 1994, Loss: 90.6446
Epoch 1995, Loss: 90.6138
Epoch 1996, Loss: 90.6006
Epoch 1997, Loss: 90.6336
Epoch 1998, Loss: 90.7576
Epoch 1999, Loss: 90.6582
Epoch 2000, Loss: 90.6057
Epoch 2000, LR: 1.0000000000000002e-07
Epoch 2001, Loss: 90.5476
Epoch 2002, Loss: 90.6031
Epoch 2003, Loss: 90.6473
Epoch 2004, Loss: 90.6184
Epoch 2005, Loss: 90.5569
Epoch 2006, Loss: 90.6448
Epoch 2007, Loss: 90.6648
Epoch 2008, Loss: 90.5990
Epoch 2009, Loss: 90.6406
Epoch 2010, Loss: 90.6250
Epoch 2010, LR: 1.0000000000000002e-07
Epoch 2011, Loss: 90.5937
Epoch 2012, Loss: 90.5596
Epoch 2013, Loss: 90.6052
Epoch 2014, Loss: 90.6525
Epoch 2015, Loss: 90.6213
Epoch 2016, Loss: 90.6256
Epoch 2017, Loss: 90.6658
Epoch 2018, Loss: 90.6287
Epoch 2019, Loss: 90.5910
Epoch 2020, Loss: 90.5911
Epoch 2020, LR: 1.0000000000000002e-07
Epoch 2021, Loss: 90.5813
Epoch 2022, Loss: 90.6464
Epoch 2023, Loss: 90.5728
Epoch 2024, Loss: 90.6939
Epoch 2025, Loss: 90.5785
Epoch 2026, Loss: 90.6048
Epoch 2027, Loss: 90.6180
Epoch 2028, Loss: 90.6432
Epoch 2029, Loss: 90.6878
Epoch 2030, Loss: 90.5901
Epoch 2030, LR: 1.0000000000000002e-07
Epoch 2031, Loss: 90.6278
Epoch 2032, Loss: 90.6806
Epoch 2033, Loss: 90.5908
Epoch 2034, Loss: 90.7007
Epoch 2035, Loss: 90.6056
Epoch 2036, Loss: 90.6523
Epoch 2037, Loss: 90.5500
Epoch 2038, Loss: 90.6228
Epoch 2039, Loss: 90.6017
Epoch 2040, Loss: 90.5612
Epoch 2040, LR: 1.0000000000000002e-07
Epoch 2041, Loss: 90.5481
Epoch 2042, Loss: 90.6432
Epoch 2043, Loss: 90.6920
Epoch 2044, Loss: 90.6218
Epoch 2045, Loss: 90.6567
Epoch 2046, Loss: 90.6684
Epoch 2047, Loss: 90.5646
Epoch 2048, Loss: 90.6531
Epoch 2049, Loss: 90.6610
Epoch 2050, Loss: 90.6048
Epoch 2050, LR: 1.0000000000000002e-07
Epoch 2051, Loss: 90.5984
Epoch 2052, Loss: 90.5457
Epoch 2053, Loss: 90.5908
Epoch 2054, Loss: 90.6317
Epoch 2055, Loss: 90.7505
Epoch 2056, Loss: 90.5687
Epoch 2057, Loss: 90.6182
Epoch 2058, Loss: 90.6698
Epoch 2059, Loss: 90.5883
Epoch 2060, Loss: 90.6567
Epoch 2060, LR: 1.0000000000000002e-07
Epoch 2061, Loss: 90.5534
Epoch 2062, Loss: 90.6466
Epoch 2063, Loss: 90.6703
Epoch 2064, Loss: 90.6275
Epoch 2065, Loss: 90.5991
Epoch 2066, Loss: 90.6547
Epoch 2067, Loss: 90.5363
Epoch 2068, Loss: 90.5606
Epoch 2069, Loss: 90.5952
Epoch 2070, Loss: 90.5921
Epoch 2070, LR: 1.0000000000000002e-07
Epoch 2071, Loss: 90.6652
Epoch 2072, Loss: 90.5573
Epoch 2073, Loss: 90.6841
Epoch 2074, Loss: 90.5270
Epoch 2075, Loss: 90.5703
Epoch 2076, Loss: 90.6598
Epoch 2077, Loss: 90.6570
Epoch 2078, Loss: 90.6826
Epoch 2079, Loss: 90.6722
Epoch 2080, Loss: 90.6456
Epoch 2080, LR: 1.0000000000000002e-07
Epoch 2081, Loss: 90.5794
Epoch 2082, Loss: 90.5751
Epoch 2083, Loss: 90.6619
Epoch 2084, Loss: 90.5844
Epoch 2085, Loss: 90.5663
Epoch 2086, Loss: 90.6856
Epoch 2087, Loss: 90.6549
Epoch 2088, Loss: 90.5990
Epoch 2089, Loss: 90.6072
Epoch 2090, Loss: 90.5701
Epoch 2090, LR: 1.0000000000000002e-07
Epoch 2091, Loss: 90.6169
Epoch 2092, Loss: 90.5704
Epoch 2093, Loss: 90.6948
Epoch 2094, Loss: 90.6284
Epoch 2095, Loss: 90.5785
Epoch 2096, Loss: 90.6346
Epoch 2097, Loss: 90.6020
Epoch 2098, Loss: 90.5867
Epoch 2099, Loss: 90.6404
Epoch 2100, Loss: 90.5829
Epoch 2100, LR: 1.0000000000000002e-07
Epoch 2101, Loss: 90.7112
Epoch 2102, Loss: 90.6401
Epoch 2103, Loss: 90.5335
Epoch 2104, Loss: 90.6910
Epoch 2105, Loss: 90.6121
Epoch 2106, Loss: 90.6225
Epoch 2107, Loss: 90.6690
Epoch 2108, Loss: 90.5880
Epoch 2109, Loss: 90.5968
Epoch 2110, Loss: 90.6053
Epoch 2110, LR: 1.0000000000000002e-07
Epoch 2111, Loss: 90.6163
Epoch 2112, Loss: 90.6907
Epoch 2113, Loss: 90.6953
Epoch 2114, Loss: 90.6271
Epoch 2115, Loss: 90.5873
Epoch 2116, Loss: 90.6267
Epoch 2117, Loss: 90.6447
Epoch 2118, Loss: 90.6830
Epoch 2119, Loss: 90.5995
Epoch 2120, Loss: 90.6212
Epoch 2120, LR: 1.0000000000000002e-07
Epoch 2121, Loss: 90.6557
Epoch 2122, Loss: 90.6898
Epoch 2123, Loss: 90.6189
Epoch 2124, Loss: 90.5938
Epoch 2125, Loss: 90.6013
Epoch 2126, Loss: 90.6053
Epoch 2127, Loss: 90.6018
Epoch 2128, Loss: 90.6457
Epoch 2129, Loss: 90.6316
Epoch 2130, Loss: 90.6287
Epoch 2130, LR: 1.0000000000000002e-07
Epoch 2131, Loss: 90.6393
Epoch 2132, Loss: 90.6132
Epoch 2133, Loss: 90.5906
Epoch 2134, Loss: 90.6315
Epoch 2135, Loss: 90.5898
Epoch 2136, Loss: 90.6325
Epoch 2137, Loss: 90.6053
Epoch 2138, Loss: 90.6261
Epoch 2139, Loss: 90.7302
Epoch 2140, Loss: 90.6088
Epoch 2140, LR: 1.0000000000000002e-07
Epoch 2141, Loss: 90.6342
Epoch 2142, Loss: 90.6590
Epoch 2143, Loss: 90.6073
Epoch 2144, Loss: 90.6516
Epoch 2145, Loss: 90.6817
Epoch 2146, Loss: 90.6383
Epoch 2147, Loss: 90.6263
Epoch 2148, Loss: 90.5615
Epoch 2149, Loss: 90.6722
Epoch 2150, Loss: 90.6496
Epoch 2150, LR: 1.0000000000000002e-07
Epoch 2151, Loss: 90.6692
Epoch 2152, Loss: 90.6321
Epoch 2153, Loss: 90.6126
Epoch 2154, Loss: 90.5705
Epoch 2155, Loss: 90.6214
Epoch 2156, Loss: 90.6509
Epoch 2157, Loss: 90.5746
Epoch 2158, Loss: 90.5396
Epoch 2159, Loss: 90.6577
Epoch 2160, Loss: 90.6133
Epoch 2160, LR: 1.0000000000000002e-07
Epoch 2161, Loss: 90.6836
Epoch 2162, Loss: 90.6489
Epoch 2163, Loss: 90.6041
Epoch 2164, Loss: 90.6924
Epoch 2165, Loss: 90.6117
Epoch 2166, Loss: 90.6883
Epoch 2167, Loss: 90.6569
Epoch 2168, Loss: 90.5725
Epoch 2169, Loss: 90.5943
Epoch 2170, Loss: 90.6809
Epoch 2170, LR: 1.0000000000000002e-07
Epoch 2171, Loss: 90.6542
Epoch 2172, Loss: 90.6548
Epoch 2173, Loss: 90.6261
Epoch 2174, Loss: 90.6055
Epoch 2175, Loss: 90.6223
Epoch 2176, Loss: 90.6315
Epoch 2177, Loss: 90.6595
Epoch 2178, Loss: 90.7229
Epoch 2179, Loss: 90.6713
Epoch 2180, Loss: 90.6485
Epoch 2180, LR: 1.0000000000000002e-07
Epoch 2181, Loss: 90.7352
Epoch 2182, Loss: 90.6462
Epoch 2183, Loss: 90.6574
Epoch 2184, Loss: 90.5623
Epoch 2185, Loss: 90.9438
Epoch 2186, Loss: 90.6045
Epoch 2187, Loss: 90.6792
Epoch 2188, Loss: 90.5701
Epoch 2189, Loss: 90.6400
Epoch 2190, Loss: 90.6918
Epoch 2190, LR: 1.0000000000000002e-07
Epoch 2191, Loss: 90.6116
Epoch 2192, Loss: 90.6638
Epoch 2193, Loss: 90.6683
Epoch 2194, Loss: 90.6149
Epoch 2195, Loss: 90.5684
Epoch 2196, Loss: 90.5756
Epoch 2197, Loss: 90.6330
Epoch 2198, Loss: 90.5989
Epoch 2199, Loss: 90.5366
Epoch 2200, Loss: 90.6633
Epoch 2200, LR: 1.0000000000000002e-07
Epoch 2201, Loss: 90.6690
Epoch 2202, Loss: 90.6103
Epoch 2203, Loss: 90.6373
Epoch 2204, Loss: 90.5688
Epoch 2205, Loss: 90.6822
Epoch 2206, Loss: 90.6030
Epoch 2207, Loss: 90.6756
Epoch 2208, Loss: 90.6578
Epoch 2209, Loss: 90.6331
Epoch 2210, Loss: 90.5849
Epoch 2210, LR: 1.0000000000000002e-07
Epoch 2211, Loss: 90.5584
Epoch 2212, Loss: 90.6541
Epoch 2213, Loss: 90.6273
Epoch 2214, Loss: 90.6086
Epoch 2215, Loss: 90.6668
Epoch 2216, Loss: 90.5543
Epoch 2217, Loss: 90.5923
Epoch 2218, Loss: 90.6481
Epoch 2219, Loss: 90.6275
Epoch 2220, Loss: 90.6676
Epoch 2220, LR: 1.0000000000000002e-07
Epoch 2221, Loss: 90.6197
Epoch 2222, Loss: 90.6160
Epoch 2223, Loss: 90.6573
Epoch 2224, Loss: 90.6066
Epoch 2225, Loss: 90.5662
Epoch 2226, Loss: 90.5926
Epoch 2227, Loss: 90.6179
Epoch 2228, Loss: 90.5956
Epoch 2229, Loss: 90.6331
Epoch 2230, Loss: 90.5790
Epoch 2230, LR: 1.0000000000000002e-07
Epoch 2231, Loss: 90.6588
Epoch 2232, Loss: 90.5929
Epoch 2233, Loss: 90.6982
Epoch 2234, Loss: 90.4886
Epoch 2235, Loss: 90.6550
Epoch 2236, Loss: 90.5442
Epoch 2237, Loss: 90.6807
Epoch 2238, Loss: 90.5895
Epoch 2239, Loss: 90.6748
Epoch 2240, Loss: 90.6512
Epoch 2240, LR: 1.0000000000000002e-07
Epoch 2241, Loss: 90.6675
Epoch 2242, Loss: 90.6431
Epoch 2243, Loss: 90.6429
Epoch 2244, Loss: 90.6693
Epoch 2245, Loss: 90.6177
Epoch 2246, Loss: 90.6735
Epoch 2247, Loss: 90.5783
Epoch 2248, Loss: 90.5976
Epoch 2249, Loss: 90.6213
Epoch 2250, Loss: 90.6388
Epoch 2250, LR: 1.0000000000000002e-07
Epoch 2251, Loss: 90.6122
Epoch 2252, Loss: 90.6320
Epoch 2253, Loss: 90.6571
Epoch 2254, Loss: 90.5713
Epoch 2255, Loss: 90.6395
Epoch 2256, Loss: 90.6033
Epoch 2257, Loss: 90.6274
Epoch 2258, Loss: 90.5725
Epoch 2259, Loss: 90.6165
Epoch 2260, Loss: 90.6904
Epoch 2260, LR: 1.0000000000000002e-07
Epoch 2261, Loss: 90.6326
Epoch 2262, Loss: 90.6371
Epoch 2263, Loss: 90.6237
Epoch 2264, Loss: 90.5969
Epoch 2265, Loss: 90.5770
Epoch 2266, Loss: 90.5567
Epoch 2267, Loss: 90.6777
Epoch 2268, Loss: 90.6280
Epoch 2269, Loss: 90.6167
Epoch 2270, Loss: 90.6116
Epoch 2270, LR: 1.0000000000000002e-07
Epoch 2271, Loss: 90.6879
Epoch 2272, Loss: 90.6474
Epoch 2273, Loss: 90.6604
Epoch 2274, Loss: 90.6520
Epoch 2275, Loss: 90.6648
Epoch 2276, Loss: 90.6458
Epoch 2277, Loss: 90.5810
Epoch 2278, Loss: 90.6250
Epoch 2279, Loss: 90.6287
Epoch 2280, Loss: 90.6375
Epoch 2280, LR: 1.0000000000000002e-07
Epoch 2281, Loss: 90.7193
Epoch 2282, Loss: 90.5916
Epoch 2283, Loss: 90.6544
Epoch 2284, Loss: 90.6655
Epoch 2285, Loss: 90.5151
Epoch 2286, Loss: 90.6257
Epoch 2287, Loss: 90.5664
Epoch 2288, Loss: 90.6231
Epoch 2289, Loss: 90.6158
Epoch 2290, Loss: 90.5571
Epoch 2290, LR: 1.0000000000000002e-07
Epoch 2291, Loss: 90.6230
Epoch 2292, Loss: 90.6458
Epoch 2293, Loss: 90.6427
Epoch 2294, Loss: 90.5917
Epoch 2295, Loss: 90.6476
Epoch 2296, Loss: 90.6008
Epoch 2297, Loss: 90.6405
Epoch 2298, Loss: 90.6828
Epoch 2299, Loss: 90.5673
Epoch 2300, Loss: 90.5700
Epoch 2300, LR: 1.0000000000000002e-07
Epoch 2301, Loss: 90.6488
Epoch 2302, Loss: 90.5822
Epoch 2303, Loss: 90.6787
Epoch 2304, Loss: 90.6261
Epoch 2305, Loss: 90.6484
Epoch 2306, Loss: 90.5967
Epoch 2307, Loss: 90.6655
Epoch 2308, Loss: 90.6208
Epoch 2309, Loss: 90.5397
Epoch 2310, Loss: 90.6463
Epoch 2310, LR: 1.0000000000000002e-07
Epoch 2311, Loss: 90.5752
Epoch 2312, Loss: 90.6421
Epoch 2313, Loss: 90.6867
Epoch 2314, Loss: 90.6289
Epoch 2315, Loss: 90.6370
Epoch 2316, Loss: 90.6646
Epoch 2317, Loss: 90.7221
Epoch 2318, Loss: 90.6188
Epoch 2319, Loss: 90.5080
Epoch 2320, Loss: 90.6473
Epoch 2320, LR: 1.0000000000000002e-07
Epoch 2321, Loss: 90.6528
Epoch 2322, Loss: 90.5825
Epoch 2323, Loss: 90.6466
Epoch 2324, Loss: 90.6618
Epoch 2325, Loss: 90.6188
Epoch 2326, Loss: 90.6575
Epoch 2327, Loss: 90.5803
Epoch 2328, Loss: 90.6674
Epoch 2329, Loss: 90.6772
Epoch 2330, Loss: 90.6639
Epoch 2330, LR: 1.0000000000000002e-07
Epoch 2331, Loss: 90.7076
Epoch 2332, Loss: 90.5895
Epoch 2333, Loss: 90.6021
Epoch 2334, Loss: 90.6310
Epoch 2335, Loss: 90.6762
Epoch 2336, Loss: 90.6737
Epoch 2337, Loss: 90.6450
Epoch 2338, Loss: 90.6243
Epoch 2339, Loss: 90.6769
Epoch 2340, Loss: 90.6742
Epoch 2340, LR: 1.0000000000000002e-07
Epoch 2341, Loss: 90.6131
Epoch 2342, Loss: 90.5839
Epoch 2343, Loss: 90.5974
Epoch 2344, Loss: 90.6443
Epoch 2345, Loss: 90.6457
Epoch 2346, Loss: 90.5775
Epoch 2347, Loss: 90.7090
Epoch 2348, Loss: 90.5644
Epoch 2349, Loss: 90.6612
Epoch 2350, Loss: 90.5373
Epoch 2350, LR: 1.0000000000000002e-07
Epoch 2351, Loss: 90.4845
Epoch 2352, Loss: 90.6609
Epoch 2353, Loss: 90.6441
Epoch 2354, Loss: 90.6824
Epoch 2355, Loss: 90.7047
Epoch 2356, Loss: 90.5554
Epoch 2357, Loss: 90.7360
Epoch 2358, Loss: 90.5900
Epoch 2359, Loss: 90.6792
Epoch 2360, Loss: 90.6190
Epoch 2360, LR: 1.0000000000000002e-07
Epoch 2361, Loss: 90.6471
Epoch 2362, Loss: 90.6461
Epoch 2363, Loss: 90.6062
Epoch 2364, Loss: 90.6420
Epoch 2365, Loss: 90.5920
Epoch 2366, Loss: 90.5939
Epoch 2367, Loss: 90.6256
Epoch 2368, Loss: 90.5654
Epoch 2369, Loss: 90.7200
Epoch 2370, Loss: 90.6541
Epoch 2370, LR: 1.0000000000000002e-07
Epoch 2371, Loss: 90.5842
Epoch 2372, Loss: 90.6268
Epoch 2373, Loss: 90.6413
Epoch 2374, Loss: 90.6667
Epoch 2375, Loss: 90.6096
Epoch 2376, Loss: 90.6126
Epoch 2377, Loss: 90.6170
Epoch 2378, Loss: 90.6185
Epoch 2379, Loss: 90.6874
Epoch 2380, Loss: 90.7114
Epoch 2380, LR: 1.0000000000000002e-07
Epoch 2381, Loss: 90.6143
Epoch 2382, Loss: 90.6013
Epoch 2383, Loss: 90.6702
Epoch 2384, Loss: 90.5379
Epoch 2385, Loss: 90.6780
Epoch 2386, Loss: 90.6338
Epoch 2387, Loss: 90.5950
Epoch 2388, Loss: 90.6259
Epoch 2389, Loss: 90.5561
Epoch 2390, Loss: 90.6607
Epoch 2390, LR: 1.0000000000000002e-07
Epoch 2391, Loss: 90.6086
Epoch 2392, Loss: 90.7152
Epoch 2393, Loss: 90.5880
Epoch 2394, Loss: 90.6008
Epoch 2395, Loss: 90.6298
Epoch 2396, Loss: 90.6441
Epoch 2397, Loss: 90.6087
Epoch 2398, Loss: 90.6525
Epoch 2399, Loss: 90.6639
Epoch 2400, Loss: 90.5578
Epoch 2400, LR: 1.0000000000000002e-07
Epoch 2401, Loss: 90.6229
Epoch 2402, Loss: 90.6597
Epoch 2403, Loss: 90.6391
Epoch 2404, Loss: 90.6220
Epoch 2405, Loss: 90.6815
Epoch 2406, Loss: 90.6152
Epoch 2407, Loss: 90.6352
Epoch 2408, Loss: 90.6353
Epoch 2409, Loss: 90.6308
Epoch 2410, Loss: 90.5902
Epoch 2410, LR: 1.0000000000000002e-07
Epoch 2411, Loss: 90.6107
Epoch 2412, Loss: 90.5992
Epoch 2413, Loss: 90.6192
Epoch 2414, Loss: 90.5850
Epoch 2415, Loss: 90.6288
Epoch 2416, Loss: 90.5752
Epoch 2417, Loss: 90.5765
Epoch 2418, Loss: 90.6228
Epoch 2419, Loss: 90.6483
Epoch 2420, Loss: 90.6516
Epoch 2420, LR: 1.0000000000000002e-07
Epoch 2421, Loss: 90.6287
Epoch 2422, Loss: 90.6722
Epoch 2423, Loss: 90.6375
Epoch 2424, Loss: 90.6679
Epoch 2425, Loss: 90.6140
Epoch 2426, Loss: 90.5419
Epoch 2427, Loss: 90.6368
Epoch 2428, Loss: 90.6644
Epoch 2429, Loss: 90.5874
Epoch 2430, Loss: 90.6792
Epoch 2430, LR: 1.0000000000000002e-07
Epoch 2431, Loss: 90.5754
Epoch 2432, Loss: 90.6740
Epoch 2433, Loss: 90.6410
Epoch 2434, Loss: 90.6241
Epoch 2435, Loss: 90.6424
Epoch 2436, Loss: 90.7325
Epoch 2437, Loss: 90.6198
Epoch 2438, Loss: 90.5834
Epoch 2439, Loss: 90.6009
Epoch 2440, Loss: 90.6982
Epoch 2440, LR: 1.0000000000000002e-07
Epoch 2441, Loss: 90.6580
Epoch 2442, Loss: 90.6189
Epoch 2443, Loss: 90.6868
Epoch 2444, Loss: 90.6091
Epoch 2445, Loss: 90.6571
Epoch 2446, Loss: 90.6108
Epoch 2447, Loss: 90.5768
Epoch 2448, Loss: 90.6698
Epoch 2449, Loss: 90.5825
Epoch 2450, Loss: 90.5475
Epoch 2450, LR: 1.0000000000000002e-07
Epoch 2451, Loss: 90.6161
Epoch 2452, Loss: 90.6425
Epoch 2453, Loss: 90.6271
Epoch 2454, Loss: 90.6126
Epoch 2455, Loss: 90.5932
Epoch 2456, Loss: 90.6178
Epoch 2457, Loss: 90.7039
Epoch 2458, Loss: 90.6753
Epoch 2459, Loss: 90.5994
Epoch 2460, Loss: 90.5870
Epoch 2460, LR: 1.0000000000000002e-07
Epoch 2461, Loss: 90.5770
Epoch 2462, Loss: 90.5647
Epoch 2463, Loss: 90.6197
Epoch 2464, Loss: 90.5686
Epoch 2465, Loss: 90.5689
Epoch 2466, Loss: 90.6675
Epoch 2467, Loss: 90.6333
Epoch 2468, Loss: 90.6040
Epoch 2469, Loss: 90.6179
Epoch 2470, Loss: 90.6241
Epoch 2470, LR: 1.0000000000000002e-07
Epoch 2471, Loss: 90.6248
Epoch 2472, Loss: 90.5451
Epoch 2473, Loss: 90.6160
Epoch 2474, Loss: 90.6709
Epoch 2475, Loss: 90.6525
Epoch 2476, Loss: 90.6145
Epoch 2477, Loss: 90.6509
Epoch 2478, Loss: 90.6545
Epoch 2479, Loss: 90.6145
Epoch 2480, Loss: 90.6649
Epoch 2480, LR: 1.0000000000000002e-07
Epoch 2481, Loss: 90.5811
Epoch 2482, Loss: 90.6028
Epoch 2483, Loss: 90.6352
Epoch 2484, Loss: 90.5751
Epoch 2485, Loss: 90.6303
Epoch 2486, Loss: 90.5780
Epoch 2487, Loss: 90.6564
Epoch 2488, Loss: 90.6436
Epoch 2489, Loss: 90.6191
Epoch 2490, Loss: 90.6128
Epoch 2490, LR: 1.0000000000000002e-07
Epoch 2491, Loss: 90.6185
Epoch 2492, Loss: 90.6108
Epoch 2493, Loss: 90.6349
Epoch 2494, Loss: 90.6501
Epoch 2495, Loss: 90.6340
Epoch 2496, Loss: 90.6149
Epoch 2497, Loss: 90.6135
Epoch 2498, Loss: 90.7231
Epoch 2499, Loss: 90.5248
Epoch 2500, Loss: 90.5697
Epoch 2500, LR: 1.0000000000000004e-08
Epoch 2501, Loss: 90.6701
Epoch 2502, Loss: 90.5849
Epoch 2503, Loss: 90.6880
Epoch 2504, Loss: 90.6535
Epoch 2505, Loss: 90.5455
Epoch 2506, Loss: 90.6734
Epoch 2507, Loss: 90.5676
Epoch 2508, Loss: 90.6191
Epoch 2509, Loss: 90.6089
Epoch 2510, Loss: 90.6829
Epoch 2510, LR: 1.0000000000000004e-08
Epoch 2511, Loss: 90.5827
Epoch 2512, Loss: 90.5643
Epoch 2513, Loss: 90.5987
Epoch 2514, Loss: 90.6303
Epoch 2515, Loss: 90.5947
Epoch 2516, Loss: 90.6392
Epoch 2517, Loss: 90.5984
Epoch 2518, Loss: 90.6191
Epoch 2519, Loss: 90.6218
Epoch 2520, Loss: 90.6121
Epoch 2520, LR: 1.0000000000000004e-08
Epoch 2521, Loss: 90.6459
Epoch 2522, Loss: 90.7193
Epoch 2523, Loss: 90.5804
Epoch 2524, Loss: 90.5932
Epoch 2525, Loss: 90.6167
Epoch 2526, Loss: 90.6015
Epoch 2527, Loss: 90.5530
Epoch 2528, Loss: 90.5527
Epoch 2529, Loss: 90.5328
Epoch 2530, Loss: 90.6609
Epoch 2530, LR: 1.0000000000000004e-08
Epoch 2531, Loss: 90.6467
Epoch 2532, Loss: 90.6518
Epoch 2533, Loss: 90.6393
Epoch 2534, Loss: 90.6147
Epoch 2535, Loss: 90.5783
Epoch 2536, Loss: 90.6391
Epoch 2537, Loss: 90.6725
Epoch 2538, Loss: 90.5969
Epoch 2539, Loss: 90.6887
Epoch 2540, Loss: 90.5683
Epoch 2540, LR: 1.0000000000000004e-08
Epoch 2541, Loss: 90.6211
Epoch 2542, Loss: 90.6120
Epoch 2543, Loss: 90.7009
Epoch 2544, Loss: 90.5714
Epoch 2545, Loss: 90.7162
Epoch 2546, Loss: 90.5790
Epoch 2547, Loss: 90.6198
Epoch 2548, Loss: 90.5766
Epoch 2549, Loss: 90.5345
Epoch 2550, Loss: 90.5819
Epoch 2550, LR: 1.0000000000000004e-08
Epoch 2551, Loss: 90.6013
Epoch 2552, Loss: 90.6411
Epoch 2553, Loss: 90.6882
Epoch 2554, Loss: 90.6501
Epoch 2555, Loss: 90.5802
Epoch 2556, Loss: 90.5147
Epoch 2557, Loss: 90.6032
Epoch 2558, Loss: 90.6879
Epoch 2559, Loss: 90.5507
Epoch 2560, Loss: 90.7158
Epoch 2560, LR: 1.0000000000000004e-08
Epoch 2561, Loss: 90.5378
Epoch 2562, Loss: 90.5895
Epoch 2563, Loss: 90.6405
Epoch 2564, Loss: 90.7098
Epoch 2565, Loss: 90.6140
Epoch 2566, Loss: 90.5627
Epoch 2567, Loss: 90.6017
Epoch 2568, Loss: 90.6019
Epoch 2569, Loss: 90.6200
Epoch 2570, Loss: 90.6061
Epoch 2570, LR: 1.0000000000000004e-08
Epoch 2571, Loss: 90.6925
Epoch 2572, Loss: 90.6587
Epoch 2573, Loss: 90.6571
Epoch 2574, Loss: 90.6758
Epoch 2575, Loss: 90.6580
Epoch 2576, Loss: 90.6526
Epoch 2577, Loss: 90.5852
Epoch 2578, Loss: 90.5603
Epoch 2579, Loss: 90.6310
Epoch 2580, Loss: 90.5566
Epoch 2580, LR: 1.0000000000000004e-08
Epoch 2581, Loss: 90.6595
Epoch 2582, Loss: 90.6724
Epoch 2583, Loss: 90.5374
Epoch 2584, Loss: 90.6498
Epoch 2585, Loss: 90.6499
Epoch 2586, Loss: 90.6130
Epoch 2587, Loss: 90.6304
Epoch 2588, Loss: 90.6490
Epoch 2589, Loss: 90.5592
Epoch 2590, Loss: 90.6213
Epoch 2590, LR: 1.0000000000000004e-08
Epoch 2591, Loss: 90.5586
Epoch 2592, Loss: 90.6474
Epoch 2593, Loss: 90.6082
Epoch 2594, Loss: 90.6214
Epoch 2595, Loss: 90.4658
Epoch 2596, Loss: 90.6689
Epoch 2597, Loss: 90.5863
Epoch 2598, Loss: 90.6102
Epoch 2599, Loss: 90.7280
Epoch 2600, Loss: 90.6305
Epoch 2600, LR: 1.0000000000000004e-08
Epoch 2601, Loss: 90.6136
Epoch 2602, Loss: 90.5962
Epoch 2603, Loss: 90.5756
Epoch 2604, Loss: 90.5438
Epoch 2605, Loss: 90.6400
Epoch 2606, Loss: 90.6550
Epoch 2607, Loss: 90.6443
Epoch 2608, Loss: 90.6732
Epoch 2609, Loss: 90.6431
Epoch 2610, Loss: 90.6725
Epoch 2610, LR: 1.0000000000000004e-08
Epoch 2611, Loss: 90.6680
Epoch 2612, Loss: 90.6588
Epoch 2613, Loss: 90.6135
Epoch 2614, Loss: 90.6595
Epoch 2615, Loss: 90.5708
Epoch 2616, Loss: 90.6642
Epoch 2617, Loss: 90.6402
Epoch 2618, Loss: 90.6013
Epoch 2619, Loss: 90.6508
Epoch 2620, Loss: 90.6296
Epoch 2620, LR: 1.0000000000000004e-08
Epoch 2621, Loss: 90.6431
Epoch 2622, Loss: 90.6507
Epoch 2623, Loss: 90.5679
Epoch 2624, Loss: 90.6225
Epoch 2625, Loss: 90.7057
Epoch 2626, Loss: 90.6197
Epoch 2627, Loss: 90.6268
Epoch 2628, Loss: 90.5506
Epoch 2629, Loss: 90.5968
Epoch 2630, Loss: 90.7484
Epoch 2630, LR: 1.0000000000000004e-08
Epoch 2631, Loss: 90.6478
Epoch 2632, Loss: 90.6669
Epoch 2633, Loss: 90.6231
Epoch 2634, Loss: 90.5731
Epoch 2635, Loss: 90.6150
Epoch 2636, Loss: 90.6591
Epoch 2637, Loss: 90.6752
Epoch 2638, Loss: 90.5963
Epoch 2639, Loss: 90.6158
Epoch 2640, Loss: 90.6002
Epoch 2640, LR: 1.0000000000000004e-08
Epoch 2641, Loss: 90.5555
Epoch 2642, Loss: 90.6155
Epoch 2643, Loss: 90.5739
Epoch 2644, Loss: 90.6415
Epoch 2645, Loss: 90.6220
Epoch 2646, Loss: 90.6599
Epoch 2647, Loss: 90.5979
Epoch 2648, Loss: 90.6694
Epoch 2649, Loss: 90.6145
Epoch 2650, Loss: 90.7161
Epoch 2650, LR: 1.0000000000000004e-08
Epoch 2651, Loss: 90.5708
Epoch 2652, Loss: 90.6589
Epoch 2653, Loss: 90.5693
Epoch 2654, Loss: 90.6681
Epoch 2655, Loss: 90.6532
Epoch 2656, Loss: 90.5582
Epoch 2657, Loss: 90.5852
Epoch 2658, Loss: 90.6681
Epoch 2659, Loss: 90.5813
Epoch 2660, Loss: 90.5870
Epoch 2660, LR: 1.0000000000000004e-08
Epoch 2661, Loss: 90.6424
Epoch 2662, Loss: 90.6966
Epoch 2663, Loss: 90.5920
Epoch 2664, Loss: 90.6621
Epoch 2665, Loss: 90.5687
Epoch 2666, Loss: 90.6412
Epoch 2667, Loss: 90.6476
Epoch 2668, Loss: 90.6067
Epoch 2669, Loss: 90.6779
Epoch 2670, Loss: 90.6098
Epoch 2670, LR: 1.0000000000000004e-08
Epoch 2671, Loss: 90.6825
Epoch 2672, Loss: 90.6060
Epoch 2673, Loss: 90.5950
Epoch 2674, Loss: 90.5968
Epoch 2675, Loss: 90.6014
Epoch 2676, Loss: 90.6014
Epoch 2677, Loss: 90.6685
Epoch 2678, Loss: 90.6658
Epoch 2679, Loss: 90.6869
Epoch 2680, Loss: 90.6274
Epoch 2680, LR: 1.0000000000000004e-08
Epoch 2681, Loss: 90.5962
Epoch 2682, Loss: 90.5730
Epoch 2683, Loss: 90.5783
Epoch 2684, Loss: 90.6114
Epoch 2685, Loss: 90.6406
Epoch 2686, Loss: 90.6066
Epoch 2687, Loss: 90.5901
Epoch 2688, Loss: 90.6669
Epoch 2689, Loss: 90.5762
Epoch 2690, Loss: 90.6203
Epoch 2690, LR: 1.0000000000000004e-08
Epoch 2691, Loss: 90.7195
Epoch 2692, Loss: 90.6337
Epoch 2693, Loss: 90.7286
Epoch 2694, Loss: 90.5933
Epoch 2695, Loss: 90.5697
Epoch 2696, Loss: 90.5899
Epoch 2697, Loss: 90.6237
Epoch 2698, Loss: 90.7169
Epoch 2699, Loss: 90.6102
Epoch 2700, Loss: 90.6102
Epoch 2700, LR: 1.0000000000000004e-08
Epoch 2701, Loss: 90.6314
Epoch 2702, Loss: 90.5967
Epoch 2703, Loss: 90.6318
Epoch 2704, Loss: 90.6368
Epoch 2705, Loss: 90.5537
Epoch 2706, Loss: 90.5700
Epoch 2707, Loss: 90.7468
Epoch 2708, Loss: 90.6200
Epoch 2709, Loss: 90.7250
Epoch 2710, Loss: 90.6327
Epoch 2710, LR: 1.0000000000000004e-08
Epoch 2711, Loss: 90.6792
Epoch 2712, Loss: 90.7192
Epoch 2713, Loss: 90.7189
Epoch 2714, Loss: 90.6357
Epoch 2715, Loss: 90.6013
Epoch 2716, Loss: 90.6238
Epoch 2717, Loss: 90.6879
Epoch 2718, Loss: 90.6125
Epoch 2719, Loss: 90.6627
Epoch 2720, Loss: 90.6418
Epoch 2720, LR: 1.0000000000000004e-08
Epoch 2721, Loss: 90.5506
Epoch 2722, Loss: 90.6707
Epoch 2723, Loss: 90.6868
Epoch 2724, Loss: 90.5881
Epoch 2725, Loss: 90.5689
Epoch 2726, Loss: 90.5421
Epoch 2727, Loss: 90.6071
Epoch 2728, Loss: 90.6176
Epoch 2729, Loss: 90.6235
Epoch 2730, Loss: 90.6841
Epoch 2730, LR: 1.0000000000000004e-08
Epoch 2731, Loss: 90.5692
Epoch 2732, Loss: 90.6133
Epoch 2733, Loss: 90.6003
Epoch 2734, Loss: 90.6220
Epoch 2735, Loss: 90.6644
Epoch 2736, Loss: 90.6028
Epoch 2737, Loss: 90.6402
Epoch 2738, Loss: 90.6363
Epoch 2739, Loss: 90.6165
Epoch 2740, Loss: 90.6756
Epoch 2740, LR: 1.0000000000000004e-08
Epoch 2741, Loss: 90.6752
Epoch 2742, Loss: 90.5619
Epoch 2743, Loss: 90.5956
Epoch 2744, Loss: 90.7130
Epoch 2745, Loss: 90.5811
Epoch 2746, Loss: 90.7093
Epoch 2747, Loss: 90.6021
Epoch 2748, Loss: 90.6583
Epoch 2749, Loss: 90.5996
Epoch 2750, Loss: 90.6549
Epoch 2750, LR: 1.0000000000000004e-08
Epoch 2751, Loss: 90.5919
Epoch 2752, Loss: 90.6328
Epoch 2753, Loss: 90.6855
Epoch 2754, Loss: 90.6225
Epoch 2755, Loss: 90.5107
Epoch 2756, Loss: 90.6544
Epoch 2757, Loss: 90.7238
Epoch 2758, Loss: 90.6235
Epoch 2759, Loss: 90.5800
Epoch 2760, Loss: 90.5955
Epoch 2760, LR: 1.0000000000000004e-08
Epoch 2761, Loss: 90.7183
Epoch 2762, Loss: 90.6654
Epoch 2763, Loss: 90.6534
Epoch 2764, Loss: 90.6155
Epoch 2765, Loss: 90.5796
Epoch 2766, Loss: 90.7433
Epoch 2767, Loss: 90.6035
Epoch 2768, Loss: 90.6700
Epoch 2769, Loss: 90.5974
Epoch 2770, Loss: 90.6317
Epoch 2770, LR: 1.0000000000000004e-08
Epoch 2771, Loss: 90.5891
Epoch 2772, Loss: 90.5591
Epoch 2773, Loss: 90.5609
Epoch 2774, Loss: 90.6242
Epoch 2775, Loss: 90.5603
Epoch 2776, Loss: 90.6272
Epoch 2777, Loss: 90.5774
Epoch 2778, Loss: 90.5939
Epoch 2779, Loss: 90.6107
Epoch 2780, Loss: 90.6613
Epoch 2780, LR: 1.0000000000000004e-08
Epoch 2781, Loss: 90.6118
Epoch 2782, Loss: 90.5540
Epoch 2783, Loss: 90.7195
Epoch 2784, Loss: 90.5947
Epoch 2785, Loss: 90.6096
Epoch 2786, Loss: 90.6108
Epoch 2787, Loss: 90.5642
Epoch 2788, Loss: 90.6351
Epoch 2789, Loss: 90.6359
Epoch 2790, Loss: 90.6982
Epoch 2790, LR: 1.0000000000000004e-08
Epoch 2791, Loss: 90.5971
Epoch 2792, Loss: 90.6041
Epoch 2793, Loss: 90.6933
Epoch 2794, Loss: 90.6565
Epoch 2795, Loss: 90.6093
Epoch 2796, Loss: 90.6609
Epoch 2797, Loss: 90.6763
Epoch 2798, Loss: 90.5755
Epoch 2799, Loss: 90.5881
Epoch 2800, Loss: 90.6302
Epoch 2800, LR: 1.0000000000000004e-08
Epoch 2801, Loss: 90.6562
Epoch 2802, Loss: 90.7535
Epoch 2803, Loss: 90.6048
Epoch 2804, Loss: 90.6650
Epoch 2805, Loss: 90.6170
Epoch 2806, Loss: 90.6355
Epoch 2807, Loss: 90.6055
Epoch 2808, Loss: 90.6242
Epoch 2809, Loss: 90.5886
Epoch 2810, Loss: 90.5875
Epoch 2810, LR: 1.0000000000000004e-08
Epoch 2811, Loss: 90.6000
Epoch 2812, Loss: 90.6472
Epoch 2813, Loss: 90.6231
Epoch 2814, Loss: 90.6662
slurmstepd-hbnode-24: error: *** JOB 2198187 ON hbnode-24 CANCELLED AT 2025-06-27T14:47:46 DUE TO TIME LIMIT ***
slurmstepd-hbnode-24: error: *** JOB 2198187 STEPD TERMINATED ON hbnode-24 AT 2025-06-27T14:50:46 DUE TO JOB NOT ENDING WITH SIGNALS ***
