rm: cannot remove '/hb/home/tsatoper/cat-generator/VAE/results/archive/122': No such file or directory
mv: cannot stat '/hb/home/tsatoper/cat-generator/VAE/results/122': No such file or directory
Saved config to
/hb/home/tsatoper/cat-generator/VAE/results/122/config.json
JOB_ID=122
python vaetrain.py \
    --batch_size 16 \
    --epochs 0 \
    --lr 1e-03 \
    --latent_dim 512 \
    --beta 4.0 \
    --data_path /hb/home/tsatoper/cat-generator/data \
    --save_dir /hb/home/tsatoper/cat-generator/results/${JOB_ID} \
    --resume /hb/home/tsatoper/cat-generator/VAE/results/12/models/epoch_2890.pth \
    --job_id ${JOB_ID}
Using device: cuda
Resuming from checkpoint: /hb/home/tsatoper/cat-generator/VAE/results/12/models/epoch_2890.pth
Saved latest model in:
/hb/home/tsatoper/cat-generator/VAE/results/122/latest.pth
Saved sample images to
/hb/home/tsatoper/cat-generator/VAE/results/122/samples.png
