Saved config to
/hb/home/tsatoper/cat-generator/VAE/results/11/config.json
JOB_ID=11
python vaetrain.py \
    --batch_size 16 \
    --epochs 2000 \
    --lr 1e-03 \
    --latent_dim 512 \
    --beta 10.0 \
    --data_path /hb/home/tsatoper/cat-generator/data \
    --save_dir /hb/home/tsatoper/cat-generator/results/${JOB_ID} \
    --resume null \
    --job_id ${JOB_ID}
Using device: cuda
Epoch 1, Loss: 456.3192
Epoch 1, LR: 0.001
Epoch 2, Loss: 321.1152
Epoch 3, Loss: 293.9943
Epoch 4, Loss: 271.8507
Epoch 5, Loss: 249.9093
Epoch 6, Loss: 240.4449
Epoch 7, Loss: 231.1865
Epoch 8, Loss: 225.2298
Epoch 9, Loss: 217.5488
Epoch 10, Loss: 214.3599
Epoch 10, LR: 0.001
Epoch 11, Loss: 208.9891
Epoch 12, Loss: 206.3627
Epoch 13, Loss: 203.4938
Epoch 14, Loss: 200.9215
Epoch 15, Loss: 198.2587
Epoch 16, Loss: 195.6102
Epoch 17, Loss: 194.8492
Epoch 18, Loss: 191.8498
Epoch 19, Loss: 191.6227
Epoch 20, Loss: 191.0189
Epoch 20, LR: 0.001
Epoch 21, Loss: 188.6585
Epoch 22, Loss: 187.3589
Epoch 23, Loss: 186.8814
Epoch 24, Loss: 186.7178
Epoch 25, Loss: 185.2461
Epoch 26, Loss: 183.4752
Epoch 27, Loss: 182.5818
Epoch 28, Loss: 180.6704
Epoch 29, Loss: 181.3215
Epoch 30, Loss: 180.6934
Epoch 30, LR: 0.001
Epoch 31, Loss: 179.9928
Epoch 32, Loss: 178.9859
Epoch 33, Loss: 178.1651
Epoch 34, Loss: 178.5079
Epoch 35, Loss: 176.7063
Epoch 36, Loss: 176.2754
Epoch 37, Loss: 175.6810
Epoch 38, Loss: 33782336236465392.0000
Epoch 39, Loss: 185.2607
Epoch 40, Loss: 191.2011
Epoch 40, LR: 0.001
Epoch 41, Loss: 176.3124
Epoch 42, Loss: 174.8876
Epoch 43, Loss: 174.7551
Epoch 44, Loss: 173.5399
Epoch 45, Loss: 175.0433
Epoch 46, Loss: 172.8346
Epoch 47, Loss: 172.8530
Epoch 48, Loss: 171.1783
Epoch 49, Loss: 172.5213
Epoch 50, Loss: 172.2443
Epoch 50, LR: 0.001
Epoch 51, Loss: 171.5202
Epoch 52, Loss: 170.6160
Epoch 53, Loss: 170.8844
Epoch 54, Loss: 169.8715
Epoch 55, Loss: 169.3237
Epoch 56, Loss: 169.2959
Epoch 57, Loss: 169.6513
Epoch 58, Loss: 168.8168
Epoch 59, Loss: 168.5343
Epoch 60, Loss: 168.6491
Epoch 60, LR: 0.001
Epoch 61, Loss: 168.1573
Epoch 62, Loss: 168.5223
Epoch 63, Loss: 167.8117
Epoch 64, Loss: 166.8842
Epoch 65, Loss: 167.0554
Epoch 66, Loss: 166.4107
Epoch 67, Loss: 166.2684
Epoch 68, Loss: 166.6516
Epoch 69, Loss: 165.9604
Epoch 70, Loss: 165.6385
Epoch 70, LR: 0.001
Epoch 71, Loss: 165.1525
Epoch 72, Loss: 165.4740
Epoch 73, Loss: 165.0968
Epoch 74, Loss: 164.2473
Epoch 75, Loss: 163.9204
Epoch 76, Loss: 164.3839
Epoch 77, Loss: 163.8380
Epoch 78, Loss: 163.3866
Epoch 79, Loss: 163.6598
Epoch 80, Loss: 163.4721
Epoch 80, LR: 0.001
Epoch 81, Loss: 163.2039
Epoch 82, Loss: 163.2544
Epoch 83, Loss: 163.1584
Epoch 84, Loss: 162.7030
Epoch 85, Loss: 162.5076
Epoch 86, Loss: 162.3380
Epoch 87, Loss: 161.9877
Epoch 88, Loss: 161.6741
Epoch 89, Loss: 161.9197
Epoch 90, Loss: 161.9127
Epoch 90, LR: 0.001
Epoch 91, Loss: 161.2148
Epoch 92, Loss: 161.3209
Epoch 93, Loss: 160.6469
Epoch 94, Loss: 160.5291
Epoch 95, Loss: 160.9031
Epoch 96, Loss: 160.6238
Epoch 97, Loss: 160.1869
Epoch 98, Loss: 160.0130
Epoch 99, Loss: 159.7435
Epoch 100, Loss: 159.7973
Epoch 100, LR: 0.001
Epoch 101, Loss: 160.0938
Epoch 102, Loss: 159.9800
Epoch 103, Loss: 159.5860
Epoch 104, Loss: 159.3572
Epoch 105, Loss: 159.1088
Epoch 106, Loss: 158.7591
Epoch 107, Loss: 158.5489
Epoch 108, Loss: 158.1651
Epoch 109, Loss: 158.5846
Epoch 110, Loss: 158.1466
Epoch 110, LR: 0.001
Epoch 111, Loss: 158.1105
Epoch 112, Loss: 157.5766
Epoch 113, Loss: 157.6550
Epoch 114, Loss: 157.4455
Epoch 115, Loss: 157.3733
Epoch 116, Loss: 157.2267
Epoch 117, Loss: 156.7664
Epoch 118, Loss: 157.3574
Epoch 119, Loss: 156.7462
Epoch 120, Loss: 156.8151
Epoch 120, LR: 0.001
Epoch 121, Loss: 156.5221
Epoch 122, Loss: 156.4131
Epoch 123, Loss: 156.1471
Epoch 124, Loss: 156.0057
Epoch 125, Loss: 155.9119
Epoch 126, Loss: 155.7719
Epoch 127, Loss: 155.4001
Epoch 128, Loss: 155.2885
Epoch 129, Loss: 155.2513
Epoch 130, Loss: 155.7193
Epoch 130, LR: 0.001
Epoch 131, Loss: 155.0827
Epoch 132, Loss: 154.5913
Epoch 133, Loss: 154.8335
Epoch 134, Loss: 154.2086
Epoch 135, Loss: 154.2962
Epoch 136, Loss: 153.9602
Epoch 137, Loss: 154.0869
Epoch 138, Loss: 153.4406
Epoch 139, Loss: 153.3687
Epoch 140, Loss: 153.1519
Epoch 140, LR: 0.001
Epoch 141, Loss: 153.5377
Epoch 142, Loss: 152.9942
Epoch 143, Loss: 152.9783
Epoch 144, Loss: 152.7986
Epoch 145, Loss: 153.0328
Epoch 146, Loss: 152.7824
Epoch 147, Loss: 152.6963
Epoch 148, Loss: 152.0894
Epoch 149, Loss: 152.0605
Epoch 150, Loss: 152.0587
Epoch 150, LR: 0.001
Epoch 151, Loss: 152.1899
Epoch 152, Loss: 151.7073
Epoch 153, Loss: 151.5598
Epoch 154, Loss: 151.5622
Epoch 155, Loss: 151.5810
Epoch 156, Loss: 151.2986
Epoch 157, Loss: 151.3600
Epoch 158, Loss: 151.1427
Epoch 159, Loss: 150.8066
Epoch 160, Loss: 151.1067
Epoch 160, LR: 0.001
Epoch 161, Loss: 150.6363
Epoch 162, Loss: 150.4371
Epoch 163, Loss: 150.4589
Epoch 164, Loss: 150.0381
Epoch 165, Loss: 150.2240
Epoch 166, Loss: 149.6178
Epoch 167, Loss: 149.8235
Epoch 168, Loss: 149.9013
Epoch 169, Loss: 149.3961
Epoch 170, Loss: 160.1337
Epoch 170, LR: 0.001
Epoch 171, Loss: 150.8066
Epoch 172, Loss: 149.0475
Epoch 173, Loss: 148.6502
Epoch 174, Loss: 148.5605
Epoch 175, Loss: 148.6985
Epoch 176, Loss: 147.7793
Epoch 177, Loss: 147.9187
Epoch 178, Loss: 148.3778
Epoch 179, Loss: 148.2447
Epoch 180, Loss: 147.9635
Epoch 180, LR: 0.001
Epoch 181, Loss: 148.1510
Epoch 182, Loss: 147.4933
Epoch 183, Loss: 147.7748
Epoch 184, Loss: 147.4524
Epoch 185, Loss: 147.4262
Epoch 186, Loss: 147.5924
Epoch 187, Loss: 147.2590
Epoch 188, Loss: 146.9191
Epoch 189, Loss: 146.7033
Epoch 190, Loss: 146.8791
Epoch 190, LR: 0.001
Epoch 191, Loss: 146.6790
Epoch 192, Loss: 146.8122
Epoch 193, Loss: 145.9414
Epoch 194, Loss: 146.6923
